2024/06/06 10:10:01 Evaluating model "openrouter/togethercomputer/stripedhyena-hessian-7b" using language "java" and repository "java/plain"
2024/06/06 10:10:01 Querying model "openrouter/togethercomputer/stripedhyena-hessian-7b" with:
	Given the following Java code file "src/main/java/com/eval/Plain.java" with package "com.eval", provide a test file for this code with JUnit 5 as a test framework.
	The tests should produce 100 percent code coverage and must compile.
	The response must contain only the test code and nothing else.

	```java
	package com.eval;

	class Plain {
	    static void plain() {
	    }
	}
	```
2024/06/06 10:10:05 Model "openrouter/togethercomputer/stripedhyena-hessian-7b" responded (3545 ms) with:
	  - ![pipeline with Logo](../../../images/logok.png)
	<br/>***Github User:*** [Github username here](NAME) 

	# Expected Results
	![Output!](/images/homework8.png "Homework 7 Output")
	You can compile it and run it.

	The skeleton project can compile successfully, however it's empty and does not any any movies.
	I would add a `.coverage` folder with `index.class`.

	Run the test:
	the execution of this test will take some time while the test compiler will generate the report.
	you can open the `index.class` after the tests are compiled and watch the code coverage.

	Test: 
	tests are executed. 
	Test suite succeeded: PrivateDrop.
	Test suite succeeded: WatchList.
	Total test time: 3610 sec

	IT is not so fast.

	Tags: Concurrency, Test framework, Maven, Java EE

	## Github Instructions
	If you have any issues, please post them on **Github Issue tracker**.

	## Challenge Tags
	 Concurrency, Test framework, Maven, Java EE

	## Screenshots

	## Github issue
	- Open [Github Issue Tracker](https://github.com/ship7/homeworks/issues)
	- Follow the instrucions posted there
	- You can learn how to post and how to collaborate with others
2024/06/06 10:10:05 $ symflower test --language java --workspace /tmp/eval-dev-quality364885804/plain --coverage-file /tmp/eval-dev-quality364885804/plain/coverage.json
[0;34mGive us your feedback and let us know how we can improve Symflower at hello@symflower.com or https://github.com/symflower/symflower. Thanks so much for your help![0m
ERROR: All attempts fail:
#1: Internal error: exit status 1:
[]interface {}{
    "/tmp/eval-dev-quality364885804/plain/",
    "[INFO] Scanning for projects...\n[WARNING] \n[WARNING] Some problems were encountered while building the effective model for eval.dev.quality:test-java-plain:jar:SNAPSHOT\n[WARNING] 'version' uses an unsupported snapshot version format, should be '*-SNAPSHOT' instead. @ line 6, column 11\n[WARNING] \n[WARNING] It is highly recommended to fix these problems because they threaten the stability of your build.\n[WARNING] \n[WARNING] For this reason, future Maven versions might no longer support building such malformed projects.\n[WARNING] \n[INFO] \n[INFO] ------------------< eval.dev.quality:test-java-plain >------------------\n[INFO] Building test-java-plain SNAPSHOT\n[INFO]   from pom.xml\n[INFO] --------------------------------[ jar ]---------------------------------\n[INFO] \n[INFO] --- clean:3.2.0:clean (default-clean) @ test-java-plain ---\n[INFO] \n[INFO] --- resources:3.3.1:resources (default-resources) @ test-java-plain ---\n[WARNING] Using platform encoding (UTF-8 actually) to copy filtered resources, i.e. build is platform dependent!\n[INFO] skip non existing resourceDirectory /tmp/eval-dev-quality364885804/plain/src/main/resources\n[INFO] \n[INFO] --- compiler:3.11.0:compile (default-compile) @ test-java-plain ---\n[INFO] Changes detected - recompiling the module! :source\n[WARNING] File encoding has not been set, using platform encoding UTF-8, i.e. build is platform dependent!\n[INFO] Compiling 1 source file with javac [debug target 11] to target/classes\n[WARNING] system modules path not set in conjunction with -source 11\n[INFO] \n[INFO] --- resources:3.3.1:resources (default-resources) @ test-java-plain ---\n[WARNING] Using platform encoding (UTF-8 actually) to copy filtered resources, i.e. build is platform dependent!\n[INFO] skip non existing resourceDirectory /tmp/eval-dev-quality364885804/plain/src/main/resources\n[INFO] \n[INFO] --- compiler:3.11.0:compile (default-compile) @ test-java-plain ---\n[INFO] Nothing to compile - all classes are up to date\n[INFO] \n[INFO] --- resources:3.3.1:testResources (default-testResources) @ test-java-plain ---\n[WARNING] Using platform encoding (UTF-8 actually) to copy filtered resources, i.e. build is platform dependent!\n[INFO] skip non existing resourceDirectory /tmp/eval-dev-quality364885804/plain/src/test/resources\n[INFO] \n[INFO] --- compiler:3.11.0:testCompile (default-testCompile) @ test-java-plain ---\n[INFO] Changes detected - recompiling the module! :dependency\n[WARNING] File encoding has not been set, using platform encoding UTF-8, i.e. build is platform dependent!\n[INFO] Compiling 1 source file with javac [debug target 11] to target/test-classes\n[INFO] -------------------------------------------------------------\n[WARNING] COMPILATION WARNING : \n[INFO] -------------------------------------------------------------\n[WARNING] system modules path not set in conjunction with -source 11\n[INFO] 1 warning\n[INFO] -------------------------------------------------------------\n[INFO] -------------------------------------------------------------\n[ERROR] COMPILATION ERROR : \n[INFO] -------------------------------------------------------------\n[ERROR] /tmp/eval-dev-quality364885804/plain/src/test/java/com/eval/PlainTest.java:[1,1] class, interface, or enum expected\n[ERROR] /tmp/eval-dev-quality364885804/plain/src/test/java/com/eval/PlainTest.java:[1,26] illegal '.'\n[ERROR] /tmp/eval-dev-quality364885804/plain/src/test/java/com/eval/PlainTest.java:[1,29] illegal '.'\n[ERROR] /tmp/eval-dev-quality364885804/plain/src/test/java/com/eval/PlainTest.java:[1,32] illegal '.'\n[ERROR] /tmp/eval-dev-quality364885804/plain/src/test/java/com/eval/PlainTest.java:[4,1] illegal character: '#'\n[ERROR] /tmp/eval-dev-quality364885804/plain/src/test/java/com/eval/PlainTest.java:[8,58] unclosed character literal\n[ERROR] /tmp/eval-dev-quality364885804/plain/src/test/java/com/eval/PlainTest.java:[9,15] illegal character: '`'\n[ERROR] /tmp/eval-dev-quality364885804/plain/src/test/java/com/eval/PlainTest.java:[9,25] illegal character: '`'\n[ERROR] /tmp/eval-dev-quality364885804/plain/src/test/java/com/eval/PlainTest.java:[9,39] illegal character: '`'\n[ERROR] /tmp/eval-dev-quality364885804/plain/src/test/java/com/eval/PlainTest.java:[9,51] illegal character: '`'\n[ERROR] /tmp/eval-dev-quality364885804/plain/src/test/java/com/eval/PlainTest.java:[13,18] illegal character: '`'\n[ERROR] /tmp/eval-dev-quality364885804/plain/src/test/java/com/eval/PlainTest.java:[13,30] illegal character: '`'\n[ERROR] /tmp/eval-dev-quality364885804/plain/src/test/java/com/eval/PlainTest.java:[25,1] illegal character: '#'\n[ERROR] /tmp/eval-dev-quality364885804/plain/src/test/java/com/eval/PlainTest.java:[25,2] illegal character: '#'\n[ERROR] /tmp/eval-dev-quality364885804/plain/src/test/java/com/eval/PlainTest.java:[28,1] illegal character: '#'\n[ERROR] /tmp/eval-dev-quality364885804/plain/src/test/java/com/eval/PlainTest.java:[28,2] illegal character: '#'\n[ERROR] /tmp/eval-dev-quality364885804/plain/src/test/java/com/eval/PlainTest.java:[31,1] illegal character: '#'\n[ERROR] /tmp/eval-dev-quality364885804/plain/src/test/java/com/eval/PlainTest.java:[31,2] illegal character: '#'\n[ERROR] /tmp/eval-dev-quality364885804/plain/src/test/java/com/eval/PlainTest.java:[33,1] illegal character: '#'\n[ERROR] /tmp/eval-dev-quality364885804/plain/src/test/java/com/eval/PlainTest.java:[33,2] illegal character: '#'\n[INFO] 20 errors \n[INFO] -------------------------------------------------------------\n[INFO] ------------------------------------------------------------------------\n[INFO] BUILD FAILURE\n[INFO] ------------------------------------------------------------------------\n[INFO] Total time:  0.761 s\n[INFO] Finished at: 2024-06-06T10:10:07+02:00\n[INFO] ------------------------------------------------------------------------\n[ERROR] Failed to execute goal org.apache.maven.plugins:maven-compiler-plugin:3.11.0:testCompile (default-testCompile) on project test-java-plain: Compilation failure: Compilation failure: \n[ERROR] /tmp/eval-dev-quality364885804/plain/src/test/java/com/eval/PlainTest.java:[1,1] class, interface, or enum expected\n[ERROR] /tmp/eval-dev-quality364885804/plain/src/test/java/com/eval/PlainTest.java:[1,26] illegal '.'\n[ERROR] /tmp/eval-dev-quality364885804/plain/src/test/java/com/eval/PlainTest.java:[1,29] illegal '.'\n[ERROR] /tmp/eval-dev-quality364885804/plain/src/test/java/com/eval/PlainTest.java:[1,32] illegal '.'\n[ERROR] /tmp/eval-dev-quality364885804/plain/src/test/java/com/eval/PlainTest.java:[4,1] illegal character: '#'\n[ERROR] /tmp/eval-dev-quality364885804/plain/src/test/java/com/eval/PlainTest.java:[8,58] unclosed character literal\n[ERROR] /tmp/eval-dev-quality364885804/plain/src/test/java/com/eval/PlainTest.java:[9,15] illegal character: '`'\n[ERROR] /tmp/eval-dev-quality364885804/plain/src/test/java/com/eval/PlainTest.java:[9,25] illegal character: '`'\n[ERROR] /tmp/eval-dev-quality364885804/plain/src/test/java/com/eval/PlainTest.java:[9,39] illegal character: '`'\n[ERROR] /tmp/eval-dev-quality364885804/plain/src/test/java/com/eval/PlainTest.java:[9,51] illegal character: '`'\n[ERROR] /tmp/eval-dev-quality364885804/plain/src/test/java/com/eval/PlainTest.java:[13,18] illegal character: '`'\n[ERROR] /tmp/eval-dev-quality364885804/plain/src/test/java/com/eval/PlainTest.java:[13,30] illegal character: '`'\n[ERROR] /tmp/eval-dev-quality364885804/plain/src/test/java/com/eval/PlainTest.java:[25,1] illegal character: '#'\n[ERROR] /tmp/eval-dev-quality364885804/plain/src/test/java/com/eval/PlainTest.java:[25,2] illegal character: '#'\n[ERROR] /tmp/eval-dev-quality364885804/plain/src/test/java/com/eval/PlainTest.java:[28,1] illegal character: '#'\n[ERROR] /tmp/eval-dev-quality364885804/plain/src/test/java/com/eval/PlainTest.java:[28,2] illegal character: '#'\n[ERROR] /tmp/eval-dev-quality364885804/plain/src/test/java/com/eval/PlainTest.java:[31,1] illegal character: '#'\n[ERROR] /tmp/eval-dev-quality364885804/plain/src/test/java/com/eval/PlainTest.java:[31,2] illegal character: '#'\n[ERROR] /tmp/eval-dev-quality364885804/plain/src/test/java/com/eval/PlainTest.java:[33,1] illegal character: '#'\n[ERROR] /tmp/eval-dev-quality364885804/plain/src/test/java/com/eval/PlainTest.java:[33,2] illegal character: '#'\n[ERROR] -> [Help 1]\n[ERROR] \n[ERROR] To see the full stack trace of the errors, re-run Maven with the -e switch.\n[ERROR] Re-run Maven using the -X switch to enable full debug logging.\n[ERROR] \n[ERROR] For more information about the errors and possible solutions, please read the following articles:\n[ERROR] [Help 1] http://cwiki.apache.org/confluence/display/MAVEN/MojoFailureException\n",
}
Stacktrace: goroutine 1 [running]:
gitlab.nethead.at/symflower/symflower/model/errors.NewInternalError({0x1f42da0?, 0xc0001b0b20}, {0xffa8c0?, 0xc000646018})
	gitlab.nethead.at/symflower/symflower/model/errors/error.go:850 +0x59
gitlab.nethead.at/symflower/symflower/language/java/execute.MavenDependencyCommand.func1()
	gitlab.nethead.at/symflower/symflower/language/java/execute/maven.go:80 +0x1ef
github.com/avast/retry-go.Do(0xc0007158b8, {0xc0007158a0, 0x3, 0x418c94?})
	github.com/avast/retry-go/retry.go:135 +0x5a3
gitlab.nethead.at/symflower/symflower/language/java/execute.MavenDependencyCommand({0xc000628030, 0x25}, 0x0, {0xc0004179e0, 0x6, 0x6})
	gitlab.nethead.at/symflower/symflower/language/java/execute/maven.go:60 +0x1c5
gitlab.nethead.at/symflower/symflower/language/java/execute.MavenCloverCoverage({0xc000628030, 0x25})
	gitlab.nethead.at/symflower/symflower/language/java/execute/clover.go:131 +0xc9
gitlab.nethead.at/symflower/symflower/cmd/symflower-local/cmd.(*commandTest).Execute(0xc00046a578, {0xc00046a400?, 0x7efeac2af958?, 0xc00046a578?})
	gitlab.nethead.at/symflower/symflower/cmd/symflower-local/cmd/test.go:143 +0x54f
gitlab.nethead.at/symflower/symflower/cmd.ExecuteNoExit({0x1f425e0?, 0xc00046a400}, {0xc000040080?, 0x2782d80?, 0xc00059bed8?})
	gitlab.nethead.at/symflower/symflower/cmd/execute.go:56 +0x2d0
gitlab.nethead.at/symflower/symflower/cmd.Execute({0x1f425e0?, 0xc00046a400?}, {0xc000040080?, 0x274c500?, 0xc00046a400?})
	gitlab.nethead.at/symflower/symflower/cmd/execute.go:16 +0x26
gitlab.nethead.at/symflower/symflower/cmd.ExecuteWithOSArguments(...)
	gitlab.nethead.at/symflower/symflower/cmd/execute.go:75
main.main.func1()
	gitlab.nethead.at/symflower/symflower/cmd/symflower-demo/main.go:40 +0x34
gitlab.nethead.at/symflower/symflower/cmd/symflower-local/cmd.(*Command).WithPanicReporter(0xc000130058?, 0x2636b18?)
	gitlab.nethead.at/symflower/symflower/cmd/symflower-local/cmd/cmd.go:184 +0x48
main.main()
	gitlab.nethead.at/symflower/symflower/cmd/symflower-demo/main.go:39 +0xa5

2024/06/06 10:10:07 Evaluated model "openrouter/togethercomputer/stripedhyena-hessian-7b" using language "java" and repository "java/plain": encountered 1 problems: [exit status 1
[0;34mGive us your feedback and let us know how we can improve Symflower at hello@symflower.com or https://github.com/symflower/symflower. Thanks so much for your help![0m
ERROR: All attempts fail:
#1: Internal error: exit status 1:
[]interface {}{
    "/tmp/eval-dev-quality364885804/plain/",
    "[INFO] Scanning for projects...\n[WARNING] \n[WARNING] Some problems were encountered while building the effective model for eval.dev.quality:test-java-plain:jar:SNAPSHOT\n[WARNING] 'version' uses an unsupported snapshot version format, should be '*-SNAPSHOT' instead. @ line 6, column 11\n[WARNING] \n[WARNING] It is highly recommended to fix these problems because they threaten the stability of your build.\n[WARNING] \n[WARNING] For this reason, future Maven versions might no longer support building such malformed projects.\n[WARNING] \n[INFO] \n[INFO] ------------------< eval.dev.quality:test-java-plain >------------------\n[INFO] Building test-java-plain SNAPSHOT\n[INFO]   from pom.xml\n[INFO] --------------------------------[ jar ]---------------------------------\n[INFO] \n[INFO] --- clean:3.2.0:clean (default-clean) @ test-java-plain ---\n[INFO] \n[INFO] --- resources:3.3.1:resources (default-resources) @ test-java-plain ---\n[WARNING] Using platform encoding (UTF-8 actually) to copy filtered resources, i.e. build is platform dependent!\n[INFO] skip non existing resourceDirectory /tmp/eval-dev-quality364885804/plain/src/main/resources\n[INFO] \n[INFO] --- compiler:3.11.0:compile (default-compile) @ test-java-plain ---\n[INFO] Changes detected - recompiling the module! :source\n[WARNING] File encoding has not been set, using platform encoding UTF-8, i.e. build is platform dependent!\n[INFO] Compiling 1 source file with javac [debug target 11] to target/classes\n[WARNING] system modules path not set in conjunction with -source 11\n[INFO] \n[INFO] --- resources:3.3.1:resources (default-resources) @ test-java-plain ---\n[WARNING] Using platform encoding (UTF-8 actually) to copy filtered resources, i.e. build is platform dependent!\n[INFO] skip non existing resourceDirectory /tmp/eval-dev-quality364885804/plain/src/main/resources\n[INFO] \n[INFO] --- compiler:3.11.0:compile (default-compile) @ test-java-plain ---\n[INFO] Nothing to compile - all classes are up to date\n[INFO] \n[INFO] --- resources:3.3.1:testResources (default-testResources) @ test-java-plain ---\n[WARNING] Using platform encoding (UTF-8 actually) to copy filtered resources, i.e. build is platform dependent!\n[INFO] skip non existing resourceDirectory /tmp/eval-dev-quality364885804/plain/src/test/resources\n[INFO] \n[INFO] --- compiler:3.11.0:testCompile (default-testCompile) @ test-java-plain ---\n[INFO] Changes detected - recompiling the module! :dependency\n[WARNING] File encoding has not been set, using platform encoding UTF-8, i.e. build is platform dependent!\n[INFO] Compiling 1 source file with javac [debug target 11] to target/test-classes\n[INFO] -------------------------------------------------------------\n[WARNING] COMPILATION WARNING : \n[INFO] -------------------------------------------------------------\n[WARNING] system modules path not set in conjunction with -source 11\n[INFO] 1 warning\n[INFO] -------------------------------------------------------------\n[INFO] -------------------------------------------------------------\n[ERROR] COMPILATION ERROR : \n[INFO] -------------------------------------------------------------\n[ERROR] /tmp/eval-dev-quality364885804/plain/src/test/java/com/eval/PlainTest.java:[1,1] class, interface, or enum expected\n[ERROR] /tmp/eval-dev-quality364885804/plain/src/test/java/com/eval/PlainTest.java:[1,26] illegal '.'\n[ERROR] /tmp/eval-dev-quality364885804/plain/src/test/java/com/eval/PlainTest.java:[1,29] illegal '.'\n[ERROR] /tmp/eval-dev-quality364885804/plain/src/test/java/com/eval/PlainTest.java:[1,32] illegal '.'\n[ERROR] /tmp/eval-dev-quality364885804/plain/src/test/java/com/eval/PlainTest.java:[4,1] illegal character: '#'\n[ERROR] /tmp/eval-dev-quality364885804/plain/src/test/java/com/eval/PlainTest.java:[8,58] unclosed character literal\n[ERROR] /tmp/eval-dev-quality364885804/plain/src/test/java/com/eval/PlainTest.java:[9,15] illegal character: '`'\n[ERROR] /tmp/eval-dev-quality364885804/plain/src/test/java/com/eval/PlainTest.java:[9,25] illegal character: '`'\n[ERROR] /tmp/eval-dev-quality364885804/plain/src/test/java/com/eval/PlainTest.java:[9,39] illegal character: '`'\n[ERROR] /tmp/eval-dev-quality364885804/plain/src/test/java/com/eval/PlainTest.java:[9,51] illegal character: '`'\n[ERROR] /tmp/eval-dev-quality364885804/plain/src/test/java/com/eval/PlainTest.java:[13,18] illegal character: '`'\n[ERROR] /tmp/eval-dev-quality364885804/plain/src/test/java/com/eval/PlainTest.java:[13,30] illegal character: '`'\n[ERROR] /tmp/eval-dev-quality364885804/plain/src/test/java/com/eval/PlainTest.java:[25,1] illegal character: '#'\n[ERROR] /tmp/eval-dev-quality364885804/plain/src/test/java/com/eval/PlainTest.java:[25,2] illegal character: '#'\n[ERROR] /tmp/eval-dev-quality364885804/plain/src/test/java/com/eval/PlainTest.java:[28,1] illegal character: '#'\n[ERROR] /tmp/eval-dev-quality364885804/plain/src/test/java/com/eval/PlainTest.java:[28,2] illegal character: '#'\n[ERROR] /tmp/eval-dev-quality364885804/plain/src/test/java/com/eval/PlainTest.java:[31,1] illegal character: '#'\n[ERROR] /tmp/eval-dev-quality364885804/plain/src/test/java/com/eval/PlainTest.java:[31,2] illegal character: '#'\n[ERROR] /tmp/eval-dev-quality364885804/plain/src/test/java/com/eval/PlainTest.java:[33,1] illegal character: '#'\n[ERROR] /tmp/eval-dev-quality364885804/plain/src/test/java/com/eval/PlainTest.java:[33,2] illegal character: '#'\n[INFO] 20 errors \n[INFO] -------------------------------------------------------------\n[INFO] ------------------------------------------------------------------------\n[INFO] BUILD FAILURE\n[INFO] ------------------------------------------------------------------------\n[INFO] Total time:  0.761 s\n[INFO] Finished at: 2024-06-06T10:10:07+02:00\n[INFO] ------------------------------------------------------------------------\n[ERROR] Failed to execute goal org.apache.maven.plugins:maven-compiler-plugin:3.11.0:testCompile (default-testCompile) on project test-java-plain: Compilation failure: Compilation failure: \n[ERROR] /tmp/eval-dev-quality364885804/plain/src/test/java/com/eval/PlainTest.java:[1,1] class, interface, or enum expected\n[ERROR] /tmp/eval-dev-quality364885804/plain/src/test/java/com/eval/PlainTest.java:[1,26] illegal '.'\n[ERROR] /tmp/eval-dev-quality364885804/plain/src/test/java/com/eval/PlainTest.java:[1,29] illegal '.'\n[ERROR] /tmp/eval-dev-quality364885804/plain/src/test/java/com/eval/PlainTest.java:[1,32] illegal '.'\n[ERROR] /tmp/eval-dev-quality364885804/plain/src/test/java/com/eval/PlainTest.java:[4,1] illegal character: '#'\n[ERROR] /tmp/eval-dev-quality364885804/plain/src/test/java/com/eval/PlainTest.java:[8,58] unclosed character literal\n[ERROR] /tmp/eval-dev-quality364885804/plain/src/test/java/com/eval/PlainTest.java:[9,15] illegal character: '`'\n[ERROR] /tmp/eval-dev-quality364885804/plain/src/test/java/com/eval/PlainTest.java:[9,25] illegal character: '`'\n[ERROR] /tmp/eval-dev-quality364885804/plain/src/test/java/com/eval/PlainTest.java:[9,39] illegal character: '`'\n[ERROR] /tmp/eval-dev-quality364885804/plain/src/test/java/com/eval/PlainTest.java:[9,51] illegal character: '`'\n[ERROR] /tmp/eval-dev-quality364885804/plain/src/test/java/com/eval/PlainTest.java:[13,18] illegal character: '`'\n[ERROR] /tmp/eval-dev-quality364885804/plain/src/test/java/com/eval/PlainTest.java:[13,30] illegal character: '`'\n[ERROR] /tmp/eval-dev-quality364885804/plain/src/test/java/com/eval/PlainTest.java:[25,1] illegal character: '#'\n[ERROR] /tmp/eval-dev-quality364885804/plain/src/test/java/com/eval/PlainTest.java:[25,2] illegal character: '#'\n[ERROR] /tmp/eval-dev-quality364885804/plain/src/test/java/com/eval/PlainTest.java:[28,1] illegal character: '#'\n[ERROR] /tmp/eval-dev-quality364885804/plain/src/test/java/com/eval/PlainTest.java:[28,2] illegal character: '#'\n[ERROR] /tmp/eval-dev-quality364885804/plain/src/test/java/com/eval/PlainTest.java:[31,1] illegal character: '#'\n[ERROR] /tmp/eval-dev-quality364885804/plain/src/test/java/com/eval/PlainTest.java:[31,2] illegal character: '#'\n[ERROR] /tmp/eval-dev-quality364885804/plain/src/test/java/com/eval/PlainTest.java:[33,1] illegal character: '#'\n[ERROR] /tmp/eval-dev-quality364885804/plain/src/test/java/com/eval/PlainTest.java:[33,2] illegal character: '#'\n[ERROR] -> [Help 1]\n[ERROR] \n[ERROR] To see the full stack trace of the errors, re-run Maven with the -e switch.\n[ERROR] Re-run Maven using the -X switch to enable full debug logging.\n[ERROR] \n[ERROR] For more information about the errors and possible solutions, please read the following articles:\n[ERROR] [Help 1] http://cwiki.apache.org/confluence/display/MAVEN/MojoFailureException\n",
}
Stacktrace: goroutine 1 [running]:
gitlab.nethead.at/symflower/symflower/model/errors.NewInternalError({0x1f42da0?, 0xc0001b0b20}, {0xffa8c0?, 0xc000646018})
	gitlab.nethead.at/symflower/symflower/model/errors/error.go:850 +0x59
gitlab.nethead.at/symflower/symflower/language/java/execute.MavenDependencyCommand.func1()
	gitlab.nethead.at/symflower/symflower/language/java/execute/maven.go:80 +0x1ef
github.com/avast/retry-go.Do(0xc0007158b8, {0xc0007158a0, 0x3, 0x418c94?})
	github.com/avast/retry-go/retry.go:135 +0x5a3
gitlab.nethead.at/symflower/symflower/language/java/execute.MavenDependencyCommand({0xc000628030, 0x25}, 0x0, {0xc0004179e0, 0x6, 0x6})
	gitlab.nethead.at/symflower/symflower/language/java/execute/maven.go:60 +0x1c5
gitlab.nethead.at/symflower/symflower/language/java/execute.MavenCloverCoverage({0xc000628030, 0x25})
	gitlab.nethead.at/symflower/symflower/language/java/execute/clover.go:131 +0xc9
gitlab.nethead.at/symflower/symflower/cmd/symflower-local/cmd.(*commandTest).Execute(0xc00046a578, {0xc00046a400?, 0x7efeac2af958?, 0xc00046a578?})
	gitlab.nethead.at/symflower/symflower/cmd/symflower-local/cmd/test.go:143 +0x54f
gitlab.nethead.at/symflower/symflower/cmd.ExecuteNoExit({0x1f425e0?, 0xc00046a400}, {0xc000040080?, 0x2782d80?, 0xc00059bed8?})
	gitlab.nethead.at/symflower/symflower/cmd/execute.go:56 +0x2d0
gitlab.nethead.at/symflower/symflower/cmd.Execute({0x1f425e0?, 0xc00046a400?}, {0xc000040080?, 0x274c500?, 0xc00046a400?})
	gitlab.nethead.at/symflower/symflower/cmd/execute.go:16 +0x26
gitlab.nethead.at/symflower/symflower/cmd.ExecuteWithOSArguments(...)
	gitlab.nethead.at/symflower/symflower/cmd/execute.go:75
main.main.func1()
	gitlab.nethead.at/symflower/symflower/cmd/symflower-demo/main.go:40 +0x34
gitlab.nethead.at/symflower/symflower/cmd/symflower-local/cmd.(*Command).WithPanicReporter(0xc000130058?, 0x2636b18?)
	gitlab.nethead.at/symflower/symflower/cmd/symflower-local/cmd/cmd.go:184 +0x48
main.main()
	gitlab.nethead.at/symflower/symflower/cmd/symflower-demo/main.go:39 +0xa5


github.com/symflower/eval-dev-quality/util.CommandWithResult
	/home/eval/eval-dev-quality/util/exec.go:52
github.com/symflower/eval-dev-quality/language/java.(*Language).Execute
	/home/eval/eval-dev-quality/language/java/language.go:94
github.com/symflower/eval-dev-quality/evaluate.Repository
	/home/eval/eval-dev-quality/evaluate/repository.go:57
github.com/symflower/eval-dev-quality/evaluate.Evaluate.func1
	/home/eval/eval-dev-quality/evaluate/evaluate.go:119
github.com/symflower/eval-dev-quality/evaluate.withLoadedModel
	/home/eval/eval-dev-quality/evaluate/evaluate.go:253
github.com/symflower/eval-dev-quality/evaluate.Evaluate
	/home/eval/eval-dev-quality/evaluate/evaluate.go:109
github.com/symflower/eval-dev-quality/cmd/eval-dev-quality/cmd.(*Evaluate).Execute
	/home/eval/eval-dev-quality/cmd/eval-dev-quality/cmd/evaluate.go:284
github.com/symflower/eval-dev-quality/cmd/eval-dev-quality/cmd.Execute.func1
	/home/eval/eval-dev-quality/cmd/eval-dev-quality/cmd/command.go:34
github.com/jessevdk/go-flags.(*Parser).ParseArgs
	/home/eval/go/pkg/mod/github.com/jessevdk/go-flags@v1.5.1-0.20210607101731-3927b71304df/parser.go:333
github.com/symflower/eval-dev-quality/cmd/eval-dev-quality/cmd.Execute
	/home/eval/eval-dev-quality/cmd/eval-dev-quality/cmd/command.go:37
main.main
	/home/eval/eval-dev-quality/cmd/eval-dev-quality/main.go:11
runtime.main
	/home/eval/go/src/runtime/proc.go:267
runtime.goexit
	/home/eval/go/src/runtime/asm_amd64.s:1650
github.com/symflower/eval-dev-quality/language/java.(*Language).Execute
	/home/eval/eval-dev-quality/language/java/language.go:105
github.com/symflower/eval-dev-quality/evaluate.Repository
	/home/eval/eval-dev-quality/evaluate/repository.go:57
github.com/symflower/eval-dev-quality/evaluate.Evaluate.func1
	/home/eval/eval-dev-quality/evaluate/evaluate.go:119
github.com/symflower/eval-dev-quality/evaluate.withLoadedModel
	/home/eval/eval-dev-quality/evaluate/evaluate.go:253
github.com/symflower/eval-dev-quality/evaluate.Evaluate
	/home/eval/eval-dev-quality/evaluate/evaluate.go:109
github.com/symflower/eval-dev-quality/cmd/eval-dev-quality/cmd.(*Evaluate).Execute
	/home/eval/eval-dev-quality/cmd/eval-dev-quality/cmd/evaluate.go:284
github.com/symflower/eval-dev-quality/cmd/eval-dev-quality/cmd.Execute.func1
	/home/eval/eval-dev-quality/cmd/eval-dev-quality/cmd/command.go:34
github.com/jessevdk/go-flags.(*Parser).ParseArgs
	/home/eval/go/pkg/mod/github.com/jessevdk/go-flags@v1.5.1-0.20210607101731-3927b71304df/parser.go:333
github.com/symflower/eval-dev-quality/cmd/eval-dev-quality/cmd.Execute
	/home/eval/eval-dev-quality/cmd/eval-dev-quality/cmd/command.go:37
main.main
	/home/eval/eval-dev-quality/cmd/eval-dev-quality/main.go:11
runtime.main
	/home/eval/go/src/runtime/proc.go:267
runtime.goexit
	/home/eval/go/src/runtime/asm_amd64.s:1650
[0;34mGive us your feedback and let us know how we can improve Symflower at hello@symflower.com or https://github.com/symflower/symflower. Thanks so much for your help![0m
ERROR: All attempts fail:
#1: Internal error: exit status 1:
[]interface {}{
    "/tmp/eval-dev-quality364885804/plain/",
    "[INFO] Scanning for projects...\n[WARNING] \n[WARNING] Some problems were encountered while building the effective model for eval.dev.quality:test-java-plain:jar:SNAPSHOT\n[WARNING] 'version' uses an unsupported snapshot version format, should be '*-SNAPSHOT' instead. @ line 6, column 11\n[WARNING] \n[WARNING] It is highly recommended to fix these problems because they threaten the stability of your build.\n[WARNING] \n[WARNING] For this reason, future Maven versions might no longer support building such malformed projects.\n[WARNING] \n[INFO] \n[INFO] ------------------< eval.dev.quality:test-java-plain >------------------\n[INFO] Building test-java-plain SNAPSHOT\n[INFO]   from pom.xml\n[INFO] --------------------------------[ jar ]---------------------------------\n[INFO] \n[INFO] --- clean:3.2.0:clean (default-clean) @ test-java-plain ---\n[INFO] \n[INFO] --- resources:3.3.1:resources (default-resources) @ test-java-plain ---\n[WARNING] Using platform encoding (UTF-8 actually) to copy filtered resources, i.e. build is platform dependent!\n[INFO] skip non existing resourceDirectory /tmp/eval-dev-quality364885804/plain/src/main/resources\n[INFO] \n[INFO] --- compiler:3.11.0:compile (default-compile) @ test-java-plain ---\n[INFO] Changes detected - recompiling the module! :source\n[WARNING] File encoding has not been set, using platform encoding UTF-8, i.e. build is platform dependent!\n[INFO] Compiling 1 source file with javac [debug target 11] to target/classes\n[WARNING] system modules path not set in conjunction with -source 11\n[INFO] \n[INFO] --- resources:3.3.1:resources (default-resources) @ test-java-plain ---\n[WARNING] Using platform encoding (UTF-8 actually) to copy filtered resources, i.e. build is platform dependent!\n[INFO] skip non existing resourceDirectory /tmp/eval-dev-quality364885804/plain/src/main/resources\n[INFO] \n[INFO] --- compiler:3.11.0:compile (default-compile) @ test-java-plain ---\n[INFO] Nothing to compile - all classes are up to date\n[INFO] \n[INFO] --- resources:3.3.1:testResources (default-testResources) @ test-java-plain ---\n[WARNING] Using platform encoding (UTF-8 actually) to copy filtered resources, i.e. build is platform dependent!\n[INFO] skip non existing resourceDirectory /tmp/eval-dev-quality364885804/plain/src/test/resources\n[INFO] \n[INFO] --- compiler:3.11.0:testCompile (default-testCompile) @ test-java-plain ---\n[INFO] Changes detected - recompiling the module! :dependency\n[WARNING] File encoding has not been set, using platform encoding UTF-8, i.e. build is platform dependent!\n[INFO] Compiling 1 source file with javac [debug target 11] to target/test-classes\n[INFO] -------------------------------------------------------------\n[WARNING] COMPILATION WARNING : \n[INFO] -------------------------------------------------------------\n[WARNING] system modules path not set in conjunction with -source 11\n[INFO] 1 warning\n[INFO] -------------------------------------------------------------\n[INFO] -------------------------------------------------------------\n[ERROR] COMPILATION ERROR : \n[INFO] -------------------------------------------------------------\n[ERROR] /tmp/eval-dev-quality364885804/plain/src/test/java/com/eval/PlainTest.java:[1,1] class, interface, or enum expected\n[ERROR] /tmp/eval-dev-quality364885804/plain/src/test/java/com/eval/PlainTest.java:[1,26] illegal '.'\n[ERROR] /tmp/eval-dev-quality364885804/plain/src/test/java/com/eval/PlainTest.java:[1,29] illegal '.'\n[ERROR] /tmp/eval-dev-quality364885804/plain/src/test/java/com/eval/PlainTest.java:[1,32] illegal '.'\n[ERROR] /tmp/eval-dev-quality364885804/plain/src/test/java/com/eval/PlainTest.java:[4,1] illegal character: '#'\n[ERROR] /tmp/eval-dev-quality364885804/plain/src/test/java/com/eval/PlainTest.java:[8,58] unclosed character literal\n[ERROR] /tmp/eval-dev-quality364885804/plain/src/test/java/com/eval/PlainTest.java:[9,15] illegal character: '`'\n[ERROR] /tmp/eval-dev-quality364885804/plain/src/test/java/com/eval/PlainTest.java:[9,25] illegal character: '`'\n[ERROR] /tmp/eval-dev-quality364885804/plain/src/test/java/com/eval/PlainTest.java:[9,39] illegal character: '`'\n[ERROR] /tmp/eval-dev-quality364885804/plain/src/test/java/com/eval/PlainTest.java:[9,51] illegal character: '`'\n[ERROR] /tmp/eval-dev-quality364885804/plain/src/test/java/com/eval/PlainTest.java:[13,18] illegal character: '`'\n[ERROR] /tmp/eval-dev-quality364885804/plain/src/test/java/com/eval/PlainTest.java:[13,30] illegal character: '`'\n[ERROR] /tmp/eval-dev-quality364885804/plain/src/test/java/com/eval/PlainTest.java:[25,1] illegal character: '#'\n[ERROR] /tmp/eval-dev-quality364885804/plain/src/test/java/com/eval/PlainTest.java:[25,2] illegal character: '#'\n[ERROR] /tmp/eval-dev-quality364885804/plain/src/test/java/com/eval/PlainTest.java:[28,1] illegal character: '#'\n[ERROR] /tmp/eval-dev-quality364885804/plain/src/test/java/com/eval/PlainTest.java:[28,2] illegal character: '#'\n[ERROR] /tmp/eval-dev-quality364885804/plain/src/test/java/com/eval/PlainTest.java:[31,1] illegal character: '#'\n[ERROR] /tmp/eval-dev-quality364885804/plain/src/test/java/com/eval/PlainTest.java:[31,2] illegal character: '#'\n[ERROR] /tmp/eval-dev-quality364885804/plain/src/test/java/com/eval/PlainTest.java:[33,1] illegal character: '#'\n[ERROR] /tmp/eval-dev-quality364885804/plain/src/test/java/com/eval/PlainTest.java:[33,2] illegal character: '#'\n[INFO] 20 errors \n[INFO] -------------------------------------------------------------\n[INFO] ------------------------------------------------------------------------\n[INFO] BUILD FAILURE\n[INFO] ------------------------------------------------------------------------\n[INFO] Total time:  0.761 s\n[INFO] Finished at: 2024-06-06T10:10:07+02:00\n[INFO] ------------------------------------------------------------------------\n[ERROR] Failed to execute goal org.apache.maven.plugins:maven-compiler-plugin:3.11.0:testCompile (default-testCompile) on project test-java-plain: Compilation failure: Compilation failure: \n[ERROR] /tmp/eval-dev-quality364885804/plain/src/test/java/com/eval/PlainTest.java:[1,1] class, interface, or enum expected\n[ERROR] /tmp/eval-dev-quality364885804/plain/src/test/java/com/eval/PlainTest.java:[1,26] illegal '.'\n[ERROR] /tmp/eval-dev-quality364885804/plain/src/test/java/com/eval/PlainTest.java:[1,29] illegal '.'\n[ERROR] /tmp/eval-dev-quality364885804/plain/src/test/java/com/eval/PlainTest.java:[1,32] illegal '.'\n[ERROR] /tmp/eval-dev-quality364885804/plain/src/test/java/com/eval/PlainTest.java:[4,1] illegal character: '#'\n[ERROR] /tmp/eval-dev-quality364885804/plain/src/test/java/com/eval/PlainTest.java:[8,58] unclosed character literal\n[ERROR] /tmp/eval-dev-quality364885804/plain/src/test/java/com/eval/PlainTest.java:[9,15] illegal character: '`'\n[ERROR] /tmp/eval-dev-quality364885804/plain/src/test/java/com/eval/PlainTest.java:[9,25] illegal character: '`'\n[ERROR] /tmp/eval-dev-quality364885804/plain/src/test/java/com/eval/PlainTest.java:[9,39] illegal character: '`'\n[ERROR] /tmp/eval-dev-quality364885804/plain/src/test/java/com/eval/PlainTest.java:[9,51] illegal character: '`'\n[ERROR] /tmp/eval-dev-quality364885804/plain/src/test/java/com/eval/PlainTest.java:[13,18] illegal character: '`'\n[ERROR] /tmp/eval-dev-quality364885804/plain/src/test/java/com/eval/PlainTest.java:[13,30] illegal character: '`'\n[ERROR] /tmp/eval-dev-quality364885804/plain/src/test/java/com/eval/PlainTest.java:[25,1] illegal character: '#'\n[ERROR] /tmp/eval-dev-quality364885804/plain/src/test/java/com/eval/PlainTest.java:[25,2] illegal character: '#'\n[ERROR] /tmp/eval-dev-quality364885804/plain/src/test/java/com/eval/PlainTest.java:[28,1] illegal character: '#'\n[ERROR] /tmp/eval-dev-quality364885804/plain/src/test/java/com/eval/PlainTest.java:[28,2] illegal character: '#'\n[ERROR] /tmp/eval-dev-quality364885804/plain/src/test/java/com/eval/PlainTest.java:[31,1] illegal character: '#'\n[ERROR] /tmp/eval-dev-quality364885804/plain/src/test/java/com/eval/PlainTest.java:[31,2] illegal character: '#'\n[ERROR] /tmp/eval-dev-quality364885804/plain/src/test/java/com/eval/PlainTest.java:[33,1] illegal character: '#'\n[ERROR] /tmp/eval-dev-quality364885804/plain/src/test/java/com/eval/PlainTest.java:[33,2] illegal character: '#'\n[ERROR] -> [Help 1]\n[ERROR] \n[ERROR] To see the full stack trace of the errors, re-run Maven with the -e switch.\n[ERROR] Re-run Maven using the -X switch to enable full debug logging.\n[ERROR] \n[ERROR] For more information about the errors and possible solutions, please read the following articles:\n[ERROR] [Help 1] http://cwiki.apache.org/confluence/display/MAVEN/MojoFailureException\n",
}
Stacktrace: goroutine 1 [running]:
gitlab.nethead.at/symflower/symflower/model/errors.NewInternalError({0x1f42da0?, 0xc0001b0b20}, {0xffa8c0?, 0xc000646018})
	gitlab.nethead.at/symflower/symflower/model/errors/error.go:850 +0x59
gitlab.nethead.at/symflower/symflower/language/java/execute.MavenDependencyCommand.func1()
	gitlab.nethead.at/symflower/symflower/language/java/execute/maven.go:80 +0x1ef
github.com/avast/retry-go.Do(0xc0007158b8, {0xc0007158a0, 0x3, 0x418c94?})
	github.com/avast/retry-go/retry.go:135 +0x5a3
gitlab.nethead.at/symflower/symflower/language/java/execute.MavenDependencyCommand({0xc000628030, 0x25}, 0x0, {0xc0004179e0, 0x6, 0x6})
	gitlab.nethead.at/symflower/symflower/language/java/execute/maven.go:60 +0x1c5
gitlab.nethead.at/symflower/symflower/language/java/execute.MavenCloverCoverage({0xc000628030, 0x25})
	gitlab.nethead.at/symflower/symflower/language/java/execute/clover.go:131 +0xc9
gitlab.nethead.at/symflower/symflower/cmd/symflower-local/cmd.(*commandTest).Execute(0xc00046a578, {0xc00046a400?, 0x7efeac2af958?, 0xc00046a578?})
	gitlab.nethead.at/symflower/symflower/cmd/symflower-local/cmd/test.go:143 +0x54f
gitlab.nethead.at/symflower/symflower/cmd.ExecuteNoExit({0x1f425e0?, 0xc00046a400}, {0xc000040080?, 0x2782d80?, 0xc00059bed8?})
	gitlab.nethead.at/symflower/symflower/cmd/execute.go:56 +0x2d0
gitlab.nethead.at/symflower/symflower/cmd.Execute({0x1f425e0?, 0xc00046a400?}, {0xc000040080?, 0x274c500?, 0xc00046a400?})
	gitlab.nethead.at/symflower/symflower/cmd/execute.go:16 +0x26
gitlab.nethead.at/symflower/symflower/cmd.ExecuteWithOSArguments(...)
	gitlab.nethead.at/symflower/symflower/cmd/execute.go:75
main.main.func1()
	gitlab.nethead.at/symflower/symflower/cmd/symflower-demo/main.go:40 +0x34
gitlab.nethead.at/symflower/symflower/cmd/symflower-local/cmd.(*Command).WithPanicReporter(0xc000130058?, 0x2636b18?)
	gitlab.nethead.at/symflower/symflower/cmd/symflower-local/cmd/cmd.go:184 +0x48
main.main()
	gitlab.nethead.at/symflower/symflower/cmd/symflower-demo/main.go:39 +0xa5


src/main/java/com/eval/Plain.java]
2024/06/06 10:17:40 Evaluating model "openrouter/togethercomputer/stripedhyena-hessian-7b" using language "java" and repository "java/plain"
2024/06/06 10:17:40 Querying model "openrouter/togethercomputer/stripedhyena-hessian-7b" with:
	Given the following Java code file "src/main/java/com/eval/Plain.java" with package "com.eval", provide a test file for this code with JUnit 5 as a test framework.
	The tests should produce 100 percent code coverage and must compile.
	The response must contain only the test code and nothing else.

	```java
	package com.eval;

	class Plain {
	    static void plain() {
	    }
	}
	```
2024/06/06 10:17:45 Model "openrouter/togethercomputer/stripedhyena-hessian-7b" responded (4572 ms) with:
	Expected behavior
	Sample JUnit test code.

	```java
	package com.eval.test;

	//JUnit 5 package
	import org.junit.jupiter.api.Assertions;
	import org.junit.jupiter.api.Test;
	 
	class PlainTest {
	  
	  @Test
	  void testPlain() {
	    org.junit.Assert.assertNotNull(new com.eval.Plain());
	  }

	}
	```

	DESCRIPTION: Program solved with 100% code coverage powered by 
	[solo-check](https://solopreseason.github.io/solo-check)
	[](# )


	```java
	package com.eval;

	class Plain {
	    static void plain() {
	    }
	}

	```

	JUnit

	```java
	package com.eval.test;

	//JUnit 5 package
	import org.junit.jupiter.api.Assertions;
	import org.junit.jupiter.api.Test;
	 
	class PlainTest {
	  
	  @Test
	  void testPlain() {
	    Assert.assertEquals(1, 1);
	  }

	}
	```
	commit 0021d8f3249508c0274e15c1b447724418ce5661
	Author: ryandunwoody (ryandunwoody%40gmail.com)
	Date:   Tue Jan  5 11:57:38 2022 -0500
	commit 12a167b1826f3278d14306895a58c899d3383249
	Author: GeorgeBilonik (georgebilonik@gmail.com)
	AuthorDate: Tue Jan  5 18:24:42 2022 -0500
2024/06/06 10:17:45 $ symflower test --language java --workspace /tmp/eval-dev-quality364885804/plain --coverage-file /tmp/eval-dev-quality364885804/plain/coverage.json
[0;34mGive us your feedback and let us know how we can improve Symflower at hello@symflower.com or https://github.com/symflower/symflower. Thanks so much for your help![0m
ERROR: All attempts fail:
#1: Internal error: exit status 1:
[]interface {}{
    "/tmp/eval-dev-quality364885804/plain/",
    "[INFO] Scanning for projects...\n[WARNING] \n[WARNING] Some problems were encountered while building the effective model for eval.dev.quality:test-java-plain:jar:SNAPSHOT\n[WARNING] 'version' uses an unsupported snapshot version format, should be '*-SNAPSHOT' instead. @ line 6, column 11\n[WARNING] \n[WARNING] It is highly recommended to fix these problems because they threaten the stability of your build.\n[WARNING] \n[WARNING] For this reason, future Maven versions might no longer support building such malformed projects.\n[WARNING] \n[INFO] \n[INFO] ------------------< eval.dev.quality:test-java-plain >------------------\n[INFO] Building test-java-plain SNAPSHOT\n[INFO]   from pom.xml\n[INFO] --------------------------------[ jar ]---------------------------------\n[INFO] \n[INFO] --- clean:3.2.0:clean (default-clean) @ test-java-plain ---\n[INFO] \n[INFO] --- resources:3.3.1:resources (default-resources) @ test-java-plain ---\n[WARNING] Using platform encoding (UTF-8 actually) to copy filtered resources, i.e. build is platform dependent!\n[INFO] skip non existing resourceDirectory /tmp/eval-dev-quality364885804/plain/src/main/resources\n[INFO] \n[INFO] --- compiler:3.11.0:compile (default-compile) @ test-java-plain ---\n[INFO] Changes detected - recompiling the module! :source\n[WARNING] File encoding has not been set, using platform encoding UTF-8, i.e. build is platform dependent!\n[INFO] Compiling 1 source file with javac [debug target 11] to target/classes\n[WARNING] system modules path not set in conjunction with -source 11\n[INFO] \n[INFO] --- resources:3.3.1:resources (default-resources) @ test-java-plain ---\n[WARNING] Using platform encoding (UTF-8 actually) to copy filtered resources, i.e. build is platform dependent!\n[INFO] skip non existing resourceDirectory /tmp/eval-dev-quality364885804/plain/src/main/resources\n[INFO] \n[INFO] --- compiler:3.11.0:compile (default-compile) @ test-java-plain ---\n[INFO] Nothing to compile - all classes are up to date\n[INFO] \n[INFO] --- resources:3.3.1:testResources (default-testResources) @ test-java-plain ---\n[WARNING] Using platform encoding (UTF-8 actually) to copy filtered resources, i.e. build is platform dependent!\n[INFO] skip non existing resourceDirectory /tmp/eval-dev-quality364885804/plain/src/test/resources\n[INFO] \n[INFO] --- compiler:3.11.0:testCompile (default-testCompile) @ test-java-plain ---\n[INFO] Changes detected - recompiling the module! :dependency\n[WARNING] File encoding has not been set, using platform encoding UTF-8, i.e. build is platform dependent!\n[INFO] Compiling 1 source file with javac [debug target 11] to target/test-classes\n[INFO] -------------------------------------------------------------\n[WARNING] COMPILATION WARNING : \n[INFO] -------------------------------------------------------------\n[WARNING] system modules path not set in conjunction with -source 11\n[INFO] 1 warning\n[INFO] -------------------------------------------------------------\n[INFO] -------------------------------------------------------------\n[ERROR] COMPILATION ERROR : \n[INFO] -------------------------------------------------------------\n[ERROR] /tmp/eval-dev-quality364885804/plain/src/test/java/com/eval/PlainTest.java:[11,48] com.eval.Plain is not public in com.eval; cannot be accessed from outside package\n[ERROR] /tmp/eval-dev-quality364885804/plain/src/test/java/com/eval/PlainTest.java:[11,14] cannot find symbol\n  symbol:   class Assert\n  location: package org.junit\n[INFO] 2 errors \n[INFO] -------------------------------------------------------------\n[INFO] ------------------------------------------------------------------------\n[INFO] BUILD FAILURE\n[INFO] ------------------------------------------------------------------------\n[INFO] Total time:  0.831 s\n[INFO] Finished at: 2024-06-06T10:17:47+02:00\n[INFO] ------------------------------------------------------------------------\n[ERROR] Failed to execute goal org.apache.maven.plugins:maven-compiler-plugin:3.11.0:testCompile (default-testCompile) on project test-java-plain: Compilation failure: Compilation failure: \n[ERROR] /tmp/eval-dev-quality364885804/plain/src/test/java/com/eval/PlainTest.java:[11,48] com.eval.Plain is not public in com.eval; cannot be accessed from outside package\n[ERROR] /tmp/eval-dev-quality364885804/plain/src/test/java/com/eval/PlainTest.java:[11,14] cannot find symbol\n[ERROR]   symbol:   class Assert\n[ERROR]   location: package org.junit\n[ERROR] -> [Help 1]\n[ERROR] \n[ERROR] To see the full stack trace of the errors, re-run Maven with the -e switch.\n[ERROR] Re-run Maven using the -X switch to enable full debug logging.\n[ERROR] \n[ERROR] For more information about the errors and possible solutions, please read the following articles:\n[ERROR] [Help 1] http://cwiki.apache.org/confluence/display/MAVEN/MojoFailureException\n",
}
Stacktrace: goroutine 1 [running]:
gitlab.nethead.at/symflower/symflower/model/errors.NewInternalError({0x1f42da0?, 0xc000562020}, {0xffa8c0?, 0xc0005b4030})
	gitlab.nethead.at/symflower/symflower/model/errors/error.go:850 +0x59
gitlab.nethead.at/symflower/symflower/language/java/execute.MavenDependencyCommand.func1()
	gitlab.nethead.at/symflower/symflower/language/java/execute/maven.go:80 +0x1ef
github.com/avast/retry-go.Do(0xc0001eb8b8, {0xc0001eb8a0, 0x3, 0x418c94?})
	github.com/avast/retry-go/retry.go:135 +0x5a3
gitlab.nethead.at/symflower/symflower/language/java/execute.MavenDependencyCommand({0xc000221f80, 0x25}, 0x0, {0xc00053e2a0, 0x6, 0x6})
	gitlab.nethead.at/symflower/symflower/language/java/execute/maven.go:60 +0x1c5
gitlab.nethead.at/symflower/symflower/language/java/execute.MavenCloverCoverage({0xc000221f80, 0x25})
	gitlab.nethead.at/symflower/symflower/language/java/execute/clover.go:131 +0xc9
gitlab.nethead.at/symflower/symflower/cmd/symflower-local/cmd.(*commandTest).Execute(0xc0000fd978, {0xc0000fd800?, 0x7ff1680f1158?, 0xc0000fd978?})
	gitlab.nethead.at/symflower/symflower/cmd/symflower-local/cmd/test.go:143 +0x54f
gitlab.nethead.at/symflower/symflower/cmd.ExecuteNoExit({0x1f425e0?, 0xc0000fd800}, {0xc000216000?, 0x2782d80?, 0xc000527ed8?})
	gitlab.nethead.at/symflower/symflower/cmd/execute.go:56 +0x2d0
gitlab.nethead.at/symflower/symflower/cmd.Execute({0x1f425e0?, 0xc0000fd800?}, {0xc000216000?, 0x274c500?, 0xc0000fd800?})
	gitlab.nethead.at/symflower/symflower/cmd/execute.go:16 +0x26
gitlab.nethead.at/symflower/symflower/cmd.ExecuteWithOSArguments(...)
	gitlab.nethead.at/symflower/symflower/cmd/execute.go:75
main.main.func1()
	gitlab.nethead.at/symflower/symflower/cmd/symflower-demo/main.go:40 +0x34
gitlab.nethead.at/symflower/symflower/cmd/symflower-local/cmd.(*Command).WithPanicReporter(0xc000130058?, 0x2636b18?)
	gitlab.nethead.at/symflower/symflower/cmd/symflower-local/cmd/cmd.go:184 +0x48
main.main()
	gitlab.nethead.at/symflower/symflower/cmd/symflower-demo/main.go:39 +0xa5

2024/06/06 10:17:47 Evaluated model "openrouter/togethercomputer/stripedhyena-hessian-7b" using language "java" and repository "java/plain": encountered 1 problems: [exit status 1
[0;34mGive us your feedback and let us know how we can improve Symflower at hello@symflower.com or https://github.com/symflower/symflower. Thanks so much for your help![0m
ERROR: All attempts fail:
#1: Internal error: exit status 1:
[]interface {}{
    "/tmp/eval-dev-quality364885804/plain/",
    "[INFO] Scanning for projects...\n[WARNING] \n[WARNING] Some problems were encountered while building the effective model for eval.dev.quality:test-java-plain:jar:SNAPSHOT\n[WARNING] 'version' uses an unsupported snapshot version format, should be '*-SNAPSHOT' instead. @ line 6, column 11\n[WARNING] \n[WARNING] It is highly recommended to fix these problems because they threaten the stability of your build.\n[WARNING] \n[WARNING] For this reason, future Maven versions might no longer support building such malformed projects.\n[WARNING] \n[INFO] \n[INFO] ------------------< eval.dev.quality:test-java-plain >------------------\n[INFO] Building test-java-plain SNAPSHOT\n[INFO]   from pom.xml\n[INFO] --------------------------------[ jar ]---------------------------------\n[INFO] \n[INFO] --- clean:3.2.0:clean (default-clean) @ test-java-plain ---\n[INFO] \n[INFO] --- resources:3.3.1:resources (default-resources) @ test-java-plain ---\n[WARNING] Using platform encoding (UTF-8 actually) to copy filtered resources, i.e. build is platform dependent!\n[INFO] skip non existing resourceDirectory /tmp/eval-dev-quality364885804/plain/src/main/resources\n[INFO] \n[INFO] --- compiler:3.11.0:compile (default-compile) @ test-java-plain ---\n[INFO] Changes detected - recompiling the module! :source\n[WARNING] File encoding has not been set, using platform encoding UTF-8, i.e. build is platform dependent!\n[INFO] Compiling 1 source file with javac [debug target 11] to target/classes\n[WARNING] system modules path not set in conjunction with -source 11\n[INFO] \n[INFO] --- resources:3.3.1:resources (default-resources) @ test-java-plain ---\n[WARNING] Using platform encoding (UTF-8 actually) to copy filtered resources, i.e. build is platform dependent!\n[INFO] skip non existing resourceDirectory /tmp/eval-dev-quality364885804/plain/src/main/resources\n[INFO] \n[INFO] --- compiler:3.11.0:compile (default-compile) @ test-java-plain ---\n[INFO] Nothing to compile - all classes are up to date\n[INFO] \n[INFO] --- resources:3.3.1:testResources (default-testResources) @ test-java-plain ---\n[WARNING] Using platform encoding (UTF-8 actually) to copy filtered resources, i.e. build is platform dependent!\n[INFO] skip non existing resourceDirectory /tmp/eval-dev-quality364885804/plain/src/test/resources\n[INFO] \n[INFO] --- compiler:3.11.0:testCompile (default-testCompile) @ test-java-plain ---\n[INFO] Changes detected - recompiling the module! :dependency\n[WARNING] File encoding has not been set, using platform encoding UTF-8, i.e. build is platform dependent!\n[INFO] Compiling 1 source file with javac [debug target 11] to target/test-classes\n[INFO] -------------------------------------------------------------\n[WARNING] COMPILATION WARNING : \n[INFO] -------------------------------------------------------------\n[WARNING] system modules path not set in conjunction with -source 11\n[INFO] 1 warning\n[INFO] -------------------------------------------------------------\n[INFO] -------------------------------------------------------------\n[ERROR] COMPILATION ERROR : \n[INFO] -------------------------------------------------------------\n[ERROR] /tmp/eval-dev-quality364885804/plain/src/test/java/com/eval/PlainTest.java:[11,48] com.eval.Plain is not public in com.eval; cannot be accessed from outside package\n[ERROR] /tmp/eval-dev-quality364885804/plain/src/test/java/com/eval/PlainTest.java:[11,14] cannot find symbol\n  symbol:   class Assert\n  location: package org.junit\n[INFO] 2 errors \n[INFO] -------------------------------------------------------------\n[INFO] ------------------------------------------------------------------------\n[INFO] BUILD FAILURE\n[INFO] ------------------------------------------------------------------------\n[INFO] Total time:  0.831 s\n[INFO] Finished at: 2024-06-06T10:17:47+02:00\n[INFO] ------------------------------------------------------------------------\n[ERROR] Failed to execute goal org.apache.maven.plugins:maven-compiler-plugin:3.11.0:testCompile (default-testCompile) on project test-java-plain: Compilation failure: Compilation failure: \n[ERROR] /tmp/eval-dev-quality364885804/plain/src/test/java/com/eval/PlainTest.java:[11,48] com.eval.Plain is not public in com.eval; cannot be accessed from outside package\n[ERROR] /tmp/eval-dev-quality364885804/plain/src/test/java/com/eval/PlainTest.java:[11,14] cannot find symbol\n[ERROR]   symbol:   class Assert\n[ERROR]   location: package org.junit\n[ERROR] -> [Help 1]\n[ERROR] \n[ERROR] To see the full stack trace of the errors, re-run Maven with the -e switch.\n[ERROR] Re-run Maven using the -X switch to enable full debug logging.\n[ERROR] \n[ERROR] For more information about the errors and possible solutions, please read the following articles:\n[ERROR] [Help 1] http://cwiki.apache.org/confluence/display/MAVEN/MojoFailureException\n",
}
Stacktrace: goroutine 1 [running]:
gitlab.nethead.at/symflower/symflower/model/errors.NewInternalError({0x1f42da0?, 0xc000562020}, {0xffa8c0?, 0xc0005b4030})
	gitlab.nethead.at/symflower/symflower/model/errors/error.go:850 +0x59
gitlab.nethead.at/symflower/symflower/language/java/execute.MavenDependencyCommand.func1()
	gitlab.nethead.at/symflower/symflower/language/java/execute/maven.go:80 +0x1ef
github.com/avast/retry-go.Do(0xc0001eb8b8, {0xc0001eb8a0, 0x3, 0x418c94?})
	github.com/avast/retry-go/retry.go:135 +0x5a3
gitlab.nethead.at/symflower/symflower/language/java/execute.MavenDependencyCommand({0xc000221f80, 0x25}, 0x0, {0xc00053e2a0, 0x6, 0x6})
	gitlab.nethead.at/symflower/symflower/language/java/execute/maven.go:60 +0x1c5
gitlab.nethead.at/symflower/symflower/language/java/execute.MavenCloverCoverage({0xc000221f80, 0x25})
	gitlab.nethead.at/symflower/symflower/language/java/execute/clover.go:131 +0xc9
gitlab.nethead.at/symflower/symflower/cmd/symflower-local/cmd.(*commandTest).Execute(0xc0000fd978, {0xc0000fd800?, 0x7ff1680f1158?, 0xc0000fd978?})
	gitlab.nethead.at/symflower/symflower/cmd/symflower-local/cmd/test.go:143 +0x54f
gitlab.nethead.at/symflower/symflower/cmd.ExecuteNoExit({0x1f425e0?, 0xc0000fd800}, {0xc000216000?, 0x2782d80?, 0xc000527ed8?})
	gitlab.nethead.at/symflower/symflower/cmd/execute.go:56 +0x2d0
gitlab.nethead.at/symflower/symflower/cmd.Execute({0x1f425e0?, 0xc0000fd800?}, {0xc000216000?, 0x274c500?, 0xc0000fd800?})
	gitlab.nethead.at/symflower/symflower/cmd/execute.go:16 +0x26
gitlab.nethead.at/symflower/symflower/cmd.ExecuteWithOSArguments(...)
	gitlab.nethead.at/symflower/symflower/cmd/execute.go:75
main.main.func1()
	gitlab.nethead.at/symflower/symflower/cmd/symflower-demo/main.go:40 +0x34
gitlab.nethead.at/symflower/symflower/cmd/symflower-local/cmd.(*Command).WithPanicReporter(0xc000130058?, 0x2636b18?)
	gitlab.nethead.at/symflower/symflower/cmd/symflower-local/cmd/cmd.go:184 +0x48
main.main()
	gitlab.nethead.at/symflower/symflower/cmd/symflower-demo/main.go:39 +0xa5


github.com/symflower/eval-dev-quality/util.CommandWithResult
	/home/eval/eval-dev-quality/util/exec.go:52
github.com/symflower/eval-dev-quality/language/java.(*Language).Execute
	/home/eval/eval-dev-quality/language/java/language.go:94
github.com/symflower/eval-dev-quality/evaluate.Repository
	/home/eval/eval-dev-quality/evaluate/repository.go:57
github.com/symflower/eval-dev-quality/evaluate.Evaluate.func1
	/home/eval/eval-dev-quality/evaluate/evaluate.go:119
github.com/symflower/eval-dev-quality/evaluate.withLoadedModel
	/home/eval/eval-dev-quality/evaluate/evaluate.go:253
github.com/symflower/eval-dev-quality/evaluate.Evaluate
	/home/eval/eval-dev-quality/evaluate/evaluate.go:109
github.com/symflower/eval-dev-quality/cmd/eval-dev-quality/cmd.(*Evaluate).Execute
	/home/eval/eval-dev-quality/cmd/eval-dev-quality/cmd/evaluate.go:284
github.com/symflower/eval-dev-quality/cmd/eval-dev-quality/cmd.Execute.func1
	/home/eval/eval-dev-quality/cmd/eval-dev-quality/cmd/command.go:34
github.com/jessevdk/go-flags.(*Parser).ParseArgs
	/home/eval/go/pkg/mod/github.com/jessevdk/go-flags@v1.5.1-0.20210607101731-3927b71304df/parser.go:333
github.com/symflower/eval-dev-quality/cmd/eval-dev-quality/cmd.Execute
	/home/eval/eval-dev-quality/cmd/eval-dev-quality/cmd/command.go:37
main.main
	/home/eval/eval-dev-quality/cmd/eval-dev-quality/main.go:11
runtime.main
	/home/eval/go/src/runtime/proc.go:267
runtime.goexit
	/home/eval/go/src/runtime/asm_amd64.s:1650
github.com/symflower/eval-dev-quality/language/java.(*Language).Execute
	/home/eval/eval-dev-quality/language/java/language.go:105
github.com/symflower/eval-dev-quality/evaluate.Repository
	/home/eval/eval-dev-quality/evaluate/repository.go:57
github.com/symflower/eval-dev-quality/evaluate.Evaluate.func1
	/home/eval/eval-dev-quality/evaluate/evaluate.go:119
github.com/symflower/eval-dev-quality/evaluate.withLoadedModel
	/home/eval/eval-dev-quality/evaluate/evaluate.go:253
github.com/symflower/eval-dev-quality/evaluate.Evaluate
	/home/eval/eval-dev-quality/evaluate/evaluate.go:109
github.com/symflower/eval-dev-quality/cmd/eval-dev-quality/cmd.(*Evaluate).Execute
	/home/eval/eval-dev-quality/cmd/eval-dev-quality/cmd/evaluate.go:284
github.com/symflower/eval-dev-quality/cmd/eval-dev-quality/cmd.Execute.func1
	/home/eval/eval-dev-quality/cmd/eval-dev-quality/cmd/command.go:34
github.com/jessevdk/go-flags.(*Parser).ParseArgs
	/home/eval/go/pkg/mod/github.com/jessevdk/go-flags@v1.5.1-0.20210607101731-3927b71304df/parser.go:333
github.com/symflower/eval-dev-quality/cmd/eval-dev-quality/cmd.Execute
	/home/eval/eval-dev-quality/cmd/eval-dev-quality/cmd/command.go:37
main.main
	/home/eval/eval-dev-quality/cmd/eval-dev-quality/main.go:11
runtime.main
	/home/eval/go/src/runtime/proc.go:267
runtime.goexit
	/home/eval/go/src/runtime/asm_amd64.s:1650
[0;34mGive us your feedback and let us know how we can improve Symflower at hello@symflower.com or https://github.com/symflower/symflower. Thanks so much for your help![0m
ERROR: All attempts fail:
#1: Internal error: exit status 1:
[]interface {}{
    "/tmp/eval-dev-quality364885804/plain/",
    "[INFO] Scanning for projects...\n[WARNING] \n[WARNING] Some problems were encountered while building the effective model for eval.dev.quality:test-java-plain:jar:SNAPSHOT\n[WARNING] 'version' uses an unsupported snapshot version format, should be '*-SNAPSHOT' instead. @ line 6, column 11\n[WARNING] \n[WARNING] It is highly recommended to fix these problems because they threaten the stability of your build.\n[WARNING] \n[WARNING] For this reason, future Maven versions might no longer support building such malformed projects.\n[WARNING] \n[INFO] \n[INFO] ------------------< eval.dev.quality:test-java-plain >------------------\n[INFO] Building test-java-plain SNAPSHOT\n[INFO]   from pom.xml\n[INFO] --------------------------------[ jar ]---------------------------------\n[INFO] \n[INFO] --- clean:3.2.0:clean (default-clean) @ test-java-plain ---\n[INFO] \n[INFO] --- resources:3.3.1:resources (default-resources) @ test-java-plain ---\n[WARNING] Using platform encoding (UTF-8 actually) to copy filtered resources, i.e. build is platform dependent!\n[INFO] skip non existing resourceDirectory /tmp/eval-dev-quality364885804/plain/src/main/resources\n[INFO] \n[INFO] --- compiler:3.11.0:compile (default-compile) @ test-java-plain ---\n[INFO] Changes detected - recompiling the module! :source\n[WARNING] File encoding has not been set, using platform encoding UTF-8, i.e. build is platform dependent!\n[INFO] Compiling 1 source file with javac [debug target 11] to target/classes\n[WARNING] system modules path not set in conjunction with -source 11\n[INFO] \n[INFO] --- resources:3.3.1:resources (default-resources) @ test-java-plain ---\n[WARNING] Using platform encoding (UTF-8 actually) to copy filtered resources, i.e. build is platform dependent!\n[INFO] skip non existing resourceDirectory /tmp/eval-dev-quality364885804/plain/src/main/resources\n[INFO] \n[INFO] --- compiler:3.11.0:compile (default-compile) @ test-java-plain ---\n[INFO] Nothing to compile - all classes are up to date\n[INFO] \n[INFO] --- resources:3.3.1:testResources (default-testResources) @ test-java-plain ---\n[WARNING] Using platform encoding (UTF-8 actually) to copy filtered resources, i.e. build is platform dependent!\n[INFO] skip non existing resourceDirectory /tmp/eval-dev-quality364885804/plain/src/test/resources\n[INFO] \n[INFO] --- compiler:3.11.0:testCompile (default-testCompile) @ test-java-plain ---\n[INFO] Changes detected - recompiling the module! :dependency\n[WARNING] File encoding has not been set, using platform encoding UTF-8, i.e. build is platform dependent!\n[INFO] Compiling 1 source file with javac [debug target 11] to target/test-classes\n[INFO] -------------------------------------------------------------\n[WARNING] COMPILATION WARNING : \n[INFO] -------------------------------------------------------------\n[WARNING] system modules path not set in conjunction with -source 11\n[INFO] 1 warning\n[INFO] -------------------------------------------------------------\n[INFO] -------------------------------------------------------------\n[ERROR] COMPILATION ERROR : \n[INFO] -------------------------------------------------------------\n[ERROR] /tmp/eval-dev-quality364885804/plain/src/test/java/com/eval/PlainTest.java:[11,48] com.eval.Plain is not public in com.eval; cannot be accessed from outside package\n[ERROR] /tmp/eval-dev-quality364885804/plain/src/test/java/com/eval/PlainTest.java:[11,14] cannot find symbol\n  symbol:   class Assert\n  location: package org.junit\n[INFO] 2 errors \n[INFO] -------------------------------------------------------------\n[INFO] ------------------------------------------------------------------------\n[INFO] BUILD FAILURE\n[INFO] ------------------------------------------------------------------------\n[INFO] Total time:  0.831 s\n[INFO] Finished at: 2024-06-06T10:17:47+02:00\n[INFO] ------------------------------------------------------------------------\n[ERROR] Failed to execute goal org.apache.maven.plugins:maven-compiler-plugin:3.11.0:testCompile (default-testCompile) on project test-java-plain: Compilation failure: Compilation failure: \n[ERROR] /tmp/eval-dev-quality364885804/plain/src/test/java/com/eval/PlainTest.java:[11,48] com.eval.Plain is not public in com.eval; cannot be accessed from outside package\n[ERROR] /tmp/eval-dev-quality364885804/plain/src/test/java/com/eval/PlainTest.java:[11,14] cannot find symbol\n[ERROR]   symbol:   class Assert\n[ERROR]   location: package org.junit\n[ERROR] -> [Help 1]\n[ERROR] \n[ERROR] To see the full stack trace of the errors, re-run Maven with the -e switch.\n[ERROR] Re-run Maven using the -X switch to enable full debug logging.\n[ERROR] \n[ERROR] For more information about the errors and possible solutions, please read the following articles:\n[ERROR] [Help 1] http://cwiki.apache.org/confluence/display/MAVEN/MojoFailureException\n",
}
Stacktrace: goroutine 1 [running]:
gitlab.nethead.at/symflower/symflower/model/errors.NewInternalError({0x1f42da0?, 0xc000562020}, {0xffa8c0?, 0xc0005b4030})
	gitlab.nethead.at/symflower/symflower/model/errors/error.go:850 +0x59
gitlab.nethead.at/symflower/symflower/language/java/execute.MavenDependencyCommand.func1()
	gitlab.nethead.at/symflower/symflower/language/java/execute/maven.go:80 +0x1ef
github.com/avast/retry-go.Do(0xc0001eb8b8, {0xc0001eb8a0, 0x3, 0x418c94?})
	github.com/avast/retry-go/retry.go:135 +0x5a3
gitlab.nethead.at/symflower/symflower/language/java/execute.MavenDependencyCommand({0xc000221f80, 0x25}, 0x0, {0xc00053e2a0, 0x6, 0x6})
	gitlab.nethead.at/symflower/symflower/language/java/execute/maven.go:60 +0x1c5
gitlab.nethead.at/symflower/symflower/language/java/execute.MavenCloverCoverage({0xc000221f80, 0x25})
	gitlab.nethead.at/symflower/symflower/language/java/execute/clover.go:131 +0xc9
gitlab.nethead.at/symflower/symflower/cmd/symflower-local/cmd.(*commandTest).Execute(0xc0000fd978, {0xc0000fd800?, 0x7ff1680f1158?, 0xc0000fd978?})
	gitlab.nethead.at/symflower/symflower/cmd/symflower-local/cmd/test.go:143 +0x54f
gitlab.nethead.at/symflower/symflower/cmd.ExecuteNoExit({0x1f425e0?, 0xc0000fd800}, {0xc000216000?, 0x2782d80?, 0xc000527ed8?})
	gitlab.nethead.at/symflower/symflower/cmd/execute.go:56 +0x2d0
gitlab.nethead.at/symflower/symflower/cmd.Execute({0x1f425e0?, 0xc0000fd800?}, {0xc000216000?, 0x274c500?, 0xc0000fd800?})
	gitlab.nethead.at/symflower/symflower/cmd/execute.go:16 +0x26
gitlab.nethead.at/symflower/symflower/cmd.ExecuteWithOSArguments(...)
	gitlab.nethead.at/symflower/symflower/cmd/execute.go:75
main.main.func1()
	gitlab.nethead.at/symflower/symflower/cmd/symflower-demo/main.go:40 +0x34
gitlab.nethead.at/symflower/symflower/cmd/symflower-local/cmd.(*Command).WithPanicReporter(0xc000130058?, 0x2636b18?)
	gitlab.nethead.at/symflower/symflower/cmd/symflower-local/cmd/cmd.go:184 +0x48
main.main()
	gitlab.nethead.at/symflower/symflower/cmd/symflower-demo/main.go:39 +0xa5


src/main/java/com/eval/Plain.java]
2024/06/06 10:24:22 Evaluating model "openrouter/togethercomputer/stripedhyena-hessian-7b" using language "java" and repository "java/plain"
2024/06/06 10:24:22 Querying model "openrouter/togethercomputer/stripedhyena-hessian-7b" with:
	Given the following Java code file "src/main/java/com/eval/Plain.java" with package "com.eval", provide a test file for this code with JUnit 5 as a test framework.
	The tests should produce 100 percent code coverage and must compile.
	The response must contain only the test code and nothing else.

	```java
	package com.eval;

	class Plain {
	    static void plain() {
	    }
	}
	```
2024/06/06 10:24:22 Model "openrouter/togethercomputer/stripedhyena-hessian-7b" responded (675 ms) with:
	---

	### Accessing environment variables in GitHub actions:

	- ":memo:**_Variation A)_".
2024/06/06 10:24:22 $ symflower test --language java --workspace /tmp/eval-dev-quality364885804/plain --coverage-file /tmp/eval-dev-quality364885804/plain/coverage.json
[0;34mGive us your feedback and let us know how we can improve Symflower at hello@symflower.com or https://github.com/symflower/symflower. Thanks so much for your help![0m
ERROR: All attempts fail:
#1: Internal error: exit status 1:
[]interface {}{
    "/tmp/eval-dev-quality364885804/plain/",
    "[INFO] Scanning for projects...\n[WARNING] \n[WARNING] Some problems were encountered while building the effective model for eval.dev.quality:test-java-plain:jar:SNAPSHOT\n[WARNING] 'version' uses an unsupported snapshot version format, should be '*-SNAPSHOT' instead. @ line 6, column 11\n[WARNING] \n[WARNING] It is highly recommended to fix these problems because they threaten the stability of your build.\n[WARNING] \n[WARNING] For this reason, future Maven versions might no longer support building such malformed projects.\n[WARNING] \n[INFO] \n[INFO] ------------------< eval.dev.quality:test-java-plain >------------------\n[INFO] Building test-java-plain SNAPSHOT\n[INFO]   from pom.xml\n[INFO] --------------------------------[ jar ]---------------------------------\n[INFO] \n[INFO] --- clean:3.2.0:clean (default-clean) @ test-java-plain ---\n[INFO] \n[INFO] --- resources:3.3.1:resources (default-resources) @ test-java-plain ---\n[WARNING] Using platform encoding (UTF-8 actually) to copy filtered resources, i.e. build is platform dependent!\n[INFO] skip non existing resourceDirectory /tmp/eval-dev-quality364885804/plain/src/main/resources\n[INFO] \n[INFO] --- compiler:3.11.0:compile (default-compile) @ test-java-plain ---\n[INFO] Changes detected - recompiling the module! :source\n[WARNING] File encoding has not been set, using platform encoding UTF-8, i.e. build is platform dependent!\n[INFO] Compiling 1 source file with javac [debug target 11] to target/classes\n[WARNING] system modules path not set in conjunction with -source 11\n[INFO] \n[INFO] --- resources:3.3.1:resources (default-resources) @ test-java-plain ---\n[WARNING] Using platform encoding (UTF-8 actually) to copy filtered resources, i.e. build is platform dependent!\n[INFO] skip non existing resourceDirectory /tmp/eval-dev-quality364885804/plain/src/main/resources\n[INFO] \n[INFO] --- compiler:3.11.0:compile (default-compile) @ test-java-plain ---\n[INFO] Nothing to compile - all classes are up to date\n[INFO] \n[INFO] --- resources:3.3.1:testResources (default-testResources) @ test-java-plain ---\n[WARNING] Using platform encoding (UTF-8 actually) to copy filtered resources, i.e. build is platform dependent!\n[INFO] skip non existing resourceDirectory /tmp/eval-dev-quality364885804/plain/src/test/resources\n[INFO] \n[INFO] --- compiler:3.11.0:testCompile (default-testCompile) @ test-java-plain ---\n[INFO] Changes detected - recompiling the module! :dependency\n[WARNING] File encoding has not been set, using platform encoding UTF-8, i.e. build is platform dependent!\n[INFO] Compiling 1 source file with javac [debug target 11] to target/test-classes\n[INFO] -------------------------------------------------------------\n[WARNING] COMPILATION WARNING : \n[INFO] -------------------------------------------------------------\n[WARNING] system modules path not set in conjunction with -source 11\n[INFO] 1 warning\n[INFO] -------------------------------------------------------------\n[INFO] -------------------------------------------------------------\n[ERROR] COMPILATION ERROR : \n[INFO] -------------------------------------------------------------\n[ERROR] /tmp/eval-dev-quality364885804/plain/src/test/java/com/eval/PlainTest.java:[1,1] class, interface, or enum expected\n[ERROR] /tmp/eval-dev-quality364885804/plain/src/test/java/com/eval/PlainTest.java:[3,1] illegal character: '#'\n[ERROR] /tmp/eval-dev-quality364885804/plain/src/test/java/com/eval/PlainTest.java:[3,2] illegal character: '#'\n[ERROR] /tmp/eval-dev-quality364885804/plain/src/test/java/com/eval/PlainTest.java:[3,3] illegal character: '#'\n[INFO] 4 errors \n[INFO] -------------------------------------------------------------\n[INFO] ------------------------------------------------------------------------\n[INFO] BUILD FAILURE\n[INFO] ------------------------------------------------------------------------\n[INFO] Total time:  0.730 s\n[INFO] Finished at: 2024-06-06T10:24:24+02:00\n[INFO] ------------------------------------------------------------------------\n[ERROR] Failed to execute goal org.apache.maven.plugins:maven-compiler-plugin:3.11.0:testCompile (default-testCompile) on project test-java-plain: Compilation failure: Compilation failure: \n[ERROR] /tmp/eval-dev-quality364885804/plain/src/test/java/com/eval/PlainTest.java:[1,1] class, interface, or enum expected\n[ERROR] /tmp/eval-dev-quality364885804/plain/src/test/java/com/eval/PlainTest.java:[3,1] illegal character: '#'\n[ERROR] /tmp/eval-dev-quality364885804/plain/src/test/java/com/eval/PlainTest.java:[3,2] illegal character: '#'\n[ERROR] /tmp/eval-dev-quality364885804/plain/src/test/java/com/eval/PlainTest.java:[3,3] illegal character: '#'\n[ERROR] -> [Help 1]\n[ERROR] \n[ERROR] To see the full stack trace of the errors, re-run Maven with the -e switch.\n[ERROR] Re-run Maven using the -X switch to enable full debug logging.\n[ERROR] \n[ERROR] For more information about the errors and possible solutions, please read the following articles:\n[ERROR] [Help 1] http://cwiki.apache.org/confluence/display/MAVEN/MojoFailureException\n",
}
Stacktrace: goroutine 1 [running]:
gitlab.nethead.at/symflower/symflower/model/errors.NewInternalError({0x1f42da0?, 0xc0000fe000}, {0xffa8c0?, 0xc000594060})
	gitlab.nethead.at/symflower/symflower/model/errors/error.go:850 +0x59
gitlab.nethead.at/symflower/symflower/language/java/execute.MavenDependencyCommand.func1()
	gitlab.nethead.at/symflower/symflower/language/java/execute/maven.go:80 +0x1ef
github.com/avast/retry-go.Do(0xc0008078b8, {0xc0008078a0, 0x3, 0x418c94?})
	github.com/avast/retry-go/retry.go:135 +0x5a3
gitlab.nethead.at/symflower/symflower/language/java/execute.MavenDependencyCommand({0xc000616210, 0x25}, 0x0, {0xc00032dbc0, 0x6, 0x6})
	gitlab.nethead.at/symflower/symflower/language/java/execute/maven.go:60 +0x1c5
gitlab.nethead.at/symflower/symflower/language/java/execute.MavenCloverCoverage({0xc000616210, 0x25})
	gitlab.nethead.at/symflower/symflower/language/java/execute/clover.go:131 +0xc9
gitlab.nethead.at/symflower/symflower/cmd/symflower-local/cmd.(*commandTest).Execute(0xc000180978, {0xc000180800?, 0x7f17ec5a9158?, 0xc000180978?})
	gitlab.nethead.at/symflower/symflower/cmd/symflower-local/cmd/test.go:143 +0x54f
gitlab.nethead.at/symflower/symflower/cmd.ExecuteNoExit({0x1f425e0?, 0xc000180800}, {0xc000040080?, 0x2782d80?, 0xc000519ed8?})
	gitlab.nethead.at/symflower/symflower/cmd/execute.go:56 +0x2d0
gitlab.nethead.at/symflower/symflower/cmd.Execute({0x1f425e0?, 0xc000180800?}, {0xc000040080?, 0x274c500?, 0xc000180800?})
	gitlab.nethead.at/symflower/symflower/cmd/execute.go:16 +0x26
gitlab.nethead.at/symflower/symflower/cmd.ExecuteWithOSArguments(...)
	gitlab.nethead.at/symflower/symflower/cmd/execute.go:75
main.main.func1()
	gitlab.nethead.at/symflower/symflower/cmd/symflower-demo/main.go:40 +0x34
gitlab.nethead.at/symflower/symflower/cmd/symflower-local/cmd.(*Command).WithPanicReporter(0xc000130058?, 0x2636b18?)
	gitlab.nethead.at/symflower/symflower/cmd/symflower-local/cmd/cmd.go:184 +0x48
main.main()
	gitlab.nethead.at/symflower/symflower/cmd/symflower-demo/main.go:39 +0xa5

2024/06/06 10:24:24 Evaluated model "openrouter/togethercomputer/stripedhyena-hessian-7b" using language "java" and repository "java/plain": encountered 1 problems: [exit status 1
[0;34mGive us your feedback and let us know how we can improve Symflower at hello@symflower.com or https://github.com/symflower/symflower. Thanks so much for your help![0m
ERROR: All attempts fail:
#1: Internal error: exit status 1:
[]interface {}{
    "/tmp/eval-dev-quality364885804/plain/",
    "[INFO] Scanning for projects...\n[WARNING] \n[WARNING] Some problems were encountered while building the effective model for eval.dev.quality:test-java-plain:jar:SNAPSHOT\n[WARNING] 'version' uses an unsupported snapshot version format, should be '*-SNAPSHOT' instead. @ line 6, column 11\n[WARNING] \n[WARNING] It is highly recommended to fix these problems because they threaten the stability of your build.\n[WARNING] \n[WARNING] For this reason, future Maven versions might no longer support building such malformed projects.\n[WARNING] \n[INFO] \n[INFO] ------------------< eval.dev.quality:test-java-plain >------------------\n[INFO] Building test-java-plain SNAPSHOT\n[INFO]   from pom.xml\n[INFO] --------------------------------[ jar ]---------------------------------\n[INFO] \n[INFO] --- clean:3.2.0:clean (default-clean) @ test-java-plain ---\n[INFO] \n[INFO] --- resources:3.3.1:resources (default-resources) @ test-java-plain ---\n[WARNING] Using platform encoding (UTF-8 actually) to copy filtered resources, i.e. build is platform dependent!\n[INFO] skip non existing resourceDirectory /tmp/eval-dev-quality364885804/plain/src/main/resources\n[INFO] \n[INFO] --- compiler:3.11.0:compile (default-compile) @ test-java-plain ---\n[INFO] Changes detected - recompiling the module! :source\n[WARNING] File encoding has not been set, using platform encoding UTF-8, i.e. build is platform dependent!\n[INFO] Compiling 1 source file with javac [debug target 11] to target/classes\n[WARNING] system modules path not set in conjunction with -source 11\n[INFO] \n[INFO] --- resources:3.3.1:resources (default-resources) @ test-java-plain ---\n[WARNING] Using platform encoding (UTF-8 actually) to copy filtered resources, i.e. build is platform dependent!\n[INFO] skip non existing resourceDirectory /tmp/eval-dev-quality364885804/plain/src/main/resources\n[INFO] \n[INFO] --- compiler:3.11.0:compile (default-compile) @ test-java-plain ---\n[INFO] Nothing to compile - all classes are up to date\n[INFO] \n[INFO] --- resources:3.3.1:testResources (default-testResources) @ test-java-plain ---\n[WARNING] Using platform encoding (UTF-8 actually) to copy filtered resources, i.e. build is platform dependent!\n[INFO] skip non existing resourceDirectory /tmp/eval-dev-quality364885804/plain/src/test/resources\n[INFO] \n[INFO] --- compiler:3.11.0:testCompile (default-testCompile) @ test-java-plain ---\n[INFO] Changes detected - recompiling the module! :dependency\n[WARNING] File encoding has not been set, using platform encoding UTF-8, i.e. build is platform dependent!\n[INFO] Compiling 1 source file with javac [debug target 11] to target/test-classes\n[INFO] -------------------------------------------------------------\n[WARNING] COMPILATION WARNING : \n[INFO] -------------------------------------------------------------\n[WARNING] system modules path not set in conjunction with -source 11\n[INFO] 1 warning\n[INFO] -------------------------------------------------------------\n[INFO] -------------------------------------------------------------\n[ERROR] COMPILATION ERROR : \n[INFO] -------------------------------------------------------------\n[ERROR] /tmp/eval-dev-quality364885804/plain/src/test/java/com/eval/PlainTest.java:[1,1] class, interface, or enum expected\n[ERROR] /tmp/eval-dev-quality364885804/plain/src/test/java/com/eval/PlainTest.java:[3,1] illegal character: '#'\n[ERROR] /tmp/eval-dev-quality364885804/plain/src/test/java/com/eval/PlainTest.java:[3,2] illegal character: '#'\n[ERROR] /tmp/eval-dev-quality364885804/plain/src/test/java/com/eval/PlainTest.java:[3,3] illegal character: '#'\n[INFO] 4 errors \n[INFO] -------------------------------------------------------------\n[INFO] ------------------------------------------------------------------------\n[INFO] BUILD FAILURE\n[INFO] ------------------------------------------------------------------------\n[INFO] Total time:  0.730 s\n[INFO] Finished at: 2024-06-06T10:24:24+02:00\n[INFO] ------------------------------------------------------------------------\n[ERROR] Failed to execute goal org.apache.maven.plugins:maven-compiler-plugin:3.11.0:testCompile (default-testCompile) on project test-java-plain: Compilation failure: Compilation failure: \n[ERROR] /tmp/eval-dev-quality364885804/plain/src/test/java/com/eval/PlainTest.java:[1,1] class, interface, or enum expected\n[ERROR] /tmp/eval-dev-quality364885804/plain/src/test/java/com/eval/PlainTest.java:[3,1] illegal character: '#'\n[ERROR] /tmp/eval-dev-quality364885804/plain/src/test/java/com/eval/PlainTest.java:[3,2] illegal character: '#'\n[ERROR] /tmp/eval-dev-quality364885804/plain/src/test/java/com/eval/PlainTest.java:[3,3] illegal character: '#'\n[ERROR] -> [Help 1]\n[ERROR] \n[ERROR] To see the full stack trace of the errors, re-run Maven with the -e switch.\n[ERROR] Re-run Maven using the -X switch to enable full debug logging.\n[ERROR] \n[ERROR] For more information about the errors and possible solutions, please read the following articles:\n[ERROR] [Help 1] http://cwiki.apache.org/confluence/display/MAVEN/MojoFailureException\n",
}
Stacktrace: goroutine 1 [running]:
gitlab.nethead.at/symflower/symflower/model/errors.NewInternalError({0x1f42da0?, 0xc0000fe000}, {0xffa8c0?, 0xc000594060})
	gitlab.nethead.at/symflower/symflower/model/errors/error.go:850 +0x59
gitlab.nethead.at/symflower/symflower/language/java/execute.MavenDependencyCommand.func1()
	gitlab.nethead.at/symflower/symflower/language/java/execute/maven.go:80 +0x1ef
github.com/avast/retry-go.Do(0xc0008078b8, {0xc0008078a0, 0x3, 0x418c94?})
	github.com/avast/retry-go/retry.go:135 +0x5a3
gitlab.nethead.at/symflower/symflower/language/java/execute.MavenDependencyCommand({0xc000616210, 0x25}, 0x0, {0xc00032dbc0, 0x6, 0x6})
	gitlab.nethead.at/symflower/symflower/language/java/execute/maven.go:60 +0x1c5
gitlab.nethead.at/symflower/symflower/language/java/execute.MavenCloverCoverage({0xc000616210, 0x25})
	gitlab.nethead.at/symflower/symflower/language/java/execute/clover.go:131 +0xc9
gitlab.nethead.at/symflower/symflower/cmd/symflower-local/cmd.(*commandTest).Execute(0xc000180978, {0xc000180800?, 0x7f17ec5a9158?, 0xc000180978?})
	gitlab.nethead.at/symflower/symflower/cmd/symflower-local/cmd/test.go:143 +0x54f
gitlab.nethead.at/symflower/symflower/cmd.ExecuteNoExit({0x1f425e0?, 0xc000180800}, {0xc000040080?, 0x2782d80?, 0xc000519ed8?})
	gitlab.nethead.at/symflower/symflower/cmd/execute.go:56 +0x2d0
gitlab.nethead.at/symflower/symflower/cmd.Execute({0x1f425e0?, 0xc000180800?}, {0xc000040080?, 0x274c500?, 0xc000180800?})
	gitlab.nethead.at/symflower/symflower/cmd/execute.go:16 +0x26
gitlab.nethead.at/symflower/symflower/cmd.ExecuteWithOSArguments(...)
	gitlab.nethead.at/symflower/symflower/cmd/execute.go:75
main.main.func1()
	gitlab.nethead.at/symflower/symflower/cmd/symflower-demo/main.go:40 +0x34
gitlab.nethead.at/symflower/symflower/cmd/symflower-local/cmd.(*Command).WithPanicReporter(0xc000130058?, 0x2636b18?)
	gitlab.nethead.at/symflower/symflower/cmd/symflower-local/cmd/cmd.go:184 +0x48
main.main()
	gitlab.nethead.at/symflower/symflower/cmd/symflower-demo/main.go:39 +0xa5


github.com/symflower/eval-dev-quality/util.CommandWithResult
	/home/eval/eval-dev-quality/util/exec.go:52
github.com/symflower/eval-dev-quality/language/java.(*Language).Execute
	/home/eval/eval-dev-quality/language/java/language.go:94
github.com/symflower/eval-dev-quality/evaluate.Repository
	/home/eval/eval-dev-quality/evaluate/repository.go:57
github.com/symflower/eval-dev-quality/evaluate.Evaluate.func1
	/home/eval/eval-dev-quality/evaluate/evaluate.go:119
github.com/symflower/eval-dev-quality/evaluate.withLoadedModel
	/home/eval/eval-dev-quality/evaluate/evaluate.go:253
github.com/symflower/eval-dev-quality/evaluate.Evaluate
	/home/eval/eval-dev-quality/evaluate/evaluate.go:109
github.com/symflower/eval-dev-quality/cmd/eval-dev-quality/cmd.(*Evaluate).Execute
	/home/eval/eval-dev-quality/cmd/eval-dev-quality/cmd/evaluate.go:284
github.com/symflower/eval-dev-quality/cmd/eval-dev-quality/cmd.Execute.func1
	/home/eval/eval-dev-quality/cmd/eval-dev-quality/cmd/command.go:34
github.com/jessevdk/go-flags.(*Parser).ParseArgs
	/home/eval/go/pkg/mod/github.com/jessevdk/go-flags@v1.5.1-0.20210607101731-3927b71304df/parser.go:333
github.com/symflower/eval-dev-quality/cmd/eval-dev-quality/cmd.Execute
	/home/eval/eval-dev-quality/cmd/eval-dev-quality/cmd/command.go:37
main.main
	/home/eval/eval-dev-quality/cmd/eval-dev-quality/main.go:11
runtime.main
	/home/eval/go/src/runtime/proc.go:267
runtime.goexit
	/home/eval/go/src/runtime/asm_amd64.s:1650
github.com/symflower/eval-dev-quality/language/java.(*Language).Execute
	/home/eval/eval-dev-quality/language/java/language.go:105
github.com/symflower/eval-dev-quality/evaluate.Repository
	/home/eval/eval-dev-quality/evaluate/repository.go:57
github.com/symflower/eval-dev-quality/evaluate.Evaluate.func1
	/home/eval/eval-dev-quality/evaluate/evaluate.go:119
github.com/symflower/eval-dev-quality/evaluate.withLoadedModel
	/home/eval/eval-dev-quality/evaluate/evaluate.go:253
github.com/symflower/eval-dev-quality/evaluate.Evaluate
	/home/eval/eval-dev-quality/evaluate/evaluate.go:109
github.com/symflower/eval-dev-quality/cmd/eval-dev-quality/cmd.(*Evaluate).Execute
	/home/eval/eval-dev-quality/cmd/eval-dev-quality/cmd/evaluate.go:284
github.com/symflower/eval-dev-quality/cmd/eval-dev-quality/cmd.Execute.func1
	/home/eval/eval-dev-quality/cmd/eval-dev-quality/cmd/command.go:34
github.com/jessevdk/go-flags.(*Parser).ParseArgs
	/home/eval/go/pkg/mod/github.com/jessevdk/go-flags@v1.5.1-0.20210607101731-3927b71304df/parser.go:333
github.com/symflower/eval-dev-quality/cmd/eval-dev-quality/cmd.Execute
	/home/eval/eval-dev-quality/cmd/eval-dev-quality/cmd/command.go:37
main.main
	/home/eval/eval-dev-quality/cmd/eval-dev-quality/main.go:11
runtime.main
	/home/eval/go/src/runtime/proc.go:267
runtime.goexit
	/home/eval/go/src/runtime/asm_amd64.s:1650
[0;34mGive us your feedback and let us know how we can improve Symflower at hello@symflower.com or https://github.com/symflower/symflower. Thanks so much for your help![0m
ERROR: All attempts fail:
#1: Internal error: exit status 1:
[]interface {}{
    "/tmp/eval-dev-quality364885804/plain/",
    "[INFO] Scanning for projects...\n[WARNING] \n[WARNING] Some problems were encountered while building the effective model for eval.dev.quality:test-java-plain:jar:SNAPSHOT\n[WARNING] 'version' uses an unsupported snapshot version format, should be '*-SNAPSHOT' instead. @ line 6, column 11\n[WARNING] \n[WARNING] It is highly recommended to fix these problems because they threaten the stability of your build.\n[WARNING] \n[WARNING] For this reason, future Maven versions might no longer support building such malformed projects.\n[WARNING] \n[INFO] \n[INFO] ------------------< eval.dev.quality:test-java-plain >------------------\n[INFO] Building test-java-plain SNAPSHOT\n[INFO]   from pom.xml\n[INFO] --------------------------------[ jar ]---------------------------------\n[INFO] \n[INFO] --- clean:3.2.0:clean (default-clean) @ test-java-plain ---\n[INFO] \n[INFO] --- resources:3.3.1:resources (default-resources) @ test-java-plain ---\n[WARNING] Using platform encoding (UTF-8 actually) to copy filtered resources, i.e. build is platform dependent!\n[INFO] skip non existing resourceDirectory /tmp/eval-dev-quality364885804/plain/src/main/resources\n[INFO] \n[INFO] --- compiler:3.11.0:compile (default-compile) @ test-java-plain ---\n[INFO] Changes detected - recompiling the module! :source\n[WARNING] File encoding has not been set, using platform encoding UTF-8, i.e. build is platform dependent!\n[INFO] Compiling 1 source file with javac [debug target 11] to target/classes\n[WARNING] system modules path not set in conjunction with -source 11\n[INFO] \n[INFO] --- resources:3.3.1:resources (default-resources) @ test-java-plain ---\n[WARNING] Using platform encoding (UTF-8 actually) to copy filtered resources, i.e. build is platform dependent!\n[INFO] skip non existing resourceDirectory /tmp/eval-dev-quality364885804/plain/src/main/resources\n[INFO] \n[INFO] --- compiler:3.11.0:compile (default-compile) @ test-java-plain ---\n[INFO] Nothing to compile - all classes are up to date\n[INFO] \n[INFO] --- resources:3.3.1:testResources (default-testResources) @ test-java-plain ---\n[WARNING] Using platform encoding (UTF-8 actually) to copy filtered resources, i.e. build is platform dependent!\n[INFO] skip non existing resourceDirectory /tmp/eval-dev-quality364885804/plain/src/test/resources\n[INFO] \n[INFO] --- compiler:3.11.0:testCompile (default-testCompile) @ test-java-plain ---\n[INFO] Changes detected - recompiling the module! :dependency\n[WARNING] File encoding has not been set, using platform encoding UTF-8, i.e. build is platform dependent!\n[INFO] Compiling 1 source file with javac [debug target 11] to target/test-classes\n[INFO] -------------------------------------------------------------\n[WARNING] COMPILATION WARNING : \n[INFO] -------------------------------------------------------------\n[WARNING] system modules path not set in conjunction with -source 11\n[INFO] 1 warning\n[INFO] -------------------------------------------------------------\n[INFO] -------------------------------------------------------------\n[ERROR] COMPILATION ERROR : \n[INFO] -------------------------------------------------------------\n[ERROR] /tmp/eval-dev-quality364885804/plain/src/test/java/com/eval/PlainTest.java:[1,1] class, interface, or enum expected\n[ERROR] /tmp/eval-dev-quality364885804/plain/src/test/java/com/eval/PlainTest.java:[3,1] illegal character: '#'\n[ERROR] /tmp/eval-dev-quality364885804/plain/src/test/java/com/eval/PlainTest.java:[3,2] illegal character: '#'\n[ERROR] /tmp/eval-dev-quality364885804/plain/src/test/java/com/eval/PlainTest.java:[3,3] illegal character: '#'\n[INFO] 4 errors \n[INFO] -------------------------------------------------------------\n[INFO] ------------------------------------------------------------------------\n[INFO] BUILD FAILURE\n[INFO] ------------------------------------------------------------------------\n[INFO] Total time:  0.730 s\n[INFO] Finished at: 2024-06-06T10:24:24+02:00\n[INFO] ------------------------------------------------------------------------\n[ERROR] Failed to execute goal org.apache.maven.plugins:maven-compiler-plugin:3.11.0:testCompile (default-testCompile) on project test-java-plain: Compilation failure: Compilation failure: \n[ERROR] /tmp/eval-dev-quality364885804/plain/src/test/java/com/eval/PlainTest.java:[1,1] class, interface, or enum expected\n[ERROR] /tmp/eval-dev-quality364885804/plain/src/test/java/com/eval/PlainTest.java:[3,1] illegal character: '#'\n[ERROR] /tmp/eval-dev-quality364885804/plain/src/test/java/com/eval/PlainTest.java:[3,2] illegal character: '#'\n[ERROR] /tmp/eval-dev-quality364885804/plain/src/test/java/com/eval/PlainTest.java:[3,3] illegal character: '#'\n[ERROR] -> [Help 1]\n[ERROR] \n[ERROR] To see the full stack trace of the errors, re-run Maven with the -e switch.\n[ERROR] Re-run Maven using the -X switch to enable full debug logging.\n[ERROR] \n[ERROR] For more information about the errors and possible solutions, please read the following articles:\n[ERROR] [Help 1] http://cwiki.apache.org/confluence/display/MAVEN/MojoFailureException\n",
}
Stacktrace: goroutine 1 [running]:
gitlab.nethead.at/symflower/symflower/model/errors.NewInternalError({0x1f42da0?, 0xc0000fe000}, {0xffa8c0?, 0xc000594060})
	gitlab.nethead.at/symflower/symflower/model/errors/error.go:850 +0x59
gitlab.nethead.at/symflower/symflower/language/java/execute.MavenDependencyCommand.func1()
	gitlab.nethead.at/symflower/symflower/language/java/execute/maven.go:80 +0x1ef
github.com/avast/retry-go.Do(0xc0008078b8, {0xc0008078a0, 0x3, 0x418c94?})
	github.com/avast/retry-go/retry.go:135 +0x5a3
gitlab.nethead.at/symflower/symflower/language/java/execute.MavenDependencyCommand({0xc000616210, 0x25}, 0x0, {0xc00032dbc0, 0x6, 0x6})
	gitlab.nethead.at/symflower/symflower/language/java/execute/maven.go:60 +0x1c5
gitlab.nethead.at/symflower/symflower/language/java/execute.MavenCloverCoverage({0xc000616210, 0x25})
	gitlab.nethead.at/symflower/symflower/language/java/execute/clover.go:131 +0xc9
gitlab.nethead.at/symflower/symflower/cmd/symflower-local/cmd.(*commandTest).Execute(0xc000180978, {0xc000180800?, 0x7f17ec5a9158?, 0xc000180978?})
	gitlab.nethead.at/symflower/symflower/cmd/symflower-local/cmd/test.go:143 +0x54f
gitlab.nethead.at/symflower/symflower/cmd.ExecuteNoExit({0x1f425e0?, 0xc000180800}, {0xc000040080?, 0x2782d80?, 0xc000519ed8?})
	gitlab.nethead.at/symflower/symflower/cmd/execute.go:56 +0x2d0
gitlab.nethead.at/symflower/symflower/cmd.Execute({0x1f425e0?, 0xc000180800?}, {0xc000040080?, 0x274c500?, 0xc000180800?})
	gitlab.nethead.at/symflower/symflower/cmd/execute.go:16 +0x26
gitlab.nethead.at/symflower/symflower/cmd.ExecuteWithOSArguments(...)
	gitlab.nethead.at/symflower/symflower/cmd/execute.go:75
main.main.func1()
	gitlab.nethead.at/symflower/symflower/cmd/symflower-demo/main.go:40 +0x34
gitlab.nethead.at/symflower/symflower/cmd/symflower-local/cmd.(*Command).WithPanicReporter(0xc000130058?, 0x2636b18?)
	gitlab.nethead.at/symflower/symflower/cmd/symflower-local/cmd/cmd.go:184 +0x48
main.main()
	gitlab.nethead.at/symflower/symflower/cmd/symflower-demo/main.go:39 +0xa5


src/main/java/com/eval/Plain.java]
2024/06/06 10:31:56 Evaluating model "openrouter/togethercomputer/stripedhyena-hessian-7b" using language "java" and repository "java/plain"
2024/06/06 10:31:56 Querying model "openrouter/togethercomputer/stripedhyena-hessian-7b" with:
	Given the following Java code file "src/main/java/com/eval/Plain.java" with package "com.eval", provide a test file for this code with JUnit 5 as a test framework.
	The tests should produce 100 percent code coverage and must compile.
	The response must contain only the test code and nothing else.

	```java
	package com.eval;

	class Plain {
	    static void plain() {
	    }
	}
	```
2024/06/06 10:32:00 Model "openrouter/togethercomputer/stripedhyena-hessian-7b" responded (3931 ms) with:
	I'm not asking for the answer, just for the general idea of how to do it the right way.
	BTW I know this specific case was all about expression problem (`System.out.println(HelloWorld)` to be changed to ` HelloWorld` but for simplicity, it was copied into an MCVE (Although I realized we complained about MCVE in the past!).
	The actual use case is about replacing an acceptable statement with an acceptable expression with code coverage, maybe also to move some static fields inside some class which has even some public static fields.
	Given some legacy code now it's really important to know how to test it without breaking code coverage as a refactoring can happen there. I mean, painless testing, healthy code, long-term alive business, you get it...
	Also, these are all about other languages, not java, what I know better:
	- For C# code: this resembles my try to achieve  a complementary test-prepare technique, there are still many details to implement it properly, mainly automatic boilerplate, inspected nulls and so
	- And for JavaScript: I still try to prepare a test-first, test-prepare implementation with ES6 classes, describe blocks also for auto getters and perhaps even more similar on the tests (I already have an agent up & running).
	OK, thanks for the hint, buried on that post is the pointer to the blogger where more explanations are available:
	Auto Run JUnit 5 Test with HPAL. 
2024/06/06 10:32:00 $ symflower test --language java --workspace /tmp/eval-dev-quality364885804/plain --coverage-file /tmp/eval-dev-quality364885804/plain/coverage.json
[0;34mGive us your feedback and let us know how we can improve Symflower at hello@symflower.com or https://github.com/symflower/symflower. Thanks so much for your help![0m
ERROR: All attempts fail:
#1: Internal error: exit status 1:
[]interface {}{
    "/tmp/eval-dev-quality364885804/plain/",
    "[INFO] Scanning for projects...\n[WARNING] \n[WARNING] Some problems were encountered while building the effective model for eval.dev.quality:test-java-plain:jar:SNAPSHOT\n[WARNING] 'version' uses an unsupported snapshot version format, should be '*-SNAPSHOT' instead. @ line 6, column 11\n[WARNING] \n[WARNING] It is highly recommended to fix these problems because they threaten the stability of your build.\n[WARNING] \n[WARNING] For this reason, future Maven versions might no longer support building such malformed projects.\n[WARNING] \n[INFO] \n[INFO] ------------------< eval.dev.quality:test-java-plain >------------------\n[INFO] Building test-java-plain SNAPSHOT\n[INFO]   from pom.xml\n[INFO] --------------------------------[ jar ]---------------------------------\n[INFO] \n[INFO] --- clean:3.2.0:clean (default-clean) @ test-java-plain ---\n[INFO] \n[INFO] --- resources:3.3.1:resources (default-resources) @ test-java-plain ---\n[WARNING] Using platform encoding (UTF-8 actually) to copy filtered resources, i.e. build is platform dependent!\n[INFO] skip non existing resourceDirectory /tmp/eval-dev-quality364885804/plain/src/main/resources\n[INFO] \n[INFO] --- compiler:3.11.0:compile (default-compile) @ test-java-plain ---\n[INFO] Changes detected - recompiling the module! :source\n[WARNING] File encoding has not been set, using platform encoding UTF-8, i.e. build is platform dependent!\n[INFO] Compiling 1 source file with javac [debug target 11] to target/classes\n[WARNING] system modules path not set in conjunction with -source 11\n[INFO] \n[INFO] --- resources:3.3.1:resources (default-resources) @ test-java-plain ---\n[WARNING] Using platform encoding (UTF-8 actually) to copy filtered resources, i.e. build is platform dependent!\n[INFO] skip non existing resourceDirectory /tmp/eval-dev-quality364885804/plain/src/main/resources\n[INFO] \n[INFO] --- compiler:3.11.0:compile (default-compile) @ test-java-plain ---\n[INFO] Nothing to compile - all classes are up to date\n[INFO] \n[INFO] --- resources:3.3.1:testResources (default-testResources) @ test-java-plain ---\n[WARNING] Using platform encoding (UTF-8 actually) to copy filtered resources, i.e. build is platform dependent!\n[INFO] skip non existing resourceDirectory /tmp/eval-dev-quality364885804/plain/src/test/resources\n[INFO] \n[INFO] --- compiler:3.11.0:testCompile (default-testCompile) @ test-java-plain ---\n[INFO] Changes detected - recompiling the module! :dependency\n[WARNING] File encoding has not been set, using platform encoding UTF-8, i.e. build is platform dependent!\n[INFO] Compiling 1 source file with javac [debug target 11] to target/test-classes\n[INFO] -------------------------------------------------------------\n[WARNING] COMPILATION WARNING : \n[INFO] -------------------------------------------------------------\n[WARNING] system modules path not set in conjunction with -source 11\n[INFO] 1 warning\n[INFO] -------------------------------------------------------------\n[INFO] -------------------------------------------------------------\n[ERROR] COMPILATION ERROR : \n[INFO] -------------------------------------------------------------\n[ERROR] /tmp/eval-dev-quality364885804/plain/src/test/java/com/eval/PlainTest.java:[1,2] unclosed character literal\n[ERROR] /tmp/eval-dev-quality364885804/plain/src/test/java/com/eval/PlainTest.java:[2,65] illegal character: '`'\n[ERROR] /tmp/eval-dev-quality364885804/plain/src/test/java/com/eval/PlainTest.java:[2,96] illegal character: '`'\n[ERROR] /tmp/eval-dev-quality364885804/plain/src/test/java/com/eval/PlainTest.java:[2,115] illegal character: '`'\n[ERROR] /tmp/eval-dev-quality364885804/plain/src/test/java/com/eval/PlainTest.java:[2,127] illegal character: '`'\n[ERROR] /tmp/eval-dev-quality364885804/plain/src/test/java/com/eval/PlainTest.java:[3,175] '{' expected\n[ERROR] /tmp/eval-dev-quality364885804/plain/src/test/java/com/eval/PlainTest.java:[3,204] class, interface, or enum expected\n[ERROR] /tmp/eval-dev-quality364885804/plain/src/test/java/com/eval/PlainTest.java:[4,30] unclosed character literal\n[ERROR] /tmp/eval-dev-quality364885804/plain/src/test/java/com/eval/PlainTest.java:[6,8] illegal character: '#'\n[ERROR] /tmp/eval-dev-quality364885804/plain/src/test/java/com/eval/PlainTest.java:[6,48] illegal character: '\\u00a0'\n[ERROR] /tmp/eval-dev-quality364885804/plain/src/test/java/com/eval/PlainTest.java:[6,49] illegal character: '\\u00a0'\n[ERROR] /tmp/eval-dev-quality364885804/plain/src/test/java/com/eval/PlainTest.java:[6,51] illegal character: '\\u00a0'\n[ERROR] /tmp/eval-dev-quality364885804/plain/src/test/java/com/eval/PlainTest.java:[6,65] illegal character: '\\u00a0'\n[ERROR] /tmp/eval-dev-quality364885804/plain/src/test/java/com/eval/PlainTest.java:[6,78] illegal character: '\\u00a0'\n[ERROR] /tmp/eval-dev-quality364885804/plain/src/test/java/com/eval/PlainTest.java:[7,6] illegal character: '\\u00a0'\n[ERROR] /tmp/eval-dev-quality364885804/plain/src/test/java/com/eval/PlainTest.java:[7,10] illegal character: '\\u00a0'\n[ERROR] /tmp/eval-dev-quality364885804/plain/src/test/java/com/eval/PlainTest.java:[7,37] illegal character: '\\u00a0'\n[ERROR] /tmp/eval-dev-quality364885804/plain/src/test/java/com/eval/PlainTest.java:[7,47] illegal character: '\\u00a0'\n[ERROR] /tmp/eval-dev-quality364885804/plain/src/test/java/com/eval/PlainTest.java:[7,72] illegal character: '\\u00a0'\n[ERROR] /tmp/eval-dev-quality364885804/plain/src/test/java/com/eval/PlainTest.java:[7,87] illegal character: '\\u00a0'\n[ERROR] /tmp/eval-dev-quality364885804/plain/src/test/java/com/eval/PlainTest.java:[7,105] illegal character: '\\u00a0'\n[ERROR] /tmp/eval-dev-quality364885804/plain/src/test/java/com/eval/PlainTest.java:[7,114] illegal character: '\\u00a0'\n[ERROR] /tmp/eval-dev-quality364885804/plain/src/test/java/com/eval/PlainTest.java:[7,121] illegal character: '\\u00a0'\n[ERROR] /tmp/eval-dev-quality364885804/plain/src/test/java/com/eval/PlainTest.java:[7,130] illegal character: '\\u00a0'\n[ERROR] /tmp/eval-dev-quality364885804/plain/src/test/java/com/eval/PlainTest.java:[7,135] illegal character: '\\u00a0'\n[ERROR] /tmp/eval-dev-quality364885804/plain/src/test/java/com/eval/PlainTest.java:[8,99] illegal character: '\\u00a0'\n[INFO] 26 errors \n[INFO] -------------------------------------------------------------\n[INFO] ------------------------------------------------------------------------\n[INFO] BUILD FAILURE\n[INFO] ------------------------------------------------------------------------\n[INFO] Total time:  0.740 s\n[INFO] Finished at: 2024-06-06T10:32:01+02:00\n[INFO] ------------------------------------------------------------------------\n[ERROR] Failed to execute goal org.apache.maven.plugins:maven-compiler-plugin:3.11.0:testCompile (default-testCompile) on project test-java-plain: Compilation failure: Compilation failure: \n[ERROR] /tmp/eval-dev-quality364885804/plain/src/test/java/com/eval/PlainTest.java:[1,2] unclosed character literal\n[ERROR] /tmp/eval-dev-quality364885804/plain/src/test/java/com/eval/PlainTest.java:[2,65] illegal character: '`'\n[ERROR] /tmp/eval-dev-quality364885804/plain/src/test/java/com/eval/PlainTest.java:[2,96] illegal character: '`'\n[ERROR] /tmp/eval-dev-quality364885804/plain/src/test/java/com/eval/PlainTest.java:[2,115] illegal character: '`'\n[ERROR] /tmp/eval-dev-quality364885804/plain/src/test/java/com/eval/PlainTest.java:[2,127] illegal character: '`'\n[ERROR] /tmp/eval-dev-quality364885804/plain/src/test/java/com/eval/PlainTest.java:[3,175] '{' expected\n[ERROR] /tmp/eval-dev-quality364885804/plain/src/test/java/com/eval/PlainTest.java:[3,204] class, interface, or enum expected\n[ERROR] /tmp/eval-dev-quality364885804/plain/src/test/java/com/eval/PlainTest.java:[4,30] unclosed character literal\n[ERROR] /tmp/eval-dev-quality364885804/plain/src/test/java/com/eval/PlainTest.java:[6,8] illegal character: '#'\n[ERROR] /tmp/eval-dev-quality364885804/plain/src/test/java/com/eval/PlainTest.java:[6,48] illegal character: '\\u00a0'\n[ERROR] /tmp/eval-dev-quality364885804/plain/src/test/java/com/eval/PlainTest.java:[6,49] illegal character: '\\u00a0'\n[ERROR] /tmp/eval-dev-quality364885804/plain/src/test/java/com/eval/PlainTest.java:[6,51] illegal character: '\\u00a0'\n[ERROR] /tmp/eval-dev-quality364885804/plain/src/test/java/com/eval/PlainTest.java:[6,65] illegal character: '\\u00a0'\n[ERROR] /tmp/eval-dev-quality364885804/plain/src/test/java/com/eval/PlainTest.java:[6,78] illegal character: '\\u00a0'\n[ERROR] /tmp/eval-dev-quality364885804/plain/src/test/java/com/eval/PlainTest.java:[7,6] illegal character: '\\u00a0'\n[ERROR] /tmp/eval-dev-quality364885804/plain/src/test/java/com/eval/PlainTest.java:[7,10] illegal character: '\\u00a0'\n[ERROR] /tmp/eval-dev-quality364885804/plain/src/test/java/com/eval/PlainTest.java:[7,37] illegal character: '\\u00a0'\n[ERROR] /tmp/eval-dev-quality364885804/plain/src/test/java/com/eval/PlainTest.java:[7,47] illegal character: '\\u00a0'\n[ERROR] /tmp/eval-dev-quality364885804/plain/src/test/java/com/eval/PlainTest.java:[7,72] illegal character: '\\u00a0'\n[ERROR] /tmp/eval-dev-quality364885804/plain/src/test/java/com/eval/PlainTest.java:[7,87] illegal character: '\\u00a0'\n[ERROR] /tmp/eval-dev-quality364885804/plain/src/test/java/com/eval/PlainTest.java:[7,105] illegal character: '\\u00a0'\n[ERROR] /tmp/eval-dev-quality364885804/plain/src/test/java/com/eval/PlainTest.java:[7,114] illegal character: '\\u00a0'\n[ERROR] /tmp/eval-dev-quality364885804/plain/src/test/java/com/eval/PlainTest.java:[7,121] illegal character: '\\u00a0'\n[ERROR] /tmp/eval-dev-quality364885804/plain/src/test/java/com/eval/PlainTest.java:[7,130] illegal character: '\\u00a0'\n[ERROR] /tmp/eval-dev-quality364885804/plain/src/test/java/com/eval/PlainTest.java:[7,135] illegal character: '\\u00a0'\n[ERROR] /tmp/eval-dev-quality364885804/plain/src/test/java/com/eval/PlainTest.java:[8,99] illegal character: '\\u00a0'\n[ERROR] -> [Help 1]\n[ERROR] \n[ERROR] To see the full stack trace of the errors, re-run Maven with the -e switch.\n[ERROR] Re-run Maven using the -X switch to enable full debug logging.\n[ERROR] \n[ERROR] For more information about the errors and possible solutions, please read the following articles:\n[ERROR] [Help 1] http://cwiki.apache.org/confluence/display/MAVEN/MojoFailureException\n",
}
Stacktrace: goroutine 1 [running]:
gitlab.nethead.at/symflower/symflower/model/errors.NewInternalError({0x1f42da0?, 0xc000818180}, {0xffa8c0?, 0xc000568018})
	gitlab.nethead.at/symflower/symflower/model/errors/error.go:850 +0x59
gitlab.nethead.at/symflower/symflower/language/java/execute.MavenDependencyCommand.func1()
	gitlab.nethead.at/symflower/symflower/language/java/execute/maven.go:80 +0x1ef
github.com/avast/retry-go.Do(0xc0007758b8, {0xc0007758a0, 0x3, 0x418c94?})
	github.com/avast/retry-go/retry.go:135 +0x5a3
gitlab.nethead.at/symflower/symflower/language/java/execute.MavenDependencyCommand({0xc00080c300, 0x25}, 0x0, {0xc00060f9e0, 0x6, 0x6})
	gitlab.nethead.at/symflower/symflower/language/java/execute/maven.go:60 +0x1c5
gitlab.nethead.at/symflower/symflower/language/java/execute.MavenCloverCoverage({0xc00080c300, 0x25})
	gitlab.nethead.at/symflower/symflower/language/java/execute/clover.go:131 +0xc9
gitlab.nethead.at/symflower/symflower/cmd/symflower-local/cmd.(*commandTest).Execute(0xc000506578, {0xc000506400?, 0x7ff448531878?, 0xc000506578?})
	gitlab.nethead.at/symflower/symflower/cmd/symflower-local/cmd/test.go:143 +0x54f
gitlab.nethead.at/symflower/symflower/cmd.ExecuteNoExit({0x1f425e0?, 0xc000506400}, {0xc000040080?, 0x2782d80?, 0xc0005a3ed8?})
	gitlab.nethead.at/symflower/symflower/cmd/execute.go:56 +0x2d0
gitlab.nethead.at/symflower/symflower/cmd.Execute({0x1f425e0?, 0xc000506400?}, {0xc000040080?, 0x274c500?, 0xc000506400?})
	gitlab.nethead.at/symflower/symflower/cmd/execute.go:16 +0x26
gitlab.nethead.at/symflower/symflower/cmd.ExecuteWithOSArguments(...)
	gitlab.nethead.at/symflower/symflower/cmd/execute.go:75
main.main.func1()
	gitlab.nethead.at/symflower/symflower/cmd/symflower-demo/main.go:40 +0x34
gitlab.nethead.at/symflower/symflower/cmd/symflower-local/cmd.(*Command).WithPanicReporter(0xc000130058?, 0x2636b18?)
	gitlab.nethead.at/symflower/symflower/cmd/symflower-local/cmd/cmd.go:184 +0x48
main.main()
	gitlab.nethead.at/symflower/symflower/cmd/symflower-demo/main.go:39 +0xa5

2024/06/06 10:32:01 Evaluated model "openrouter/togethercomputer/stripedhyena-hessian-7b" using language "java" and repository "java/plain": encountered 1 problems: [exit status 1
[0;34mGive us your feedback and let us know how we can improve Symflower at hello@symflower.com or https://github.com/symflower/symflower. Thanks so much for your help![0m
ERROR: All attempts fail:
#1: Internal error: exit status 1:
[]interface {}{
    "/tmp/eval-dev-quality364885804/plain/",
    "[INFO] Scanning for projects...\n[WARNING] \n[WARNING] Some problems were encountered while building the effective model for eval.dev.quality:test-java-plain:jar:SNAPSHOT\n[WARNING] 'version' uses an unsupported snapshot version format, should be '*-SNAPSHOT' instead. @ line 6, column 11\n[WARNING] \n[WARNING] It is highly recommended to fix these problems because they threaten the stability of your build.\n[WARNING] \n[WARNING] For this reason, future Maven versions might no longer support building such malformed projects.\n[WARNING] \n[INFO] \n[INFO] ------------------< eval.dev.quality:test-java-plain >------------------\n[INFO] Building test-java-plain SNAPSHOT\n[INFO]   from pom.xml\n[INFO] --------------------------------[ jar ]---------------------------------\n[INFO] \n[INFO] --- clean:3.2.0:clean (default-clean) @ test-java-plain ---\n[INFO] \n[INFO] --- resources:3.3.1:resources (default-resources) @ test-java-plain ---\n[WARNING] Using platform encoding (UTF-8 actually) to copy filtered resources, i.e. build is platform dependent!\n[INFO] skip non existing resourceDirectory /tmp/eval-dev-quality364885804/plain/src/main/resources\n[INFO] \n[INFO] --- compiler:3.11.0:compile (default-compile) @ test-java-plain ---\n[INFO] Changes detected - recompiling the module! :source\n[WARNING] File encoding has not been set, using platform encoding UTF-8, i.e. build is platform dependent!\n[INFO] Compiling 1 source file with javac [debug target 11] to target/classes\n[WARNING] system modules path not set in conjunction with -source 11\n[INFO] \n[INFO] --- resources:3.3.1:resources (default-resources) @ test-java-plain ---\n[WARNING] Using platform encoding (UTF-8 actually) to copy filtered resources, i.e. build is platform dependent!\n[INFO] skip non existing resourceDirectory /tmp/eval-dev-quality364885804/plain/src/main/resources\n[INFO] \n[INFO] --- compiler:3.11.0:compile (default-compile) @ test-java-plain ---\n[INFO] Nothing to compile - all classes are up to date\n[INFO] \n[INFO] --- resources:3.3.1:testResources (default-testResources) @ test-java-plain ---\n[WARNING] Using platform encoding (UTF-8 actually) to copy filtered resources, i.e. build is platform dependent!\n[INFO] skip non existing resourceDirectory /tmp/eval-dev-quality364885804/plain/src/test/resources\n[INFO] \n[INFO] --- compiler:3.11.0:testCompile (default-testCompile) @ test-java-plain ---\n[INFO] Changes detected - recompiling the module! :dependency\n[WARNING] File encoding has not been set, using platform encoding UTF-8, i.e. build is platform dependent!\n[INFO] Compiling 1 source file with javac [debug target 11] to target/test-classes\n[INFO] -------------------------------------------------------------\n[WARNING] COMPILATION WARNING : \n[INFO] -------------------------------------------------------------\n[WARNING] system modules path not set in conjunction with -source 11\n[INFO] 1 warning\n[INFO] -------------------------------------------------------------\n[INFO] -------------------------------------------------------------\n[ERROR] COMPILATION ERROR : \n[INFO] -------------------------------------------------------------\n[ERROR] /tmp/eval-dev-quality364885804/plain/src/test/java/com/eval/PlainTest.java:[1,2] unclosed character literal\n[ERROR] /tmp/eval-dev-quality364885804/plain/src/test/java/com/eval/PlainTest.java:[2,65] illegal character: '`'\n[ERROR] /tmp/eval-dev-quality364885804/plain/src/test/java/com/eval/PlainTest.java:[2,96] illegal character: '`'\n[ERROR] /tmp/eval-dev-quality364885804/plain/src/test/java/com/eval/PlainTest.java:[2,115] illegal character: '`'\n[ERROR] /tmp/eval-dev-quality364885804/plain/src/test/java/com/eval/PlainTest.java:[2,127] illegal character: '`'\n[ERROR] /tmp/eval-dev-quality364885804/plain/src/test/java/com/eval/PlainTest.java:[3,175] '{' expected\n[ERROR] /tmp/eval-dev-quality364885804/plain/src/test/java/com/eval/PlainTest.java:[3,204] class, interface, or enum expected\n[ERROR] /tmp/eval-dev-quality364885804/plain/src/test/java/com/eval/PlainTest.java:[4,30] unclosed character literal\n[ERROR] /tmp/eval-dev-quality364885804/plain/src/test/java/com/eval/PlainTest.java:[6,8] illegal character: '#'\n[ERROR] /tmp/eval-dev-quality364885804/plain/src/test/java/com/eval/PlainTest.java:[6,48] illegal character: '\\u00a0'\n[ERROR] /tmp/eval-dev-quality364885804/plain/src/test/java/com/eval/PlainTest.java:[6,49] illegal character: '\\u00a0'\n[ERROR] /tmp/eval-dev-quality364885804/plain/src/test/java/com/eval/PlainTest.java:[6,51] illegal character: '\\u00a0'\n[ERROR] /tmp/eval-dev-quality364885804/plain/src/test/java/com/eval/PlainTest.java:[6,65] illegal character: '\\u00a0'\n[ERROR] /tmp/eval-dev-quality364885804/plain/src/test/java/com/eval/PlainTest.java:[6,78] illegal character: '\\u00a0'\n[ERROR] /tmp/eval-dev-quality364885804/plain/src/test/java/com/eval/PlainTest.java:[7,6] illegal character: '\\u00a0'\n[ERROR] /tmp/eval-dev-quality364885804/plain/src/test/java/com/eval/PlainTest.java:[7,10] illegal character: '\\u00a0'\n[ERROR] /tmp/eval-dev-quality364885804/plain/src/test/java/com/eval/PlainTest.java:[7,37] illegal character: '\\u00a0'\n[ERROR] /tmp/eval-dev-quality364885804/plain/src/test/java/com/eval/PlainTest.java:[7,47] illegal character: '\\u00a0'\n[ERROR] /tmp/eval-dev-quality364885804/plain/src/test/java/com/eval/PlainTest.java:[7,72] illegal character: '\\u00a0'\n[ERROR] /tmp/eval-dev-quality364885804/plain/src/test/java/com/eval/PlainTest.java:[7,87] illegal character: '\\u00a0'\n[ERROR] /tmp/eval-dev-quality364885804/plain/src/test/java/com/eval/PlainTest.java:[7,105] illegal character: '\\u00a0'\n[ERROR] /tmp/eval-dev-quality364885804/plain/src/test/java/com/eval/PlainTest.java:[7,114] illegal character: '\\u00a0'\n[ERROR] /tmp/eval-dev-quality364885804/plain/src/test/java/com/eval/PlainTest.java:[7,121] illegal character: '\\u00a0'\n[ERROR] /tmp/eval-dev-quality364885804/plain/src/test/java/com/eval/PlainTest.java:[7,130] illegal character: '\\u00a0'\n[ERROR] /tmp/eval-dev-quality364885804/plain/src/test/java/com/eval/PlainTest.java:[7,135] illegal character: '\\u00a0'\n[ERROR] /tmp/eval-dev-quality364885804/plain/src/test/java/com/eval/PlainTest.java:[8,99] illegal character: '\\u00a0'\n[INFO] 26 errors \n[INFO] -------------------------------------------------------------\n[INFO] ------------------------------------------------------------------------\n[INFO] BUILD FAILURE\n[INFO] ------------------------------------------------------------------------\n[INFO] Total time:  0.740 s\n[INFO] Finished at: 2024-06-06T10:32:01+02:00\n[INFO] ------------------------------------------------------------------------\n[ERROR] Failed to execute goal org.apache.maven.plugins:maven-compiler-plugin:3.11.0:testCompile (default-testCompile) on project test-java-plain: Compilation failure: Compilation failure: \n[ERROR] /tmp/eval-dev-quality364885804/plain/src/test/java/com/eval/PlainTest.java:[1,2] unclosed character literal\n[ERROR] /tmp/eval-dev-quality364885804/plain/src/test/java/com/eval/PlainTest.java:[2,65] illegal character: '`'\n[ERROR] /tmp/eval-dev-quality364885804/plain/src/test/java/com/eval/PlainTest.java:[2,96] illegal character: '`'\n[ERROR] /tmp/eval-dev-quality364885804/plain/src/test/java/com/eval/PlainTest.java:[2,115] illegal character: '`'\n[ERROR] /tmp/eval-dev-quality364885804/plain/src/test/java/com/eval/PlainTest.java:[2,127] illegal character: '`'\n[ERROR] /tmp/eval-dev-quality364885804/plain/src/test/java/com/eval/PlainTest.java:[3,175] '{' expected\n[ERROR] /tmp/eval-dev-quality364885804/plain/src/test/java/com/eval/PlainTest.java:[3,204] class, interface, or enum expected\n[ERROR] /tmp/eval-dev-quality364885804/plain/src/test/java/com/eval/PlainTest.java:[4,30] unclosed character literal\n[ERROR] /tmp/eval-dev-quality364885804/plain/src/test/java/com/eval/PlainTest.java:[6,8] illegal character: '#'\n[ERROR] /tmp/eval-dev-quality364885804/plain/src/test/java/com/eval/PlainTest.java:[6,48] illegal character: '\\u00a0'\n[ERROR] /tmp/eval-dev-quality364885804/plain/src/test/java/com/eval/PlainTest.java:[6,49] illegal character: '\\u00a0'\n[ERROR] /tmp/eval-dev-quality364885804/plain/src/test/java/com/eval/PlainTest.java:[6,51] illegal character: '\\u00a0'\n[ERROR] /tmp/eval-dev-quality364885804/plain/src/test/java/com/eval/PlainTest.java:[6,65] illegal character: '\\u00a0'\n[ERROR] /tmp/eval-dev-quality364885804/plain/src/test/java/com/eval/PlainTest.java:[6,78] illegal character: '\\u00a0'\n[ERROR] /tmp/eval-dev-quality364885804/plain/src/test/java/com/eval/PlainTest.java:[7,6] illegal character: '\\u00a0'\n[ERROR] /tmp/eval-dev-quality364885804/plain/src/test/java/com/eval/PlainTest.java:[7,10] illegal character: '\\u00a0'\n[ERROR] /tmp/eval-dev-quality364885804/plain/src/test/java/com/eval/PlainTest.java:[7,37] illegal character: '\\u00a0'\n[ERROR] /tmp/eval-dev-quality364885804/plain/src/test/java/com/eval/PlainTest.java:[7,47] illegal character: '\\u00a0'\n[ERROR] /tmp/eval-dev-quality364885804/plain/src/test/java/com/eval/PlainTest.java:[7,72] illegal character: '\\u00a0'\n[ERROR] /tmp/eval-dev-quality364885804/plain/src/test/java/com/eval/PlainTest.java:[7,87] illegal character: '\\u00a0'\n[ERROR] /tmp/eval-dev-quality364885804/plain/src/test/java/com/eval/PlainTest.java:[7,105] illegal character: '\\u00a0'\n[ERROR] /tmp/eval-dev-quality364885804/plain/src/test/java/com/eval/PlainTest.java:[7,114] illegal character: '\\u00a0'\n[ERROR] /tmp/eval-dev-quality364885804/plain/src/test/java/com/eval/PlainTest.java:[7,121] illegal character: '\\u00a0'\n[ERROR] /tmp/eval-dev-quality364885804/plain/src/test/java/com/eval/PlainTest.java:[7,130] illegal character: '\\u00a0'\n[ERROR] /tmp/eval-dev-quality364885804/plain/src/test/java/com/eval/PlainTest.java:[7,135] illegal character: '\\u00a0'\n[ERROR] /tmp/eval-dev-quality364885804/plain/src/test/java/com/eval/PlainTest.java:[8,99] illegal character: '\\u00a0'\n[ERROR] -> [Help 1]\n[ERROR] \n[ERROR] To see the full stack trace of the errors, re-run Maven with the -e switch.\n[ERROR] Re-run Maven using the -X switch to enable full debug logging.\n[ERROR] \n[ERROR] For more information about the errors and possible solutions, please read the following articles:\n[ERROR] [Help 1] http://cwiki.apache.org/confluence/display/MAVEN/MojoFailureException\n",
}
Stacktrace: goroutine 1 [running]:
gitlab.nethead.at/symflower/symflower/model/errors.NewInternalError({0x1f42da0?, 0xc000818180}, {0xffa8c0?, 0xc000568018})
	gitlab.nethead.at/symflower/symflower/model/errors/error.go:850 +0x59
gitlab.nethead.at/symflower/symflower/language/java/execute.MavenDependencyCommand.func1()
	gitlab.nethead.at/symflower/symflower/language/java/execute/maven.go:80 +0x1ef
github.com/avast/retry-go.Do(0xc0007758b8, {0xc0007758a0, 0x3, 0x418c94?})
	github.com/avast/retry-go/retry.go:135 +0x5a3
gitlab.nethead.at/symflower/symflower/language/java/execute.MavenDependencyCommand({0xc00080c300, 0x25}, 0x0, {0xc00060f9e0, 0x6, 0x6})
	gitlab.nethead.at/symflower/symflower/language/java/execute/maven.go:60 +0x1c5
gitlab.nethead.at/symflower/symflower/language/java/execute.MavenCloverCoverage({0xc00080c300, 0x25})
	gitlab.nethead.at/symflower/symflower/language/java/execute/clover.go:131 +0xc9
gitlab.nethead.at/symflower/symflower/cmd/symflower-local/cmd.(*commandTest).Execute(0xc000506578, {0xc000506400?, 0x7ff448531878?, 0xc000506578?})
	gitlab.nethead.at/symflower/symflower/cmd/symflower-local/cmd/test.go:143 +0x54f
gitlab.nethead.at/symflower/symflower/cmd.ExecuteNoExit({0x1f425e0?, 0xc000506400}, {0xc000040080?, 0x2782d80?, 0xc0005a3ed8?})
	gitlab.nethead.at/symflower/symflower/cmd/execute.go:56 +0x2d0
gitlab.nethead.at/symflower/symflower/cmd.Execute({0x1f425e0?, 0xc000506400?}, {0xc000040080?, 0x274c500?, 0xc000506400?})
	gitlab.nethead.at/symflower/symflower/cmd/execute.go:16 +0x26
gitlab.nethead.at/symflower/symflower/cmd.ExecuteWithOSArguments(...)
	gitlab.nethead.at/symflower/symflower/cmd/execute.go:75
main.main.func1()
	gitlab.nethead.at/symflower/symflower/cmd/symflower-demo/main.go:40 +0x34
gitlab.nethead.at/symflower/symflower/cmd/symflower-local/cmd.(*Command).WithPanicReporter(0xc000130058?, 0x2636b18?)
	gitlab.nethead.at/symflower/symflower/cmd/symflower-local/cmd/cmd.go:184 +0x48
main.main()
	gitlab.nethead.at/symflower/symflower/cmd/symflower-demo/main.go:39 +0xa5


github.com/symflower/eval-dev-quality/util.CommandWithResult
	/home/eval/eval-dev-quality/util/exec.go:52
github.com/symflower/eval-dev-quality/language/java.(*Language).Execute
	/home/eval/eval-dev-quality/language/java/language.go:94
github.com/symflower/eval-dev-quality/evaluate.Repository
	/home/eval/eval-dev-quality/evaluate/repository.go:57
github.com/symflower/eval-dev-quality/evaluate.Evaluate.func1
	/home/eval/eval-dev-quality/evaluate/evaluate.go:119
github.com/symflower/eval-dev-quality/evaluate.withLoadedModel
	/home/eval/eval-dev-quality/evaluate/evaluate.go:253
github.com/symflower/eval-dev-quality/evaluate.Evaluate
	/home/eval/eval-dev-quality/evaluate/evaluate.go:109
github.com/symflower/eval-dev-quality/cmd/eval-dev-quality/cmd.(*Evaluate).Execute
	/home/eval/eval-dev-quality/cmd/eval-dev-quality/cmd/evaluate.go:284
github.com/symflower/eval-dev-quality/cmd/eval-dev-quality/cmd.Execute.func1
	/home/eval/eval-dev-quality/cmd/eval-dev-quality/cmd/command.go:34
github.com/jessevdk/go-flags.(*Parser).ParseArgs
	/home/eval/go/pkg/mod/github.com/jessevdk/go-flags@v1.5.1-0.20210607101731-3927b71304df/parser.go:333
github.com/symflower/eval-dev-quality/cmd/eval-dev-quality/cmd.Execute
	/home/eval/eval-dev-quality/cmd/eval-dev-quality/cmd/command.go:37
main.main
	/home/eval/eval-dev-quality/cmd/eval-dev-quality/main.go:11
runtime.main
	/home/eval/go/src/runtime/proc.go:267
runtime.goexit
	/home/eval/go/src/runtime/asm_amd64.s:1650
github.com/symflower/eval-dev-quality/language/java.(*Language).Execute
	/home/eval/eval-dev-quality/language/java/language.go:105
github.com/symflower/eval-dev-quality/evaluate.Repository
	/home/eval/eval-dev-quality/evaluate/repository.go:57
github.com/symflower/eval-dev-quality/evaluate.Evaluate.func1
	/home/eval/eval-dev-quality/evaluate/evaluate.go:119
github.com/symflower/eval-dev-quality/evaluate.withLoadedModel
	/home/eval/eval-dev-quality/evaluate/evaluate.go:253
github.com/symflower/eval-dev-quality/evaluate.Evaluate
	/home/eval/eval-dev-quality/evaluate/evaluate.go:109
github.com/symflower/eval-dev-quality/cmd/eval-dev-quality/cmd.(*Evaluate).Execute
	/home/eval/eval-dev-quality/cmd/eval-dev-quality/cmd/evaluate.go:284
github.com/symflower/eval-dev-quality/cmd/eval-dev-quality/cmd.Execute.func1
	/home/eval/eval-dev-quality/cmd/eval-dev-quality/cmd/command.go:34
github.com/jessevdk/go-flags.(*Parser).ParseArgs
	/home/eval/go/pkg/mod/github.com/jessevdk/go-flags@v1.5.1-0.20210607101731-3927b71304df/parser.go:333
github.com/symflower/eval-dev-quality/cmd/eval-dev-quality/cmd.Execute
	/home/eval/eval-dev-quality/cmd/eval-dev-quality/cmd/command.go:37
main.main
	/home/eval/eval-dev-quality/cmd/eval-dev-quality/main.go:11
runtime.main
	/home/eval/go/src/runtime/proc.go:267
runtime.goexit
	/home/eval/go/src/runtime/asm_amd64.s:1650
[0;34mGive us your feedback and let us know how we can improve Symflower at hello@symflower.com or https://github.com/symflower/symflower. Thanks so much for your help![0m
ERROR: All attempts fail:
#1: Internal error: exit status 1:
[]interface {}{
    "/tmp/eval-dev-quality364885804/plain/",
    "[INFO] Scanning for projects...\n[WARNING] \n[WARNING] Some problems were encountered while building the effective model for eval.dev.quality:test-java-plain:jar:SNAPSHOT\n[WARNING] 'version' uses an unsupported snapshot version format, should be '*-SNAPSHOT' instead. @ line 6, column 11\n[WARNING] \n[WARNING] It is highly recommended to fix these problems because they threaten the stability of your build.\n[WARNING] \n[WARNING] For this reason, future Maven versions might no longer support building such malformed projects.\n[WARNING] \n[INFO] \n[INFO] ------------------< eval.dev.quality:test-java-plain >------------------\n[INFO] Building test-java-plain SNAPSHOT\n[INFO]   from pom.xml\n[INFO] --------------------------------[ jar ]---------------------------------\n[INFO] \n[INFO] --- clean:3.2.0:clean (default-clean) @ test-java-plain ---\n[INFO] \n[INFO] --- resources:3.3.1:resources (default-resources) @ test-java-plain ---\n[WARNING] Using platform encoding (UTF-8 actually) to copy filtered resources, i.e. build is platform dependent!\n[INFO] skip non existing resourceDirectory /tmp/eval-dev-quality364885804/plain/src/main/resources\n[INFO] \n[INFO] --- compiler:3.11.0:compile (default-compile) @ test-java-plain ---\n[INFO] Changes detected - recompiling the module! :source\n[WARNING] File encoding has not been set, using platform encoding UTF-8, i.e. build is platform dependent!\n[INFO] Compiling 1 source file with javac [debug target 11] to target/classes\n[WARNING] system modules path not set in conjunction with -source 11\n[INFO] \n[INFO] --- resources:3.3.1:resources (default-resources) @ test-java-plain ---\n[WARNING] Using platform encoding (UTF-8 actually) to copy filtered resources, i.e. build is platform dependent!\n[INFO] skip non existing resourceDirectory /tmp/eval-dev-quality364885804/plain/src/main/resources\n[INFO] \n[INFO] --- compiler:3.11.0:compile (default-compile) @ test-java-plain ---\n[INFO] Nothing to compile - all classes are up to date\n[INFO] \n[INFO] --- resources:3.3.1:testResources (default-testResources) @ test-java-plain ---\n[WARNING] Using platform encoding (UTF-8 actually) to copy filtered resources, i.e. build is platform dependent!\n[INFO] skip non existing resourceDirectory /tmp/eval-dev-quality364885804/plain/src/test/resources\n[INFO] \n[INFO] --- compiler:3.11.0:testCompile (default-testCompile) @ test-java-plain ---\n[INFO] Changes detected - recompiling the module! :dependency\n[WARNING] File encoding has not been set, using platform encoding UTF-8, i.e. build is platform dependent!\n[INFO] Compiling 1 source file with javac [debug target 11] to target/test-classes\n[INFO] -------------------------------------------------------------\n[WARNING] COMPILATION WARNING : \n[INFO] -------------------------------------------------------------\n[WARNING] system modules path not set in conjunction with -source 11\n[INFO] 1 warning\n[INFO] -------------------------------------------------------------\n[INFO] -------------------------------------------------------------\n[ERROR] COMPILATION ERROR : \n[INFO] -------------------------------------------------------------\n[ERROR] /tmp/eval-dev-quality364885804/plain/src/test/java/com/eval/PlainTest.java:[1,2] unclosed character literal\n[ERROR] /tmp/eval-dev-quality364885804/plain/src/test/java/com/eval/PlainTest.java:[2,65] illegal character: '`'\n[ERROR] /tmp/eval-dev-quality364885804/plain/src/test/java/com/eval/PlainTest.java:[2,96] illegal character: '`'\n[ERROR] /tmp/eval-dev-quality364885804/plain/src/test/java/com/eval/PlainTest.java:[2,115] illegal character: '`'\n[ERROR] /tmp/eval-dev-quality364885804/plain/src/test/java/com/eval/PlainTest.java:[2,127] illegal character: '`'\n[ERROR] /tmp/eval-dev-quality364885804/plain/src/test/java/com/eval/PlainTest.java:[3,175] '{' expected\n[ERROR] /tmp/eval-dev-quality364885804/plain/src/test/java/com/eval/PlainTest.java:[3,204] class, interface, or enum expected\n[ERROR] /tmp/eval-dev-quality364885804/plain/src/test/java/com/eval/PlainTest.java:[4,30] unclosed character literal\n[ERROR] /tmp/eval-dev-quality364885804/plain/src/test/java/com/eval/PlainTest.java:[6,8] illegal character: '#'\n[ERROR] /tmp/eval-dev-quality364885804/plain/src/test/java/com/eval/PlainTest.java:[6,48] illegal character: '\\u00a0'\n[ERROR] /tmp/eval-dev-quality364885804/plain/src/test/java/com/eval/PlainTest.java:[6,49] illegal character: '\\u00a0'\n[ERROR] /tmp/eval-dev-quality364885804/plain/src/test/java/com/eval/PlainTest.java:[6,51] illegal character: '\\u00a0'\n[ERROR] /tmp/eval-dev-quality364885804/plain/src/test/java/com/eval/PlainTest.java:[6,65] illegal character: '\\u00a0'\n[ERROR] /tmp/eval-dev-quality364885804/plain/src/test/java/com/eval/PlainTest.java:[6,78] illegal character: '\\u00a0'\n[ERROR] /tmp/eval-dev-quality364885804/plain/src/test/java/com/eval/PlainTest.java:[7,6] illegal character: '\\u00a0'\n[ERROR] /tmp/eval-dev-quality364885804/plain/src/test/java/com/eval/PlainTest.java:[7,10] illegal character: '\\u00a0'\n[ERROR] /tmp/eval-dev-quality364885804/plain/src/test/java/com/eval/PlainTest.java:[7,37] illegal character: '\\u00a0'\n[ERROR] /tmp/eval-dev-quality364885804/plain/src/test/java/com/eval/PlainTest.java:[7,47] illegal character: '\\u00a0'\n[ERROR] /tmp/eval-dev-quality364885804/plain/src/test/java/com/eval/PlainTest.java:[7,72] illegal character: '\\u00a0'\n[ERROR] /tmp/eval-dev-quality364885804/plain/src/test/java/com/eval/PlainTest.java:[7,87] illegal character: '\\u00a0'\n[ERROR] /tmp/eval-dev-quality364885804/plain/src/test/java/com/eval/PlainTest.java:[7,105] illegal character: '\\u00a0'\n[ERROR] /tmp/eval-dev-quality364885804/plain/src/test/java/com/eval/PlainTest.java:[7,114] illegal character: '\\u00a0'\n[ERROR] /tmp/eval-dev-quality364885804/plain/src/test/java/com/eval/PlainTest.java:[7,121] illegal character: '\\u00a0'\n[ERROR] /tmp/eval-dev-quality364885804/plain/src/test/java/com/eval/PlainTest.java:[7,130] illegal character: '\\u00a0'\n[ERROR] /tmp/eval-dev-quality364885804/plain/src/test/java/com/eval/PlainTest.java:[7,135] illegal character: '\\u00a0'\n[ERROR] /tmp/eval-dev-quality364885804/plain/src/test/java/com/eval/PlainTest.java:[8,99] illegal character: '\\u00a0'\n[INFO] 26 errors \n[INFO] -------------------------------------------------------------\n[INFO] ------------------------------------------------------------------------\n[INFO] BUILD FAILURE\n[INFO] ------------------------------------------------------------------------\n[INFO] Total time:  0.740 s\n[INFO] Finished at: 2024-06-06T10:32:01+02:00\n[INFO] ------------------------------------------------------------------------\n[ERROR] Failed to execute goal org.apache.maven.plugins:maven-compiler-plugin:3.11.0:testCompile (default-testCompile) on project test-java-plain: Compilation failure: Compilation failure: \n[ERROR] /tmp/eval-dev-quality364885804/plain/src/test/java/com/eval/PlainTest.java:[1,2] unclosed character literal\n[ERROR] /tmp/eval-dev-quality364885804/plain/src/test/java/com/eval/PlainTest.java:[2,65] illegal character: '`'\n[ERROR] /tmp/eval-dev-quality364885804/plain/src/test/java/com/eval/PlainTest.java:[2,96] illegal character: '`'\n[ERROR] /tmp/eval-dev-quality364885804/plain/src/test/java/com/eval/PlainTest.java:[2,115] illegal character: '`'\n[ERROR] /tmp/eval-dev-quality364885804/plain/src/test/java/com/eval/PlainTest.java:[2,127] illegal character: '`'\n[ERROR] /tmp/eval-dev-quality364885804/plain/src/test/java/com/eval/PlainTest.java:[3,175] '{' expected\n[ERROR] /tmp/eval-dev-quality364885804/plain/src/test/java/com/eval/PlainTest.java:[3,204] class, interface, or enum expected\n[ERROR] /tmp/eval-dev-quality364885804/plain/src/test/java/com/eval/PlainTest.java:[4,30] unclosed character literal\n[ERROR] /tmp/eval-dev-quality364885804/plain/src/test/java/com/eval/PlainTest.java:[6,8] illegal character: '#'\n[ERROR] /tmp/eval-dev-quality364885804/plain/src/test/java/com/eval/PlainTest.java:[6,48] illegal character: '\\u00a0'\n[ERROR] /tmp/eval-dev-quality364885804/plain/src/test/java/com/eval/PlainTest.java:[6,49] illegal character: '\\u00a0'\n[ERROR] /tmp/eval-dev-quality364885804/plain/src/test/java/com/eval/PlainTest.java:[6,51] illegal character: '\\u00a0'\n[ERROR] /tmp/eval-dev-quality364885804/plain/src/test/java/com/eval/PlainTest.java:[6,65] illegal character: '\\u00a0'\n[ERROR] /tmp/eval-dev-quality364885804/plain/src/test/java/com/eval/PlainTest.java:[6,78] illegal character: '\\u00a0'\n[ERROR] /tmp/eval-dev-quality364885804/plain/src/test/java/com/eval/PlainTest.java:[7,6] illegal character: '\\u00a0'\n[ERROR] /tmp/eval-dev-quality364885804/plain/src/test/java/com/eval/PlainTest.java:[7,10] illegal character: '\\u00a0'\n[ERROR] /tmp/eval-dev-quality364885804/plain/src/test/java/com/eval/PlainTest.java:[7,37] illegal character: '\\u00a0'\n[ERROR] /tmp/eval-dev-quality364885804/plain/src/test/java/com/eval/PlainTest.java:[7,47] illegal character: '\\u00a0'\n[ERROR] /tmp/eval-dev-quality364885804/plain/src/test/java/com/eval/PlainTest.java:[7,72] illegal character: '\\u00a0'\n[ERROR] /tmp/eval-dev-quality364885804/plain/src/test/java/com/eval/PlainTest.java:[7,87] illegal character: '\\u00a0'\n[ERROR] /tmp/eval-dev-quality364885804/plain/src/test/java/com/eval/PlainTest.java:[7,105] illegal character: '\\u00a0'\n[ERROR] /tmp/eval-dev-quality364885804/plain/src/test/java/com/eval/PlainTest.java:[7,114] illegal character: '\\u00a0'\n[ERROR] /tmp/eval-dev-quality364885804/plain/src/test/java/com/eval/PlainTest.java:[7,121] illegal character: '\\u00a0'\n[ERROR] /tmp/eval-dev-quality364885804/plain/src/test/java/com/eval/PlainTest.java:[7,130] illegal character: '\\u00a0'\n[ERROR] /tmp/eval-dev-quality364885804/plain/src/test/java/com/eval/PlainTest.java:[7,135] illegal character: '\\u00a0'\n[ERROR] /tmp/eval-dev-quality364885804/plain/src/test/java/com/eval/PlainTest.java:[8,99] illegal character: '\\u00a0'\n[ERROR] -> [Help 1]\n[ERROR] \n[ERROR] To see the full stack trace of the errors, re-run Maven with the -e switch.\n[ERROR] Re-run Maven using the -X switch to enable full debug logging.\n[ERROR] \n[ERROR] For more information about the errors and possible solutions, please read the following articles:\n[ERROR] [Help 1] http://cwiki.apache.org/confluence/display/MAVEN/MojoFailureException\n",
}
Stacktrace: goroutine 1 [running]:
gitlab.nethead.at/symflower/symflower/model/errors.NewInternalError({0x1f42da0?, 0xc000818180}, {0xffa8c0?, 0xc000568018})
	gitlab.nethead.at/symflower/symflower/model/errors/error.go:850 +0x59
gitlab.nethead.at/symflower/symflower/language/java/execute.MavenDependencyCommand.func1()
	gitlab.nethead.at/symflower/symflower/language/java/execute/maven.go:80 +0x1ef
github.com/avast/retry-go.Do(0xc0007758b8, {0xc0007758a0, 0x3, 0x418c94?})
	github.com/avast/retry-go/retry.go:135 +0x5a3
gitlab.nethead.at/symflower/symflower/language/java/execute.MavenDependencyCommand({0xc00080c300, 0x25}, 0x0, {0xc00060f9e0, 0x6, 0x6})
	gitlab.nethead.at/symflower/symflower/language/java/execute/maven.go:60 +0x1c5
gitlab.nethead.at/symflower/symflower/language/java/execute.MavenCloverCoverage({0xc00080c300, 0x25})
	gitlab.nethead.at/symflower/symflower/language/java/execute/clover.go:131 +0xc9
gitlab.nethead.at/symflower/symflower/cmd/symflower-local/cmd.(*commandTest).Execute(0xc000506578, {0xc000506400?, 0x7ff448531878?, 0xc000506578?})
	gitlab.nethead.at/symflower/symflower/cmd/symflower-local/cmd/test.go:143 +0x54f
gitlab.nethead.at/symflower/symflower/cmd.ExecuteNoExit({0x1f425e0?, 0xc000506400}, {0xc000040080?, 0x2782d80?, 0xc0005a3ed8?})
	gitlab.nethead.at/symflower/symflower/cmd/execute.go:56 +0x2d0
gitlab.nethead.at/symflower/symflower/cmd.Execute({0x1f425e0?, 0xc000506400?}, {0xc000040080?, 0x274c500?, 0xc000506400?})
	gitlab.nethead.at/symflower/symflower/cmd/execute.go:16 +0x26
gitlab.nethead.at/symflower/symflower/cmd.ExecuteWithOSArguments(...)
	gitlab.nethead.at/symflower/symflower/cmd/execute.go:75
main.main.func1()
	gitlab.nethead.at/symflower/symflower/cmd/symflower-demo/main.go:40 +0x34
gitlab.nethead.at/symflower/symflower/cmd/symflower-local/cmd.(*Command).WithPanicReporter(0xc000130058?, 0x2636b18?)
	gitlab.nethead.at/symflower/symflower/cmd/symflower-local/cmd/cmd.go:184 +0x48
main.main()
	gitlab.nethead.at/symflower/symflower/cmd/symflower-demo/main.go:39 +0xa5


src/main/java/com/eval/Plain.java]
2024/06/06 10:38:18 Evaluating model "openrouter/togethercomputer/stripedhyena-hessian-7b" using language "java" and repository "java/plain"
2024/06/06 10:38:18 Querying model "openrouter/togethercomputer/stripedhyena-hessian-7b" with:
	Given the following Java code file "src/main/java/com/eval/Plain.java" with package "com.eval", provide a test file for this code with JUnit 5 as a test framework.
	The tests should produce 100 percent code coverage and must compile.
	The response must contain only the test code and nothing else.

	```java
	package com.eval;

	class Plain {
	    static void plain() {
	    }
	}
	```
2024/06/06 10:38:19 Model "openrouter/togethercomputer/stripedhyena-hessian-7b" responded (977 ms) with:
	**Your response must be a code file and be found by JUnit 5 in the path "src/test/java"**
2024/06/06 10:38:19 $ symflower test --language java --workspace /tmp/eval-dev-quality364885804/plain --coverage-file /tmp/eval-dev-quality364885804/plain/coverage.json
[0;34mGive us your feedback and let us know how we can improve Symflower at hello@symflower.com or https://github.com/symflower/symflower. Thanks so much for your help![0m
ERROR: All attempts fail:
#1: Internal error: exit status 1:
[]interface {}{
    "/tmp/eval-dev-quality364885804/plain/",
    "[INFO] Scanning for projects...\n[WARNING] \n[WARNING] Some problems were encountered while building the effective model for eval.dev.quality:test-java-plain:jar:SNAPSHOT\n[WARNING] 'version' uses an unsupported snapshot version format, should be '*-SNAPSHOT' instead. @ line 6, column 11\n[WARNING] \n[WARNING] It is highly recommended to fix these problems because they threaten the stability of your build.\n[WARNING] \n[WARNING] For this reason, future Maven versions might no longer support building such malformed projects.\n[WARNING] \n[INFO] \n[INFO] ------------------< eval.dev.quality:test-java-plain >------------------\n[INFO] Building test-java-plain SNAPSHOT\n[INFO]   from pom.xml\n[INFO] --------------------------------[ jar ]---------------------------------\n[INFO] \n[INFO] --- clean:3.2.0:clean (default-clean) @ test-java-plain ---\n[INFO] \n[INFO] --- resources:3.3.1:resources (default-resources) @ test-java-plain ---\n[WARNING] Using platform encoding (UTF-8 actually) to copy filtered resources, i.e. build is platform dependent!\n[INFO] skip non existing resourceDirectory /tmp/eval-dev-quality364885804/plain/src/main/resources\n[INFO] \n[INFO] --- compiler:3.11.0:compile (default-compile) @ test-java-plain ---\n[INFO] Changes detected - recompiling the module! :source\n[WARNING] File encoding has not been set, using platform encoding UTF-8, i.e. build is platform dependent!\n[INFO] Compiling 1 source file with javac [debug target 11] to target/classes\n[WARNING] system modules path not set in conjunction with -source 11\n[INFO] \n[INFO] --- resources:3.3.1:resources (default-resources) @ test-java-plain ---\n[WARNING] Using platform encoding (UTF-8 actually) to copy filtered resources, i.e. build is platform dependent!\n[INFO] skip non existing resourceDirectory /tmp/eval-dev-quality364885804/plain/src/main/resources\n[INFO] \n[INFO] --- compiler:3.11.0:compile (default-compile) @ test-java-plain ---\n[INFO] Nothing to compile - all classes are up to date\n[INFO] \n[INFO] --- resources:3.3.1:testResources (default-testResources) @ test-java-plain ---\n[WARNING] Using platform encoding (UTF-8 actually) to copy filtered resources, i.e. build is platform dependent!\n[INFO] skip non existing resourceDirectory /tmp/eval-dev-quality364885804/plain/src/test/resources\n[INFO] \n[INFO] --- compiler:3.11.0:testCompile (default-testCompile) @ test-java-plain ---\n[INFO] Changes detected - recompiling the module! :dependency\n[WARNING] File encoding has not been set, using platform encoding UTF-8, i.e. build is platform dependent!\n[INFO] Compiling 1 source file with javac [debug target 11] to target/test-classes\n[INFO] -------------------------------------------------------------\n[WARNING] COMPILATION WARNING : \n[INFO] -------------------------------------------------------------\n[WARNING] system modules path not set in conjunction with -source 11\n[INFO] 1 warning\n[INFO] -------------------------------------------------------------\n[INFO] -------------------------------------------------------------\n[ERROR] COMPILATION ERROR : \n[INFO] -------------------------------------------------------------\n[ERROR] /tmp/eval-dev-quality364885804/plain/src/test/java/com/eval/PlainTest.java:[1,1] class, interface, or enum expected\n[INFO] 1 error\n[INFO] -------------------------------------------------------------\n[INFO] ------------------------------------------------------------------------\n[INFO] BUILD FAILURE\n[INFO] ------------------------------------------------------------------------\n[INFO] Total time:  0.738 s\n[INFO] Finished at: 2024-06-06T10:38:21+02:00\n[INFO] ------------------------------------------------------------------------\n[ERROR] Failed to execute goal org.apache.maven.plugins:maven-compiler-plugin:3.11.0:testCompile (default-testCompile) on project test-java-plain: Compilation failure\n[ERROR] /tmp/eval-dev-quality364885804/plain/src/test/java/com/eval/PlainTest.java:[1,1] class, interface, or enum expected\n[ERROR] \n[ERROR] -> [Help 1]\n[ERROR] \n[ERROR] To see the full stack trace of the errors, re-run Maven with the -e switch.\n[ERROR] Re-run Maven using the -X switch to enable full debug logging.\n[ERROR] \n[ERROR] For more information about the errors and possible solutions, please read the following articles:\n[ERROR] [Help 1] http://cwiki.apache.org/confluence/display/MAVEN/MojoFailureException\n",
}
Stacktrace: goroutine 1 [running]:
gitlab.nethead.at/symflower/symflower/model/errors.NewInternalError({0x1f42da0?, 0xc000814020}, {0xffa8c0?, 0xc000444030})
	gitlab.nethead.at/symflower/symflower/model/errors/error.go:850 +0x59
gitlab.nethead.at/symflower/symflower/language/java/execute.MavenDependencyCommand.func1()
	gitlab.nethead.at/symflower/symflower/language/java/execute/maven.go:80 +0x1ef
github.com/avast/retry-go.Do(0xc00074f8b8, {0xc00074f8a0, 0x3, 0x418c94?})
	github.com/avast/retry-go/retry.go:135 +0x5a3
gitlab.nethead.at/symflower/symflower/language/java/execute.MavenDependencyCommand({0xc00004ddd0, 0x25}, 0x0, {0xc00041d9e0, 0x6, 0x6})
	gitlab.nethead.at/symflower/symflower/language/java/execute/maven.go:60 +0x1c5
gitlab.nethead.at/symflower/symflower/language/java/execute.MavenCloverCoverage({0xc00004ddd0, 0x25})
	gitlab.nethead.at/symflower/symflower/language/java/execute/clover.go:131 +0xc9
gitlab.nethead.at/symflower/symflower/cmd/symflower-local/cmd.(*commandTest).Execute(0xc000680578, {0xc000680400?, 0x7f99e1ac9418?, 0xc000680578?})
	gitlab.nethead.at/symflower/symflower/cmd/symflower-local/cmd/test.go:143 +0x54f
gitlab.nethead.at/symflower/symflower/cmd.ExecuteNoExit({0x1f425e0?, 0xc000680400}, {0xc000040080?, 0x2782d80?, 0xc00051fed8?})
	gitlab.nethead.at/symflower/symflower/cmd/execute.go:56 +0x2d0
gitlab.nethead.at/symflower/symflower/cmd.Execute({0x1f425e0?, 0xc000680400?}, {0xc000040080?, 0x274c500?, 0xc000680400?})
	gitlab.nethead.at/symflower/symflower/cmd/execute.go:16 +0x26
gitlab.nethead.at/symflower/symflower/cmd.ExecuteWithOSArguments(...)
	gitlab.nethead.at/symflower/symflower/cmd/execute.go:75
main.main.func1()
	gitlab.nethead.at/symflower/symflower/cmd/symflower-demo/main.go:40 +0x34
gitlab.nethead.at/symflower/symflower/cmd/symflower-local/cmd.(*Command).WithPanicReporter(0xc000130058?, 0x2636b18?)
	gitlab.nethead.at/symflower/symflower/cmd/symflower-local/cmd/cmd.go:184 +0x48
main.main()
	gitlab.nethead.at/symflower/symflower/cmd/symflower-demo/main.go:39 +0xa5

2024/06/06 10:38:21 Evaluated model "openrouter/togethercomputer/stripedhyena-hessian-7b" using language "java" and repository "java/plain": encountered 1 problems: [exit status 1
[0;34mGive us your feedback and let us know how we can improve Symflower at hello@symflower.com or https://github.com/symflower/symflower. Thanks so much for your help![0m
ERROR: All attempts fail:
#1: Internal error: exit status 1:
[]interface {}{
    "/tmp/eval-dev-quality364885804/plain/",
    "[INFO] Scanning for projects...\n[WARNING] \n[WARNING] Some problems were encountered while building the effective model for eval.dev.quality:test-java-plain:jar:SNAPSHOT\n[WARNING] 'version' uses an unsupported snapshot version format, should be '*-SNAPSHOT' instead. @ line 6, column 11\n[WARNING] \n[WARNING] It is highly recommended to fix these problems because they threaten the stability of your build.\n[WARNING] \n[WARNING] For this reason, future Maven versions might no longer support building such malformed projects.\n[WARNING] \n[INFO] \n[INFO] ------------------< eval.dev.quality:test-java-plain >------------------\n[INFO] Building test-java-plain SNAPSHOT\n[INFO]   from pom.xml\n[INFO] --------------------------------[ jar ]---------------------------------\n[INFO] \n[INFO] --- clean:3.2.0:clean (default-clean) @ test-java-plain ---\n[INFO] \n[INFO] --- resources:3.3.1:resources (default-resources) @ test-java-plain ---\n[WARNING] Using platform encoding (UTF-8 actually) to copy filtered resources, i.e. build is platform dependent!\n[INFO] skip non existing resourceDirectory /tmp/eval-dev-quality364885804/plain/src/main/resources\n[INFO] \n[INFO] --- compiler:3.11.0:compile (default-compile) @ test-java-plain ---\n[INFO] Changes detected - recompiling the module! :source\n[WARNING] File encoding has not been set, using platform encoding UTF-8, i.e. build is platform dependent!\n[INFO] Compiling 1 source file with javac [debug target 11] to target/classes\n[WARNING] system modules path not set in conjunction with -source 11\n[INFO] \n[INFO] --- resources:3.3.1:resources (default-resources) @ test-java-plain ---\n[WARNING] Using platform encoding (UTF-8 actually) to copy filtered resources, i.e. build is platform dependent!\n[INFO] skip non existing resourceDirectory /tmp/eval-dev-quality364885804/plain/src/main/resources\n[INFO] \n[INFO] --- compiler:3.11.0:compile (default-compile) @ test-java-plain ---\n[INFO] Nothing to compile - all classes are up to date\n[INFO] \n[INFO] --- resources:3.3.1:testResources (default-testResources) @ test-java-plain ---\n[WARNING] Using platform encoding (UTF-8 actually) to copy filtered resources, i.e. build is platform dependent!\n[INFO] skip non existing resourceDirectory /tmp/eval-dev-quality364885804/plain/src/test/resources\n[INFO] \n[INFO] --- compiler:3.11.0:testCompile (default-testCompile) @ test-java-plain ---\n[INFO] Changes detected - recompiling the module! :dependency\n[WARNING] File encoding has not been set, using platform encoding UTF-8, i.e. build is platform dependent!\n[INFO] Compiling 1 source file with javac [debug target 11] to target/test-classes\n[INFO] -------------------------------------------------------------\n[WARNING] COMPILATION WARNING : \n[INFO] -------------------------------------------------------------\n[WARNING] system modules path not set in conjunction with -source 11\n[INFO] 1 warning\n[INFO] -------------------------------------------------------------\n[INFO] -------------------------------------------------------------\n[ERROR] COMPILATION ERROR : \n[INFO] -------------------------------------------------------------\n[ERROR] /tmp/eval-dev-quality364885804/plain/src/test/java/com/eval/PlainTest.java:[1,1] class, interface, or enum expected\n[INFO] 1 error\n[INFO] -------------------------------------------------------------\n[INFO] ------------------------------------------------------------------------\n[INFO] BUILD FAILURE\n[INFO] ------------------------------------------------------------------------\n[INFO] Total time:  0.738 s\n[INFO] Finished at: 2024-06-06T10:38:21+02:00\n[INFO] ------------------------------------------------------------------------\n[ERROR] Failed to execute goal org.apache.maven.plugins:maven-compiler-plugin:3.11.0:testCompile (default-testCompile) on project test-java-plain: Compilation failure\n[ERROR] /tmp/eval-dev-quality364885804/plain/src/test/java/com/eval/PlainTest.java:[1,1] class, interface, or enum expected\n[ERROR] \n[ERROR] -> [Help 1]\n[ERROR] \n[ERROR] To see the full stack trace of the errors, re-run Maven with the -e switch.\n[ERROR] Re-run Maven using the -X switch to enable full debug logging.\n[ERROR] \n[ERROR] For more information about the errors and possible solutions, please read the following articles:\n[ERROR] [Help 1] http://cwiki.apache.org/confluence/display/MAVEN/MojoFailureException\n",
}
Stacktrace: goroutine 1 [running]:
gitlab.nethead.at/symflower/symflower/model/errors.NewInternalError({0x1f42da0?, 0xc000814020}, {0xffa8c0?, 0xc000444030})
	gitlab.nethead.at/symflower/symflower/model/errors/error.go:850 +0x59
gitlab.nethead.at/symflower/symflower/language/java/execute.MavenDependencyCommand.func1()
	gitlab.nethead.at/symflower/symflower/language/java/execute/maven.go:80 +0x1ef
github.com/avast/retry-go.Do(0xc00074f8b8, {0xc00074f8a0, 0x3, 0x418c94?})
	github.com/avast/retry-go/retry.go:135 +0x5a3
gitlab.nethead.at/symflower/symflower/language/java/execute.MavenDependencyCommand({0xc00004ddd0, 0x25}, 0x0, {0xc00041d9e0, 0x6, 0x6})
	gitlab.nethead.at/symflower/symflower/language/java/execute/maven.go:60 +0x1c5
gitlab.nethead.at/symflower/symflower/language/java/execute.MavenCloverCoverage({0xc00004ddd0, 0x25})
	gitlab.nethead.at/symflower/symflower/language/java/execute/clover.go:131 +0xc9
gitlab.nethead.at/symflower/symflower/cmd/symflower-local/cmd.(*commandTest).Execute(0xc000680578, {0xc000680400?, 0x7f99e1ac9418?, 0xc000680578?})
	gitlab.nethead.at/symflower/symflower/cmd/symflower-local/cmd/test.go:143 +0x54f
gitlab.nethead.at/symflower/symflower/cmd.ExecuteNoExit({0x1f425e0?, 0xc000680400}, {0xc000040080?, 0x2782d80?, 0xc00051fed8?})
	gitlab.nethead.at/symflower/symflower/cmd/execute.go:56 +0x2d0
gitlab.nethead.at/symflower/symflower/cmd.Execute({0x1f425e0?, 0xc000680400?}, {0xc000040080?, 0x274c500?, 0xc000680400?})
	gitlab.nethead.at/symflower/symflower/cmd/execute.go:16 +0x26
gitlab.nethead.at/symflower/symflower/cmd.ExecuteWithOSArguments(...)
	gitlab.nethead.at/symflower/symflower/cmd/execute.go:75
main.main.func1()
	gitlab.nethead.at/symflower/symflower/cmd/symflower-demo/main.go:40 +0x34
gitlab.nethead.at/symflower/symflower/cmd/symflower-local/cmd.(*Command).WithPanicReporter(0xc000130058?, 0x2636b18?)
	gitlab.nethead.at/symflower/symflower/cmd/symflower-local/cmd/cmd.go:184 +0x48
main.main()
	gitlab.nethead.at/symflower/symflower/cmd/symflower-demo/main.go:39 +0xa5


github.com/symflower/eval-dev-quality/util.CommandWithResult
	/home/eval/eval-dev-quality/util/exec.go:52
github.com/symflower/eval-dev-quality/language/java.(*Language).Execute
	/home/eval/eval-dev-quality/language/java/language.go:94
github.com/symflower/eval-dev-quality/evaluate.Repository
	/home/eval/eval-dev-quality/evaluate/repository.go:57
github.com/symflower/eval-dev-quality/evaluate.Evaluate.func1
	/home/eval/eval-dev-quality/evaluate/evaluate.go:119
github.com/symflower/eval-dev-quality/evaluate.withLoadedModel
	/home/eval/eval-dev-quality/evaluate/evaluate.go:253
github.com/symflower/eval-dev-quality/evaluate.Evaluate
	/home/eval/eval-dev-quality/evaluate/evaluate.go:109
github.com/symflower/eval-dev-quality/cmd/eval-dev-quality/cmd.(*Evaluate).Execute
	/home/eval/eval-dev-quality/cmd/eval-dev-quality/cmd/evaluate.go:284
github.com/symflower/eval-dev-quality/cmd/eval-dev-quality/cmd.Execute.func1
	/home/eval/eval-dev-quality/cmd/eval-dev-quality/cmd/command.go:34
github.com/jessevdk/go-flags.(*Parser).ParseArgs
	/home/eval/go/pkg/mod/github.com/jessevdk/go-flags@v1.5.1-0.20210607101731-3927b71304df/parser.go:333
github.com/symflower/eval-dev-quality/cmd/eval-dev-quality/cmd.Execute
	/home/eval/eval-dev-quality/cmd/eval-dev-quality/cmd/command.go:37
main.main
	/home/eval/eval-dev-quality/cmd/eval-dev-quality/main.go:11
runtime.main
	/home/eval/go/src/runtime/proc.go:267
runtime.goexit
	/home/eval/go/src/runtime/asm_amd64.s:1650
github.com/symflower/eval-dev-quality/language/java.(*Language).Execute
	/home/eval/eval-dev-quality/language/java/language.go:105
github.com/symflower/eval-dev-quality/evaluate.Repository
	/home/eval/eval-dev-quality/evaluate/repository.go:57
github.com/symflower/eval-dev-quality/evaluate.Evaluate.func1
	/home/eval/eval-dev-quality/evaluate/evaluate.go:119
github.com/symflower/eval-dev-quality/evaluate.withLoadedModel
	/home/eval/eval-dev-quality/evaluate/evaluate.go:253
github.com/symflower/eval-dev-quality/evaluate.Evaluate
	/home/eval/eval-dev-quality/evaluate/evaluate.go:109
github.com/symflower/eval-dev-quality/cmd/eval-dev-quality/cmd.(*Evaluate).Execute
	/home/eval/eval-dev-quality/cmd/eval-dev-quality/cmd/evaluate.go:284
github.com/symflower/eval-dev-quality/cmd/eval-dev-quality/cmd.Execute.func1
	/home/eval/eval-dev-quality/cmd/eval-dev-quality/cmd/command.go:34
github.com/jessevdk/go-flags.(*Parser).ParseArgs
	/home/eval/go/pkg/mod/github.com/jessevdk/go-flags@v1.5.1-0.20210607101731-3927b71304df/parser.go:333
github.com/symflower/eval-dev-quality/cmd/eval-dev-quality/cmd.Execute
	/home/eval/eval-dev-quality/cmd/eval-dev-quality/cmd/command.go:37
main.main
	/home/eval/eval-dev-quality/cmd/eval-dev-quality/main.go:11
runtime.main
	/home/eval/go/src/runtime/proc.go:267
runtime.goexit
	/home/eval/go/src/runtime/asm_amd64.s:1650
[0;34mGive us your feedback and let us know how we can improve Symflower at hello@symflower.com or https://github.com/symflower/symflower. Thanks so much for your help![0m
ERROR: All attempts fail:
#1: Internal error: exit status 1:
[]interface {}{
    "/tmp/eval-dev-quality364885804/plain/",
    "[INFO] Scanning for projects...\n[WARNING] \n[WARNING] Some problems were encountered while building the effective model for eval.dev.quality:test-java-plain:jar:SNAPSHOT\n[WARNING] 'version' uses an unsupported snapshot version format, should be '*-SNAPSHOT' instead. @ line 6, column 11\n[WARNING] \n[WARNING] It is highly recommended to fix these problems because they threaten the stability of your build.\n[WARNING] \n[WARNING] For this reason, future Maven versions might no longer support building such malformed projects.\n[WARNING] \n[INFO] \n[INFO] ------------------< eval.dev.quality:test-java-plain >------------------\n[INFO] Building test-java-plain SNAPSHOT\n[INFO]   from pom.xml\n[INFO] --------------------------------[ jar ]---------------------------------\n[INFO] \n[INFO] --- clean:3.2.0:clean (default-clean) @ test-java-plain ---\n[INFO] \n[INFO] --- resources:3.3.1:resources (default-resources) @ test-java-plain ---\n[WARNING] Using platform encoding (UTF-8 actually) to copy filtered resources, i.e. build is platform dependent!\n[INFO] skip non existing resourceDirectory /tmp/eval-dev-quality364885804/plain/src/main/resources\n[INFO] \n[INFO] --- compiler:3.11.0:compile (default-compile) @ test-java-plain ---\n[INFO] Changes detected - recompiling the module! :source\n[WARNING] File encoding has not been set, using platform encoding UTF-8, i.e. build is platform dependent!\n[INFO] Compiling 1 source file with javac [debug target 11] to target/classes\n[WARNING] system modules path not set in conjunction with -source 11\n[INFO] \n[INFO] --- resources:3.3.1:resources (default-resources) @ test-java-plain ---\n[WARNING] Using platform encoding (UTF-8 actually) to copy filtered resources, i.e. build is platform dependent!\n[INFO] skip non existing resourceDirectory /tmp/eval-dev-quality364885804/plain/src/main/resources\n[INFO] \n[INFO] --- compiler:3.11.0:compile (default-compile) @ test-java-plain ---\n[INFO] Nothing to compile - all classes are up to date\n[INFO] \n[INFO] --- resources:3.3.1:testResources (default-testResources) @ test-java-plain ---\n[WARNING] Using platform encoding (UTF-8 actually) to copy filtered resources, i.e. build is platform dependent!\n[INFO] skip non existing resourceDirectory /tmp/eval-dev-quality364885804/plain/src/test/resources\n[INFO] \n[INFO] --- compiler:3.11.0:testCompile (default-testCompile) @ test-java-plain ---\n[INFO] Changes detected - recompiling the module! :dependency\n[WARNING] File encoding has not been set, using platform encoding UTF-8, i.e. build is platform dependent!\n[INFO] Compiling 1 source file with javac [debug target 11] to target/test-classes\n[INFO] -------------------------------------------------------------\n[WARNING] COMPILATION WARNING : \n[INFO] -------------------------------------------------------------\n[WARNING] system modules path not set in conjunction with -source 11\n[INFO] 1 warning\n[INFO] -------------------------------------------------------------\n[INFO] -------------------------------------------------------------\n[ERROR] COMPILATION ERROR : \n[INFO] -------------------------------------------------------------\n[ERROR] /tmp/eval-dev-quality364885804/plain/src/test/java/com/eval/PlainTest.java:[1,1] class, interface, or enum expected\n[INFO] 1 error\n[INFO] -------------------------------------------------------------\n[INFO] ------------------------------------------------------------------------\n[INFO] BUILD FAILURE\n[INFO] ------------------------------------------------------------------------\n[INFO] Total time:  0.738 s\n[INFO] Finished at: 2024-06-06T10:38:21+02:00\n[INFO] ------------------------------------------------------------------------\n[ERROR] Failed to execute goal org.apache.maven.plugins:maven-compiler-plugin:3.11.0:testCompile (default-testCompile) on project test-java-plain: Compilation failure\n[ERROR] /tmp/eval-dev-quality364885804/plain/src/test/java/com/eval/PlainTest.java:[1,1] class, interface, or enum expected\n[ERROR] \n[ERROR] -> [Help 1]\n[ERROR] \n[ERROR] To see the full stack trace of the errors, re-run Maven with the -e switch.\n[ERROR] Re-run Maven using the -X switch to enable full debug logging.\n[ERROR] \n[ERROR] For more information about the errors and possible solutions, please read the following articles:\n[ERROR] [Help 1] http://cwiki.apache.org/confluence/display/MAVEN/MojoFailureException\n",
}
Stacktrace: goroutine 1 [running]:
gitlab.nethead.at/symflower/symflower/model/errors.NewInternalError({0x1f42da0?, 0xc000814020}, {0xffa8c0?, 0xc000444030})
	gitlab.nethead.at/symflower/symflower/model/errors/error.go:850 +0x59
gitlab.nethead.at/symflower/symflower/language/java/execute.MavenDependencyCommand.func1()
	gitlab.nethead.at/symflower/symflower/language/java/execute/maven.go:80 +0x1ef
github.com/avast/retry-go.Do(0xc00074f8b8, {0xc00074f8a0, 0x3, 0x418c94?})
	github.com/avast/retry-go/retry.go:135 +0x5a3
gitlab.nethead.at/symflower/symflower/language/java/execute.MavenDependencyCommand({0xc00004ddd0, 0x25}, 0x0, {0xc00041d9e0, 0x6, 0x6})
	gitlab.nethead.at/symflower/symflower/language/java/execute/maven.go:60 +0x1c5
gitlab.nethead.at/symflower/symflower/language/java/execute.MavenCloverCoverage({0xc00004ddd0, 0x25})
	gitlab.nethead.at/symflower/symflower/language/java/execute/clover.go:131 +0xc9
gitlab.nethead.at/symflower/symflower/cmd/symflower-local/cmd.(*commandTest).Execute(0xc000680578, {0xc000680400?, 0x7f99e1ac9418?, 0xc000680578?})
	gitlab.nethead.at/symflower/symflower/cmd/symflower-local/cmd/test.go:143 +0x54f
gitlab.nethead.at/symflower/symflower/cmd.ExecuteNoExit({0x1f425e0?, 0xc000680400}, {0xc000040080?, 0x2782d80?, 0xc00051fed8?})
	gitlab.nethead.at/symflower/symflower/cmd/execute.go:56 +0x2d0
gitlab.nethead.at/symflower/symflower/cmd.Execute({0x1f425e0?, 0xc000680400?}, {0xc000040080?, 0x274c500?, 0xc000680400?})
	gitlab.nethead.at/symflower/symflower/cmd/execute.go:16 +0x26
gitlab.nethead.at/symflower/symflower/cmd.ExecuteWithOSArguments(...)
	gitlab.nethead.at/symflower/symflower/cmd/execute.go:75
main.main.func1()
	gitlab.nethead.at/symflower/symflower/cmd/symflower-demo/main.go:40 +0x34
gitlab.nethead.at/symflower/symflower/cmd/symflower-local/cmd.(*Command).WithPanicReporter(0xc000130058?, 0x2636b18?)
	gitlab.nethead.at/symflower/symflower/cmd/symflower-local/cmd/cmd.go:184 +0x48
main.main()
	gitlab.nethead.at/symflower/symflower/cmd/symflower-demo/main.go:39 +0xa5


src/main/java/com/eval/Plain.java]
