2024/06/06 10:08:13 Evaluating model "openrouter/cohere/command-r" using language "java" and repository "java/plain"
2024/06/06 10:08:13 Querying model "openrouter/cohere/command-r" with:
	Given the following Java code file "src/main/java/com/eval/Plain.java" with package "com.eval", provide a test file for this code with JUnit 5 as a test framework.
	The tests should produce 100 percent code coverage and must compile.
	The response must contain only the test code and nothing else.

	```java
	package com.eval;

	class Plain {
	    static void plain() {
	    }
	}
	```
2024/06/06 10:08:14 Model "openrouter/cohere/command-r" responded (1295 ms) with:
	```java
	package com.eval;

	import org.junit.Test;
	import org.junit.runner.RunWith;
	import org.coverage. CoverageRunner;

	@RunWith(CoverageRunner.class)
	public class PlainTest {
	    @Test
	    public void testPlain() {
	        Plain.plain();
	    }
	}
	```
2024/06/06 10:08:14 $ symflower test --language java --workspace /tmp/eval-dev-quality4045395265/plain --coverage-file /tmp/eval-dev-quality4045395265/plain/coverage.json
[0;34mGive us your feedback and let us know how we can improve Symflower at hello@symflower.com or https://github.com/symflower/symflower. Thanks so much for your help![0m
ERROR: All attempts fail:
#1: Internal error: exit status 1:
[]interface {}{
    "/tmp/eval-dev-quality4045395265/plain/",
    "[INFO] Scanning for projects...\n[WARNING] \n[WARNING] Some problems were encountered while building the effective model for eval.dev.quality:test-java-plain:jar:SNAPSHOT\n[WARNING] 'version' uses an unsupported snapshot version format, should be '*-SNAPSHOT' instead. @ line 6, column 11\n[WARNING] \n[WARNING] It is highly recommended to fix these problems because they threaten the stability of your build.\n[WARNING] \n[WARNING] For this reason, future Maven versions might no longer support building such malformed projects.\n[WARNING] \n[INFO] \n[INFO] ------------------< eval.dev.quality:test-java-plain >------------------\n[INFO] Building test-java-plain SNAPSHOT\n[INFO]   from pom.xml\n[INFO] --------------------------------[ jar ]---------------------------------\n[INFO] \n[INFO] --- clean:3.2.0:clean (default-clean) @ test-java-plain ---\n[INFO] \n[INFO] --- resources:3.3.1:resources (default-resources) @ test-java-plain ---\n[WARNING] Using platform encoding (UTF-8 actually) to copy filtered resources, i.e. build is platform dependent!\n[INFO] skip non existing resourceDirectory /tmp/eval-dev-quality4045395265/plain/src/main/resources\n[INFO] \n[INFO] --- compiler:3.11.0:compile (default-compile) @ test-java-plain ---\n[INFO] Changes detected - recompiling the module! :source\n[WARNING] File encoding has not been set, using platform encoding UTF-8, i.e. build is platform dependent!\n[INFO] Compiling 1 source file with javac [debug target 11] to target/classes\n[WARNING] system modules path not set in conjunction with -source 11\n[INFO] \n[INFO] --- resources:3.3.1:resources (default-resources) @ test-java-plain ---\n[WARNING] Using platform encoding (UTF-8 actually) to copy filtered resources, i.e. build is platform dependent!\n[INFO] skip non existing resourceDirectory /tmp/eval-dev-quality4045395265/plain/src/main/resources\n[INFO] \n[INFO] --- compiler:3.11.0:compile (default-compile) @ test-java-plain ---\n[INFO] Nothing to compile - all classes are up to date\n[INFO] \n[INFO] --- resources:3.3.1:testResources (default-testResources) @ test-java-plain ---\n[WARNING] Using platform encoding (UTF-8 actually) to copy filtered resources, i.e. build is platform dependent!\n[INFO] skip non existing resourceDirectory /tmp/eval-dev-quality4045395265/plain/src/test/resources\n[INFO] \n[INFO] --- compiler:3.11.0:testCompile (default-testCompile) @ test-java-plain ---\n[INFO] Changes detected - recompiling the module! :dependency\n[WARNING] File encoding has not been set, using platform encoding UTF-8, i.e. build is platform dependent!\n[INFO] Compiling 1 source file with javac [debug target 11] to target/test-classes\n[INFO] -------------------------------------------------------------\n[WARNING] COMPILATION WARNING : \n[INFO] -------------------------------------------------------------\n[WARNING] system modules path not set in conjunction with -source 11\n[INFO] 1 warning\n[INFO] -------------------------------------------------------------\n[INFO] -------------------------------------------------------------\n[ERROR] COMPILATION ERROR : \n[INFO] -------------------------------------------------------------\n[ERROR] /tmp/eval-dev-quality4045395265/plain/src/test/java/com/eval/PlainTest.java:[3,17] package org.junit does not exist\n[ERROR] /tmp/eval-dev-quality4045395265/plain/src/test/java/com/eval/PlainTest.java:[4,24] package org.junit.runner does not exist\n[ERROR] /tmp/eval-dev-quality4045395265/plain/src/test/java/com/eval/PlainTest.java:[5,20] package org.coverage does not exist\n[ERROR] /tmp/eval-dev-quality4045395265/plain/src/test/java/com/eval/PlainTest.java:[7,2] cannot find symbol\n  symbol: class RunWith\n[ERROR] /tmp/eval-dev-quality4045395265/plain/src/test/java/com/eval/PlainTest.java:[7,10] cannot find symbol\n  symbol: class CoverageRunner\n[ERROR] /tmp/eval-dev-quality4045395265/plain/src/test/java/com/eval/PlainTest.java:[9,6] cannot find symbol\n  symbol:   class Test\n  location: class com.eval.PlainTest\n[INFO] 6 errors \n[INFO] -------------------------------------------------------------\n[INFO] ------------------------------------------------------------------------\n[INFO] BUILD FAILURE\n[INFO] ------------------------------------------------------------------------\n[INFO] Total time:  0.833 s\n[INFO] Finished at: 2024-06-06T10:08:16+02:00\n[INFO] ------------------------------------------------------------------------\n[ERROR] Failed to execute goal org.apache.maven.plugins:maven-compiler-plugin:3.11.0:testCompile (default-testCompile) on project test-java-plain: Compilation failure: Compilation failure: \n[ERROR] /tmp/eval-dev-quality4045395265/plain/src/test/java/com/eval/PlainTest.java:[3,17] package org.junit does not exist\n[ERROR] /tmp/eval-dev-quality4045395265/plain/src/test/java/com/eval/PlainTest.java:[4,24] package org.junit.runner does not exist\n[ERROR] /tmp/eval-dev-quality4045395265/plain/src/test/java/com/eval/PlainTest.java:[5,20] package org.coverage does not exist\n[ERROR] /tmp/eval-dev-quality4045395265/plain/src/test/java/com/eval/PlainTest.java:[7,2] cannot find symbol\n[ERROR]   symbol: class RunWith\n[ERROR] /tmp/eval-dev-quality4045395265/plain/src/test/java/com/eval/PlainTest.java:[7,10] cannot find symbol\n[ERROR]   symbol: class CoverageRunner\n[ERROR] /tmp/eval-dev-quality4045395265/plain/src/test/java/com/eval/PlainTest.java:[9,6] cannot find symbol\n[ERROR]   symbol:   class Test\n[ERROR]   location: class com.eval.PlainTest\n[ERROR] -> [Help 1]\n[ERROR] \n[ERROR] To see the full stack trace of the errors, re-run Maven with the -e switch.\n[ERROR] Re-run Maven using the -X switch to enable full debug logging.\n[ERROR] \n[ERROR] For more information about the errors and possible solutions, please read the following articles:\n[ERROR] [Help 1] http://cwiki.apache.org/confluence/display/MAVEN/MojoFailureException\n",
}
Stacktrace: goroutine 1 [running]:
gitlab.nethead.at/symflower/symflower/model/errors.NewInternalError({0x1f42da0?, 0xc00071c000}, {0xffa8c0?, 0xc000012cc0})
	gitlab.nethead.at/symflower/symflower/model/errors/error.go:850 +0x59
gitlab.nethead.at/symflower/symflower/language/java/execute.MavenDependencyCommand.func1()
	gitlab.nethead.at/symflower/symflower/language/java/execute/maven.go:80 +0x1ef
github.com/avast/retry-go.Do(0xc0007438b8, {0xc0007438a0, 0x3, 0x418c94?})
	github.com/avast/retry-go/retry.go:135 +0x5a3
gitlab.nethead.at/symflower/symflower/language/java/execute.MavenDependencyCommand({0xc00090e030, 0x26}, 0x0, {0xc00090b860, 0x6, 0x6})
	gitlab.nethead.at/symflower/symflower/language/java/execute/maven.go:60 +0x1c5
gitlab.nethead.at/symflower/symflower/language/java/execute.MavenCloverCoverage({0xc00090e030, 0x26})
	gitlab.nethead.at/symflower/symflower/language/java/execute/clover.go:131 +0xc9
gitlab.nethead.at/symflower/symflower/cmd/symflower-local/cmd.(*commandTest).Execute(0xc0000fd578, {0xc0000fd400?, 0x7f8404110758?, 0xc0000fd578?})
	gitlab.nethead.at/symflower/symflower/cmd/symflower-local/cmd/test.go:143 +0x54f
gitlab.nethead.at/symflower/symflower/cmd.ExecuteNoExit({0x1f425e0?, 0xc0000fd400}, {0xc000216000?, 0x2782d80?, 0xc00058fed8?})
	gitlab.nethead.at/symflower/symflower/cmd/execute.go:56 +0x2d0
gitlab.nethead.at/symflower/symflower/cmd.Execute({0x1f425e0?, 0xc0000fd400?}, {0xc000216000?, 0x274c500?, 0xc0000fd400?})
	gitlab.nethead.at/symflower/symflower/cmd/execute.go:16 +0x26
gitlab.nethead.at/symflower/symflower/cmd.ExecuteWithOSArguments(...)
	gitlab.nethead.at/symflower/symflower/cmd/execute.go:75
main.main.func1()
	gitlab.nethead.at/symflower/symflower/cmd/symflower-demo/main.go:40 +0x34
gitlab.nethead.at/symflower/symflower/cmd/symflower-local/cmd.(*Command).WithPanicReporter(0xc000130058?, 0x2636b18?)
	gitlab.nethead.at/symflower/symflower/cmd/symflower-local/cmd/cmd.go:184 +0x48
main.main()
	gitlab.nethead.at/symflower/symflower/cmd/symflower-demo/main.go:39 +0xa5

2024/06/06 10:08:16 Evaluated model "openrouter/cohere/command-r" using language "java" and repository "java/plain": encountered 1 problems: [exit status 1
[0;34mGive us your feedback and let us know how we can improve Symflower at hello@symflower.com or https://github.com/symflower/symflower. Thanks so much for your help![0m
ERROR: All attempts fail:
#1: Internal error: exit status 1:
[]interface {}{
    "/tmp/eval-dev-quality4045395265/plain/",
    "[INFO] Scanning for projects...\n[WARNING] \n[WARNING] Some problems were encountered while building the effective model for eval.dev.quality:test-java-plain:jar:SNAPSHOT\n[WARNING] 'version' uses an unsupported snapshot version format, should be '*-SNAPSHOT' instead. @ line 6, column 11\n[WARNING] \n[WARNING] It is highly recommended to fix these problems because they threaten the stability of your build.\n[WARNING] \n[WARNING] For this reason, future Maven versions might no longer support building such malformed projects.\n[WARNING] \n[INFO] \n[INFO] ------------------< eval.dev.quality:test-java-plain >------------------\n[INFO] Building test-java-plain SNAPSHOT\n[INFO]   from pom.xml\n[INFO] --------------------------------[ jar ]---------------------------------\n[INFO] \n[INFO] --- clean:3.2.0:clean (default-clean) @ test-java-plain ---\n[INFO] \n[INFO] --- resources:3.3.1:resources (default-resources) @ test-java-plain ---\n[WARNING] Using platform encoding (UTF-8 actually) to copy filtered resources, i.e. build is platform dependent!\n[INFO] skip non existing resourceDirectory /tmp/eval-dev-quality4045395265/plain/src/main/resources\n[INFO] \n[INFO] --- compiler:3.11.0:compile (default-compile) @ test-java-plain ---\n[INFO] Changes detected - recompiling the module! :source\n[WARNING] File encoding has not been set, using platform encoding UTF-8, i.e. build is platform dependent!\n[INFO] Compiling 1 source file with javac [debug target 11] to target/classes\n[WARNING] system modules path not set in conjunction with -source 11\n[INFO] \n[INFO] --- resources:3.3.1:resources (default-resources) @ test-java-plain ---\n[WARNING] Using platform encoding (UTF-8 actually) to copy filtered resources, i.e. build is platform dependent!\n[INFO] skip non existing resourceDirectory /tmp/eval-dev-quality4045395265/plain/src/main/resources\n[INFO] \n[INFO] --- compiler:3.11.0:compile (default-compile) @ test-java-plain ---\n[INFO] Nothing to compile - all classes are up to date\n[INFO] \n[INFO] --- resources:3.3.1:testResources (default-testResources) @ test-java-plain ---\n[WARNING] Using platform encoding (UTF-8 actually) to copy filtered resources, i.e. build is platform dependent!\n[INFO] skip non existing resourceDirectory /tmp/eval-dev-quality4045395265/plain/src/test/resources\n[INFO] \n[INFO] --- compiler:3.11.0:testCompile (default-testCompile) @ test-java-plain ---\n[INFO] Changes detected - recompiling the module! :dependency\n[WARNING] File encoding has not been set, using platform encoding UTF-8, i.e. build is platform dependent!\n[INFO] Compiling 1 source file with javac [debug target 11] to target/test-classes\n[INFO] -------------------------------------------------------------\n[WARNING] COMPILATION WARNING : \n[INFO] -------------------------------------------------------------\n[WARNING] system modules path not set in conjunction with -source 11\n[INFO] 1 warning\n[INFO] -------------------------------------------------------------\n[INFO] -------------------------------------------------------------\n[ERROR] COMPILATION ERROR : \n[INFO] -------------------------------------------------------------\n[ERROR] /tmp/eval-dev-quality4045395265/plain/src/test/java/com/eval/PlainTest.java:[3,17] package org.junit does not exist\n[ERROR] /tmp/eval-dev-quality4045395265/plain/src/test/java/com/eval/PlainTest.java:[4,24] package org.junit.runner does not exist\n[ERROR] /tmp/eval-dev-quality4045395265/plain/src/test/java/com/eval/PlainTest.java:[5,20] package org.coverage does not exist\n[ERROR] /tmp/eval-dev-quality4045395265/plain/src/test/java/com/eval/PlainTest.java:[7,2] cannot find symbol\n  symbol: class RunWith\n[ERROR] /tmp/eval-dev-quality4045395265/plain/src/test/java/com/eval/PlainTest.java:[7,10] cannot find symbol\n  symbol: class CoverageRunner\n[ERROR] /tmp/eval-dev-quality4045395265/plain/src/test/java/com/eval/PlainTest.java:[9,6] cannot find symbol\n  symbol:   class Test\n  location: class com.eval.PlainTest\n[INFO] 6 errors \n[INFO] -------------------------------------------------------------\n[INFO] ------------------------------------------------------------------------\n[INFO] BUILD FAILURE\n[INFO] ------------------------------------------------------------------------\n[INFO] Total time:  0.833 s\n[INFO] Finished at: 2024-06-06T10:08:16+02:00\n[INFO] ------------------------------------------------------------------------\n[ERROR] Failed to execute goal org.apache.maven.plugins:maven-compiler-plugin:3.11.0:testCompile (default-testCompile) on project test-java-plain: Compilation failure: Compilation failure: \n[ERROR] /tmp/eval-dev-quality4045395265/plain/src/test/java/com/eval/PlainTest.java:[3,17] package org.junit does not exist\n[ERROR] /tmp/eval-dev-quality4045395265/plain/src/test/java/com/eval/PlainTest.java:[4,24] package org.junit.runner does not exist\n[ERROR] /tmp/eval-dev-quality4045395265/plain/src/test/java/com/eval/PlainTest.java:[5,20] package org.coverage does not exist\n[ERROR] /tmp/eval-dev-quality4045395265/plain/src/test/java/com/eval/PlainTest.java:[7,2] cannot find symbol\n[ERROR]   symbol: class RunWith\n[ERROR] /tmp/eval-dev-quality4045395265/plain/src/test/java/com/eval/PlainTest.java:[7,10] cannot find symbol\n[ERROR]   symbol: class CoverageRunner\n[ERROR] /tmp/eval-dev-quality4045395265/plain/src/test/java/com/eval/PlainTest.java:[9,6] cannot find symbol\n[ERROR]   symbol:   class Test\n[ERROR]   location: class com.eval.PlainTest\n[ERROR] -> [Help 1]\n[ERROR] \n[ERROR] To see the full stack trace of the errors, re-run Maven with the -e switch.\n[ERROR] Re-run Maven using the -X switch to enable full debug logging.\n[ERROR] \n[ERROR] For more information about the errors and possible solutions, please read the following articles:\n[ERROR] [Help 1] http://cwiki.apache.org/confluence/display/MAVEN/MojoFailureException\n",
}
Stacktrace: goroutine 1 [running]:
gitlab.nethead.at/symflower/symflower/model/errors.NewInternalError({0x1f42da0?, 0xc00071c000}, {0xffa8c0?, 0xc000012cc0})
	gitlab.nethead.at/symflower/symflower/model/errors/error.go:850 +0x59
gitlab.nethead.at/symflower/symflower/language/java/execute.MavenDependencyCommand.func1()
	gitlab.nethead.at/symflower/symflower/language/java/execute/maven.go:80 +0x1ef
github.com/avast/retry-go.Do(0xc0007438b8, {0xc0007438a0, 0x3, 0x418c94?})
	github.com/avast/retry-go/retry.go:135 +0x5a3
gitlab.nethead.at/symflower/symflower/language/java/execute.MavenDependencyCommand({0xc00090e030, 0x26}, 0x0, {0xc00090b860, 0x6, 0x6})
	gitlab.nethead.at/symflower/symflower/language/java/execute/maven.go:60 +0x1c5
gitlab.nethead.at/symflower/symflower/language/java/execute.MavenCloverCoverage({0xc00090e030, 0x26})
	gitlab.nethead.at/symflower/symflower/language/java/execute/clover.go:131 +0xc9
gitlab.nethead.at/symflower/symflower/cmd/symflower-local/cmd.(*commandTest).Execute(0xc0000fd578, {0xc0000fd400?, 0x7f8404110758?, 0xc0000fd578?})
	gitlab.nethead.at/symflower/symflower/cmd/symflower-local/cmd/test.go:143 +0x54f
gitlab.nethead.at/symflower/symflower/cmd.ExecuteNoExit({0x1f425e0?, 0xc0000fd400}, {0xc000216000?, 0x2782d80?, 0xc00058fed8?})
	gitlab.nethead.at/symflower/symflower/cmd/execute.go:56 +0x2d0
gitlab.nethead.at/symflower/symflower/cmd.Execute({0x1f425e0?, 0xc0000fd400?}, {0xc000216000?, 0x274c500?, 0xc0000fd400?})
	gitlab.nethead.at/symflower/symflower/cmd/execute.go:16 +0x26
gitlab.nethead.at/symflower/symflower/cmd.ExecuteWithOSArguments(...)
	gitlab.nethead.at/symflower/symflower/cmd/execute.go:75
main.main.func1()
	gitlab.nethead.at/symflower/symflower/cmd/symflower-demo/main.go:40 +0x34
gitlab.nethead.at/symflower/symflower/cmd/symflower-local/cmd.(*Command).WithPanicReporter(0xc000130058?, 0x2636b18?)
	gitlab.nethead.at/symflower/symflower/cmd/symflower-local/cmd/cmd.go:184 +0x48
main.main()
	gitlab.nethead.at/symflower/symflower/cmd/symflower-demo/main.go:39 +0xa5


github.com/symflower/eval-dev-quality/util.CommandWithResult
	/home/eval/eval-dev-quality/util/exec.go:52
github.com/symflower/eval-dev-quality/language/java.(*Language).Execute
	/home/eval/eval-dev-quality/language/java/language.go:94
github.com/symflower/eval-dev-quality/evaluate.Repository
	/home/eval/eval-dev-quality/evaluate/repository.go:57
github.com/symflower/eval-dev-quality/evaluate.Evaluate.func1
	/home/eval/eval-dev-quality/evaluate/evaluate.go:119
github.com/symflower/eval-dev-quality/evaluate.withLoadedModel
	/home/eval/eval-dev-quality/evaluate/evaluate.go:253
github.com/symflower/eval-dev-quality/evaluate.Evaluate
	/home/eval/eval-dev-quality/evaluate/evaluate.go:109
github.com/symflower/eval-dev-quality/cmd/eval-dev-quality/cmd.(*Evaluate).Execute
	/home/eval/eval-dev-quality/cmd/eval-dev-quality/cmd/evaluate.go:284
github.com/symflower/eval-dev-quality/cmd/eval-dev-quality/cmd.Execute.func1
	/home/eval/eval-dev-quality/cmd/eval-dev-quality/cmd/command.go:34
github.com/jessevdk/go-flags.(*Parser).ParseArgs
	/home/eval/go/pkg/mod/github.com/jessevdk/go-flags@v1.5.1-0.20210607101731-3927b71304df/parser.go:333
github.com/symflower/eval-dev-quality/cmd/eval-dev-quality/cmd.Execute
	/home/eval/eval-dev-quality/cmd/eval-dev-quality/cmd/command.go:37
main.main
	/home/eval/eval-dev-quality/cmd/eval-dev-quality/main.go:11
runtime.main
	/home/eval/go/src/runtime/proc.go:267
runtime.goexit
	/home/eval/go/src/runtime/asm_amd64.s:1650
github.com/symflower/eval-dev-quality/language/java.(*Language).Execute
	/home/eval/eval-dev-quality/language/java/language.go:105
github.com/symflower/eval-dev-quality/evaluate.Repository
	/home/eval/eval-dev-quality/evaluate/repository.go:57
github.com/symflower/eval-dev-quality/evaluate.Evaluate.func1
	/home/eval/eval-dev-quality/evaluate/evaluate.go:119
github.com/symflower/eval-dev-quality/evaluate.withLoadedModel
	/home/eval/eval-dev-quality/evaluate/evaluate.go:253
github.com/symflower/eval-dev-quality/evaluate.Evaluate
	/home/eval/eval-dev-quality/evaluate/evaluate.go:109
github.com/symflower/eval-dev-quality/cmd/eval-dev-quality/cmd.(*Evaluate).Execute
	/home/eval/eval-dev-quality/cmd/eval-dev-quality/cmd/evaluate.go:284
github.com/symflower/eval-dev-quality/cmd/eval-dev-quality/cmd.Execute.func1
	/home/eval/eval-dev-quality/cmd/eval-dev-quality/cmd/command.go:34
github.com/jessevdk/go-flags.(*Parser).ParseArgs
	/home/eval/go/pkg/mod/github.com/jessevdk/go-flags@v1.5.1-0.20210607101731-3927b71304df/parser.go:333
github.com/symflower/eval-dev-quality/cmd/eval-dev-quality/cmd.Execute
	/home/eval/eval-dev-quality/cmd/eval-dev-quality/cmd/command.go:37
main.main
	/home/eval/eval-dev-quality/cmd/eval-dev-quality/main.go:11
runtime.main
	/home/eval/go/src/runtime/proc.go:267
runtime.goexit
	/home/eval/go/src/runtime/asm_amd64.s:1650
[0;34mGive us your feedback and let us know how we can improve Symflower at hello@symflower.com or https://github.com/symflower/symflower. Thanks so much for your help![0m
ERROR: All attempts fail:
#1: Internal error: exit status 1:
[]interface {}{
    "/tmp/eval-dev-quality4045395265/plain/",
    "[INFO] Scanning for projects...\n[WARNING] \n[WARNING] Some problems were encountered while building the effective model for eval.dev.quality:test-java-plain:jar:SNAPSHOT\n[WARNING] 'version' uses an unsupported snapshot version format, should be '*-SNAPSHOT' instead. @ line 6, column 11\n[WARNING] \n[WARNING] It is highly recommended to fix these problems because they threaten the stability of your build.\n[WARNING] \n[WARNING] For this reason, future Maven versions might no longer support building such malformed projects.\n[WARNING] \n[INFO] \n[INFO] ------------------< eval.dev.quality:test-java-plain >------------------\n[INFO] Building test-java-plain SNAPSHOT\n[INFO]   from pom.xml\n[INFO] --------------------------------[ jar ]---------------------------------\n[INFO] \n[INFO] --- clean:3.2.0:clean (default-clean) @ test-java-plain ---\n[INFO] \n[INFO] --- resources:3.3.1:resources (default-resources) @ test-java-plain ---\n[WARNING] Using platform encoding (UTF-8 actually) to copy filtered resources, i.e. build is platform dependent!\n[INFO] skip non existing resourceDirectory /tmp/eval-dev-quality4045395265/plain/src/main/resources\n[INFO] \n[INFO] --- compiler:3.11.0:compile (default-compile) @ test-java-plain ---\n[INFO] Changes detected - recompiling the module! :source\n[WARNING] File encoding has not been set, using platform encoding UTF-8, i.e. build is platform dependent!\n[INFO] Compiling 1 source file with javac [debug target 11] to target/classes\n[WARNING] system modules path not set in conjunction with -source 11\n[INFO] \n[INFO] --- resources:3.3.1:resources (default-resources) @ test-java-plain ---\n[WARNING] Using platform encoding (UTF-8 actually) to copy filtered resources, i.e. build is platform dependent!\n[INFO] skip non existing resourceDirectory /tmp/eval-dev-quality4045395265/plain/src/main/resources\n[INFO] \n[INFO] --- compiler:3.11.0:compile (default-compile) @ test-java-plain ---\n[INFO] Nothing to compile - all classes are up to date\n[INFO] \n[INFO] --- resources:3.3.1:testResources (default-testResources) @ test-java-plain ---\n[WARNING] Using platform encoding (UTF-8 actually) to copy filtered resources, i.e. build is platform dependent!\n[INFO] skip non existing resourceDirectory /tmp/eval-dev-quality4045395265/plain/src/test/resources\n[INFO] \n[INFO] --- compiler:3.11.0:testCompile (default-testCompile) @ test-java-plain ---\n[INFO] Changes detected - recompiling the module! :dependency\n[WARNING] File encoding has not been set, using platform encoding UTF-8, i.e. build is platform dependent!\n[INFO] Compiling 1 source file with javac [debug target 11] to target/test-classes\n[INFO] -------------------------------------------------------------\n[WARNING] COMPILATION WARNING : \n[INFO] -------------------------------------------------------------\n[WARNING] system modules path not set in conjunction with -source 11\n[INFO] 1 warning\n[INFO] -------------------------------------------------------------\n[INFO] -------------------------------------------------------------\n[ERROR] COMPILATION ERROR : \n[INFO] -------------------------------------------------------------\n[ERROR] /tmp/eval-dev-quality4045395265/plain/src/test/java/com/eval/PlainTest.java:[3,17] package org.junit does not exist\n[ERROR] /tmp/eval-dev-quality4045395265/plain/src/test/java/com/eval/PlainTest.java:[4,24] package org.junit.runner does not exist\n[ERROR] /tmp/eval-dev-quality4045395265/plain/src/test/java/com/eval/PlainTest.java:[5,20] package org.coverage does not exist\n[ERROR] /tmp/eval-dev-quality4045395265/plain/src/test/java/com/eval/PlainTest.java:[7,2] cannot find symbol\n  symbol: class RunWith\n[ERROR] /tmp/eval-dev-quality4045395265/plain/src/test/java/com/eval/PlainTest.java:[7,10] cannot find symbol\n  symbol: class CoverageRunner\n[ERROR] /tmp/eval-dev-quality4045395265/plain/src/test/java/com/eval/PlainTest.java:[9,6] cannot find symbol\n  symbol:   class Test\n  location: class com.eval.PlainTest\n[INFO] 6 errors \n[INFO] -------------------------------------------------------------\n[INFO] ------------------------------------------------------------------------\n[INFO] BUILD FAILURE\n[INFO] ------------------------------------------------------------------------\n[INFO] Total time:  0.833 s\n[INFO] Finished at: 2024-06-06T10:08:16+02:00\n[INFO] ------------------------------------------------------------------------\n[ERROR] Failed to execute goal org.apache.maven.plugins:maven-compiler-plugin:3.11.0:testCompile (default-testCompile) on project test-java-plain: Compilation failure: Compilation failure: \n[ERROR] /tmp/eval-dev-quality4045395265/plain/src/test/java/com/eval/PlainTest.java:[3,17] package org.junit does not exist\n[ERROR] /tmp/eval-dev-quality4045395265/plain/src/test/java/com/eval/PlainTest.java:[4,24] package org.junit.runner does not exist\n[ERROR] /tmp/eval-dev-quality4045395265/plain/src/test/java/com/eval/PlainTest.java:[5,20] package org.coverage does not exist\n[ERROR] /tmp/eval-dev-quality4045395265/plain/src/test/java/com/eval/PlainTest.java:[7,2] cannot find symbol\n[ERROR]   symbol: class RunWith\n[ERROR] /tmp/eval-dev-quality4045395265/plain/src/test/java/com/eval/PlainTest.java:[7,10] cannot find symbol\n[ERROR]   symbol: class CoverageRunner\n[ERROR] /tmp/eval-dev-quality4045395265/plain/src/test/java/com/eval/PlainTest.java:[9,6] cannot find symbol\n[ERROR]   symbol:   class Test\n[ERROR]   location: class com.eval.PlainTest\n[ERROR] -> [Help 1]\n[ERROR] \n[ERROR] To see the full stack trace of the errors, re-run Maven with the -e switch.\n[ERROR] Re-run Maven using the -X switch to enable full debug logging.\n[ERROR] \n[ERROR] For more information about the errors and possible solutions, please read the following articles:\n[ERROR] [Help 1] http://cwiki.apache.org/confluence/display/MAVEN/MojoFailureException\n",
}
Stacktrace: goroutine 1 [running]:
gitlab.nethead.at/symflower/symflower/model/errors.NewInternalError({0x1f42da0?, 0xc00071c000}, {0xffa8c0?, 0xc000012cc0})
	gitlab.nethead.at/symflower/symflower/model/errors/error.go:850 +0x59
gitlab.nethead.at/symflower/symflower/language/java/execute.MavenDependencyCommand.func1()
	gitlab.nethead.at/symflower/symflower/language/java/execute/maven.go:80 +0x1ef
github.com/avast/retry-go.Do(0xc0007438b8, {0xc0007438a0, 0x3, 0x418c94?})
	github.com/avast/retry-go/retry.go:135 +0x5a3
gitlab.nethead.at/symflower/symflower/language/java/execute.MavenDependencyCommand({0xc00090e030, 0x26}, 0x0, {0xc00090b860, 0x6, 0x6})
	gitlab.nethead.at/symflower/symflower/language/java/execute/maven.go:60 +0x1c5
gitlab.nethead.at/symflower/symflower/language/java/execute.MavenCloverCoverage({0xc00090e030, 0x26})
	gitlab.nethead.at/symflower/symflower/language/java/execute/clover.go:131 +0xc9
gitlab.nethead.at/symflower/symflower/cmd/symflower-local/cmd.(*commandTest).Execute(0xc0000fd578, {0xc0000fd400?, 0x7f8404110758?, 0xc0000fd578?})
	gitlab.nethead.at/symflower/symflower/cmd/symflower-local/cmd/test.go:143 +0x54f
gitlab.nethead.at/symflower/symflower/cmd.ExecuteNoExit({0x1f425e0?, 0xc0000fd400}, {0xc000216000?, 0x2782d80?, 0xc00058fed8?})
	gitlab.nethead.at/symflower/symflower/cmd/execute.go:56 +0x2d0
gitlab.nethead.at/symflower/symflower/cmd.Execute({0x1f425e0?, 0xc0000fd400?}, {0xc000216000?, 0x274c500?, 0xc0000fd400?})
	gitlab.nethead.at/symflower/symflower/cmd/execute.go:16 +0x26
gitlab.nethead.at/symflower/symflower/cmd.ExecuteWithOSArguments(...)
	gitlab.nethead.at/symflower/symflower/cmd/execute.go:75
main.main.func1()
	gitlab.nethead.at/symflower/symflower/cmd/symflower-demo/main.go:40 +0x34
gitlab.nethead.at/symflower/symflower/cmd/symflower-local/cmd.(*Command).WithPanicReporter(0xc000130058?, 0x2636b18?)
	gitlab.nethead.at/symflower/symflower/cmd/symflower-local/cmd/cmd.go:184 +0x48
main.main()
	gitlab.nethead.at/symflower/symflower/cmd/symflower-demo/main.go:39 +0xa5


src/main/java/com/eval/Plain.java]
2024/06/06 10:17:24 Evaluating model "openrouter/cohere/command-r" using language "java" and repository "java/plain"
2024/06/06 10:17:24 Querying model "openrouter/cohere/command-r" with:
	Given the following Java code file "src/main/java/com/eval/Plain.java" with package "com.eval", provide a test file for this code with JUnit 5 as a test framework.
	The tests should produce 100 percent code coverage and must compile.
	The response must contain only the test code and nothing else.

	```java
	package com.eval;

	class Plain {
	    static void plain() {
	    }
	}
	```
2024/06/06 10:17:25 Model "openrouter/cohere/command-r" responded (930 ms) with:
	```java
	import org.junit.jupiter.api.Test;
	import com.eval.Plain;

	public class PlainTest {
	    @Test
	    public void testPlain() {
	        Plain.plain();
	    }
	}
	```
2024/06/06 10:17:25 $ symflower test --language java --workspace /tmp/eval-dev-quality4045395265/plain --coverage-file /tmp/eval-dev-quality4045395265/plain/coverage.json
[0;34mGive us your feedback and let us know how we can improve Symflower at hello@symflower.com or https://github.com/symflower/symflower. Thanks so much for your help![0m
ERROR: All attempts fail:
#1: Internal error: exit status 1:
[]interface {}{
    "/tmp/eval-dev-quality4045395265/plain/",
    "[INFO] Scanning for projects...\n[WARNING] \n[WARNING] Some problems were encountered while building the effective model for eval.dev.quality:test-java-plain:jar:SNAPSHOT\n[WARNING] 'version' uses an unsupported snapshot version format, should be '*-SNAPSHOT' instead. @ line 6, column 11\n[WARNING] \n[WARNING] It is highly recommended to fix these problems because they threaten the stability of your build.\n[WARNING] \n[WARNING] For this reason, future Maven versions might no longer support building such malformed projects.\n[WARNING] \n[INFO] \n[INFO] ------------------< eval.dev.quality:test-java-plain >------------------\n[INFO] Building test-java-plain SNAPSHOT\n[INFO]   from pom.xml\n[INFO] --------------------------------[ jar ]---------------------------------\n[INFO] \n[INFO] --- clean:3.2.0:clean (default-clean) @ test-java-plain ---\n[INFO] \n[INFO] --- resources:3.3.1:resources (default-resources) @ test-java-plain ---\n[WARNING] Using platform encoding (UTF-8 actually) to copy filtered resources, i.e. build is platform dependent!\n[INFO] skip non existing resourceDirectory /tmp/eval-dev-quality4045395265/plain/src/main/resources\n[INFO] \n[INFO] --- compiler:3.11.0:compile (default-compile) @ test-java-plain ---\n[INFO] Changes detected - recompiling the module! :source\n[WARNING] File encoding has not been set, using platform encoding UTF-8, i.e. build is platform dependent!\n[INFO] Compiling 1 source file with javac [debug target 11] to target/classes\n[WARNING] system modules path not set in conjunction with -source 11\n[INFO] \n[INFO] --- resources:3.3.1:resources (default-resources) @ test-java-plain ---\n[WARNING] Using platform encoding (UTF-8 actually) to copy filtered resources, i.e. build is platform dependent!\n[INFO] skip non existing resourceDirectory /tmp/eval-dev-quality4045395265/plain/src/main/resources\n[INFO] \n[INFO] --- compiler:3.11.0:compile (default-compile) @ test-java-plain ---\n[INFO] Nothing to compile - all classes are up to date\n[INFO] \n[INFO] --- resources:3.3.1:testResources (default-testResources) @ test-java-plain ---\n[WARNING] Using platform encoding (UTF-8 actually) to copy filtered resources, i.e. build is platform dependent!\n[INFO] skip non existing resourceDirectory /tmp/eval-dev-quality4045395265/plain/src/test/resources\n[INFO] \n[INFO] --- compiler:3.11.0:testCompile (default-testCompile) @ test-java-plain ---\n[INFO] Changes detected - recompiling the module! :dependency\n[WARNING] File encoding has not been set, using platform encoding UTF-8, i.e. build is platform dependent!\n[INFO] Compiling 1 source file with javac [debug target 11] to target/test-classes\n[INFO] -------------------------------------------------------------\n[WARNING] COMPILATION WARNING : \n[INFO] -------------------------------------------------------------\n[WARNING] system modules path not set in conjunction with -source 11\n[INFO] 1 warning\n[INFO] -------------------------------------------------------------\n[INFO] -------------------------------------------------------------\n[ERROR] COMPILATION ERROR : \n[INFO] -------------------------------------------------------------\n[ERROR] /tmp/eval-dev-quality4045395265/plain/src/test/java/com/eval/PlainTest.java:[2,16] com.eval.Plain is not public in com.eval; cannot be accessed from outside package\n[ERROR] /tmp/eval-dev-quality4045395265/plain/src/test/java/com/eval/PlainTest.java:[7,9] com.eval.Plain is not public in com.eval; cannot be accessed from outside package\n[INFO] 2 errors \n[INFO] -------------------------------------------------------------\n[INFO] ------------------------------------------------------------------------\n[INFO] BUILD FAILURE\n[INFO] ------------------------------------------------------------------------\n[INFO] Total time:  0.805 s\n[INFO] Finished at: 2024-06-06T10:17:27+02:00\n[INFO] ------------------------------------------------------------------------\n[ERROR] Failed to execute goal org.apache.maven.plugins:maven-compiler-plugin:3.11.0:testCompile (default-testCompile) on project test-java-plain: Compilation failure: Compilation failure: \n[ERROR] /tmp/eval-dev-quality4045395265/plain/src/test/java/com/eval/PlainTest.java:[2,16] com.eval.Plain is not public in com.eval; cannot be accessed from outside package\n[ERROR] /tmp/eval-dev-quality4045395265/plain/src/test/java/com/eval/PlainTest.java:[7,9] com.eval.Plain is not public in com.eval; cannot be accessed from outside package\n[ERROR] -> [Help 1]\n[ERROR] \n[ERROR] To see the full stack trace of the errors, re-run Maven with the -e switch.\n[ERROR] Re-run Maven using the -X switch to enable full debug logging.\n[ERROR] \n[ERROR] For more information about the errors and possible solutions, please read the following articles:\n[ERROR] [Help 1] http://cwiki.apache.org/confluence/display/MAVEN/MojoFailureException\n",
}
Stacktrace: goroutine 1 [running]:
gitlab.nethead.at/symflower/symflower/model/errors.NewInternalError({0x1f42da0?, 0xc0001d4040}, {0xffa8c0?, 0xc00063e048})
	gitlab.nethead.at/symflower/symflower/model/errors/error.go:850 +0x59
gitlab.nethead.at/symflower/symflower/language/java/execute.MavenDependencyCommand.func1()
	gitlab.nethead.at/symflower/symflower/language/java/execute/maven.go:80 +0x1ef
github.com/avast/retry-go.Do(0xc0007878b8, {0xc0007878a0, 0x3, 0x418c94?})
	github.com/avast/retry-go/retry.go:135 +0x5a3
gitlab.nethead.at/symflower/symflower/language/java/execute.MavenDependencyCommand({0xc000596030, 0x26}, 0x0, {0xc00058f860, 0x6, 0x6})
	gitlab.nethead.at/symflower/symflower/language/java/execute/maven.go:60 +0x1c5
gitlab.nethead.at/symflower/symflower/language/java/execute.MavenCloverCoverage({0xc000596030, 0x26})
	gitlab.nethead.at/symflower/symflower/language/java/execute/clover.go:131 +0xc9
gitlab.nethead.at/symflower/symflower/cmd/symflower-local/cmd.(*commandTest).Execute(0xc000490978, {0xc000490800?, 0x7f9eb06e6a18?, 0xc000490978?})
	gitlab.nethead.at/symflower/symflower/cmd/symflower-local/cmd/test.go:143 +0x54f
gitlab.nethead.at/symflower/symflower/cmd.ExecuteNoExit({0x1f425e0?, 0xc000490800}, {0xc0001a4000?, 0x0?, 0xc000171ed8?})
	gitlab.nethead.at/symflower/symflower/cmd/execute.go:56 +0x2d0
gitlab.nethead.at/symflower/symflower/cmd.Execute({0x1f425e0?, 0xc000490800?}, {0xc0001a4000?, 0x274c500?, 0xc000490800?})
	gitlab.nethead.at/symflower/symflower/cmd/execute.go:16 +0x26
gitlab.nethead.at/symflower/symflower/cmd.ExecuteWithOSArguments(...)
	gitlab.nethead.at/symflower/symflower/cmd/execute.go:75
main.main.func1()
	gitlab.nethead.at/symflower/symflower/cmd/symflower-demo/main.go:40 +0x34
gitlab.nethead.at/symflower/symflower/cmd/symflower-local/cmd.(*Command).WithPanicReporter(0xc000130058?, 0x2636b18?)
	gitlab.nethead.at/symflower/symflower/cmd/symflower-local/cmd/cmd.go:184 +0x48
main.main()
	gitlab.nethead.at/symflower/symflower/cmd/symflower-demo/main.go:39 +0xa5

2024/06/06 10:17:27 Evaluated model "openrouter/cohere/command-r" using language "java" and repository "java/plain": encountered 1 problems: [exit status 1
[0;34mGive us your feedback and let us know how we can improve Symflower at hello@symflower.com or https://github.com/symflower/symflower. Thanks so much for your help![0m
ERROR: All attempts fail:
#1: Internal error: exit status 1:
[]interface {}{
    "/tmp/eval-dev-quality4045395265/plain/",
    "[INFO] Scanning for projects...\n[WARNING] \n[WARNING] Some problems were encountered while building the effective model for eval.dev.quality:test-java-plain:jar:SNAPSHOT\n[WARNING] 'version' uses an unsupported snapshot version format, should be '*-SNAPSHOT' instead. @ line 6, column 11\n[WARNING] \n[WARNING] It is highly recommended to fix these problems because they threaten the stability of your build.\n[WARNING] \n[WARNING] For this reason, future Maven versions might no longer support building such malformed projects.\n[WARNING] \n[INFO] \n[INFO] ------------------< eval.dev.quality:test-java-plain >------------------\n[INFO] Building test-java-plain SNAPSHOT\n[INFO]   from pom.xml\n[INFO] --------------------------------[ jar ]---------------------------------\n[INFO] \n[INFO] --- clean:3.2.0:clean (default-clean) @ test-java-plain ---\n[INFO] \n[INFO] --- resources:3.3.1:resources (default-resources) @ test-java-plain ---\n[WARNING] Using platform encoding (UTF-8 actually) to copy filtered resources, i.e. build is platform dependent!\n[INFO] skip non existing resourceDirectory /tmp/eval-dev-quality4045395265/plain/src/main/resources\n[INFO] \n[INFO] --- compiler:3.11.0:compile (default-compile) @ test-java-plain ---\n[INFO] Changes detected - recompiling the module! :source\n[WARNING] File encoding has not been set, using platform encoding UTF-8, i.e. build is platform dependent!\n[INFO] Compiling 1 source file with javac [debug target 11] to target/classes\n[WARNING] system modules path not set in conjunction with -source 11\n[INFO] \n[INFO] --- resources:3.3.1:resources (default-resources) @ test-java-plain ---\n[WARNING] Using platform encoding (UTF-8 actually) to copy filtered resources, i.e. build is platform dependent!\n[INFO] skip non existing resourceDirectory /tmp/eval-dev-quality4045395265/plain/src/main/resources\n[INFO] \n[INFO] --- compiler:3.11.0:compile (default-compile) @ test-java-plain ---\n[INFO] Nothing to compile - all classes are up to date\n[INFO] \n[INFO] --- resources:3.3.1:testResources (default-testResources) @ test-java-plain ---\n[WARNING] Using platform encoding (UTF-8 actually) to copy filtered resources, i.e. build is platform dependent!\n[INFO] skip non existing resourceDirectory /tmp/eval-dev-quality4045395265/plain/src/test/resources\n[INFO] \n[INFO] --- compiler:3.11.0:testCompile (default-testCompile) @ test-java-plain ---\n[INFO] Changes detected - recompiling the module! :dependency\n[WARNING] File encoding has not been set, using platform encoding UTF-8, i.e. build is platform dependent!\n[INFO] Compiling 1 source file with javac [debug target 11] to target/test-classes\n[INFO] -------------------------------------------------------------\n[WARNING] COMPILATION WARNING : \n[INFO] -------------------------------------------------------------\n[WARNING] system modules path not set in conjunction with -source 11\n[INFO] 1 warning\n[INFO] -------------------------------------------------------------\n[INFO] -------------------------------------------------------------\n[ERROR] COMPILATION ERROR : \n[INFO] -------------------------------------------------------------\n[ERROR] /tmp/eval-dev-quality4045395265/plain/src/test/java/com/eval/PlainTest.java:[2,16] com.eval.Plain is not public in com.eval; cannot be accessed from outside package\n[ERROR] /tmp/eval-dev-quality4045395265/plain/src/test/java/com/eval/PlainTest.java:[7,9] com.eval.Plain is not public in com.eval; cannot be accessed from outside package\n[INFO] 2 errors \n[INFO] -------------------------------------------------------------\n[INFO] ------------------------------------------------------------------------\n[INFO] BUILD FAILURE\n[INFO] ------------------------------------------------------------------------\n[INFO] Total time:  0.805 s\n[INFO] Finished at: 2024-06-06T10:17:27+02:00\n[INFO] ------------------------------------------------------------------------\n[ERROR] Failed to execute goal org.apache.maven.plugins:maven-compiler-plugin:3.11.0:testCompile (default-testCompile) on project test-java-plain: Compilation failure: Compilation failure: \n[ERROR] /tmp/eval-dev-quality4045395265/plain/src/test/java/com/eval/PlainTest.java:[2,16] com.eval.Plain is not public in com.eval; cannot be accessed from outside package\n[ERROR] /tmp/eval-dev-quality4045395265/plain/src/test/java/com/eval/PlainTest.java:[7,9] com.eval.Plain is not public in com.eval; cannot be accessed from outside package\n[ERROR] -> [Help 1]\n[ERROR] \n[ERROR] To see the full stack trace of the errors, re-run Maven with the -e switch.\n[ERROR] Re-run Maven using the -X switch to enable full debug logging.\n[ERROR] \n[ERROR] For more information about the errors and possible solutions, please read the following articles:\n[ERROR] [Help 1] http://cwiki.apache.org/confluence/display/MAVEN/MojoFailureException\n",
}
Stacktrace: goroutine 1 [running]:
gitlab.nethead.at/symflower/symflower/model/errors.NewInternalError({0x1f42da0?, 0xc0001d4040}, {0xffa8c0?, 0xc00063e048})
	gitlab.nethead.at/symflower/symflower/model/errors/error.go:850 +0x59
gitlab.nethead.at/symflower/symflower/language/java/execute.MavenDependencyCommand.func1()
	gitlab.nethead.at/symflower/symflower/language/java/execute/maven.go:80 +0x1ef
github.com/avast/retry-go.Do(0xc0007878b8, {0xc0007878a0, 0x3, 0x418c94?})
	github.com/avast/retry-go/retry.go:135 +0x5a3
gitlab.nethead.at/symflower/symflower/language/java/execute.MavenDependencyCommand({0xc000596030, 0x26}, 0x0, {0xc00058f860, 0x6, 0x6})
	gitlab.nethead.at/symflower/symflower/language/java/execute/maven.go:60 +0x1c5
gitlab.nethead.at/symflower/symflower/language/java/execute.MavenCloverCoverage({0xc000596030, 0x26})
	gitlab.nethead.at/symflower/symflower/language/java/execute/clover.go:131 +0xc9
gitlab.nethead.at/symflower/symflower/cmd/symflower-local/cmd.(*commandTest).Execute(0xc000490978, {0xc000490800?, 0x7f9eb06e6a18?, 0xc000490978?})
	gitlab.nethead.at/symflower/symflower/cmd/symflower-local/cmd/test.go:143 +0x54f
gitlab.nethead.at/symflower/symflower/cmd.ExecuteNoExit({0x1f425e0?, 0xc000490800}, {0xc0001a4000?, 0x0?, 0xc000171ed8?})
	gitlab.nethead.at/symflower/symflower/cmd/execute.go:56 +0x2d0
gitlab.nethead.at/symflower/symflower/cmd.Execute({0x1f425e0?, 0xc000490800?}, {0xc0001a4000?, 0x274c500?, 0xc000490800?})
	gitlab.nethead.at/symflower/symflower/cmd/execute.go:16 +0x26
gitlab.nethead.at/symflower/symflower/cmd.ExecuteWithOSArguments(...)
	gitlab.nethead.at/symflower/symflower/cmd/execute.go:75
main.main.func1()
	gitlab.nethead.at/symflower/symflower/cmd/symflower-demo/main.go:40 +0x34
gitlab.nethead.at/symflower/symflower/cmd/symflower-local/cmd.(*Command).WithPanicReporter(0xc000130058?, 0x2636b18?)
	gitlab.nethead.at/symflower/symflower/cmd/symflower-local/cmd/cmd.go:184 +0x48
main.main()
	gitlab.nethead.at/symflower/symflower/cmd/symflower-demo/main.go:39 +0xa5


github.com/symflower/eval-dev-quality/util.CommandWithResult
	/home/eval/eval-dev-quality/util/exec.go:52
github.com/symflower/eval-dev-quality/language/java.(*Language).Execute
	/home/eval/eval-dev-quality/language/java/language.go:94
github.com/symflower/eval-dev-quality/evaluate.Repository
	/home/eval/eval-dev-quality/evaluate/repository.go:57
github.com/symflower/eval-dev-quality/evaluate.Evaluate.func1
	/home/eval/eval-dev-quality/evaluate/evaluate.go:119
github.com/symflower/eval-dev-quality/evaluate.withLoadedModel
	/home/eval/eval-dev-quality/evaluate/evaluate.go:253
github.com/symflower/eval-dev-quality/evaluate.Evaluate
	/home/eval/eval-dev-quality/evaluate/evaluate.go:109
github.com/symflower/eval-dev-quality/cmd/eval-dev-quality/cmd.(*Evaluate).Execute
	/home/eval/eval-dev-quality/cmd/eval-dev-quality/cmd/evaluate.go:284
github.com/symflower/eval-dev-quality/cmd/eval-dev-quality/cmd.Execute.func1
	/home/eval/eval-dev-quality/cmd/eval-dev-quality/cmd/command.go:34
github.com/jessevdk/go-flags.(*Parser).ParseArgs
	/home/eval/go/pkg/mod/github.com/jessevdk/go-flags@v1.5.1-0.20210607101731-3927b71304df/parser.go:333
github.com/symflower/eval-dev-quality/cmd/eval-dev-quality/cmd.Execute
	/home/eval/eval-dev-quality/cmd/eval-dev-quality/cmd/command.go:37
main.main
	/home/eval/eval-dev-quality/cmd/eval-dev-quality/main.go:11
runtime.main
	/home/eval/go/src/runtime/proc.go:267
runtime.goexit
	/home/eval/go/src/runtime/asm_amd64.s:1650
github.com/symflower/eval-dev-quality/language/java.(*Language).Execute
	/home/eval/eval-dev-quality/language/java/language.go:105
github.com/symflower/eval-dev-quality/evaluate.Repository
	/home/eval/eval-dev-quality/evaluate/repository.go:57
github.com/symflower/eval-dev-quality/evaluate.Evaluate.func1
	/home/eval/eval-dev-quality/evaluate/evaluate.go:119
github.com/symflower/eval-dev-quality/evaluate.withLoadedModel
	/home/eval/eval-dev-quality/evaluate/evaluate.go:253
github.com/symflower/eval-dev-quality/evaluate.Evaluate
	/home/eval/eval-dev-quality/evaluate/evaluate.go:109
github.com/symflower/eval-dev-quality/cmd/eval-dev-quality/cmd.(*Evaluate).Execute
	/home/eval/eval-dev-quality/cmd/eval-dev-quality/cmd/evaluate.go:284
github.com/symflower/eval-dev-quality/cmd/eval-dev-quality/cmd.Execute.func1
	/home/eval/eval-dev-quality/cmd/eval-dev-quality/cmd/command.go:34
github.com/jessevdk/go-flags.(*Parser).ParseArgs
	/home/eval/go/pkg/mod/github.com/jessevdk/go-flags@v1.5.1-0.20210607101731-3927b71304df/parser.go:333
github.com/symflower/eval-dev-quality/cmd/eval-dev-quality/cmd.Execute
	/home/eval/eval-dev-quality/cmd/eval-dev-quality/cmd/command.go:37
main.main
	/home/eval/eval-dev-quality/cmd/eval-dev-quality/main.go:11
runtime.main
	/home/eval/go/src/runtime/proc.go:267
runtime.goexit
	/home/eval/go/src/runtime/asm_amd64.s:1650
[0;34mGive us your feedback and let us know how we can improve Symflower at hello@symflower.com or https://github.com/symflower/symflower. Thanks so much for your help![0m
ERROR: All attempts fail:
#1: Internal error: exit status 1:
[]interface {}{
    "/tmp/eval-dev-quality4045395265/plain/",
    "[INFO] Scanning for projects...\n[WARNING] \n[WARNING] Some problems were encountered while building the effective model for eval.dev.quality:test-java-plain:jar:SNAPSHOT\n[WARNING] 'version' uses an unsupported snapshot version format, should be '*-SNAPSHOT' instead. @ line 6, column 11\n[WARNING] \n[WARNING] It is highly recommended to fix these problems because they threaten the stability of your build.\n[WARNING] \n[WARNING] For this reason, future Maven versions might no longer support building such malformed projects.\n[WARNING] \n[INFO] \n[INFO] ------------------< eval.dev.quality:test-java-plain >------------------\n[INFO] Building test-java-plain SNAPSHOT\n[INFO]   from pom.xml\n[INFO] --------------------------------[ jar ]---------------------------------\n[INFO] \n[INFO] --- clean:3.2.0:clean (default-clean) @ test-java-plain ---\n[INFO] \n[INFO] --- resources:3.3.1:resources (default-resources) @ test-java-plain ---\n[WARNING] Using platform encoding (UTF-8 actually) to copy filtered resources, i.e. build is platform dependent!\n[INFO] skip non existing resourceDirectory /tmp/eval-dev-quality4045395265/plain/src/main/resources\n[INFO] \n[INFO] --- compiler:3.11.0:compile (default-compile) @ test-java-plain ---\n[INFO] Changes detected - recompiling the module! :source\n[WARNING] File encoding has not been set, using platform encoding UTF-8, i.e. build is platform dependent!\n[INFO] Compiling 1 source file with javac [debug target 11] to target/classes\n[WARNING] system modules path not set in conjunction with -source 11\n[INFO] \n[INFO] --- resources:3.3.1:resources (default-resources) @ test-java-plain ---\n[WARNING] Using platform encoding (UTF-8 actually) to copy filtered resources, i.e. build is platform dependent!\n[INFO] skip non existing resourceDirectory /tmp/eval-dev-quality4045395265/plain/src/main/resources\n[INFO] \n[INFO] --- compiler:3.11.0:compile (default-compile) @ test-java-plain ---\n[INFO] Nothing to compile - all classes are up to date\n[INFO] \n[INFO] --- resources:3.3.1:testResources (default-testResources) @ test-java-plain ---\n[WARNING] Using platform encoding (UTF-8 actually) to copy filtered resources, i.e. build is platform dependent!\n[INFO] skip non existing resourceDirectory /tmp/eval-dev-quality4045395265/plain/src/test/resources\n[INFO] \n[INFO] --- compiler:3.11.0:testCompile (default-testCompile) @ test-java-plain ---\n[INFO] Changes detected - recompiling the module! :dependency\n[WARNING] File encoding has not been set, using platform encoding UTF-8, i.e. build is platform dependent!\n[INFO] Compiling 1 source file with javac [debug target 11] to target/test-classes\n[INFO] -------------------------------------------------------------\n[WARNING] COMPILATION WARNING : \n[INFO] -------------------------------------------------------------\n[WARNING] system modules path not set in conjunction with -source 11\n[INFO] 1 warning\n[INFO] -------------------------------------------------------------\n[INFO] -------------------------------------------------------------\n[ERROR] COMPILATION ERROR : \n[INFO] -------------------------------------------------------------\n[ERROR] /tmp/eval-dev-quality4045395265/plain/src/test/java/com/eval/PlainTest.java:[2,16] com.eval.Plain is not public in com.eval; cannot be accessed from outside package\n[ERROR] /tmp/eval-dev-quality4045395265/plain/src/test/java/com/eval/PlainTest.java:[7,9] com.eval.Plain is not public in com.eval; cannot be accessed from outside package\n[INFO] 2 errors \n[INFO] -------------------------------------------------------------\n[INFO] ------------------------------------------------------------------------\n[INFO] BUILD FAILURE\n[INFO] ------------------------------------------------------------------------\n[INFO] Total time:  0.805 s\n[INFO] Finished at: 2024-06-06T10:17:27+02:00\n[INFO] ------------------------------------------------------------------------\n[ERROR] Failed to execute goal org.apache.maven.plugins:maven-compiler-plugin:3.11.0:testCompile (default-testCompile) on project test-java-plain: Compilation failure: Compilation failure: \n[ERROR] /tmp/eval-dev-quality4045395265/plain/src/test/java/com/eval/PlainTest.java:[2,16] com.eval.Plain is not public in com.eval; cannot be accessed from outside package\n[ERROR] /tmp/eval-dev-quality4045395265/plain/src/test/java/com/eval/PlainTest.java:[7,9] com.eval.Plain is not public in com.eval; cannot be accessed from outside package\n[ERROR] -> [Help 1]\n[ERROR] \n[ERROR] To see the full stack trace of the errors, re-run Maven with the -e switch.\n[ERROR] Re-run Maven using the -X switch to enable full debug logging.\n[ERROR] \n[ERROR] For more information about the errors and possible solutions, please read the following articles:\n[ERROR] [Help 1] http://cwiki.apache.org/confluence/display/MAVEN/MojoFailureException\n",
}
Stacktrace: goroutine 1 [running]:
gitlab.nethead.at/symflower/symflower/model/errors.NewInternalError({0x1f42da0?, 0xc0001d4040}, {0xffa8c0?, 0xc00063e048})
	gitlab.nethead.at/symflower/symflower/model/errors/error.go:850 +0x59
gitlab.nethead.at/symflower/symflower/language/java/execute.MavenDependencyCommand.func1()
	gitlab.nethead.at/symflower/symflower/language/java/execute/maven.go:80 +0x1ef
github.com/avast/retry-go.Do(0xc0007878b8, {0xc0007878a0, 0x3, 0x418c94?})
	github.com/avast/retry-go/retry.go:135 +0x5a3
gitlab.nethead.at/symflower/symflower/language/java/execute.MavenDependencyCommand({0xc000596030, 0x26}, 0x0, {0xc00058f860, 0x6, 0x6})
	gitlab.nethead.at/symflower/symflower/language/java/execute/maven.go:60 +0x1c5
gitlab.nethead.at/symflower/symflower/language/java/execute.MavenCloverCoverage({0xc000596030, 0x26})
	gitlab.nethead.at/symflower/symflower/language/java/execute/clover.go:131 +0xc9
gitlab.nethead.at/symflower/symflower/cmd/symflower-local/cmd.(*commandTest).Execute(0xc000490978, {0xc000490800?, 0x7f9eb06e6a18?, 0xc000490978?})
	gitlab.nethead.at/symflower/symflower/cmd/symflower-local/cmd/test.go:143 +0x54f
gitlab.nethead.at/symflower/symflower/cmd.ExecuteNoExit({0x1f425e0?, 0xc000490800}, {0xc0001a4000?, 0x0?, 0xc000171ed8?})
	gitlab.nethead.at/symflower/symflower/cmd/execute.go:56 +0x2d0
gitlab.nethead.at/symflower/symflower/cmd.Execute({0x1f425e0?, 0xc000490800?}, {0xc0001a4000?, 0x274c500?, 0xc000490800?})
	gitlab.nethead.at/symflower/symflower/cmd/execute.go:16 +0x26
gitlab.nethead.at/symflower/symflower/cmd.ExecuteWithOSArguments(...)
	gitlab.nethead.at/symflower/symflower/cmd/execute.go:75
main.main.func1()
	gitlab.nethead.at/symflower/symflower/cmd/symflower-demo/main.go:40 +0x34
gitlab.nethead.at/symflower/symflower/cmd/symflower-local/cmd.(*Command).WithPanicReporter(0xc000130058?, 0x2636b18?)
	gitlab.nethead.at/symflower/symflower/cmd/symflower-local/cmd/cmd.go:184 +0x48
main.main()
	gitlab.nethead.at/symflower/symflower/cmd/symflower-demo/main.go:39 +0xa5


src/main/java/com/eval/Plain.java]
2024/06/06 10:27:50 Evaluating model "openrouter/cohere/command-r" using language "java" and repository "java/plain"
2024/06/06 10:27:50 Querying model "openrouter/cohere/command-r" with:
	Given the following Java code file "src/main/java/com/eval/Plain.java" with package "com.eval", provide a test file for this code with JUnit 5 as a test framework.
	The tests should produce 100 percent code coverage and must compile.
	The response must contain only the test code and nothing else.

	```java
	package com.eval;

	class Plain {
	    static void plain() {
	    }
	}
	```
2024/06/06 10:27:51 Model "openrouter/cohere/command-r" responded (841 ms) with:
	```java
	package com.eval;

	import org.junit.jupiter.api.Test;
	import org.junit.jupiter.api.assertion. Assurances;

	class Plain getTest {

	    @Test
	    void testPlain() {
	        Plain.plain();
	        Assurances.assertPrintLetJDKDoTheWork();
	    }
	}
	```
2024/06/06 10:27:51 $ symflower test --language java --workspace /tmp/eval-dev-quality4045395265/plain --coverage-file /tmp/eval-dev-quality4045395265/plain/coverage.json
[0;34mGive us your feedback and let us know how we can improve Symflower at hello@symflower.com or https://github.com/symflower/symflower. Thanks so much for your help![0m
ERROR: All attempts fail:
#1: Internal error: exit status 1:
[]interface {}{
    "/tmp/eval-dev-quality4045395265/plain/",
    "[INFO] Scanning for projects...\n[WARNING] \n[WARNING] Some problems were encountered while building the effective model for eval.dev.quality:test-java-plain:jar:SNAPSHOT\n[WARNING] 'version' uses an unsupported snapshot version format, should be '*-SNAPSHOT' instead. @ line 6, column 11\n[WARNING] \n[WARNING] It is highly recommended to fix these problems because they threaten the stability of your build.\n[WARNING] \n[WARNING] For this reason, future Maven versions might no longer support building such malformed projects.\n[WARNING] \n[INFO] \n[INFO] ------------------< eval.dev.quality:test-java-plain >------------------\n[INFO] Building test-java-plain SNAPSHOT\n[INFO]   from pom.xml\n[INFO] --------------------------------[ jar ]---------------------------------\n[INFO] \n[INFO] --- clean:3.2.0:clean (default-clean) @ test-java-plain ---\n[INFO] \n[INFO] --- resources:3.3.1:resources (default-resources) @ test-java-plain ---\n[WARNING] Using platform encoding (UTF-8 actually) to copy filtered resources, i.e. build is platform dependent!\n[INFO] skip non existing resourceDirectory /tmp/eval-dev-quality4045395265/plain/src/main/resources\n[INFO] \n[INFO] --- compiler:3.11.0:compile (default-compile) @ test-java-plain ---\n[INFO] Changes detected - recompiling the module! :source\n[WARNING] File encoding has not been set, using platform encoding UTF-8, i.e. build is platform dependent!\n[INFO] Compiling 1 source file with javac [debug target 11] to target/classes\n[WARNING] system modules path not set in conjunction with -source 11\n[INFO] \n[INFO] --- resources:3.3.1:resources (default-resources) @ test-java-plain ---\n[WARNING] Using platform encoding (UTF-8 actually) to copy filtered resources, i.e. build is platform dependent!\n[INFO] skip non existing resourceDirectory /tmp/eval-dev-quality4045395265/plain/src/main/resources\n[INFO] \n[INFO] --- compiler:3.11.0:compile (default-compile) @ test-java-plain ---\n[INFO] Nothing to compile - all classes are up to date\n[INFO] \n[INFO] --- resources:3.3.1:testResources (default-testResources) @ test-java-plain ---\n[WARNING] Using platform encoding (UTF-8 actually) to copy filtered resources, i.e. build is platform dependent!\n[INFO] skip non existing resourceDirectory /tmp/eval-dev-quality4045395265/plain/src/test/resources\n[INFO] \n[INFO] --- compiler:3.11.0:testCompile (default-testCompile) @ test-java-plain ---\n[INFO] Changes detected - recompiling the module! :dependency\n[WARNING] File encoding has not been set, using platform encoding UTF-8, i.e. build is platform dependent!\n[INFO] Compiling 1 source file with javac [debug target 11] to target/test-classes\n[INFO] -------------------------------------------------------------\n[WARNING] COMPILATION WARNING : \n[INFO] -------------------------------------------------------------\n[WARNING] system modules path not set in conjunction with -source 11\n[INFO] 1 warning\n[INFO] -------------------------------------------------------------\n[INFO] -------------------------------------------------------------\n[ERROR] COMPILATION ERROR : \n[INFO] -------------------------------------------------------------\n[ERROR] /tmp/eval-dev-quality4045395265/plain/src/test/java/com/eval/PlainTest.java:[6,12] '{' expected\n[INFO] 1 error\n[INFO] -------------------------------------------------------------\n[INFO] ------------------------------------------------------------------------\n[INFO] BUILD FAILURE\n[INFO] ------------------------------------------------------------------------\n[INFO] Total time:  0.715 s\n[INFO] Finished at: 2024-06-06T10:27:53+02:00\n[INFO] ------------------------------------------------------------------------\n[ERROR] Failed to execute goal org.apache.maven.plugins:maven-compiler-plugin:3.11.0:testCompile (default-testCompile) on project test-java-plain: Compilation failure\n[ERROR] /tmp/eval-dev-quality4045395265/plain/src/test/java/com/eval/PlainTest.java:[6,12] '{' expected\n[ERROR] \n[ERROR] -> [Help 1]\n[ERROR] \n[ERROR] To see the full stack trace of the errors, re-run Maven with the -e switch.\n[ERROR] Re-run Maven using the -X switch to enable full debug logging.\n[ERROR] \n[ERROR] For more information about the errors and possible solutions, please read the following articles:\n[ERROR] [Help 1] http://cwiki.apache.org/confluence/display/MAVEN/MojoFailureException\n",
}
Stacktrace: goroutine 1 [running]:
gitlab.nethead.at/symflower/symflower/model/errors.NewInternalError({0x1f42da0?, 0xc0001a8060}, {0xffa8c0?, 0xc000574018})
	gitlab.nethead.at/symflower/symflower/model/errors/error.go:850 +0x59
gitlab.nethead.at/symflower/symflower/language/java/execute.MavenDependencyCommand.func1()
	gitlab.nethead.at/symflower/symflower/language/java/execute/maven.go:80 +0x1ef
github.com/avast/retry-go.Do(0xc0007158b8, {0xc0007158a0, 0x3, 0x418c94?})
	github.com/avast/retry-go/retry.go:135 +0x5a3
gitlab.nethead.at/symflower/symflower/language/java/execute.MavenDependencyCommand({0xc0001cc0c0, 0x26}, 0x0, {0xc0007ab9e0, 0x6, 0x6})
	gitlab.nethead.at/symflower/symflower/language/java/execute/maven.go:60 +0x1c5
gitlab.nethead.at/symflower/symflower/language/java/execute.MavenCloverCoverage({0xc0001cc0c0, 0x26})
	gitlab.nethead.at/symflower/symflower/language/java/execute/clover.go:131 +0xc9
gitlab.nethead.at/symflower/symflower/cmd/symflower-local/cmd.(*commandTest).Execute(0xc00050e978, {0xc00050e800?, 0x7f6a4c7ed9b8?, 0xc00050e978?})
	gitlab.nethead.at/symflower/symflower/cmd/symflower-local/cmd/test.go:143 +0x54f
gitlab.nethead.at/symflower/symflower/cmd.ExecuteNoExit({0x1f425e0?, 0xc00050e800}, {0xc0001c2000?, 0x2782d80?, 0xc00059bed8?})
	gitlab.nethead.at/symflower/symflower/cmd/execute.go:56 +0x2d0
gitlab.nethead.at/symflower/symflower/cmd.Execute({0x1f425e0?, 0xc00050e800?}, {0xc0001c2000?, 0x274c500?, 0xc00050e800?})
	gitlab.nethead.at/symflower/symflower/cmd/execute.go:16 +0x26
gitlab.nethead.at/symflower/symflower/cmd.ExecuteWithOSArguments(...)
	gitlab.nethead.at/symflower/symflower/cmd/execute.go:75
main.main.func1()
	gitlab.nethead.at/symflower/symflower/cmd/symflower-demo/main.go:40 +0x34
gitlab.nethead.at/symflower/symflower/cmd/symflower-local/cmd.(*Command).WithPanicReporter(0xc00018e058?, 0x2636b18?)
	gitlab.nethead.at/symflower/symflower/cmd/symflower-local/cmd/cmd.go:184 +0x48
main.main()
	gitlab.nethead.at/symflower/symflower/cmd/symflower-demo/main.go:39 +0xa5

2024/06/06 10:27:53 Evaluated model "openrouter/cohere/command-r" using language "java" and repository "java/plain": encountered 1 problems: [exit status 1
[0;34mGive us your feedback and let us know how we can improve Symflower at hello@symflower.com or https://github.com/symflower/symflower. Thanks so much for your help![0m
ERROR: All attempts fail:
#1: Internal error: exit status 1:
[]interface {}{
    "/tmp/eval-dev-quality4045395265/plain/",
    "[INFO] Scanning for projects...\n[WARNING] \n[WARNING] Some problems were encountered while building the effective model for eval.dev.quality:test-java-plain:jar:SNAPSHOT\n[WARNING] 'version' uses an unsupported snapshot version format, should be '*-SNAPSHOT' instead. @ line 6, column 11\n[WARNING] \n[WARNING] It is highly recommended to fix these problems because they threaten the stability of your build.\n[WARNING] \n[WARNING] For this reason, future Maven versions might no longer support building such malformed projects.\n[WARNING] \n[INFO] \n[INFO] ------------------< eval.dev.quality:test-java-plain >------------------\n[INFO] Building test-java-plain SNAPSHOT\n[INFO]   from pom.xml\n[INFO] --------------------------------[ jar ]---------------------------------\n[INFO] \n[INFO] --- clean:3.2.0:clean (default-clean) @ test-java-plain ---\n[INFO] \n[INFO] --- resources:3.3.1:resources (default-resources) @ test-java-plain ---\n[WARNING] Using platform encoding (UTF-8 actually) to copy filtered resources, i.e. build is platform dependent!\n[INFO] skip non existing resourceDirectory /tmp/eval-dev-quality4045395265/plain/src/main/resources\n[INFO] \n[INFO] --- compiler:3.11.0:compile (default-compile) @ test-java-plain ---\n[INFO] Changes detected - recompiling the module! :source\n[WARNING] File encoding has not been set, using platform encoding UTF-8, i.e. build is platform dependent!\n[INFO] Compiling 1 source file with javac [debug target 11] to target/classes\n[WARNING] system modules path not set in conjunction with -source 11\n[INFO] \n[INFO] --- resources:3.3.1:resources (default-resources) @ test-java-plain ---\n[WARNING] Using platform encoding (UTF-8 actually) to copy filtered resources, i.e. build is platform dependent!\n[INFO] skip non existing resourceDirectory /tmp/eval-dev-quality4045395265/plain/src/main/resources\n[INFO] \n[INFO] --- compiler:3.11.0:compile (default-compile) @ test-java-plain ---\n[INFO] Nothing to compile - all classes are up to date\n[INFO] \n[INFO] --- resources:3.3.1:testResources (default-testResources) @ test-java-plain ---\n[WARNING] Using platform encoding (UTF-8 actually) to copy filtered resources, i.e. build is platform dependent!\n[INFO] skip non existing resourceDirectory /tmp/eval-dev-quality4045395265/plain/src/test/resources\n[INFO] \n[INFO] --- compiler:3.11.0:testCompile (default-testCompile) @ test-java-plain ---\n[INFO] Changes detected - recompiling the module! :dependency\n[WARNING] File encoding has not been set, using platform encoding UTF-8, i.e. build is platform dependent!\n[INFO] Compiling 1 source file with javac [debug target 11] to target/test-classes\n[INFO] -------------------------------------------------------------\n[WARNING] COMPILATION WARNING : \n[INFO] -------------------------------------------------------------\n[WARNING] system modules path not set in conjunction with -source 11\n[INFO] 1 warning\n[INFO] -------------------------------------------------------------\n[INFO] -------------------------------------------------------------\n[ERROR] COMPILATION ERROR : \n[INFO] -------------------------------------------------------------\n[ERROR] /tmp/eval-dev-quality4045395265/plain/src/test/java/com/eval/PlainTest.java:[6,12] '{' expected\n[INFO] 1 error\n[INFO] -------------------------------------------------------------\n[INFO] ------------------------------------------------------------------------\n[INFO] BUILD FAILURE\n[INFO] ------------------------------------------------------------------------\n[INFO] Total time:  0.715 s\n[INFO] Finished at: 2024-06-06T10:27:53+02:00\n[INFO] ------------------------------------------------------------------------\n[ERROR] Failed to execute goal org.apache.maven.plugins:maven-compiler-plugin:3.11.0:testCompile (default-testCompile) on project test-java-plain: Compilation failure\n[ERROR] /tmp/eval-dev-quality4045395265/plain/src/test/java/com/eval/PlainTest.java:[6,12] '{' expected\n[ERROR] \n[ERROR] -> [Help 1]\n[ERROR] \n[ERROR] To see the full stack trace of the errors, re-run Maven with the -e switch.\n[ERROR] Re-run Maven using the -X switch to enable full debug logging.\n[ERROR] \n[ERROR] For more information about the errors and possible solutions, please read the following articles:\n[ERROR] [Help 1] http://cwiki.apache.org/confluence/display/MAVEN/MojoFailureException\n",
}
Stacktrace: goroutine 1 [running]:
gitlab.nethead.at/symflower/symflower/model/errors.NewInternalError({0x1f42da0?, 0xc0001a8060}, {0xffa8c0?, 0xc000574018})
	gitlab.nethead.at/symflower/symflower/model/errors/error.go:850 +0x59
gitlab.nethead.at/symflower/symflower/language/java/execute.MavenDependencyCommand.func1()
	gitlab.nethead.at/symflower/symflower/language/java/execute/maven.go:80 +0x1ef
github.com/avast/retry-go.Do(0xc0007158b8, {0xc0007158a0, 0x3, 0x418c94?})
	github.com/avast/retry-go/retry.go:135 +0x5a3
gitlab.nethead.at/symflower/symflower/language/java/execute.MavenDependencyCommand({0xc0001cc0c0, 0x26}, 0x0, {0xc0007ab9e0, 0x6, 0x6})
	gitlab.nethead.at/symflower/symflower/language/java/execute/maven.go:60 +0x1c5
gitlab.nethead.at/symflower/symflower/language/java/execute.MavenCloverCoverage({0xc0001cc0c0, 0x26})
	gitlab.nethead.at/symflower/symflower/language/java/execute/clover.go:131 +0xc9
gitlab.nethead.at/symflower/symflower/cmd/symflower-local/cmd.(*commandTest).Execute(0xc00050e978, {0xc00050e800?, 0x7f6a4c7ed9b8?, 0xc00050e978?})
	gitlab.nethead.at/symflower/symflower/cmd/symflower-local/cmd/test.go:143 +0x54f
gitlab.nethead.at/symflower/symflower/cmd.ExecuteNoExit({0x1f425e0?, 0xc00050e800}, {0xc0001c2000?, 0x2782d80?, 0xc00059bed8?})
	gitlab.nethead.at/symflower/symflower/cmd/execute.go:56 +0x2d0
gitlab.nethead.at/symflower/symflower/cmd.Execute({0x1f425e0?, 0xc00050e800?}, {0xc0001c2000?, 0x274c500?, 0xc00050e800?})
	gitlab.nethead.at/symflower/symflower/cmd/execute.go:16 +0x26
gitlab.nethead.at/symflower/symflower/cmd.ExecuteWithOSArguments(...)
	gitlab.nethead.at/symflower/symflower/cmd/execute.go:75
main.main.func1()
	gitlab.nethead.at/symflower/symflower/cmd/symflower-demo/main.go:40 +0x34
gitlab.nethead.at/symflower/symflower/cmd/symflower-local/cmd.(*Command).WithPanicReporter(0xc00018e058?, 0x2636b18?)
	gitlab.nethead.at/symflower/symflower/cmd/symflower-local/cmd/cmd.go:184 +0x48
main.main()
	gitlab.nethead.at/symflower/symflower/cmd/symflower-demo/main.go:39 +0xa5


github.com/symflower/eval-dev-quality/util.CommandWithResult
	/home/eval/eval-dev-quality/util/exec.go:52
github.com/symflower/eval-dev-quality/language/java.(*Language).Execute
	/home/eval/eval-dev-quality/language/java/language.go:94
github.com/symflower/eval-dev-quality/evaluate.Repository
	/home/eval/eval-dev-quality/evaluate/repository.go:57
github.com/symflower/eval-dev-quality/evaluate.Evaluate.func1
	/home/eval/eval-dev-quality/evaluate/evaluate.go:119
github.com/symflower/eval-dev-quality/evaluate.withLoadedModel
	/home/eval/eval-dev-quality/evaluate/evaluate.go:253
github.com/symflower/eval-dev-quality/evaluate.Evaluate
	/home/eval/eval-dev-quality/evaluate/evaluate.go:109
github.com/symflower/eval-dev-quality/cmd/eval-dev-quality/cmd.(*Evaluate).Execute
	/home/eval/eval-dev-quality/cmd/eval-dev-quality/cmd/evaluate.go:284
github.com/symflower/eval-dev-quality/cmd/eval-dev-quality/cmd.Execute.func1
	/home/eval/eval-dev-quality/cmd/eval-dev-quality/cmd/command.go:34
github.com/jessevdk/go-flags.(*Parser).ParseArgs
	/home/eval/go/pkg/mod/github.com/jessevdk/go-flags@v1.5.1-0.20210607101731-3927b71304df/parser.go:333
github.com/symflower/eval-dev-quality/cmd/eval-dev-quality/cmd.Execute
	/home/eval/eval-dev-quality/cmd/eval-dev-quality/cmd/command.go:37
main.main
	/home/eval/eval-dev-quality/cmd/eval-dev-quality/main.go:11
runtime.main
	/home/eval/go/src/runtime/proc.go:267
runtime.goexit
	/home/eval/go/src/runtime/asm_amd64.s:1650
github.com/symflower/eval-dev-quality/language/java.(*Language).Execute
	/home/eval/eval-dev-quality/language/java/language.go:105
github.com/symflower/eval-dev-quality/evaluate.Repository
	/home/eval/eval-dev-quality/evaluate/repository.go:57
github.com/symflower/eval-dev-quality/evaluate.Evaluate.func1
	/home/eval/eval-dev-quality/evaluate/evaluate.go:119
github.com/symflower/eval-dev-quality/evaluate.withLoadedModel
	/home/eval/eval-dev-quality/evaluate/evaluate.go:253
github.com/symflower/eval-dev-quality/evaluate.Evaluate
	/home/eval/eval-dev-quality/evaluate/evaluate.go:109
github.com/symflower/eval-dev-quality/cmd/eval-dev-quality/cmd.(*Evaluate).Execute
	/home/eval/eval-dev-quality/cmd/eval-dev-quality/cmd/evaluate.go:284
github.com/symflower/eval-dev-quality/cmd/eval-dev-quality/cmd.Execute.func1
	/home/eval/eval-dev-quality/cmd/eval-dev-quality/cmd/command.go:34
github.com/jessevdk/go-flags.(*Parser).ParseArgs
	/home/eval/go/pkg/mod/github.com/jessevdk/go-flags@v1.5.1-0.20210607101731-3927b71304df/parser.go:333
github.com/symflower/eval-dev-quality/cmd/eval-dev-quality/cmd.Execute
	/home/eval/eval-dev-quality/cmd/eval-dev-quality/cmd/command.go:37
main.main
	/home/eval/eval-dev-quality/cmd/eval-dev-quality/main.go:11
runtime.main
	/home/eval/go/src/runtime/proc.go:267
runtime.goexit
	/home/eval/go/src/runtime/asm_amd64.s:1650
[0;34mGive us your feedback and let us know how we can improve Symflower at hello@symflower.com or https://github.com/symflower/symflower. Thanks so much for your help![0m
ERROR: All attempts fail:
#1: Internal error: exit status 1:
[]interface {}{
    "/tmp/eval-dev-quality4045395265/plain/",
    "[INFO] Scanning for projects...\n[WARNING] \n[WARNING] Some problems were encountered while building the effective model for eval.dev.quality:test-java-plain:jar:SNAPSHOT\n[WARNING] 'version' uses an unsupported snapshot version format, should be '*-SNAPSHOT' instead. @ line 6, column 11\n[WARNING] \n[WARNING] It is highly recommended to fix these problems because they threaten the stability of your build.\n[WARNING] \n[WARNING] For this reason, future Maven versions might no longer support building such malformed projects.\n[WARNING] \n[INFO] \n[INFO] ------------------< eval.dev.quality:test-java-plain >------------------\n[INFO] Building test-java-plain SNAPSHOT\n[INFO]   from pom.xml\n[INFO] --------------------------------[ jar ]---------------------------------\n[INFO] \n[INFO] --- clean:3.2.0:clean (default-clean) @ test-java-plain ---\n[INFO] \n[INFO] --- resources:3.3.1:resources (default-resources) @ test-java-plain ---\n[WARNING] Using platform encoding (UTF-8 actually) to copy filtered resources, i.e. build is platform dependent!\n[INFO] skip non existing resourceDirectory /tmp/eval-dev-quality4045395265/plain/src/main/resources\n[INFO] \n[INFO] --- compiler:3.11.0:compile (default-compile) @ test-java-plain ---\n[INFO] Changes detected - recompiling the module! :source\n[WARNING] File encoding has not been set, using platform encoding UTF-8, i.e. build is platform dependent!\n[INFO] Compiling 1 source file with javac [debug target 11] to target/classes\n[WARNING] system modules path not set in conjunction with -source 11\n[INFO] \n[INFO] --- resources:3.3.1:resources (default-resources) @ test-java-plain ---\n[WARNING] Using platform encoding (UTF-8 actually) to copy filtered resources, i.e. build is platform dependent!\n[INFO] skip non existing resourceDirectory /tmp/eval-dev-quality4045395265/plain/src/main/resources\n[INFO] \n[INFO] --- compiler:3.11.0:compile (default-compile) @ test-java-plain ---\n[INFO] Nothing to compile - all classes are up to date\n[INFO] \n[INFO] --- resources:3.3.1:testResources (default-testResources) @ test-java-plain ---\n[WARNING] Using platform encoding (UTF-8 actually) to copy filtered resources, i.e. build is platform dependent!\n[INFO] skip non existing resourceDirectory /tmp/eval-dev-quality4045395265/plain/src/test/resources\n[INFO] \n[INFO] --- compiler:3.11.0:testCompile (default-testCompile) @ test-java-plain ---\n[INFO] Changes detected - recompiling the module! :dependency\n[WARNING] File encoding has not been set, using platform encoding UTF-8, i.e. build is platform dependent!\n[INFO] Compiling 1 source file with javac [debug target 11] to target/test-classes\n[INFO] -------------------------------------------------------------\n[WARNING] COMPILATION WARNING : \n[INFO] -------------------------------------------------------------\n[WARNING] system modules path not set in conjunction with -source 11\n[INFO] 1 warning\n[INFO] -------------------------------------------------------------\n[INFO] -------------------------------------------------------------\n[ERROR] COMPILATION ERROR : \n[INFO] -------------------------------------------------------------\n[ERROR] /tmp/eval-dev-quality4045395265/plain/src/test/java/com/eval/PlainTest.java:[6,12] '{' expected\n[INFO] 1 error\n[INFO] -------------------------------------------------------------\n[INFO] ------------------------------------------------------------------------\n[INFO] BUILD FAILURE\n[INFO] ------------------------------------------------------------------------\n[INFO] Total time:  0.715 s\n[INFO] Finished at: 2024-06-06T10:27:53+02:00\n[INFO] ------------------------------------------------------------------------\n[ERROR] Failed to execute goal org.apache.maven.plugins:maven-compiler-plugin:3.11.0:testCompile (default-testCompile) on project test-java-plain: Compilation failure\n[ERROR] /tmp/eval-dev-quality4045395265/plain/src/test/java/com/eval/PlainTest.java:[6,12] '{' expected\n[ERROR] \n[ERROR] -> [Help 1]\n[ERROR] \n[ERROR] To see the full stack trace of the errors, re-run Maven with the -e switch.\n[ERROR] Re-run Maven using the -X switch to enable full debug logging.\n[ERROR] \n[ERROR] For more information about the errors and possible solutions, please read the following articles:\n[ERROR] [Help 1] http://cwiki.apache.org/confluence/display/MAVEN/MojoFailureException\n",
}
Stacktrace: goroutine 1 [running]:
gitlab.nethead.at/symflower/symflower/model/errors.NewInternalError({0x1f42da0?, 0xc0001a8060}, {0xffa8c0?, 0xc000574018})
	gitlab.nethead.at/symflower/symflower/model/errors/error.go:850 +0x59
gitlab.nethead.at/symflower/symflower/language/java/execute.MavenDependencyCommand.func1()
	gitlab.nethead.at/symflower/symflower/language/java/execute/maven.go:80 +0x1ef
github.com/avast/retry-go.Do(0xc0007158b8, {0xc0007158a0, 0x3, 0x418c94?})
	github.com/avast/retry-go/retry.go:135 +0x5a3
gitlab.nethead.at/symflower/symflower/language/java/execute.MavenDependencyCommand({0xc0001cc0c0, 0x26}, 0x0, {0xc0007ab9e0, 0x6, 0x6})
	gitlab.nethead.at/symflower/symflower/language/java/execute/maven.go:60 +0x1c5
gitlab.nethead.at/symflower/symflower/language/java/execute.MavenCloverCoverage({0xc0001cc0c0, 0x26})
	gitlab.nethead.at/symflower/symflower/language/java/execute/clover.go:131 +0xc9
gitlab.nethead.at/symflower/symflower/cmd/symflower-local/cmd.(*commandTest).Execute(0xc00050e978, {0xc00050e800?, 0x7f6a4c7ed9b8?, 0xc00050e978?})
	gitlab.nethead.at/symflower/symflower/cmd/symflower-local/cmd/test.go:143 +0x54f
gitlab.nethead.at/symflower/symflower/cmd.ExecuteNoExit({0x1f425e0?, 0xc00050e800}, {0xc0001c2000?, 0x2782d80?, 0xc00059bed8?})
	gitlab.nethead.at/symflower/symflower/cmd/execute.go:56 +0x2d0
gitlab.nethead.at/symflower/symflower/cmd.Execute({0x1f425e0?, 0xc00050e800?}, {0xc0001c2000?, 0x274c500?, 0xc00050e800?})
	gitlab.nethead.at/symflower/symflower/cmd/execute.go:16 +0x26
gitlab.nethead.at/symflower/symflower/cmd.ExecuteWithOSArguments(...)
	gitlab.nethead.at/symflower/symflower/cmd/execute.go:75
main.main.func1()
	gitlab.nethead.at/symflower/symflower/cmd/symflower-demo/main.go:40 +0x34
gitlab.nethead.at/symflower/symflower/cmd/symflower-local/cmd.(*Command).WithPanicReporter(0xc00018e058?, 0x2636b18?)
	gitlab.nethead.at/symflower/symflower/cmd/symflower-local/cmd/cmd.go:184 +0x48
main.main()
	gitlab.nethead.at/symflower/symflower/cmd/symflower-demo/main.go:39 +0xa5


src/main/java/com/eval/Plain.java]
2024/06/06 10:36:04 Evaluating model "openrouter/cohere/command-r" using language "java" and repository "java/plain"
2024/06/06 10:36:04 Querying model "openrouter/cohere/command-r" with:
	Given the following Java code file "src/main/java/com/eval/Plain.java" with package "com.eval", provide a test file for this code with JUnit 5 as a test framework.
	The tests should produce 100 percent code coverage and must compile.
	The response must contain only the test code and nothing else.

	```java
	package com.eval;

	class Plain {
	    static void plain() {
	    }
	}
	```
2024/06/06 10:36:05 Model "openrouter/cohere/command-r" responded (952 ms) with:
	```java
	package com.eval;

	import org.junit.jupiter.api.Test;
	import org.junit.jupiter.api. asserting.Assertions;

	class Plain MahabharataRaceTest {

	    @Test
	    void testPlain() {
	        Plain.plain();
	        Assertions.assertAll(() -> {
	            Assertions.assertTrue(true);
	        });
	    }
	}
	```
2024/06/06 10:36:05 $ symflower test --language java --workspace /tmp/eval-dev-quality4045395265/plain --coverage-file /tmp/eval-dev-quality4045395265/plain/coverage.json
[0;34mGive us your feedback and let us know how we can improve Symflower at hello@symflower.com or https://github.com/symflower/symflower. Thanks so much for your help![0m
ERROR: All attempts fail:
#1: Internal error: exit status 1:
[]interface {}{
    "/tmp/eval-dev-quality4045395265/plain/",
    "[INFO] Scanning for projects...\n[WARNING] \n[WARNING] Some problems were encountered while building the effective model for eval.dev.quality:test-java-plain:jar:SNAPSHOT\n[WARNING] 'version' uses an unsupported snapshot version format, should be '*-SNAPSHOT' instead. @ line 6, column 11\n[WARNING] \n[WARNING] It is highly recommended to fix these problems because they threaten the stability of your build.\n[WARNING] \n[WARNING] For this reason, future Maven versions might no longer support building such malformed projects.\n[WARNING] \n[INFO] \n[INFO] ------------------< eval.dev.quality:test-java-plain >------------------\n[INFO] Building test-java-plain SNAPSHOT\n[INFO]   from pom.xml\n[INFO] --------------------------------[ jar ]---------------------------------\n[INFO] \n[INFO] --- clean:3.2.0:clean (default-clean) @ test-java-plain ---\n[INFO] \n[INFO] --- resources:3.3.1:resources (default-resources) @ test-java-plain ---\n[WARNING] Using platform encoding (UTF-8 actually) to copy filtered resources, i.e. build is platform dependent!\n[INFO] skip non existing resourceDirectory /tmp/eval-dev-quality4045395265/plain/src/main/resources\n[INFO] \n[INFO] --- compiler:3.11.0:compile (default-compile) @ test-java-plain ---\n[INFO] Changes detected - recompiling the module! :source\n[WARNING] File encoding has not been set, using platform encoding UTF-8, i.e. build is platform dependent!\n[INFO] Compiling 1 source file with javac [debug target 11] to target/classes\n[WARNING] system modules path not set in conjunction with -source 11\n[INFO] \n[INFO] --- resources:3.3.1:resources (default-resources) @ test-java-plain ---\n[WARNING] Using platform encoding (UTF-8 actually) to copy filtered resources, i.e. build is platform dependent!\n[INFO] skip non existing resourceDirectory /tmp/eval-dev-quality4045395265/plain/src/main/resources\n[INFO] \n[INFO] --- compiler:3.11.0:compile (default-compile) @ test-java-plain ---\n[INFO] Nothing to compile - all classes are up to date\n[INFO] \n[INFO] --- resources:3.3.1:testResources (default-testResources) @ test-java-plain ---\n[WARNING] Using platform encoding (UTF-8 actually) to copy filtered resources, i.e. build is platform dependent!\n[INFO] skip non existing resourceDirectory /tmp/eval-dev-quality4045395265/plain/src/test/resources\n[INFO] \n[INFO] --- compiler:3.11.0:testCompile (default-testCompile) @ test-java-plain ---\n[INFO] Changes detected - recompiling the module! :dependency\n[WARNING] File encoding has not been set, using platform encoding UTF-8, i.e. build is platform dependent!\n[INFO] Compiling 1 source file with javac [debug target 11] to target/test-classes\n[INFO] -------------------------------------------------------------\n[WARNING] COMPILATION WARNING : \n[INFO] -------------------------------------------------------------\n[WARNING] system modules path not set in conjunction with -source 11\n[INFO] 1 warning\n[INFO] -------------------------------------------------------------\n[INFO] -------------------------------------------------------------\n[ERROR] COMPILATION ERROR : \n[INFO] -------------------------------------------------------------\n[ERROR] /tmp/eval-dev-quality4045395265/plain/src/test/java/com/eval/PlainTest.java:[6,12] '{' expected\n[INFO] 1 error\n[INFO] -------------------------------------------------------------\n[INFO] ------------------------------------------------------------------------\n[INFO] BUILD FAILURE\n[INFO] ------------------------------------------------------------------------\n[INFO] Total time:  0.730 s\n[INFO] Finished at: 2024-06-06T10:36:07+02:00\n[INFO] ------------------------------------------------------------------------\n[ERROR] Failed to execute goal org.apache.maven.plugins:maven-compiler-plugin:3.11.0:testCompile (default-testCompile) on project test-java-plain: Compilation failure\n[ERROR] /tmp/eval-dev-quality4045395265/plain/src/test/java/com/eval/PlainTest.java:[6,12] '{' expected\n[ERROR] \n[ERROR] -> [Help 1]\n[ERROR] \n[ERROR] To see the full stack trace of the errors, re-run Maven with the -e switch.\n[ERROR] Re-run Maven using the -X switch to enable full debug logging.\n[ERROR] \n[ERROR] For more information about the errors and possible solutions, please read the following articles:\n[ERROR] [Help 1] http://cwiki.apache.org/confluence/display/MAVEN/MojoFailureException\n",
}
Stacktrace: goroutine 1 [running]:
gitlab.nethead.at/symflower/symflower/model/errors.NewInternalError({0x1f42da0?, 0xc000a0a040}, {0xffa8c0?, 0xc000430030})
	gitlab.nethead.at/symflower/symflower/model/errors/error.go:850 +0x59
gitlab.nethead.at/symflower/symflower/language/java/execute.MavenDependencyCommand.func1()
	gitlab.nethead.at/symflower/symflower/language/java/execute/maven.go:80 +0x1ef
github.com/avast/retry-go.Do(0xc0007218b8, {0xc0007218a0, 0x3, 0x418c94?})
	github.com/avast/retry-go/retry.go:135 +0x5a3
gitlab.nethead.at/symflower/symflower/language/java/execute.MavenDependencyCommand({0xc0004dc240, 0x26}, 0x0, {0xc000550420, 0x6, 0x6})
	gitlab.nethead.at/symflower/symflower/language/java/execute/maven.go:60 +0x1c5
gitlab.nethead.at/symflower/symflower/language/java/execute.MavenCloverCoverage({0xc0004dc240, 0x26})
	gitlab.nethead.at/symflower/symflower/language/java/execute/clover.go:131 +0xc9
gitlab.nethead.at/symflower/symflower/cmd/symflower-local/cmd.(*commandTest).Execute(0xc000614578, {0xc000614400?, 0x7f91680e21f8?, 0xc000614578?})
	gitlab.nethead.at/symflower/symflower/cmd/symflower-local/cmd/test.go:143 +0x54f
gitlab.nethead.at/symflower/symflower/cmd.ExecuteNoExit({0x1f425e0?, 0xc000614400}, {0xc000040080?, 0x2782d80?, 0xc00059bed8?})
	gitlab.nethead.at/symflower/symflower/cmd/execute.go:56 +0x2d0
gitlab.nethead.at/symflower/symflower/cmd.Execute({0x1f425e0?, 0xc000614400?}, {0xc000040080?, 0x274c500?, 0xc000614400?})
	gitlab.nethead.at/symflower/symflower/cmd/execute.go:16 +0x26
gitlab.nethead.at/symflower/symflower/cmd.ExecuteWithOSArguments(...)
	gitlab.nethead.at/symflower/symflower/cmd/execute.go:75
main.main.func1()
	gitlab.nethead.at/symflower/symflower/cmd/symflower-demo/main.go:40 +0x34
gitlab.nethead.at/symflower/symflower/cmd/symflower-local/cmd.(*Command).WithPanicReporter(0xc000130058?, 0x2636b18?)
	gitlab.nethead.at/symflower/symflower/cmd/symflower-local/cmd/cmd.go:184 +0x48
main.main()
	gitlab.nethead.at/symflower/symflower/cmd/symflower-demo/main.go:39 +0xa5

2024/06/06 10:36:07 Evaluated model "openrouter/cohere/command-r" using language "java" and repository "java/plain": encountered 1 problems: [exit status 1
[0;34mGive us your feedback and let us know how we can improve Symflower at hello@symflower.com or https://github.com/symflower/symflower. Thanks so much for your help![0m
ERROR: All attempts fail:
#1: Internal error: exit status 1:
[]interface {}{
    "/tmp/eval-dev-quality4045395265/plain/",
    "[INFO] Scanning for projects...\n[WARNING] \n[WARNING] Some problems were encountered while building the effective model for eval.dev.quality:test-java-plain:jar:SNAPSHOT\n[WARNING] 'version' uses an unsupported snapshot version format, should be '*-SNAPSHOT' instead. @ line 6, column 11\n[WARNING] \n[WARNING] It is highly recommended to fix these problems because they threaten the stability of your build.\n[WARNING] \n[WARNING] For this reason, future Maven versions might no longer support building such malformed projects.\n[WARNING] \n[INFO] \n[INFO] ------------------< eval.dev.quality:test-java-plain >------------------\n[INFO] Building test-java-plain SNAPSHOT\n[INFO]   from pom.xml\n[INFO] --------------------------------[ jar ]---------------------------------\n[INFO] \n[INFO] --- clean:3.2.0:clean (default-clean) @ test-java-plain ---\n[INFO] \n[INFO] --- resources:3.3.1:resources (default-resources) @ test-java-plain ---\n[WARNING] Using platform encoding (UTF-8 actually) to copy filtered resources, i.e. build is platform dependent!\n[INFO] skip non existing resourceDirectory /tmp/eval-dev-quality4045395265/plain/src/main/resources\n[INFO] \n[INFO] --- compiler:3.11.0:compile (default-compile) @ test-java-plain ---\n[INFO] Changes detected - recompiling the module! :source\n[WARNING] File encoding has not been set, using platform encoding UTF-8, i.e. build is platform dependent!\n[INFO] Compiling 1 source file with javac [debug target 11] to target/classes\n[WARNING] system modules path not set in conjunction with -source 11\n[INFO] \n[INFO] --- resources:3.3.1:resources (default-resources) @ test-java-plain ---\n[WARNING] Using platform encoding (UTF-8 actually) to copy filtered resources, i.e. build is platform dependent!\n[INFO] skip non existing resourceDirectory /tmp/eval-dev-quality4045395265/plain/src/main/resources\n[INFO] \n[INFO] --- compiler:3.11.0:compile (default-compile) @ test-java-plain ---\n[INFO] Nothing to compile - all classes are up to date\n[INFO] \n[INFO] --- resources:3.3.1:testResources (default-testResources) @ test-java-plain ---\n[WARNING] Using platform encoding (UTF-8 actually) to copy filtered resources, i.e. build is platform dependent!\n[INFO] skip non existing resourceDirectory /tmp/eval-dev-quality4045395265/plain/src/test/resources\n[INFO] \n[INFO] --- compiler:3.11.0:testCompile (default-testCompile) @ test-java-plain ---\n[INFO] Changes detected - recompiling the module! :dependency\n[WARNING] File encoding has not been set, using platform encoding UTF-8, i.e. build is platform dependent!\n[INFO] Compiling 1 source file with javac [debug target 11] to target/test-classes\n[INFO] -------------------------------------------------------------\n[WARNING] COMPILATION WARNING : \n[INFO] -------------------------------------------------------------\n[WARNING] system modules path not set in conjunction with -source 11\n[INFO] 1 warning\n[INFO] -------------------------------------------------------------\n[INFO] -------------------------------------------------------------\n[ERROR] COMPILATION ERROR : \n[INFO] -------------------------------------------------------------\n[ERROR] /tmp/eval-dev-quality4045395265/plain/src/test/java/com/eval/PlainTest.java:[6,12] '{' expected\n[INFO] 1 error\n[INFO] -------------------------------------------------------------\n[INFO] ------------------------------------------------------------------------\n[INFO] BUILD FAILURE\n[INFO] ------------------------------------------------------------------------\n[INFO] Total time:  0.730 s\n[INFO] Finished at: 2024-06-06T10:36:07+02:00\n[INFO] ------------------------------------------------------------------------\n[ERROR] Failed to execute goal org.apache.maven.plugins:maven-compiler-plugin:3.11.0:testCompile (default-testCompile) on project test-java-plain: Compilation failure\n[ERROR] /tmp/eval-dev-quality4045395265/plain/src/test/java/com/eval/PlainTest.java:[6,12] '{' expected\n[ERROR] \n[ERROR] -> [Help 1]\n[ERROR] \n[ERROR] To see the full stack trace of the errors, re-run Maven with the -e switch.\n[ERROR] Re-run Maven using the -X switch to enable full debug logging.\n[ERROR] \n[ERROR] For more information about the errors and possible solutions, please read the following articles:\n[ERROR] [Help 1] http://cwiki.apache.org/confluence/display/MAVEN/MojoFailureException\n",
}
Stacktrace: goroutine 1 [running]:
gitlab.nethead.at/symflower/symflower/model/errors.NewInternalError({0x1f42da0?, 0xc000a0a040}, {0xffa8c0?, 0xc000430030})
	gitlab.nethead.at/symflower/symflower/model/errors/error.go:850 +0x59
gitlab.nethead.at/symflower/symflower/language/java/execute.MavenDependencyCommand.func1()
	gitlab.nethead.at/symflower/symflower/language/java/execute/maven.go:80 +0x1ef
github.com/avast/retry-go.Do(0xc0007218b8, {0xc0007218a0, 0x3, 0x418c94?})
	github.com/avast/retry-go/retry.go:135 +0x5a3
gitlab.nethead.at/symflower/symflower/language/java/execute.MavenDependencyCommand({0xc0004dc240, 0x26}, 0x0, {0xc000550420, 0x6, 0x6})
	gitlab.nethead.at/symflower/symflower/language/java/execute/maven.go:60 +0x1c5
gitlab.nethead.at/symflower/symflower/language/java/execute.MavenCloverCoverage({0xc0004dc240, 0x26})
	gitlab.nethead.at/symflower/symflower/language/java/execute/clover.go:131 +0xc9
gitlab.nethead.at/symflower/symflower/cmd/symflower-local/cmd.(*commandTest).Execute(0xc000614578, {0xc000614400?, 0x7f91680e21f8?, 0xc000614578?})
	gitlab.nethead.at/symflower/symflower/cmd/symflower-local/cmd/test.go:143 +0x54f
gitlab.nethead.at/symflower/symflower/cmd.ExecuteNoExit({0x1f425e0?, 0xc000614400}, {0xc000040080?, 0x2782d80?, 0xc00059bed8?})
	gitlab.nethead.at/symflower/symflower/cmd/execute.go:56 +0x2d0
gitlab.nethead.at/symflower/symflower/cmd.Execute({0x1f425e0?, 0xc000614400?}, {0xc000040080?, 0x274c500?, 0xc000614400?})
	gitlab.nethead.at/symflower/symflower/cmd/execute.go:16 +0x26
gitlab.nethead.at/symflower/symflower/cmd.ExecuteWithOSArguments(...)
	gitlab.nethead.at/symflower/symflower/cmd/execute.go:75
main.main.func1()
	gitlab.nethead.at/symflower/symflower/cmd/symflower-demo/main.go:40 +0x34
gitlab.nethead.at/symflower/symflower/cmd/symflower-local/cmd.(*Command).WithPanicReporter(0xc000130058?, 0x2636b18?)
	gitlab.nethead.at/symflower/symflower/cmd/symflower-local/cmd/cmd.go:184 +0x48
main.main()
	gitlab.nethead.at/symflower/symflower/cmd/symflower-demo/main.go:39 +0xa5


github.com/symflower/eval-dev-quality/util.CommandWithResult
	/home/eval/eval-dev-quality/util/exec.go:52
github.com/symflower/eval-dev-quality/language/java.(*Language).Execute
	/home/eval/eval-dev-quality/language/java/language.go:94
github.com/symflower/eval-dev-quality/evaluate.Repository
	/home/eval/eval-dev-quality/evaluate/repository.go:57
github.com/symflower/eval-dev-quality/evaluate.Evaluate.func1
	/home/eval/eval-dev-quality/evaluate/evaluate.go:119
github.com/symflower/eval-dev-quality/evaluate.withLoadedModel
	/home/eval/eval-dev-quality/evaluate/evaluate.go:253
github.com/symflower/eval-dev-quality/evaluate.Evaluate
	/home/eval/eval-dev-quality/evaluate/evaluate.go:109
github.com/symflower/eval-dev-quality/cmd/eval-dev-quality/cmd.(*Evaluate).Execute
	/home/eval/eval-dev-quality/cmd/eval-dev-quality/cmd/evaluate.go:284
github.com/symflower/eval-dev-quality/cmd/eval-dev-quality/cmd.Execute.func1
	/home/eval/eval-dev-quality/cmd/eval-dev-quality/cmd/command.go:34
github.com/jessevdk/go-flags.(*Parser).ParseArgs
	/home/eval/go/pkg/mod/github.com/jessevdk/go-flags@v1.5.1-0.20210607101731-3927b71304df/parser.go:333
github.com/symflower/eval-dev-quality/cmd/eval-dev-quality/cmd.Execute
	/home/eval/eval-dev-quality/cmd/eval-dev-quality/cmd/command.go:37
main.main
	/home/eval/eval-dev-quality/cmd/eval-dev-quality/main.go:11
runtime.main
	/home/eval/go/src/runtime/proc.go:267
runtime.goexit
	/home/eval/go/src/runtime/asm_amd64.s:1650
github.com/symflower/eval-dev-quality/language/java.(*Language).Execute
	/home/eval/eval-dev-quality/language/java/language.go:105
github.com/symflower/eval-dev-quality/evaluate.Repository
	/home/eval/eval-dev-quality/evaluate/repository.go:57
github.com/symflower/eval-dev-quality/evaluate.Evaluate.func1
	/home/eval/eval-dev-quality/evaluate/evaluate.go:119
github.com/symflower/eval-dev-quality/evaluate.withLoadedModel
	/home/eval/eval-dev-quality/evaluate/evaluate.go:253
github.com/symflower/eval-dev-quality/evaluate.Evaluate
	/home/eval/eval-dev-quality/evaluate/evaluate.go:109
github.com/symflower/eval-dev-quality/cmd/eval-dev-quality/cmd.(*Evaluate).Execute
	/home/eval/eval-dev-quality/cmd/eval-dev-quality/cmd/evaluate.go:284
github.com/symflower/eval-dev-quality/cmd/eval-dev-quality/cmd.Execute.func1
	/home/eval/eval-dev-quality/cmd/eval-dev-quality/cmd/command.go:34
github.com/jessevdk/go-flags.(*Parser).ParseArgs
	/home/eval/go/pkg/mod/github.com/jessevdk/go-flags@v1.5.1-0.20210607101731-3927b71304df/parser.go:333
github.com/symflower/eval-dev-quality/cmd/eval-dev-quality/cmd.Execute
	/home/eval/eval-dev-quality/cmd/eval-dev-quality/cmd/command.go:37
main.main
	/home/eval/eval-dev-quality/cmd/eval-dev-quality/main.go:11
runtime.main
	/home/eval/go/src/runtime/proc.go:267
runtime.goexit
	/home/eval/go/src/runtime/asm_amd64.s:1650
[0;34mGive us your feedback and let us know how we can improve Symflower at hello@symflower.com or https://github.com/symflower/symflower. Thanks so much for your help![0m
ERROR: All attempts fail:
#1: Internal error: exit status 1:
[]interface {}{
    "/tmp/eval-dev-quality4045395265/plain/",
    "[INFO] Scanning for projects...\n[WARNING] \n[WARNING] Some problems were encountered while building the effective model for eval.dev.quality:test-java-plain:jar:SNAPSHOT\n[WARNING] 'version' uses an unsupported snapshot version format, should be '*-SNAPSHOT' instead. @ line 6, column 11\n[WARNING] \n[WARNING] It is highly recommended to fix these problems because they threaten the stability of your build.\n[WARNING] \n[WARNING] For this reason, future Maven versions might no longer support building such malformed projects.\n[WARNING] \n[INFO] \n[INFO] ------------------< eval.dev.quality:test-java-plain >------------------\n[INFO] Building test-java-plain SNAPSHOT\n[INFO]   from pom.xml\n[INFO] --------------------------------[ jar ]---------------------------------\n[INFO] \n[INFO] --- clean:3.2.0:clean (default-clean) @ test-java-plain ---\n[INFO] \n[INFO] --- resources:3.3.1:resources (default-resources) @ test-java-plain ---\n[WARNING] Using platform encoding (UTF-8 actually) to copy filtered resources, i.e. build is platform dependent!\n[INFO] skip non existing resourceDirectory /tmp/eval-dev-quality4045395265/plain/src/main/resources\n[INFO] \n[INFO] --- compiler:3.11.0:compile (default-compile) @ test-java-plain ---\n[INFO] Changes detected - recompiling the module! :source\n[WARNING] File encoding has not been set, using platform encoding UTF-8, i.e. build is platform dependent!\n[INFO] Compiling 1 source file with javac [debug target 11] to target/classes\n[WARNING] system modules path not set in conjunction with -source 11\n[INFO] \n[INFO] --- resources:3.3.1:resources (default-resources) @ test-java-plain ---\n[WARNING] Using platform encoding (UTF-8 actually) to copy filtered resources, i.e. build is platform dependent!\n[INFO] skip non existing resourceDirectory /tmp/eval-dev-quality4045395265/plain/src/main/resources\n[INFO] \n[INFO] --- compiler:3.11.0:compile (default-compile) @ test-java-plain ---\n[INFO] Nothing to compile - all classes are up to date\n[INFO] \n[INFO] --- resources:3.3.1:testResources (default-testResources) @ test-java-plain ---\n[WARNING] Using platform encoding (UTF-8 actually) to copy filtered resources, i.e. build is platform dependent!\n[INFO] skip non existing resourceDirectory /tmp/eval-dev-quality4045395265/plain/src/test/resources\n[INFO] \n[INFO] --- compiler:3.11.0:testCompile (default-testCompile) @ test-java-plain ---\n[INFO] Changes detected - recompiling the module! :dependency\n[WARNING] File encoding has not been set, using platform encoding UTF-8, i.e. build is platform dependent!\n[INFO] Compiling 1 source file with javac [debug target 11] to target/test-classes\n[INFO] -------------------------------------------------------------\n[WARNING] COMPILATION WARNING : \n[INFO] -------------------------------------------------------------\n[WARNING] system modules path not set in conjunction with -source 11\n[INFO] 1 warning\n[INFO] -------------------------------------------------------------\n[INFO] -------------------------------------------------------------\n[ERROR] COMPILATION ERROR : \n[INFO] -------------------------------------------------------------\n[ERROR] /tmp/eval-dev-quality4045395265/plain/src/test/java/com/eval/PlainTest.java:[6,12] '{' expected\n[INFO] 1 error\n[INFO] -------------------------------------------------------------\n[INFO] ------------------------------------------------------------------------\n[INFO] BUILD FAILURE\n[INFO] ------------------------------------------------------------------------\n[INFO] Total time:  0.730 s\n[INFO] Finished at: 2024-06-06T10:36:07+02:00\n[INFO] ------------------------------------------------------------------------\n[ERROR] Failed to execute goal org.apache.maven.plugins:maven-compiler-plugin:3.11.0:testCompile (default-testCompile) on project test-java-plain: Compilation failure\n[ERROR] /tmp/eval-dev-quality4045395265/plain/src/test/java/com/eval/PlainTest.java:[6,12] '{' expected\n[ERROR] \n[ERROR] -> [Help 1]\n[ERROR] \n[ERROR] To see the full stack trace of the errors, re-run Maven with the -e switch.\n[ERROR] Re-run Maven using the -X switch to enable full debug logging.\n[ERROR] \n[ERROR] For more information about the errors and possible solutions, please read the following articles:\n[ERROR] [Help 1] http://cwiki.apache.org/confluence/display/MAVEN/MojoFailureException\n",
}
Stacktrace: goroutine 1 [running]:
gitlab.nethead.at/symflower/symflower/model/errors.NewInternalError({0x1f42da0?, 0xc000a0a040}, {0xffa8c0?, 0xc000430030})
	gitlab.nethead.at/symflower/symflower/model/errors/error.go:850 +0x59
gitlab.nethead.at/symflower/symflower/language/java/execute.MavenDependencyCommand.func1()
	gitlab.nethead.at/symflower/symflower/language/java/execute/maven.go:80 +0x1ef
github.com/avast/retry-go.Do(0xc0007218b8, {0xc0007218a0, 0x3, 0x418c94?})
	github.com/avast/retry-go/retry.go:135 +0x5a3
gitlab.nethead.at/symflower/symflower/language/java/execute.MavenDependencyCommand({0xc0004dc240, 0x26}, 0x0, {0xc000550420, 0x6, 0x6})
	gitlab.nethead.at/symflower/symflower/language/java/execute/maven.go:60 +0x1c5
gitlab.nethead.at/symflower/symflower/language/java/execute.MavenCloverCoverage({0xc0004dc240, 0x26})
	gitlab.nethead.at/symflower/symflower/language/java/execute/clover.go:131 +0xc9
gitlab.nethead.at/symflower/symflower/cmd/symflower-local/cmd.(*commandTest).Execute(0xc000614578, {0xc000614400?, 0x7f91680e21f8?, 0xc000614578?})
	gitlab.nethead.at/symflower/symflower/cmd/symflower-local/cmd/test.go:143 +0x54f
gitlab.nethead.at/symflower/symflower/cmd.ExecuteNoExit({0x1f425e0?, 0xc000614400}, {0xc000040080?, 0x2782d80?, 0xc00059bed8?})
	gitlab.nethead.at/symflower/symflower/cmd/execute.go:56 +0x2d0
gitlab.nethead.at/symflower/symflower/cmd.Execute({0x1f425e0?, 0xc000614400?}, {0xc000040080?, 0x274c500?, 0xc000614400?})
	gitlab.nethead.at/symflower/symflower/cmd/execute.go:16 +0x26
gitlab.nethead.at/symflower/symflower/cmd.ExecuteWithOSArguments(...)
	gitlab.nethead.at/symflower/symflower/cmd/execute.go:75
main.main.func1()
	gitlab.nethead.at/symflower/symflower/cmd/symflower-demo/main.go:40 +0x34
gitlab.nethead.at/symflower/symflower/cmd/symflower-local/cmd.(*Command).WithPanicReporter(0xc000130058?, 0x2636b18?)
	gitlab.nethead.at/symflower/symflower/cmd/symflower-local/cmd/cmd.go:184 +0x48
main.main()
	gitlab.nethead.at/symflower/symflower/cmd/symflower-demo/main.go:39 +0xa5


src/main/java/com/eval/Plain.java]
2024/06/06 10:44:05 Evaluating model "openrouter/cohere/command-r" using language "java" and repository "java/plain"
2024/06/06 10:44:05 Querying model "openrouter/cohere/command-r" with:
	Given the following Java code file "src/main/java/com/eval/Plain.java" with package "com.eval", provide a test file for this code with JUnit 5 as a test framework.
	The tests should produce 100 percent code coverage and must compile.
	The response must contain only the test code and nothing else.

	```java
	package com.eval;

	class Plain {
	    static void plain() {
	    }
	}
	```
2024/06/06 10:44:06 Model "openrouter/cohere/command-r" responded (931 ms) with:
	```java
	import org.junit.jupiter.api.Test;
	import org.junit.jupiter.api.asserts.Assert;

	import static org.junit.jupiter.api.Assertions.*;

	class PlainTest {

	    @Test
	    void testPlain() {
	        Plain.plain();
	        Assert.)">= 1</text>true</text>;
	    }
	}
	```
2024/06/06 10:44:06 $ symflower test --language java --workspace /tmp/eval-dev-quality4045395265/plain --coverage-file /tmp/eval-dev-quality4045395265/plain/coverage.json
[0;34mGive us your feedback and let us know how we can improve Symflower at hello@symflower.com or https://github.com/symflower/symflower. Thanks so much for your help![0m
ERROR: All attempts fail:
#1: Internal error: exit status 1:
[]interface {}{
    "/tmp/eval-dev-quality4045395265/plain/",
    "[INFO] Scanning for projects...\n[WARNING] \n[WARNING] Some problems were encountered while building the effective model for eval.dev.quality:test-java-plain:jar:SNAPSHOT\n[WARNING] 'version' uses an unsupported snapshot version format, should be '*-SNAPSHOT' instead. @ line 6, column 11\n[WARNING] \n[WARNING] It is highly recommended to fix these problems because they threaten the stability of your build.\n[WARNING] \n[WARNING] For this reason, future Maven versions might no longer support building such malformed projects.\n[WARNING] \n[INFO] \n[INFO] ------------------< eval.dev.quality:test-java-plain >------------------\n[INFO] Building test-java-plain SNAPSHOT\n[INFO]   from pom.xml\n[INFO] --------------------------------[ jar ]---------------------------------\n[INFO] \n[INFO] --- clean:3.2.0:clean (default-clean) @ test-java-plain ---\n[INFO] \n[INFO] --- resources:3.3.1:resources (default-resources) @ test-java-plain ---\n[WARNING] Using platform encoding (UTF-8 actually) to copy filtered resources, i.e. build is platform dependent!\n[INFO] skip non existing resourceDirectory /tmp/eval-dev-quality4045395265/plain/src/main/resources\n[INFO] \n[INFO] --- compiler:3.11.0:compile (default-compile) @ test-java-plain ---\n[INFO] Changes detected - recompiling the module! :source\n[WARNING] File encoding has not been set, using platform encoding UTF-8, i.e. build is platform dependent!\n[INFO] Compiling 1 source file with javac [debug target 11] to target/classes\n[WARNING] system modules path not set in conjunction with -source 11\n[INFO] \n[INFO] --- resources:3.3.1:resources (default-resources) @ test-java-plain ---\n[WARNING] Using platform encoding (UTF-8 actually) to copy filtered resources, i.e. build is platform dependent!\n[INFO] skip non existing resourceDirectory /tmp/eval-dev-quality4045395265/plain/src/main/resources\n[INFO] \n[INFO] --- compiler:3.11.0:compile (default-compile) @ test-java-plain ---\n[INFO] Nothing to compile - all classes are up to date\n[INFO] \n[INFO] --- resources:3.3.1:testResources (default-testResources) @ test-java-plain ---\n[WARNING] Using platform encoding (UTF-8 actually) to copy filtered resources, i.e. build is platform dependent!\n[INFO] skip non existing resourceDirectory /tmp/eval-dev-quality4045395265/plain/src/test/resources\n[INFO] \n[INFO] --- compiler:3.11.0:testCompile (default-testCompile) @ test-java-plain ---\n[INFO] Changes detected - recompiling the module! :dependency\n[WARNING] File encoding has not been set, using platform encoding UTF-8, i.e. build is platform dependent!\n[INFO] Compiling 1 source file with javac [debug target 11] to target/test-classes\n[INFO] -------------------------------------------------------------\n[WARNING] COMPILATION WARNING : \n[INFO] -------------------------------------------------------------\n[WARNING] system modules path not set in conjunction with -source 11\n[INFO] 1 warning\n[INFO] -------------------------------------------------------------\n[INFO] -------------------------------------------------------------\n[ERROR] COMPILATION ERROR : \n[INFO] -------------------------------------------------------------\n[ERROR] /tmp/eval-dev-quality4045395265/plain/src/test/java/com/eval/PlainTest.java:[11,16] <identifier> expected\n[ERROR] /tmp/eval-dev-quality4045395265/plain/src/test/java/com/eval/PlainTest.java:[11,15] not a statement\n[ERROR] /tmp/eval-dev-quality4045395265/plain/src/test/java/com/eval/PlainTest.java:[11,17] unclosed string literal\n[INFO] 3 errors \n[INFO] -------------------------------------------------------------\n[INFO] ------------------------------------------------------------------------\n[INFO] BUILD FAILURE\n[INFO] ------------------------------------------------------------------------\n[INFO] Total time:  0.743 s\n[INFO] Finished at: 2024-06-06T10:44:08+02:00\n[INFO] ------------------------------------------------------------------------\n[ERROR] Failed to execute goal org.apache.maven.plugins:maven-compiler-plugin:3.11.0:testCompile (default-testCompile) on project test-java-plain: Compilation failure: Compilation failure: \n[ERROR] /tmp/eval-dev-quality4045395265/plain/src/test/java/com/eval/PlainTest.java:[11,16] <identifier> expected\n[ERROR] /tmp/eval-dev-quality4045395265/plain/src/test/java/com/eval/PlainTest.java:[11,15] not a statement\n[ERROR] /tmp/eval-dev-quality4045395265/plain/src/test/java/com/eval/PlainTest.java:[11,17] unclosed string literal\n[ERROR] -> [Help 1]\n[ERROR] \n[ERROR] To see the full stack trace of the errors, re-run Maven with the -e switch.\n[ERROR] Re-run Maven using the -X switch to enable full debug logging.\n[ERROR] \n[ERROR] For more information about the errors and possible solutions, please read the following articles:\n[ERROR] [Help 1] http://cwiki.apache.org/confluence/display/MAVEN/MojoFailureException\n",
}
Stacktrace: goroutine 1 [running]:
gitlab.nethead.at/symflower/symflower/model/errors.NewInternalError({0x1f42da0?, 0xc00024a040}, {0xffa8c0?, 0xc000636018})
	gitlab.nethead.at/symflower/symflower/model/errors/error.go:850 +0x59
gitlab.nethead.at/symflower/symflower/language/java/execute.MavenDependencyCommand.func1()
	gitlab.nethead.at/symflower/symflower/language/java/execute/maven.go:80 +0x1ef
github.com/avast/retry-go.Do(0xc0008078b8, {0xc0008078a0, 0x3, 0x418c94?})
	github.com/avast/retry-go/retry.go:135 +0x5a3
gitlab.nethead.at/symflower/symflower/language/java/execute.MavenDependencyCommand({0xc00004c360, 0x26}, 0x0, {0xc00078c3c0, 0x6, 0x6})
	gitlab.nethead.at/symflower/symflower/language/java/execute/maven.go:60 +0x1c5
gitlab.nethead.at/symflower/symflower/language/java/execute.MavenCloverCoverage({0xc00004c360, 0x26})
	gitlab.nethead.at/symflower/symflower/language/java/execute/clover.go:131 +0xc9
gitlab.nethead.at/symflower/symflower/cmd/symflower-local/cmd.(*commandTest).Execute(0xc000180d78, {0xc000180c00?, 0x7f0984396978?, 0xc000180d78?})
	gitlab.nethead.at/symflower/symflower/cmd/symflower-local/cmd/test.go:143 +0x54f
gitlab.nethead.at/symflower/symflower/cmd.ExecuteNoExit({0x1f425e0?, 0xc000180c00}, {0xc000216000?, 0x2782d80?, 0xc00051bed8?})
	gitlab.nethead.at/symflower/symflower/cmd/execute.go:56 +0x2d0
gitlab.nethead.at/symflower/symflower/cmd.Execute({0x1f425e0?, 0xc000180c00?}, {0xc000216000?, 0x274c500?, 0xc000180c00?})
	gitlab.nethead.at/symflower/symflower/cmd/execute.go:16 +0x26
gitlab.nethead.at/symflower/symflower/cmd.ExecuteWithOSArguments(...)
	gitlab.nethead.at/symflower/symflower/cmd/execute.go:75
main.main.func1()
	gitlab.nethead.at/symflower/symflower/cmd/symflower-demo/main.go:40 +0x34
gitlab.nethead.at/symflower/symflower/cmd/symflower-local/cmd.(*Command).WithPanicReporter(0xc000138058?, 0x2636b18?)
	gitlab.nethead.at/symflower/symflower/cmd/symflower-local/cmd/cmd.go:184 +0x48
main.main()
	gitlab.nethead.at/symflower/symflower/cmd/symflower-demo/main.go:39 +0xa5

2024/06/06 10:44:08 Evaluated model "openrouter/cohere/command-r" using language "java" and repository "java/plain": encountered 1 problems: [exit status 1
[0;34mGive us your feedback and let us know how we can improve Symflower at hello@symflower.com or https://github.com/symflower/symflower. Thanks so much for your help![0m
ERROR: All attempts fail:
#1: Internal error: exit status 1:
[]interface {}{
    "/tmp/eval-dev-quality4045395265/plain/",
    "[INFO] Scanning for projects...\n[WARNING] \n[WARNING] Some problems were encountered while building the effective model for eval.dev.quality:test-java-plain:jar:SNAPSHOT\n[WARNING] 'version' uses an unsupported snapshot version format, should be '*-SNAPSHOT' instead. @ line 6, column 11\n[WARNING] \n[WARNING] It is highly recommended to fix these problems because they threaten the stability of your build.\n[WARNING] \n[WARNING] For this reason, future Maven versions might no longer support building such malformed projects.\n[WARNING] \n[INFO] \n[INFO] ------------------< eval.dev.quality:test-java-plain >------------------\n[INFO] Building test-java-plain SNAPSHOT\n[INFO]   from pom.xml\n[INFO] --------------------------------[ jar ]---------------------------------\n[INFO] \n[INFO] --- clean:3.2.0:clean (default-clean) @ test-java-plain ---\n[INFO] \n[INFO] --- resources:3.3.1:resources (default-resources) @ test-java-plain ---\n[WARNING] Using platform encoding (UTF-8 actually) to copy filtered resources, i.e. build is platform dependent!\n[INFO] skip non existing resourceDirectory /tmp/eval-dev-quality4045395265/plain/src/main/resources\n[INFO] \n[INFO] --- compiler:3.11.0:compile (default-compile) @ test-java-plain ---\n[INFO] Changes detected - recompiling the module! :source\n[WARNING] File encoding has not been set, using platform encoding UTF-8, i.e. build is platform dependent!\n[INFO] Compiling 1 source file with javac [debug target 11] to target/classes\n[WARNING] system modules path not set in conjunction with -source 11\n[INFO] \n[INFO] --- resources:3.3.1:resources (default-resources) @ test-java-plain ---\n[WARNING] Using platform encoding (UTF-8 actually) to copy filtered resources, i.e. build is platform dependent!\n[INFO] skip non existing resourceDirectory /tmp/eval-dev-quality4045395265/plain/src/main/resources\n[INFO] \n[INFO] --- compiler:3.11.0:compile (default-compile) @ test-java-plain ---\n[INFO] Nothing to compile - all classes are up to date\n[INFO] \n[INFO] --- resources:3.3.1:testResources (default-testResources) @ test-java-plain ---\n[WARNING] Using platform encoding (UTF-8 actually) to copy filtered resources, i.e. build is platform dependent!\n[INFO] skip non existing resourceDirectory /tmp/eval-dev-quality4045395265/plain/src/test/resources\n[INFO] \n[INFO] --- compiler:3.11.0:testCompile (default-testCompile) @ test-java-plain ---\n[INFO] Changes detected - recompiling the module! :dependency\n[WARNING] File encoding has not been set, using platform encoding UTF-8, i.e. build is platform dependent!\n[INFO] Compiling 1 source file with javac [debug target 11] to target/test-classes\n[INFO] -------------------------------------------------------------\n[WARNING] COMPILATION WARNING : \n[INFO] -------------------------------------------------------------\n[WARNING] system modules path not set in conjunction with -source 11\n[INFO] 1 warning\n[INFO] -------------------------------------------------------------\n[INFO] -------------------------------------------------------------\n[ERROR] COMPILATION ERROR : \n[INFO] -------------------------------------------------------------\n[ERROR] /tmp/eval-dev-quality4045395265/plain/src/test/java/com/eval/PlainTest.java:[11,16] <identifier> expected\n[ERROR] /tmp/eval-dev-quality4045395265/plain/src/test/java/com/eval/PlainTest.java:[11,15] not a statement\n[ERROR] /tmp/eval-dev-quality4045395265/plain/src/test/java/com/eval/PlainTest.java:[11,17] unclosed string literal\n[INFO] 3 errors \n[INFO] -------------------------------------------------------------\n[INFO] ------------------------------------------------------------------------\n[INFO] BUILD FAILURE\n[INFO] ------------------------------------------------------------------------\n[INFO] Total time:  0.743 s\n[INFO] Finished at: 2024-06-06T10:44:08+02:00\n[INFO] ------------------------------------------------------------------------\n[ERROR] Failed to execute goal org.apache.maven.plugins:maven-compiler-plugin:3.11.0:testCompile (default-testCompile) on project test-java-plain: Compilation failure: Compilation failure: \n[ERROR] /tmp/eval-dev-quality4045395265/plain/src/test/java/com/eval/PlainTest.java:[11,16] <identifier> expected\n[ERROR] /tmp/eval-dev-quality4045395265/plain/src/test/java/com/eval/PlainTest.java:[11,15] not a statement\n[ERROR] /tmp/eval-dev-quality4045395265/plain/src/test/java/com/eval/PlainTest.java:[11,17] unclosed string literal\n[ERROR] -> [Help 1]\n[ERROR] \n[ERROR] To see the full stack trace of the errors, re-run Maven with the -e switch.\n[ERROR] Re-run Maven using the -X switch to enable full debug logging.\n[ERROR] \n[ERROR] For more information about the errors and possible solutions, please read the following articles:\n[ERROR] [Help 1] http://cwiki.apache.org/confluence/display/MAVEN/MojoFailureException\n",
}
Stacktrace: goroutine 1 [running]:
gitlab.nethead.at/symflower/symflower/model/errors.NewInternalError({0x1f42da0?, 0xc00024a040}, {0xffa8c0?, 0xc000636018})
	gitlab.nethead.at/symflower/symflower/model/errors/error.go:850 +0x59
gitlab.nethead.at/symflower/symflower/language/java/execute.MavenDependencyCommand.func1()
	gitlab.nethead.at/symflower/symflower/language/java/execute/maven.go:80 +0x1ef
github.com/avast/retry-go.Do(0xc0008078b8, {0xc0008078a0, 0x3, 0x418c94?})
	github.com/avast/retry-go/retry.go:135 +0x5a3
gitlab.nethead.at/symflower/symflower/language/java/execute.MavenDependencyCommand({0xc00004c360, 0x26}, 0x0, {0xc00078c3c0, 0x6, 0x6})
	gitlab.nethead.at/symflower/symflower/language/java/execute/maven.go:60 +0x1c5
gitlab.nethead.at/symflower/symflower/language/java/execute.MavenCloverCoverage({0xc00004c360, 0x26})
	gitlab.nethead.at/symflower/symflower/language/java/execute/clover.go:131 +0xc9
gitlab.nethead.at/symflower/symflower/cmd/symflower-local/cmd.(*commandTest).Execute(0xc000180d78, {0xc000180c00?, 0x7f0984396978?, 0xc000180d78?})
	gitlab.nethead.at/symflower/symflower/cmd/symflower-local/cmd/test.go:143 +0x54f
gitlab.nethead.at/symflower/symflower/cmd.ExecuteNoExit({0x1f425e0?, 0xc000180c00}, {0xc000216000?, 0x2782d80?, 0xc00051bed8?})
	gitlab.nethead.at/symflower/symflower/cmd/execute.go:56 +0x2d0
gitlab.nethead.at/symflower/symflower/cmd.Execute({0x1f425e0?, 0xc000180c00?}, {0xc000216000?, 0x274c500?, 0xc000180c00?})
	gitlab.nethead.at/symflower/symflower/cmd/execute.go:16 +0x26
gitlab.nethead.at/symflower/symflower/cmd.ExecuteWithOSArguments(...)
	gitlab.nethead.at/symflower/symflower/cmd/execute.go:75
main.main.func1()
	gitlab.nethead.at/symflower/symflower/cmd/symflower-demo/main.go:40 +0x34
gitlab.nethead.at/symflower/symflower/cmd/symflower-local/cmd.(*Command).WithPanicReporter(0xc000138058?, 0x2636b18?)
	gitlab.nethead.at/symflower/symflower/cmd/symflower-local/cmd/cmd.go:184 +0x48
main.main()
	gitlab.nethead.at/symflower/symflower/cmd/symflower-demo/main.go:39 +0xa5


github.com/symflower/eval-dev-quality/util.CommandWithResult
	/home/eval/eval-dev-quality/util/exec.go:52
github.com/symflower/eval-dev-quality/language/java.(*Language).Execute
	/home/eval/eval-dev-quality/language/java/language.go:94
github.com/symflower/eval-dev-quality/evaluate.Repository
	/home/eval/eval-dev-quality/evaluate/repository.go:57
github.com/symflower/eval-dev-quality/evaluate.Evaluate.func1
	/home/eval/eval-dev-quality/evaluate/evaluate.go:119
github.com/symflower/eval-dev-quality/evaluate.withLoadedModel
	/home/eval/eval-dev-quality/evaluate/evaluate.go:253
github.com/symflower/eval-dev-quality/evaluate.Evaluate
	/home/eval/eval-dev-quality/evaluate/evaluate.go:109
github.com/symflower/eval-dev-quality/cmd/eval-dev-quality/cmd.(*Evaluate).Execute
	/home/eval/eval-dev-quality/cmd/eval-dev-quality/cmd/evaluate.go:284
github.com/symflower/eval-dev-quality/cmd/eval-dev-quality/cmd.Execute.func1
	/home/eval/eval-dev-quality/cmd/eval-dev-quality/cmd/command.go:34
github.com/jessevdk/go-flags.(*Parser).ParseArgs
	/home/eval/go/pkg/mod/github.com/jessevdk/go-flags@v1.5.1-0.20210607101731-3927b71304df/parser.go:333
github.com/symflower/eval-dev-quality/cmd/eval-dev-quality/cmd.Execute
	/home/eval/eval-dev-quality/cmd/eval-dev-quality/cmd/command.go:37
main.main
	/home/eval/eval-dev-quality/cmd/eval-dev-quality/main.go:11
runtime.main
	/home/eval/go/src/runtime/proc.go:267
runtime.goexit
	/home/eval/go/src/runtime/asm_amd64.s:1650
github.com/symflower/eval-dev-quality/language/java.(*Language).Execute
	/home/eval/eval-dev-quality/language/java/language.go:105
github.com/symflower/eval-dev-quality/evaluate.Repository
	/home/eval/eval-dev-quality/evaluate/repository.go:57
github.com/symflower/eval-dev-quality/evaluate.Evaluate.func1
	/home/eval/eval-dev-quality/evaluate/evaluate.go:119
github.com/symflower/eval-dev-quality/evaluate.withLoadedModel
	/home/eval/eval-dev-quality/evaluate/evaluate.go:253
github.com/symflower/eval-dev-quality/evaluate.Evaluate
	/home/eval/eval-dev-quality/evaluate/evaluate.go:109
github.com/symflower/eval-dev-quality/cmd/eval-dev-quality/cmd.(*Evaluate).Execute
	/home/eval/eval-dev-quality/cmd/eval-dev-quality/cmd/evaluate.go:284
github.com/symflower/eval-dev-quality/cmd/eval-dev-quality/cmd.Execute.func1
	/home/eval/eval-dev-quality/cmd/eval-dev-quality/cmd/command.go:34
github.com/jessevdk/go-flags.(*Parser).ParseArgs
	/home/eval/go/pkg/mod/github.com/jessevdk/go-flags@v1.5.1-0.20210607101731-3927b71304df/parser.go:333
github.com/symflower/eval-dev-quality/cmd/eval-dev-quality/cmd.Execute
	/home/eval/eval-dev-quality/cmd/eval-dev-quality/cmd/command.go:37
main.main
	/home/eval/eval-dev-quality/cmd/eval-dev-quality/main.go:11
runtime.main
	/home/eval/go/src/runtime/proc.go:267
runtime.goexit
	/home/eval/go/src/runtime/asm_amd64.s:1650
[0;34mGive us your feedback and let us know how we can improve Symflower at hello@symflower.com or https://github.com/symflower/symflower. Thanks so much for your help![0m
ERROR: All attempts fail:
#1: Internal error: exit status 1:
[]interface {}{
    "/tmp/eval-dev-quality4045395265/plain/",
    "[INFO] Scanning for projects...\n[WARNING] \n[WARNING] Some problems were encountered while building the effective model for eval.dev.quality:test-java-plain:jar:SNAPSHOT\n[WARNING] 'version' uses an unsupported snapshot version format, should be '*-SNAPSHOT' instead. @ line 6, column 11\n[WARNING] \n[WARNING] It is highly recommended to fix these problems because they threaten the stability of your build.\n[WARNING] \n[WARNING] For this reason, future Maven versions might no longer support building such malformed projects.\n[WARNING] \n[INFO] \n[INFO] ------------------< eval.dev.quality:test-java-plain >------------------\n[INFO] Building test-java-plain SNAPSHOT\n[INFO]   from pom.xml\n[INFO] --------------------------------[ jar ]---------------------------------\n[INFO] \n[INFO] --- clean:3.2.0:clean (default-clean) @ test-java-plain ---\n[INFO] \n[INFO] --- resources:3.3.1:resources (default-resources) @ test-java-plain ---\n[WARNING] Using platform encoding (UTF-8 actually) to copy filtered resources, i.e. build is platform dependent!\n[INFO] skip non existing resourceDirectory /tmp/eval-dev-quality4045395265/plain/src/main/resources\n[INFO] \n[INFO] --- compiler:3.11.0:compile (default-compile) @ test-java-plain ---\n[INFO] Changes detected - recompiling the module! :source\n[WARNING] File encoding has not been set, using platform encoding UTF-8, i.e. build is platform dependent!\n[INFO] Compiling 1 source file with javac [debug target 11] to target/classes\n[WARNING] system modules path not set in conjunction with -source 11\n[INFO] \n[INFO] --- resources:3.3.1:resources (default-resources) @ test-java-plain ---\n[WARNING] Using platform encoding (UTF-8 actually) to copy filtered resources, i.e. build is platform dependent!\n[INFO] skip non existing resourceDirectory /tmp/eval-dev-quality4045395265/plain/src/main/resources\n[INFO] \n[INFO] --- compiler:3.11.0:compile (default-compile) @ test-java-plain ---\n[INFO] Nothing to compile - all classes are up to date\n[INFO] \n[INFO] --- resources:3.3.1:testResources (default-testResources) @ test-java-plain ---\n[WARNING] Using platform encoding (UTF-8 actually) to copy filtered resources, i.e. build is platform dependent!\n[INFO] skip non existing resourceDirectory /tmp/eval-dev-quality4045395265/plain/src/test/resources\n[INFO] \n[INFO] --- compiler:3.11.0:testCompile (default-testCompile) @ test-java-plain ---\n[INFO] Changes detected - recompiling the module! :dependency\n[WARNING] File encoding has not been set, using platform encoding UTF-8, i.e. build is platform dependent!\n[INFO] Compiling 1 source file with javac [debug target 11] to target/test-classes\n[INFO] -------------------------------------------------------------\n[WARNING] COMPILATION WARNING : \n[INFO] -------------------------------------------------------------\n[WARNING] system modules path not set in conjunction with -source 11\n[INFO] 1 warning\n[INFO] -------------------------------------------------------------\n[INFO] -------------------------------------------------------------\n[ERROR] COMPILATION ERROR : \n[INFO] -------------------------------------------------------------\n[ERROR] /tmp/eval-dev-quality4045395265/plain/src/test/java/com/eval/PlainTest.java:[11,16] <identifier> expected\n[ERROR] /tmp/eval-dev-quality4045395265/plain/src/test/java/com/eval/PlainTest.java:[11,15] not a statement\n[ERROR] /tmp/eval-dev-quality4045395265/plain/src/test/java/com/eval/PlainTest.java:[11,17] unclosed string literal\n[INFO] 3 errors \n[INFO] -------------------------------------------------------------\n[INFO] ------------------------------------------------------------------------\n[INFO] BUILD FAILURE\n[INFO] ------------------------------------------------------------------------\n[INFO] Total time:  0.743 s\n[INFO] Finished at: 2024-06-06T10:44:08+02:00\n[INFO] ------------------------------------------------------------------------\n[ERROR] Failed to execute goal org.apache.maven.plugins:maven-compiler-plugin:3.11.0:testCompile (default-testCompile) on project test-java-plain: Compilation failure: Compilation failure: \n[ERROR] /tmp/eval-dev-quality4045395265/plain/src/test/java/com/eval/PlainTest.java:[11,16] <identifier> expected\n[ERROR] /tmp/eval-dev-quality4045395265/plain/src/test/java/com/eval/PlainTest.java:[11,15] not a statement\n[ERROR] /tmp/eval-dev-quality4045395265/plain/src/test/java/com/eval/PlainTest.java:[11,17] unclosed string literal\n[ERROR] -> [Help 1]\n[ERROR] \n[ERROR] To see the full stack trace of the errors, re-run Maven with the -e switch.\n[ERROR] Re-run Maven using the -X switch to enable full debug logging.\n[ERROR] \n[ERROR] For more information about the errors and possible solutions, please read the following articles:\n[ERROR] [Help 1] http://cwiki.apache.org/confluence/display/MAVEN/MojoFailureException\n",
}
Stacktrace: goroutine 1 [running]:
gitlab.nethead.at/symflower/symflower/model/errors.NewInternalError({0x1f42da0?, 0xc00024a040}, {0xffa8c0?, 0xc000636018})
	gitlab.nethead.at/symflower/symflower/model/errors/error.go:850 +0x59
gitlab.nethead.at/symflower/symflower/language/java/execute.MavenDependencyCommand.func1()
	gitlab.nethead.at/symflower/symflower/language/java/execute/maven.go:80 +0x1ef
github.com/avast/retry-go.Do(0xc0008078b8, {0xc0008078a0, 0x3, 0x418c94?})
	github.com/avast/retry-go/retry.go:135 +0x5a3
gitlab.nethead.at/symflower/symflower/language/java/execute.MavenDependencyCommand({0xc00004c360, 0x26}, 0x0, {0xc00078c3c0, 0x6, 0x6})
	gitlab.nethead.at/symflower/symflower/language/java/execute/maven.go:60 +0x1c5
gitlab.nethead.at/symflower/symflower/language/java/execute.MavenCloverCoverage({0xc00004c360, 0x26})
	gitlab.nethead.at/symflower/symflower/language/java/execute/clover.go:131 +0xc9
gitlab.nethead.at/symflower/symflower/cmd/symflower-local/cmd.(*commandTest).Execute(0xc000180d78, {0xc000180c00?, 0x7f0984396978?, 0xc000180d78?})
	gitlab.nethead.at/symflower/symflower/cmd/symflower-local/cmd/test.go:143 +0x54f
gitlab.nethead.at/symflower/symflower/cmd.ExecuteNoExit({0x1f425e0?, 0xc000180c00}, {0xc000216000?, 0x2782d80?, 0xc00051bed8?})
	gitlab.nethead.at/symflower/symflower/cmd/execute.go:56 +0x2d0
gitlab.nethead.at/symflower/symflower/cmd.Execute({0x1f425e0?, 0xc000180c00?}, {0xc000216000?, 0x274c500?, 0xc000180c00?})
	gitlab.nethead.at/symflower/symflower/cmd/execute.go:16 +0x26
gitlab.nethead.at/symflower/symflower/cmd.ExecuteWithOSArguments(...)
	gitlab.nethead.at/symflower/symflower/cmd/execute.go:75
main.main.func1()
	gitlab.nethead.at/symflower/symflower/cmd/symflower-demo/main.go:40 +0x34
gitlab.nethead.at/symflower/symflower/cmd/symflower-local/cmd.(*Command).WithPanicReporter(0xc000138058?, 0x2636b18?)
	gitlab.nethead.at/symflower/symflower/cmd/symflower-local/cmd/cmd.go:184 +0x48
main.main()
	gitlab.nethead.at/symflower/symflower/cmd/symflower-demo/main.go:39 +0xa5


src/main/java/com/eval/Plain.java]
