2024/06/06 10:04:02 Evaluating model "openrouter/01-ai/yi-34b-chat" using language "java" and repository "java/plain"
2024/06/06 10:04:02 Querying model "openrouter/01-ai/yi-34b-chat" with:
	Given the following Java code file "src/main/java/com/eval/Plain.java" with package "com.eval", provide a test file for this code with JUnit 5 as a test framework.
	The tests should produce 100 percent code coverage and must compile.
	The response must contain only the test code and nothing else.

	```java
	package com.eval;

	class Plain {
	    static void plain() {
	    }
	}
	```
2024/06/06 10:04:04 Model "openrouter/01-ai/yi-34b-chat" responded (2424 ms) with:
	```java
	package com.eval;

	import org.junit.jupiter.api.Test;
	import static org.junit.jupiter.api.Assertions.*;

	class PlainTest {

	    @Test
	    void plainMethodTest() {
	        Plain.plain();
	    }

	}
	```
2024/06/06 10:04:04 $ symflower test --language java --workspace /tmp/eval-dev-quality4045395265/plain --coverage-file /tmp/eval-dev-quality4045395265/plain/coverage.json
[INFO] Scanning for projects...
[WARNING] 
[WARNING] Some problems were encountered while building the effective model for eval.dev.quality:test-java-plain:jar:SNAPSHOT
[WARNING] 'version' uses an unsupported snapshot version format, should be '*-SNAPSHOT' instead. @ line 6, column 11
[WARNING] 
[WARNING] It is highly recommended to fix these problems because they threaten the stability of your build.
[WARNING] 
[WARNING] For this reason, future Maven versions might no longer support building such malformed projects.
[WARNING] 
[INFO] 
[INFO] ------------------< eval.dev.quality:test-java-plain >------------------
[INFO] Building test-java-plain SNAPSHOT
[INFO]   from pom.xml
[INFO] --------------------------------[ jar ]---------------------------------
[INFO] 
[INFO] --- clover:4.5.2:aggregate (default-cli) @ test-java-plain ---
[INFO] 
[INFO] ------------------< eval.dev.quality:test-java-plain >------------------
[INFO] Building test-java-plain SNAPSHOT
[INFO]   from pom.xml
[INFO] --------------------------------[ jar ]---------------------------------
[INFO] 
[INFO] --- clover:4.5.2:clover (default-cli) @ test-java-plain ---
[INFO] Using default-clover-report descriptor.
[INFO] Using Clover report descriptor: /tmp/mvn17036511733214774686resource
[INFO] OpenClover Version 4.5.2, built on 2024-01-31
[INFO] Clover is enabled with initstring '/tmp/eval-dev-quality4045395265/plain/target/clover/clover.db'
[INFO] OpenClover Version 4.5.2, built on 2024-01-31
[INFO] Loading coverage database from: '/tmp/eval-dev-quality4045395265/plain/target/clover/clover.db'
[INFO] Writing report to '/tmp/eval-dev-quality4045395265/plain/target/site/clover/clover.xml'
[INFO] ------------------------------------------------------------------------
[INFO] BUILD SUCCESS
[INFO] ------------------------------------------------------------------------
[INFO] Total time:  1.923 s
[INFO] Finished at: 2024-06-06T10:04:10+02:00
[INFO] ------------------------------------------------------------------------

Total coverage 100.000000%
[0;34mGive us your feedback and let us know how we can improve Symflower at hello@symflower.com or https://github.com/symflower/symflower. Thanks so much for your help![0m
2024/06/06 10:04:10 Executes tests with 1 coverage objects
2024/06/06 10:04:10 Evaluated model "openrouter/01-ai/yi-34b-chat" using language "java" and repository "java/plain": encountered 0 problems: []
2024/06/06 10:13:27 Evaluating model "openrouter/01-ai/yi-34b-chat" using language "java" and repository "java/plain"
2024/06/06 10:13:27 Querying model "openrouter/01-ai/yi-34b-chat" with:
	Given the following Java code file "src/main/java/com/eval/Plain.java" with package "com.eval", provide a test file for this code with JUnit 5 as a test framework.
	The tests should produce 100 percent code coverage and must compile.
	The response must contain only the test code and nothing else.

	```java
	package com.eval;

	class Plain {
	    static void plain() {
	    }
	}
	```
2024/06/06 10:13:34 Model "openrouter/01-ai/yi-34b-chat" responded (7177 ms) with:
	```java
	package com.eval;

	import static org.junit.jupiter.api.Assertions.assertDoesNotThrow;
	import static org.junit.jupiter.api.Assertions.assertThrows;
	import static org.junit.jupiter.api.Assertions.assertTrue;

	import org.junit.jupiter.api.Test;

	class PlainTest {

	    @Test
	    void plainMethodIsVoid() {
	        assertDoesNotThrow(Plain::plain);
	        assertTrue(true); // This is to ensure that the method is indeed invoked and does not throw an error.
	    }

	    @Test
	    void plainMethodDoesNotThrowException() {
	        assertDoesNotThrow(Plain::plain);
	    }

	    @Test
	    void plainMethodHasNoParameters() {
	        assertDoesNotThrow(Plain::plain);
	    }

	    @Test
	    void plainMethodHasNoReturnValue() {
	        assertDoesNotThrow(Plain::plain);
	    }
	}
	```
2024/06/06 10:13:34 $ symflower test --language java --workspace /tmp/eval-dev-quality4045395265/plain --coverage-file /tmp/eval-dev-quality4045395265/plain/coverage.json
[INFO] Scanning for projects...
[WARNING] 
[WARNING] Some problems were encountered while building the effective model for eval.dev.quality:test-java-plain:jar:SNAPSHOT
[WARNING] 'version' uses an unsupported snapshot version format, should be '*-SNAPSHOT' instead. @ line 6, column 11
[WARNING] 
[WARNING] It is highly recommended to fix these problems because they threaten the stability of your build.
[WARNING] 
[WARNING] For this reason, future Maven versions might no longer support building such malformed projects.
[WARNING] 
[INFO] 
[INFO] ------------------< eval.dev.quality:test-java-plain >------------------
[INFO] Building test-java-plain SNAPSHOT
[INFO]   from pom.xml
[INFO] --------------------------------[ jar ]---------------------------------
[INFO] 
[INFO] --- clover:4.5.2:aggregate (default-cli) @ test-java-plain ---
[INFO] 
[INFO] ------------------< eval.dev.quality:test-java-plain >------------------
[INFO] Building test-java-plain SNAPSHOT
[INFO]   from pom.xml
[INFO] --------------------------------[ jar ]---------------------------------
[INFO] 
[INFO] --- clover:4.5.2:clover (default-cli) @ test-java-plain ---
[INFO] Using default-clover-report descriptor.
[INFO] Using Clover report descriptor: /tmp/mvn1948571539024608509resource
[INFO] OpenClover Version 4.5.2, built on 2024-01-31
[INFO] Clover is enabled with initstring '/tmp/eval-dev-quality4045395265/plain/target/clover/clover.db'
[INFO] OpenClover Version 4.5.2, built on 2024-01-31
[INFO] Loading coverage database from: '/tmp/eval-dev-quality4045395265/plain/target/clover/clover.db'
[INFO] Writing report to '/tmp/eval-dev-quality4045395265/plain/target/site/clover/clover.xml'
[INFO] ------------------------------------------------------------------------
[INFO] BUILD SUCCESS
[INFO] ------------------------------------------------------------------------
[INFO] Total time:  1.934 s
[INFO] Finished at: 2024-06-06T10:13:40+02:00
[INFO] ------------------------------------------------------------------------

Total coverage 100.000000%
[0;34mGive us your feedback and let us know how we can improve Symflower at hello@symflower.com or https://github.com/symflower/symflower. Thanks so much for your help![0m
2024/06/06 10:13:40 Executes tests with 1 coverage objects
2024/06/06 10:13:40 Evaluated model "openrouter/01-ai/yi-34b-chat" using language "java" and repository "java/plain": encountered 0 problems: []
2024/06/06 10:23:54 Evaluating model "openrouter/01-ai/yi-34b-chat" using language "java" and repository "java/plain"
2024/06/06 10:23:54 Querying model "openrouter/01-ai/yi-34b-chat" with:
	Given the following Java code file "src/main/java/com/eval/Plain.java" with package "com.eval", provide a test file for this code with JUnit 5 as a test framework.
	The tests should produce 100 percent code coverage and must compile.
	The response must contain only the test code and nothing else.

	```java
	package com.eval;

	class Plain {
	    static void plain() {
	    }
	}
	```
2024/06/06 10:23:58 Model "openrouter/01-ai/yi-34b-chat" responded (3132 ms) with:
	```java
	package com.eval;

	import org.junit.jupiter.api.Test;

	import static org.junit.jupiter.api.Assertions.*;

	class PlainTest {
	    @Test
	    void plainMethodTest() {
	        Plain.plain();
	        // No assertions needed for an empty method, just calling it ensures coverage.
	    }
	}
	```
2024/06/06 10:23:58 $ symflower test --language java --workspace /tmp/eval-dev-quality4045395265/plain --coverage-file /tmp/eval-dev-quality4045395265/plain/coverage.json
[INFO] Scanning for projects...
[WARNING] 
[WARNING] Some problems were encountered while building the effective model for eval.dev.quality:test-java-plain:jar:SNAPSHOT
[WARNING] 'version' uses an unsupported snapshot version format, should be '*-SNAPSHOT' instead. @ line 6, column 11
[WARNING] 
[WARNING] It is highly recommended to fix these problems because they threaten the stability of your build.
[WARNING] 
[WARNING] For this reason, future Maven versions might no longer support building such malformed projects.
[WARNING] 
[INFO] 
[INFO] ------------------< eval.dev.quality:test-java-plain >------------------
[INFO] Building test-java-plain SNAPSHOT
[INFO]   from pom.xml
[INFO] --------------------------------[ jar ]---------------------------------
[INFO] 
[INFO] --- clover:4.5.2:aggregate (default-cli) @ test-java-plain ---
[INFO] 
[INFO] ------------------< eval.dev.quality:test-java-plain >------------------
[INFO] Building test-java-plain SNAPSHOT
[INFO]   from pom.xml
[INFO] --------------------------------[ jar ]---------------------------------
[INFO] 
[INFO] --- clover:4.5.2:clover (default-cli) @ test-java-plain ---
[INFO] Using default-clover-report descriptor.
[INFO] Using Clover report descriptor: /tmp/mvn12127005005777378572resource
[INFO] OpenClover Version 4.5.2, built on 2024-01-31
[INFO] Clover is enabled with initstring '/tmp/eval-dev-quality4045395265/plain/target/clover/clover.db'
[INFO] OpenClover Version 4.5.2, built on 2024-01-31
[INFO] Loading coverage database from: '/tmp/eval-dev-quality4045395265/plain/target/clover/clover.db'
[INFO] Writing report to '/tmp/eval-dev-quality4045395265/plain/target/site/clover/clover.xml'
[INFO] ------------------------------------------------------------------------
[INFO] BUILD SUCCESS
[INFO] ------------------------------------------------------------------------
[INFO] Total time:  1.916 s
[INFO] Finished at: 2024-06-06T10:24:03+02:00
[INFO] ------------------------------------------------------------------------

Total coverage 100.000000%
[0;34mGive us your feedback and let us know how we can improve Symflower at hello@symflower.com or https://github.com/symflower/symflower. Thanks so much for your help![0m
2024/06/06 10:24:04 Executes tests with 1 coverage objects
2024/06/06 10:24:04 Evaluated model "openrouter/01-ai/yi-34b-chat" using language "java" and repository "java/plain": encountered 0 problems: []
2024/06/06 10:32:22 Evaluating model "openrouter/01-ai/yi-34b-chat" using language "java" and repository "java/plain"
2024/06/06 10:32:22 Querying model "openrouter/01-ai/yi-34b-chat" with:
	Given the following Java code file "src/main/java/com/eval/Plain.java" with package "com.eval", provide a test file for this code with JUnit 5 as a test framework.
	The tests should produce 100 percent code coverage and must compile.
	The response must contain only the test code and nothing else.

	```java
	package com.eval;

	class Plain {
	    static void plain() {
	    }
	}
	```
2024/06/06 10:32:29 Model "openrouter/01-ai/yi-34b-chat" responded (6391 ms) with:
	```java
	package com.eval;

	import static org.junit.Assert.assertDoesNotThrow;
	import static org.junit.Assert.assertEquals;
	import static org.junit.Assert.assertNotNull;

	import org.junit.jupiter.api.Test;

	class PlainTest {
	    @Test
	    void shouldCallPlainMethod() {
	        assertDoesNotThrow(() -> {
	            new Plain().plain();
	        });
	    }

	    @Test
	    void shouldReturnVoid() {
	        assertNotNull(new Plain().plain());
	    }

	    @Test
	    void shouldNotThrowException() {
	        assertDoesNotThrow(() -> {
	            new Plain().plain();
	        });
	    }
	}
	```
2024/06/06 10:32:29 $ symflower test --language java --workspace /tmp/eval-dev-quality4045395265/plain --coverage-file /tmp/eval-dev-quality4045395265/plain/coverage.json
[0;34mGive us your feedback and let us know how we can improve Symflower at hello@symflower.com or https://github.com/symflower/symflower. Thanks so much for your help![0m
ERROR: All attempts fail:
#1: Internal error: exit status 1:
[]interface {}{
    "/tmp/eval-dev-quality4045395265/plain/",
    "[INFO] Scanning for projects...\n[WARNING] \n[WARNING] Some problems were encountered while building the effective model for eval.dev.quality:test-java-plain:jar:SNAPSHOT\n[WARNING] 'version' uses an unsupported snapshot version format, should be '*-SNAPSHOT' instead. @ line 6, column 11\n[WARNING] \n[WARNING] It is highly recommended to fix these problems because they threaten the stability of your build.\n[WARNING] \n[WARNING] For this reason, future Maven versions might no longer support building such malformed projects.\n[WARNING] \n[INFO] \n[INFO] ------------------< eval.dev.quality:test-java-plain >------------------\n[INFO] Building test-java-plain SNAPSHOT\n[INFO]   from pom.xml\n[INFO] --------------------------------[ jar ]---------------------------------\n[INFO] \n[INFO] --- clean:3.2.0:clean (default-clean) @ test-java-plain ---\n[INFO] \n[INFO] --- resources:3.3.1:resources (default-resources) @ test-java-plain ---\n[WARNING] Using platform encoding (UTF-8 actually) to copy filtered resources, i.e. build is platform dependent!\n[INFO] skip non existing resourceDirectory /tmp/eval-dev-quality4045395265/plain/src/main/resources\n[INFO] \n[INFO] --- compiler:3.11.0:compile (default-compile) @ test-java-plain ---\n[INFO] Changes detected - recompiling the module! :source\n[WARNING] File encoding has not been set, using platform encoding UTF-8, i.e. build is platform dependent!\n[INFO] Compiling 1 source file with javac [debug target 11] to target/classes\n[WARNING] system modules path not set in conjunction with -source 11\n[INFO] \n[INFO] --- resources:3.3.1:resources (default-resources) @ test-java-plain ---\n[WARNING] Using platform encoding (UTF-8 actually) to copy filtered resources, i.e. build is platform dependent!\n[INFO] skip non existing resourceDirectory /tmp/eval-dev-quality4045395265/plain/src/main/resources\n[INFO] \n[INFO] --- compiler:3.11.0:compile (default-compile) @ test-java-plain ---\n[INFO] Nothing to compile - all classes are up to date\n[INFO] \n[INFO] --- resources:3.3.1:testResources (default-testResources) @ test-java-plain ---\n[WARNING] Using platform encoding (UTF-8 actually) to copy filtered resources, i.e. build is platform dependent!\n[INFO] skip non existing resourceDirectory /tmp/eval-dev-quality4045395265/plain/src/test/resources\n[INFO] \n[INFO] --- compiler:3.11.0:testCompile (default-testCompile) @ test-java-plain ---\n[INFO] Changes detected - recompiling the module! :dependency\n[WARNING] File encoding has not been set, using platform encoding UTF-8, i.e. build is platform dependent!\n[INFO] Compiling 1 source file with javac [debug target 11] to target/test-classes\n[INFO] -------------------------------------------------------------\n[WARNING] COMPILATION WARNING : \n[INFO] -------------------------------------------------------------\n[WARNING] system modules path not set in conjunction with -source 11\n[INFO] 1 warning\n[INFO] -------------------------------------------------------------\n[INFO] -------------------------------------------------------------\n[ERROR] COMPILATION ERROR : \n[INFO] -------------------------------------------------------------\n[ERROR] /tmp/eval-dev-quality4045395265/plain/src/test/java/com/eval/PlainTest.java:[3,24] package org.junit does not exist\n[ERROR] /tmp/eval-dev-quality4045395265/plain/src/test/java/com/eval/PlainTest.java:[3,1] static import only from classes and interfaces\n[ERROR] /tmp/eval-dev-quality4045395265/plain/src/test/java/com/eval/PlainTest.java:[4,24] package org.junit does not exist\n[ERROR] /tmp/eval-dev-quality4045395265/plain/src/test/java/com/eval/PlainTest.java:[4,1] static import only from classes and interfaces\n[ERROR] /tmp/eval-dev-quality4045395265/plain/src/test/java/com/eval/PlainTest.java:[5,24] package org.junit does not exist\n[ERROR] /tmp/eval-dev-quality4045395265/plain/src/test/java/com/eval/PlainTest.java:[5,1] static import only from classes and interfaces\n[ERROR] /tmp/eval-dev-quality4045395265/plain/src/test/java/com/eval/PlainTest.java:[12,9] cannot find symbol\n  symbol:   method assertDoesNotThrow(()->{ new [...](); })\n  location: class com.eval.PlainTest\n[ERROR] /tmp/eval-dev-quality4045395265/plain/src/test/java/com/eval/PlainTest.java:[19,40] 'void' type not allowed here\n[ERROR] /tmp/eval-dev-quality4045395265/plain/src/test/java/com/eval/PlainTest.java:[24,9] cannot find symbol\n  symbol:   method assertDoesNotThrow(()->{ new [...](); })\n  location: class com.eval.PlainTest\n[INFO] 9 errors \n[INFO] -------------------------------------------------------------\n[INFO] ------------------------------------------------------------------------\n[INFO] BUILD FAILURE\n[INFO] ------------------------------------------------------------------------\n[INFO] Total time:  0.816 s\n[INFO] Finished at: 2024-06-06T10:32:30+02:00\n[INFO] ------------------------------------------------------------------------\n[ERROR] Failed to execute goal org.apache.maven.plugins:maven-compiler-plugin:3.11.0:testCompile (default-testCompile) on project test-java-plain: Compilation failure: Compilation failure: \n[ERROR] /tmp/eval-dev-quality4045395265/plain/src/test/java/com/eval/PlainTest.java:[3,24] package org.junit does not exist\n[ERROR] /tmp/eval-dev-quality4045395265/plain/src/test/java/com/eval/PlainTest.java:[3,1] static import only from classes and interfaces\n[ERROR] /tmp/eval-dev-quality4045395265/plain/src/test/java/com/eval/PlainTest.java:[4,24] package org.junit does not exist\n[ERROR] /tmp/eval-dev-quality4045395265/plain/src/test/java/com/eval/PlainTest.java:[4,1] static import only from classes and interfaces\n[ERROR] /tmp/eval-dev-quality4045395265/plain/src/test/java/com/eval/PlainTest.java:[5,24] package org.junit does not exist\n[ERROR] /tmp/eval-dev-quality4045395265/plain/src/test/java/com/eval/PlainTest.java:[5,1] static import only from classes and interfaces\n[ERROR] /tmp/eval-dev-quality4045395265/plain/src/test/java/com/eval/PlainTest.java:[12,9] cannot find symbol\n[ERROR]   symbol:   method assertDoesNotThrow(()->{ new [...](); })\n[ERROR]   location: class com.eval.PlainTest\n[ERROR] /tmp/eval-dev-quality4045395265/plain/src/test/java/com/eval/PlainTest.java:[19,40] 'void' type not allowed here\n[ERROR] /tmp/eval-dev-quality4045395265/plain/src/test/java/com/eval/PlainTest.java:[24,9] cannot find symbol\n[ERROR]   symbol:   method assertDoesNotThrow(()->{ new [...](); })\n[ERROR]   location: class com.eval.PlainTest\n[ERROR] -> [Help 1]\n[ERROR] \n[ERROR] To see the full stack trace of the errors, re-run Maven with the -e switch.\n[ERROR] Re-run Maven using the -X switch to enable full debug logging.\n[ERROR] \n[ERROR] For more information about the errors and possible solutions, please read the following articles:\n[ERROR] [Help 1] http://cwiki.apache.org/confluence/display/MAVEN/MojoFailureException\n",
}
Stacktrace: goroutine 1 [running]:
gitlab.nethead.at/symflower/symflower/model/errors.NewInternalError({0x1f42da0?, 0xc000704000}, {0xffa8c0?, 0xc00063e018})
	gitlab.nethead.at/symflower/symflower/model/errors/error.go:850 +0x59
gitlab.nethead.at/symflower/symflower/language/java/execute.MavenDependencyCommand.func1()
	gitlab.nethead.at/symflower/symflower/language/java/execute/maven.go:80 +0x1ef
github.com/avast/retry-go.Do(0xc00073d8b8, {0xc00073d8a0, 0x3, 0x418c94?})
	github.com/avast/retry-go/retry.go:135 +0x5a3
gitlab.nethead.at/symflower/symflower/language/java/execute.MavenDependencyCommand({0xc0005c4030, 0x26}, 0x0, {0xc00059b920, 0x6, 0x6})
	gitlab.nethead.at/symflower/symflower/language/java/execute/maven.go:60 +0x1c5
gitlab.nethead.at/symflower/symflower/language/java/execute.MavenCloverCoverage({0xc0005c4030, 0x26})
	gitlab.nethead.at/symflower/symflower/language/java/execute/clover.go:131 +0xc9
gitlab.nethead.at/symflower/symflower/cmd/symflower-local/cmd.(*commandTest).Execute(0xc000181578, {0xc000181400?, 0x7fab7436c718?, 0xc000181578?})
	gitlab.nethead.at/symflower/symflower/cmd/symflower-local/cmd/test.go:143 +0x54f
gitlab.nethead.at/symflower/symflower/cmd.ExecuteNoExit({0x1f425e0?, 0xc000181400}, {0xc000216000?, 0x0?, 0xc000525ed8?})
	gitlab.nethead.at/symflower/symflower/cmd/execute.go:56 +0x2d0
gitlab.nethead.at/symflower/symflower/cmd.Execute({0x1f425e0?, 0xc000181400?}, {0xc000216000?, 0x274c500?, 0xc000181400?})
	gitlab.nethead.at/symflower/symflower/cmd/execute.go:16 +0x26
gitlab.nethead.at/symflower/symflower/cmd.ExecuteWithOSArguments(...)
	gitlab.nethead.at/symflower/symflower/cmd/execute.go:75
main.main.func1()
	gitlab.nethead.at/symflower/symflower/cmd/symflower-demo/main.go:40 +0x34
gitlab.nethead.at/symflower/symflower/cmd/symflower-local/cmd.(*Command).WithPanicReporter(0xc000130058?, 0x2636b18?)
	gitlab.nethead.at/symflower/symflower/cmd/symflower-local/cmd/cmd.go:184 +0x48
main.main()
	gitlab.nethead.at/symflower/symflower/cmd/symflower-demo/main.go:39 +0xa5

2024/06/06 10:32:30 Evaluated model "openrouter/01-ai/yi-34b-chat" using language "java" and repository "java/plain": encountered 1 problems: [exit status 1
[0;34mGive us your feedback and let us know how we can improve Symflower at hello@symflower.com or https://github.com/symflower/symflower. Thanks so much for your help![0m
ERROR: All attempts fail:
#1: Internal error: exit status 1:
[]interface {}{
    "/tmp/eval-dev-quality4045395265/plain/",
    "[INFO] Scanning for projects...\n[WARNING] \n[WARNING] Some problems were encountered while building the effective model for eval.dev.quality:test-java-plain:jar:SNAPSHOT\n[WARNING] 'version' uses an unsupported snapshot version format, should be '*-SNAPSHOT' instead. @ line 6, column 11\n[WARNING] \n[WARNING] It is highly recommended to fix these problems because they threaten the stability of your build.\n[WARNING] \n[WARNING] For this reason, future Maven versions might no longer support building such malformed projects.\n[WARNING] \n[INFO] \n[INFO] ------------------< eval.dev.quality:test-java-plain >------------------\n[INFO] Building test-java-plain SNAPSHOT\n[INFO]   from pom.xml\n[INFO] --------------------------------[ jar ]---------------------------------\n[INFO] \n[INFO] --- clean:3.2.0:clean (default-clean) @ test-java-plain ---\n[INFO] \n[INFO] --- resources:3.3.1:resources (default-resources) @ test-java-plain ---\n[WARNING] Using platform encoding (UTF-8 actually) to copy filtered resources, i.e. build is platform dependent!\n[INFO] skip non existing resourceDirectory /tmp/eval-dev-quality4045395265/plain/src/main/resources\n[INFO] \n[INFO] --- compiler:3.11.0:compile (default-compile) @ test-java-plain ---\n[INFO] Changes detected - recompiling the module! :source\n[WARNING] File encoding has not been set, using platform encoding UTF-8, i.e. build is platform dependent!\n[INFO] Compiling 1 source file with javac [debug target 11] to target/classes\n[WARNING] system modules path not set in conjunction with -source 11\n[INFO] \n[INFO] --- resources:3.3.1:resources (default-resources) @ test-java-plain ---\n[WARNING] Using platform encoding (UTF-8 actually) to copy filtered resources, i.e. build is platform dependent!\n[INFO] skip non existing resourceDirectory /tmp/eval-dev-quality4045395265/plain/src/main/resources\n[INFO] \n[INFO] --- compiler:3.11.0:compile (default-compile) @ test-java-plain ---\n[INFO] Nothing to compile - all classes are up to date\n[INFO] \n[INFO] --- resources:3.3.1:testResources (default-testResources) @ test-java-plain ---\n[WARNING] Using platform encoding (UTF-8 actually) to copy filtered resources, i.e. build is platform dependent!\n[INFO] skip non existing resourceDirectory /tmp/eval-dev-quality4045395265/plain/src/test/resources\n[INFO] \n[INFO] --- compiler:3.11.0:testCompile (default-testCompile) @ test-java-plain ---\n[INFO] Changes detected - recompiling the module! :dependency\n[WARNING] File encoding has not been set, using platform encoding UTF-8, i.e. build is platform dependent!\n[INFO] Compiling 1 source file with javac [debug target 11] to target/test-classes\n[INFO] -------------------------------------------------------------\n[WARNING] COMPILATION WARNING : \n[INFO] -------------------------------------------------------------\n[WARNING] system modules path not set in conjunction with -source 11\n[INFO] 1 warning\n[INFO] -------------------------------------------------------------\n[INFO] -------------------------------------------------------------\n[ERROR] COMPILATION ERROR : \n[INFO] -------------------------------------------------------------\n[ERROR] /tmp/eval-dev-quality4045395265/plain/src/test/java/com/eval/PlainTest.java:[3,24] package org.junit does not exist\n[ERROR] /tmp/eval-dev-quality4045395265/plain/src/test/java/com/eval/PlainTest.java:[3,1] static import only from classes and interfaces\n[ERROR] /tmp/eval-dev-quality4045395265/plain/src/test/java/com/eval/PlainTest.java:[4,24] package org.junit does not exist\n[ERROR] /tmp/eval-dev-quality4045395265/plain/src/test/java/com/eval/PlainTest.java:[4,1] static import only from classes and interfaces\n[ERROR] /tmp/eval-dev-quality4045395265/plain/src/test/java/com/eval/PlainTest.java:[5,24] package org.junit does not exist\n[ERROR] /tmp/eval-dev-quality4045395265/plain/src/test/java/com/eval/PlainTest.java:[5,1] static import only from classes and interfaces\n[ERROR] /tmp/eval-dev-quality4045395265/plain/src/test/java/com/eval/PlainTest.java:[12,9] cannot find symbol\n  symbol:   method assertDoesNotThrow(()->{ new [...](); })\n  location: class com.eval.PlainTest\n[ERROR] /tmp/eval-dev-quality4045395265/plain/src/test/java/com/eval/PlainTest.java:[19,40] 'void' type not allowed here\n[ERROR] /tmp/eval-dev-quality4045395265/plain/src/test/java/com/eval/PlainTest.java:[24,9] cannot find symbol\n  symbol:   method assertDoesNotThrow(()->{ new [...](); })\n  location: class com.eval.PlainTest\n[INFO] 9 errors \n[INFO] -------------------------------------------------------------\n[INFO] ------------------------------------------------------------------------\n[INFO] BUILD FAILURE\n[INFO] ------------------------------------------------------------------------\n[INFO] Total time:  0.816 s\n[INFO] Finished at: 2024-06-06T10:32:30+02:00\n[INFO] ------------------------------------------------------------------------\n[ERROR] Failed to execute goal org.apache.maven.plugins:maven-compiler-plugin:3.11.0:testCompile (default-testCompile) on project test-java-plain: Compilation failure: Compilation failure: \n[ERROR] /tmp/eval-dev-quality4045395265/plain/src/test/java/com/eval/PlainTest.java:[3,24] package org.junit does not exist\n[ERROR] /tmp/eval-dev-quality4045395265/plain/src/test/java/com/eval/PlainTest.java:[3,1] static import only from classes and interfaces\n[ERROR] /tmp/eval-dev-quality4045395265/plain/src/test/java/com/eval/PlainTest.java:[4,24] package org.junit does not exist\n[ERROR] /tmp/eval-dev-quality4045395265/plain/src/test/java/com/eval/PlainTest.java:[4,1] static import only from classes and interfaces\n[ERROR] /tmp/eval-dev-quality4045395265/plain/src/test/java/com/eval/PlainTest.java:[5,24] package org.junit does not exist\n[ERROR] /tmp/eval-dev-quality4045395265/plain/src/test/java/com/eval/PlainTest.java:[5,1] static import only from classes and interfaces\n[ERROR] /tmp/eval-dev-quality4045395265/plain/src/test/java/com/eval/PlainTest.java:[12,9] cannot find symbol\n[ERROR]   symbol:   method assertDoesNotThrow(()->{ new [...](); })\n[ERROR]   location: class com.eval.PlainTest\n[ERROR] /tmp/eval-dev-quality4045395265/plain/src/test/java/com/eval/PlainTest.java:[19,40] 'void' type not allowed here\n[ERROR] /tmp/eval-dev-quality4045395265/plain/src/test/java/com/eval/PlainTest.java:[24,9] cannot find symbol\n[ERROR]   symbol:   method assertDoesNotThrow(()->{ new [...](); })\n[ERROR]   location: class com.eval.PlainTest\n[ERROR] -> [Help 1]\n[ERROR] \n[ERROR] To see the full stack trace of the errors, re-run Maven with the -e switch.\n[ERROR] Re-run Maven using the -X switch to enable full debug logging.\n[ERROR] \n[ERROR] For more information about the errors and possible solutions, please read the following articles:\n[ERROR] [Help 1] http://cwiki.apache.org/confluence/display/MAVEN/MojoFailureException\n",
}
Stacktrace: goroutine 1 [running]:
gitlab.nethead.at/symflower/symflower/model/errors.NewInternalError({0x1f42da0?, 0xc000704000}, {0xffa8c0?, 0xc00063e018})
	gitlab.nethead.at/symflower/symflower/model/errors/error.go:850 +0x59
gitlab.nethead.at/symflower/symflower/language/java/execute.MavenDependencyCommand.func1()
	gitlab.nethead.at/symflower/symflower/language/java/execute/maven.go:80 +0x1ef
github.com/avast/retry-go.Do(0xc00073d8b8, {0xc00073d8a0, 0x3, 0x418c94?})
	github.com/avast/retry-go/retry.go:135 +0x5a3
gitlab.nethead.at/symflower/symflower/language/java/execute.MavenDependencyCommand({0xc0005c4030, 0x26}, 0x0, {0xc00059b920, 0x6, 0x6})
	gitlab.nethead.at/symflower/symflower/language/java/execute/maven.go:60 +0x1c5
gitlab.nethead.at/symflower/symflower/language/java/execute.MavenCloverCoverage({0xc0005c4030, 0x26})
	gitlab.nethead.at/symflower/symflower/language/java/execute/clover.go:131 +0xc9
gitlab.nethead.at/symflower/symflower/cmd/symflower-local/cmd.(*commandTest).Execute(0xc000181578, {0xc000181400?, 0x7fab7436c718?, 0xc000181578?})
	gitlab.nethead.at/symflower/symflower/cmd/symflower-local/cmd/test.go:143 +0x54f
gitlab.nethead.at/symflower/symflower/cmd.ExecuteNoExit({0x1f425e0?, 0xc000181400}, {0xc000216000?, 0x0?, 0xc000525ed8?})
	gitlab.nethead.at/symflower/symflower/cmd/execute.go:56 +0x2d0
gitlab.nethead.at/symflower/symflower/cmd.Execute({0x1f425e0?, 0xc000181400?}, {0xc000216000?, 0x274c500?, 0xc000181400?})
	gitlab.nethead.at/symflower/symflower/cmd/execute.go:16 +0x26
gitlab.nethead.at/symflower/symflower/cmd.ExecuteWithOSArguments(...)
	gitlab.nethead.at/symflower/symflower/cmd/execute.go:75
main.main.func1()
	gitlab.nethead.at/symflower/symflower/cmd/symflower-demo/main.go:40 +0x34
gitlab.nethead.at/symflower/symflower/cmd/symflower-local/cmd.(*Command).WithPanicReporter(0xc000130058?, 0x2636b18?)
	gitlab.nethead.at/symflower/symflower/cmd/symflower-local/cmd/cmd.go:184 +0x48
main.main()
	gitlab.nethead.at/symflower/symflower/cmd/symflower-demo/main.go:39 +0xa5


github.com/symflower/eval-dev-quality/util.CommandWithResult
	/home/eval/eval-dev-quality/util/exec.go:52
github.com/symflower/eval-dev-quality/language/java.(*Language).Execute
	/home/eval/eval-dev-quality/language/java/language.go:94
github.com/symflower/eval-dev-quality/evaluate.Repository
	/home/eval/eval-dev-quality/evaluate/repository.go:57
github.com/symflower/eval-dev-quality/evaluate.Evaluate.func1
	/home/eval/eval-dev-quality/evaluate/evaluate.go:119
github.com/symflower/eval-dev-quality/evaluate.withLoadedModel
	/home/eval/eval-dev-quality/evaluate/evaluate.go:253
github.com/symflower/eval-dev-quality/evaluate.Evaluate
	/home/eval/eval-dev-quality/evaluate/evaluate.go:109
github.com/symflower/eval-dev-quality/cmd/eval-dev-quality/cmd.(*Evaluate).Execute
	/home/eval/eval-dev-quality/cmd/eval-dev-quality/cmd/evaluate.go:284
github.com/symflower/eval-dev-quality/cmd/eval-dev-quality/cmd.Execute.func1
	/home/eval/eval-dev-quality/cmd/eval-dev-quality/cmd/command.go:34
github.com/jessevdk/go-flags.(*Parser).ParseArgs
	/home/eval/go/pkg/mod/github.com/jessevdk/go-flags@v1.5.1-0.20210607101731-3927b71304df/parser.go:333
github.com/symflower/eval-dev-quality/cmd/eval-dev-quality/cmd.Execute
	/home/eval/eval-dev-quality/cmd/eval-dev-quality/cmd/command.go:37
main.main
	/home/eval/eval-dev-quality/cmd/eval-dev-quality/main.go:11
runtime.main
	/home/eval/go/src/runtime/proc.go:267
runtime.goexit
	/home/eval/go/src/runtime/asm_amd64.s:1650
github.com/symflower/eval-dev-quality/language/java.(*Language).Execute
	/home/eval/eval-dev-quality/language/java/language.go:105
github.com/symflower/eval-dev-quality/evaluate.Repository
	/home/eval/eval-dev-quality/evaluate/repository.go:57
github.com/symflower/eval-dev-quality/evaluate.Evaluate.func1
	/home/eval/eval-dev-quality/evaluate/evaluate.go:119
github.com/symflower/eval-dev-quality/evaluate.withLoadedModel
	/home/eval/eval-dev-quality/evaluate/evaluate.go:253
github.com/symflower/eval-dev-quality/evaluate.Evaluate
	/home/eval/eval-dev-quality/evaluate/evaluate.go:109
github.com/symflower/eval-dev-quality/cmd/eval-dev-quality/cmd.(*Evaluate).Execute
	/home/eval/eval-dev-quality/cmd/eval-dev-quality/cmd/evaluate.go:284
github.com/symflower/eval-dev-quality/cmd/eval-dev-quality/cmd.Execute.func1
	/home/eval/eval-dev-quality/cmd/eval-dev-quality/cmd/command.go:34
github.com/jessevdk/go-flags.(*Parser).ParseArgs
	/home/eval/go/pkg/mod/github.com/jessevdk/go-flags@v1.5.1-0.20210607101731-3927b71304df/parser.go:333
github.com/symflower/eval-dev-quality/cmd/eval-dev-quality/cmd.Execute
	/home/eval/eval-dev-quality/cmd/eval-dev-quality/cmd/command.go:37
main.main
	/home/eval/eval-dev-quality/cmd/eval-dev-quality/main.go:11
runtime.main
	/home/eval/go/src/runtime/proc.go:267
runtime.goexit
	/home/eval/go/src/runtime/asm_amd64.s:1650
[0;34mGive us your feedback and let us know how we can improve Symflower at hello@symflower.com or https://github.com/symflower/symflower. Thanks so much for your help![0m
ERROR: All attempts fail:
#1: Internal error: exit status 1:
[]interface {}{
    "/tmp/eval-dev-quality4045395265/plain/",
    "[INFO] Scanning for projects...\n[WARNING] \n[WARNING] Some problems were encountered while building the effective model for eval.dev.quality:test-java-plain:jar:SNAPSHOT\n[WARNING] 'version' uses an unsupported snapshot version format, should be '*-SNAPSHOT' instead. @ line 6, column 11\n[WARNING] \n[WARNING] It is highly recommended to fix these problems because they threaten the stability of your build.\n[WARNING] \n[WARNING] For this reason, future Maven versions might no longer support building such malformed projects.\n[WARNING] \n[INFO] \n[INFO] ------------------< eval.dev.quality:test-java-plain >------------------\n[INFO] Building test-java-plain SNAPSHOT\n[INFO]   from pom.xml\n[INFO] --------------------------------[ jar ]---------------------------------\n[INFO] \n[INFO] --- clean:3.2.0:clean (default-clean) @ test-java-plain ---\n[INFO] \n[INFO] --- resources:3.3.1:resources (default-resources) @ test-java-plain ---\n[WARNING] Using platform encoding (UTF-8 actually) to copy filtered resources, i.e. build is platform dependent!\n[INFO] skip non existing resourceDirectory /tmp/eval-dev-quality4045395265/plain/src/main/resources\n[INFO] \n[INFO] --- compiler:3.11.0:compile (default-compile) @ test-java-plain ---\n[INFO] Changes detected - recompiling the module! :source\n[WARNING] File encoding has not been set, using platform encoding UTF-8, i.e. build is platform dependent!\n[INFO] Compiling 1 source file with javac [debug target 11] to target/classes\n[WARNING] system modules path not set in conjunction with -source 11\n[INFO] \n[INFO] --- resources:3.3.1:resources (default-resources) @ test-java-plain ---\n[WARNING] Using platform encoding (UTF-8 actually) to copy filtered resources, i.e. build is platform dependent!\n[INFO] skip non existing resourceDirectory /tmp/eval-dev-quality4045395265/plain/src/main/resources\n[INFO] \n[INFO] --- compiler:3.11.0:compile (default-compile) @ test-java-plain ---\n[INFO] Nothing to compile - all classes are up to date\n[INFO] \n[INFO] --- resources:3.3.1:testResources (default-testResources) @ test-java-plain ---\n[WARNING] Using platform encoding (UTF-8 actually) to copy filtered resources, i.e. build is platform dependent!\n[INFO] skip non existing resourceDirectory /tmp/eval-dev-quality4045395265/plain/src/test/resources\n[INFO] \n[INFO] --- compiler:3.11.0:testCompile (default-testCompile) @ test-java-plain ---\n[INFO] Changes detected - recompiling the module! :dependency\n[WARNING] File encoding has not been set, using platform encoding UTF-8, i.e. build is platform dependent!\n[INFO] Compiling 1 source file with javac [debug target 11] to target/test-classes\n[INFO] -------------------------------------------------------------\n[WARNING] COMPILATION WARNING : \n[INFO] -------------------------------------------------------------\n[WARNING] system modules path not set in conjunction with -source 11\n[INFO] 1 warning\n[INFO] -------------------------------------------------------------\n[INFO] -------------------------------------------------------------\n[ERROR] COMPILATION ERROR : \n[INFO] -------------------------------------------------------------\n[ERROR] /tmp/eval-dev-quality4045395265/plain/src/test/java/com/eval/PlainTest.java:[3,24] package org.junit does not exist\n[ERROR] /tmp/eval-dev-quality4045395265/plain/src/test/java/com/eval/PlainTest.java:[3,1] static import only from classes and interfaces\n[ERROR] /tmp/eval-dev-quality4045395265/plain/src/test/java/com/eval/PlainTest.java:[4,24] package org.junit does not exist\n[ERROR] /tmp/eval-dev-quality4045395265/plain/src/test/java/com/eval/PlainTest.java:[4,1] static import only from classes and interfaces\n[ERROR] /tmp/eval-dev-quality4045395265/plain/src/test/java/com/eval/PlainTest.java:[5,24] package org.junit does not exist\n[ERROR] /tmp/eval-dev-quality4045395265/plain/src/test/java/com/eval/PlainTest.java:[5,1] static import only from classes and interfaces\n[ERROR] /tmp/eval-dev-quality4045395265/plain/src/test/java/com/eval/PlainTest.java:[12,9] cannot find symbol\n  symbol:   method assertDoesNotThrow(()->{ new [...](); })\n  location: class com.eval.PlainTest\n[ERROR] /tmp/eval-dev-quality4045395265/plain/src/test/java/com/eval/PlainTest.java:[19,40] 'void' type not allowed here\n[ERROR] /tmp/eval-dev-quality4045395265/plain/src/test/java/com/eval/PlainTest.java:[24,9] cannot find symbol\n  symbol:   method assertDoesNotThrow(()->{ new [...](); })\n  location: class com.eval.PlainTest\n[INFO] 9 errors \n[INFO] -------------------------------------------------------------\n[INFO] ------------------------------------------------------------------------\n[INFO] BUILD FAILURE\n[INFO] ------------------------------------------------------------------------\n[INFO] Total time:  0.816 s\n[INFO] Finished at: 2024-06-06T10:32:30+02:00\n[INFO] ------------------------------------------------------------------------\n[ERROR] Failed to execute goal org.apache.maven.plugins:maven-compiler-plugin:3.11.0:testCompile (default-testCompile) on project test-java-plain: Compilation failure: Compilation failure: \n[ERROR] /tmp/eval-dev-quality4045395265/plain/src/test/java/com/eval/PlainTest.java:[3,24] package org.junit does not exist\n[ERROR] /tmp/eval-dev-quality4045395265/plain/src/test/java/com/eval/PlainTest.java:[3,1] static import only from classes and interfaces\n[ERROR] /tmp/eval-dev-quality4045395265/plain/src/test/java/com/eval/PlainTest.java:[4,24] package org.junit does not exist\n[ERROR] /tmp/eval-dev-quality4045395265/plain/src/test/java/com/eval/PlainTest.java:[4,1] static import only from classes and interfaces\n[ERROR] /tmp/eval-dev-quality4045395265/plain/src/test/java/com/eval/PlainTest.java:[5,24] package org.junit does not exist\n[ERROR] /tmp/eval-dev-quality4045395265/plain/src/test/java/com/eval/PlainTest.java:[5,1] static import only from classes and interfaces\n[ERROR] /tmp/eval-dev-quality4045395265/plain/src/test/java/com/eval/PlainTest.java:[12,9] cannot find symbol\n[ERROR]   symbol:   method assertDoesNotThrow(()->{ new [...](); })\n[ERROR]   location: class com.eval.PlainTest\n[ERROR] /tmp/eval-dev-quality4045395265/plain/src/test/java/com/eval/PlainTest.java:[19,40] 'void' type not allowed here\n[ERROR] /tmp/eval-dev-quality4045395265/plain/src/test/java/com/eval/PlainTest.java:[24,9] cannot find symbol\n[ERROR]   symbol:   method assertDoesNotThrow(()->{ new [...](); })\n[ERROR]   location: class com.eval.PlainTest\n[ERROR] -> [Help 1]\n[ERROR] \n[ERROR] To see the full stack trace of the errors, re-run Maven with the -e switch.\n[ERROR] Re-run Maven using the -X switch to enable full debug logging.\n[ERROR] \n[ERROR] For more information about the errors and possible solutions, please read the following articles:\n[ERROR] [Help 1] http://cwiki.apache.org/confluence/display/MAVEN/MojoFailureException\n",
}
Stacktrace: goroutine 1 [running]:
gitlab.nethead.at/symflower/symflower/model/errors.NewInternalError({0x1f42da0?, 0xc000704000}, {0xffa8c0?, 0xc00063e018})
	gitlab.nethead.at/symflower/symflower/model/errors/error.go:850 +0x59
gitlab.nethead.at/symflower/symflower/language/java/execute.MavenDependencyCommand.func1()
	gitlab.nethead.at/symflower/symflower/language/java/execute/maven.go:80 +0x1ef
github.com/avast/retry-go.Do(0xc00073d8b8, {0xc00073d8a0, 0x3, 0x418c94?})
	github.com/avast/retry-go/retry.go:135 +0x5a3
gitlab.nethead.at/symflower/symflower/language/java/execute.MavenDependencyCommand({0xc0005c4030, 0x26}, 0x0, {0xc00059b920, 0x6, 0x6})
	gitlab.nethead.at/symflower/symflower/language/java/execute/maven.go:60 +0x1c5
gitlab.nethead.at/symflower/symflower/language/java/execute.MavenCloverCoverage({0xc0005c4030, 0x26})
	gitlab.nethead.at/symflower/symflower/language/java/execute/clover.go:131 +0xc9
gitlab.nethead.at/symflower/symflower/cmd/symflower-local/cmd.(*commandTest).Execute(0xc000181578, {0xc000181400?, 0x7fab7436c718?, 0xc000181578?})
	gitlab.nethead.at/symflower/symflower/cmd/symflower-local/cmd/test.go:143 +0x54f
gitlab.nethead.at/symflower/symflower/cmd.ExecuteNoExit({0x1f425e0?, 0xc000181400}, {0xc000216000?, 0x0?, 0xc000525ed8?})
	gitlab.nethead.at/symflower/symflower/cmd/execute.go:56 +0x2d0
gitlab.nethead.at/symflower/symflower/cmd.Execute({0x1f425e0?, 0xc000181400?}, {0xc000216000?, 0x274c500?, 0xc000181400?})
	gitlab.nethead.at/symflower/symflower/cmd/execute.go:16 +0x26
gitlab.nethead.at/symflower/symflower/cmd.ExecuteWithOSArguments(...)
	gitlab.nethead.at/symflower/symflower/cmd/execute.go:75
main.main.func1()
	gitlab.nethead.at/symflower/symflower/cmd/symflower-demo/main.go:40 +0x34
gitlab.nethead.at/symflower/symflower/cmd/symflower-local/cmd.(*Command).WithPanicReporter(0xc000130058?, 0x2636b18?)
	gitlab.nethead.at/symflower/symflower/cmd/symflower-local/cmd/cmd.go:184 +0x48
main.main()
	gitlab.nethead.at/symflower/symflower/cmd/symflower-demo/main.go:39 +0xa5


src/main/java/com/eval/Plain.java]
2024/06/06 10:40:06 Evaluating model "openrouter/01-ai/yi-34b-chat" using language "java" and repository "java/plain"
2024/06/06 10:40:06 Querying model "openrouter/01-ai/yi-34b-chat" with:
	Given the following Java code file "src/main/java/com/eval/Plain.java" with package "com.eval", provide a test file for this code with JUnit 5 as a test framework.
	The tests should produce 100 percent code coverage and must compile.
	The response must contain only the test code and nothing else.

	```java
	package com.eval;

	class Plain {
	    static void plain() {
	    }
	}
	```
2024/06/06 10:40:09 Model "openrouter/01-ai/yi-34b-chat" responded (3222 ms) with:
	```java
	import com.eval.Plain;
	import org.junit.jupiter.api.Test;

	import static org.junit.jupiter.api.Assertions.*;

	class PlainTest {

	    @Test
	    void plainTest() {
	        Plain.plain();
	    }
	}
	```
2024/06/06 10:40:09 $ symflower test --language java --workspace /tmp/eval-dev-quality4045395265/plain --coverage-file /tmp/eval-dev-quality4045395265/plain/coverage.json
[0;34mGive us your feedback and let us know how we can improve Symflower at hello@symflower.com or https://github.com/symflower/symflower. Thanks so much for your help![0m
ERROR: All attempts fail:
#1: Internal error: exit status 1:
[]interface {}{
    "/tmp/eval-dev-quality4045395265/plain/",
    "[INFO] Scanning for projects...\n[WARNING] \n[WARNING] Some problems were encountered while building the effective model for eval.dev.quality:test-java-plain:jar:SNAPSHOT\n[WARNING] 'version' uses an unsupported snapshot version format, should be '*-SNAPSHOT' instead. @ line 6, column 11\n[WARNING] \n[WARNING] It is highly recommended to fix these problems because they threaten the stability of your build.\n[WARNING] \n[WARNING] For this reason, future Maven versions might no longer support building such malformed projects.\n[WARNING] \n[INFO] \n[INFO] ------------------< eval.dev.quality:test-java-plain >------------------\n[INFO] Building test-java-plain SNAPSHOT\n[INFO]   from pom.xml\n[INFO] --------------------------------[ jar ]---------------------------------\n[INFO] \n[INFO] --- clean:3.2.0:clean (default-clean) @ test-java-plain ---\n[INFO] \n[INFO] --- resources:3.3.1:resources (default-resources) @ test-java-plain ---\n[WARNING] Using platform encoding (UTF-8 actually) to copy filtered resources, i.e. build is platform dependent!\n[INFO] skip non existing resourceDirectory /tmp/eval-dev-quality4045395265/plain/src/main/resources\n[INFO] \n[INFO] --- compiler:3.11.0:compile (default-compile) @ test-java-plain ---\n[INFO] Changes detected - recompiling the module! :source\n[WARNING] File encoding has not been set, using platform encoding UTF-8, i.e. build is platform dependent!\n[INFO] Compiling 1 source file with javac [debug target 11] to target/classes\n[WARNING] system modules path not set in conjunction with -source 11\n[INFO] \n[INFO] --- resources:3.3.1:resources (default-resources) @ test-java-plain ---\n[WARNING] Using platform encoding (UTF-8 actually) to copy filtered resources, i.e. build is platform dependent!\n[INFO] skip non existing resourceDirectory /tmp/eval-dev-quality4045395265/plain/src/main/resources\n[INFO] \n[INFO] --- compiler:3.11.0:compile (default-compile) @ test-java-plain ---\n[INFO] Nothing to compile - all classes are up to date\n[INFO] \n[INFO] --- resources:3.3.1:testResources (default-testResources) @ test-java-plain ---\n[WARNING] Using platform encoding (UTF-8 actually) to copy filtered resources, i.e. build is platform dependent!\n[INFO] skip non existing resourceDirectory /tmp/eval-dev-quality4045395265/plain/src/test/resources\n[INFO] \n[INFO] --- compiler:3.11.0:testCompile (default-testCompile) @ test-java-plain ---\n[INFO] Changes detected - recompiling the module! :dependency\n[WARNING] File encoding has not been set, using platform encoding UTF-8, i.e. build is platform dependent!\n[INFO] Compiling 1 source file with javac [debug target 11] to target/test-classes\n[INFO] -------------------------------------------------------------\n[WARNING] COMPILATION WARNING : \n[INFO] -------------------------------------------------------------\n[WARNING] system modules path not set in conjunction with -source 11\n[INFO] 1 warning\n[INFO] -------------------------------------------------------------\n[INFO] -------------------------------------------------------------\n[ERROR] COMPILATION ERROR : \n[INFO] -------------------------------------------------------------\n[ERROR] /tmp/eval-dev-quality4045395265/plain/src/test/java/com/eval/PlainTest.java:[1,16] com.eval.Plain is not public in com.eval; cannot be accessed from outside package\n[ERROR] /tmp/eval-dev-quality4045395265/plain/src/test/java/com/eval/PlainTest.java:[10,9] com.eval.Plain is not public in com.eval; cannot be accessed from outside package\n[INFO] 2 errors \n[INFO] -------------------------------------------------------------\n[INFO] ------------------------------------------------------------------------\n[INFO] BUILD FAILURE\n[INFO] ------------------------------------------------------------------------\n[INFO] Total time:  0.785 s\n[INFO] Finished at: 2024-06-06T10:40:11+02:00\n[INFO] ------------------------------------------------------------------------\n[ERROR] Failed to execute goal org.apache.maven.plugins:maven-compiler-plugin:3.11.0:testCompile (default-testCompile) on project test-java-plain: Compilation failure: Compilation failure: \n[ERROR] /tmp/eval-dev-quality4045395265/plain/src/test/java/com/eval/PlainTest.java:[1,16] com.eval.Plain is not public in com.eval; cannot be accessed from outside package\n[ERROR] /tmp/eval-dev-quality4045395265/plain/src/test/java/com/eval/PlainTest.java:[10,9] com.eval.Plain is not public in com.eval; cannot be accessed from outside package\n[ERROR] -> [Help 1]\n[ERROR] \n[ERROR] To see the full stack trace of the errors, re-run Maven with the -e switch.\n[ERROR] Re-run Maven using the -X switch to enable full debug logging.\n[ERROR] \n[ERROR] For more information about the errors and possible solutions, please read the following articles:\n[ERROR] [Help 1] http://cwiki.apache.org/confluence/display/MAVEN/MojoFailureException\n",
}
Stacktrace: goroutine 1 [running]:
gitlab.nethead.at/symflower/symflower/model/errors.NewInternalError({0x1f42da0?, 0xc00024a040}, {0xffa8c0?, 0xc0002021e0})
	gitlab.nethead.at/symflower/symflower/model/errors/error.go:850 +0x59
gitlab.nethead.at/symflower/symflower/language/java/execute.MavenDependencyCommand.func1()
	gitlab.nethead.at/symflower/symflower/language/java/execute/maven.go:80 +0x1ef
github.com/avast/retry-go.Do(0xc0007958b8, {0xc0007958a0, 0x3, 0x418c94?})
	github.com/avast/retry-go/retry.go:135 +0x5a3
gitlab.nethead.at/symflower/symflower/language/java/execute.MavenDependencyCommand({0xc0006f0120, 0x26}, 0x0, {0xc0001a9bc0, 0x6, 0x6})
	gitlab.nethead.at/symflower/symflower/language/java/execute/maven.go:60 +0x1c5
gitlab.nethead.at/symflower/symflower/language/java/execute.MavenCloverCoverage({0xc0006f0120, 0x26})
	gitlab.nethead.at/symflower/symflower/language/java/execute/clover.go:131 +0xc9
gitlab.nethead.at/symflower/symflower/cmd/symflower-local/cmd.(*commandTest).Execute(0xc000580578, {0xc000580400?, 0x7faf5cec3298?, 0xc000580578?})
	gitlab.nethead.at/symflower/symflower/cmd/symflower-local/cmd/test.go:143 +0x54f
gitlab.nethead.at/symflower/symflower/cmd.ExecuteNoExit({0x1f425e0?, 0xc000580400}, {0xc000216000?, 0x2782d80?, 0xc000523ed8?})
	gitlab.nethead.at/symflower/symflower/cmd/execute.go:56 +0x2d0
gitlab.nethead.at/symflower/symflower/cmd.Execute({0x1f425e0?, 0xc000580400?}, {0xc000216000?, 0x274c500?, 0xc000580400?})
	gitlab.nethead.at/symflower/symflower/cmd/execute.go:16 +0x26
gitlab.nethead.at/symflower/symflower/cmd.ExecuteWithOSArguments(...)
	gitlab.nethead.at/symflower/symflower/cmd/execute.go:75
main.main.func1()
	gitlab.nethead.at/symflower/symflower/cmd/symflower-demo/main.go:40 +0x34
gitlab.nethead.at/symflower/symflower/cmd/symflower-local/cmd.(*Command).WithPanicReporter(0xc000130058?, 0x2636b18?)
	gitlab.nethead.at/symflower/symflower/cmd/symflower-local/cmd/cmd.go:184 +0x48
main.main()
	gitlab.nethead.at/symflower/symflower/cmd/symflower-demo/main.go:39 +0xa5

2024/06/06 10:40:11 Evaluated model "openrouter/01-ai/yi-34b-chat" using language "java" and repository "java/plain": encountered 1 problems: [exit status 1
[0;34mGive us your feedback and let us know how we can improve Symflower at hello@symflower.com or https://github.com/symflower/symflower. Thanks so much for your help![0m
ERROR: All attempts fail:
#1: Internal error: exit status 1:
[]interface {}{
    "/tmp/eval-dev-quality4045395265/plain/",
    "[INFO] Scanning for projects...\n[WARNING] \n[WARNING] Some problems were encountered while building the effective model for eval.dev.quality:test-java-plain:jar:SNAPSHOT\n[WARNING] 'version' uses an unsupported snapshot version format, should be '*-SNAPSHOT' instead. @ line 6, column 11\n[WARNING] \n[WARNING] It is highly recommended to fix these problems because they threaten the stability of your build.\n[WARNING] \n[WARNING] For this reason, future Maven versions might no longer support building such malformed projects.\n[WARNING] \n[INFO] \n[INFO] ------------------< eval.dev.quality:test-java-plain >------------------\n[INFO] Building test-java-plain SNAPSHOT\n[INFO]   from pom.xml\n[INFO] --------------------------------[ jar ]---------------------------------\n[INFO] \n[INFO] --- clean:3.2.0:clean (default-clean) @ test-java-plain ---\n[INFO] \n[INFO] --- resources:3.3.1:resources (default-resources) @ test-java-plain ---\n[WARNING] Using platform encoding (UTF-8 actually) to copy filtered resources, i.e. build is platform dependent!\n[INFO] skip non existing resourceDirectory /tmp/eval-dev-quality4045395265/plain/src/main/resources\n[INFO] \n[INFO] --- compiler:3.11.0:compile (default-compile) @ test-java-plain ---\n[INFO] Changes detected - recompiling the module! :source\n[WARNING] File encoding has not been set, using platform encoding UTF-8, i.e. build is platform dependent!\n[INFO] Compiling 1 source file with javac [debug target 11] to target/classes\n[WARNING] system modules path not set in conjunction with -source 11\n[INFO] \n[INFO] --- resources:3.3.1:resources (default-resources) @ test-java-plain ---\n[WARNING] Using platform encoding (UTF-8 actually) to copy filtered resources, i.e. build is platform dependent!\n[INFO] skip non existing resourceDirectory /tmp/eval-dev-quality4045395265/plain/src/main/resources\n[INFO] \n[INFO] --- compiler:3.11.0:compile (default-compile) @ test-java-plain ---\n[INFO] Nothing to compile - all classes are up to date\n[INFO] \n[INFO] --- resources:3.3.1:testResources (default-testResources) @ test-java-plain ---\n[WARNING] Using platform encoding (UTF-8 actually) to copy filtered resources, i.e. build is platform dependent!\n[INFO] skip non existing resourceDirectory /tmp/eval-dev-quality4045395265/plain/src/test/resources\n[INFO] \n[INFO] --- compiler:3.11.0:testCompile (default-testCompile) @ test-java-plain ---\n[INFO] Changes detected - recompiling the module! :dependency\n[WARNING] File encoding has not been set, using platform encoding UTF-8, i.e. build is platform dependent!\n[INFO] Compiling 1 source file with javac [debug target 11] to target/test-classes\n[INFO] -------------------------------------------------------------\n[WARNING] COMPILATION WARNING : \n[INFO] -------------------------------------------------------------\n[WARNING] system modules path not set in conjunction with -source 11\n[INFO] 1 warning\n[INFO] -------------------------------------------------------------\n[INFO] -------------------------------------------------------------\n[ERROR] COMPILATION ERROR : \n[INFO] -------------------------------------------------------------\n[ERROR] /tmp/eval-dev-quality4045395265/plain/src/test/java/com/eval/PlainTest.java:[1,16] com.eval.Plain is not public in com.eval; cannot be accessed from outside package\n[ERROR] /tmp/eval-dev-quality4045395265/plain/src/test/java/com/eval/PlainTest.java:[10,9] com.eval.Plain is not public in com.eval; cannot be accessed from outside package\n[INFO] 2 errors \n[INFO] -------------------------------------------------------------\n[INFO] ------------------------------------------------------------------------\n[INFO] BUILD FAILURE\n[INFO] ------------------------------------------------------------------------\n[INFO] Total time:  0.785 s\n[INFO] Finished at: 2024-06-06T10:40:11+02:00\n[INFO] ------------------------------------------------------------------------\n[ERROR] Failed to execute goal org.apache.maven.plugins:maven-compiler-plugin:3.11.0:testCompile (default-testCompile) on project test-java-plain: Compilation failure: Compilation failure: \n[ERROR] /tmp/eval-dev-quality4045395265/plain/src/test/java/com/eval/PlainTest.java:[1,16] com.eval.Plain is not public in com.eval; cannot be accessed from outside package\n[ERROR] /tmp/eval-dev-quality4045395265/plain/src/test/java/com/eval/PlainTest.java:[10,9] com.eval.Plain is not public in com.eval; cannot be accessed from outside package\n[ERROR] -> [Help 1]\n[ERROR] \n[ERROR] To see the full stack trace of the errors, re-run Maven with the -e switch.\n[ERROR] Re-run Maven using the -X switch to enable full debug logging.\n[ERROR] \n[ERROR] For more information about the errors and possible solutions, please read the following articles:\n[ERROR] [Help 1] http://cwiki.apache.org/confluence/display/MAVEN/MojoFailureException\n",
}
Stacktrace: goroutine 1 [running]:
gitlab.nethead.at/symflower/symflower/model/errors.NewInternalError({0x1f42da0?, 0xc00024a040}, {0xffa8c0?, 0xc0002021e0})
	gitlab.nethead.at/symflower/symflower/model/errors/error.go:850 +0x59
gitlab.nethead.at/symflower/symflower/language/java/execute.MavenDependencyCommand.func1()
	gitlab.nethead.at/symflower/symflower/language/java/execute/maven.go:80 +0x1ef
github.com/avast/retry-go.Do(0xc0007958b8, {0xc0007958a0, 0x3, 0x418c94?})
	github.com/avast/retry-go/retry.go:135 +0x5a3
gitlab.nethead.at/symflower/symflower/language/java/execute.MavenDependencyCommand({0xc0006f0120, 0x26}, 0x0, {0xc0001a9bc0, 0x6, 0x6})
	gitlab.nethead.at/symflower/symflower/language/java/execute/maven.go:60 +0x1c5
gitlab.nethead.at/symflower/symflower/language/java/execute.MavenCloverCoverage({0xc0006f0120, 0x26})
	gitlab.nethead.at/symflower/symflower/language/java/execute/clover.go:131 +0xc9
gitlab.nethead.at/symflower/symflower/cmd/symflower-local/cmd.(*commandTest).Execute(0xc000580578, {0xc000580400?, 0x7faf5cec3298?, 0xc000580578?})
	gitlab.nethead.at/symflower/symflower/cmd/symflower-local/cmd/test.go:143 +0x54f
gitlab.nethead.at/symflower/symflower/cmd.ExecuteNoExit({0x1f425e0?, 0xc000580400}, {0xc000216000?, 0x2782d80?, 0xc000523ed8?})
	gitlab.nethead.at/symflower/symflower/cmd/execute.go:56 +0x2d0
gitlab.nethead.at/symflower/symflower/cmd.Execute({0x1f425e0?, 0xc000580400?}, {0xc000216000?, 0x274c500?, 0xc000580400?})
	gitlab.nethead.at/symflower/symflower/cmd/execute.go:16 +0x26
gitlab.nethead.at/symflower/symflower/cmd.ExecuteWithOSArguments(...)
	gitlab.nethead.at/symflower/symflower/cmd/execute.go:75
main.main.func1()
	gitlab.nethead.at/symflower/symflower/cmd/symflower-demo/main.go:40 +0x34
gitlab.nethead.at/symflower/symflower/cmd/symflower-local/cmd.(*Command).WithPanicReporter(0xc000130058?, 0x2636b18?)
	gitlab.nethead.at/symflower/symflower/cmd/symflower-local/cmd/cmd.go:184 +0x48
main.main()
	gitlab.nethead.at/symflower/symflower/cmd/symflower-demo/main.go:39 +0xa5


github.com/symflower/eval-dev-quality/util.CommandWithResult
	/home/eval/eval-dev-quality/util/exec.go:52
github.com/symflower/eval-dev-quality/language/java.(*Language).Execute
	/home/eval/eval-dev-quality/language/java/language.go:94
github.com/symflower/eval-dev-quality/evaluate.Repository
	/home/eval/eval-dev-quality/evaluate/repository.go:57
github.com/symflower/eval-dev-quality/evaluate.Evaluate.func1
	/home/eval/eval-dev-quality/evaluate/evaluate.go:119
github.com/symflower/eval-dev-quality/evaluate.withLoadedModel
	/home/eval/eval-dev-quality/evaluate/evaluate.go:253
github.com/symflower/eval-dev-quality/evaluate.Evaluate
	/home/eval/eval-dev-quality/evaluate/evaluate.go:109
github.com/symflower/eval-dev-quality/cmd/eval-dev-quality/cmd.(*Evaluate).Execute
	/home/eval/eval-dev-quality/cmd/eval-dev-quality/cmd/evaluate.go:284
github.com/symflower/eval-dev-quality/cmd/eval-dev-quality/cmd.Execute.func1
	/home/eval/eval-dev-quality/cmd/eval-dev-quality/cmd/command.go:34
github.com/jessevdk/go-flags.(*Parser).ParseArgs
	/home/eval/go/pkg/mod/github.com/jessevdk/go-flags@v1.5.1-0.20210607101731-3927b71304df/parser.go:333
github.com/symflower/eval-dev-quality/cmd/eval-dev-quality/cmd.Execute
	/home/eval/eval-dev-quality/cmd/eval-dev-quality/cmd/command.go:37
main.main
	/home/eval/eval-dev-quality/cmd/eval-dev-quality/main.go:11
runtime.main
	/home/eval/go/src/runtime/proc.go:267
runtime.goexit
	/home/eval/go/src/runtime/asm_amd64.s:1650
github.com/symflower/eval-dev-quality/language/java.(*Language).Execute
	/home/eval/eval-dev-quality/language/java/language.go:105
github.com/symflower/eval-dev-quality/evaluate.Repository
	/home/eval/eval-dev-quality/evaluate/repository.go:57
github.com/symflower/eval-dev-quality/evaluate.Evaluate.func1
	/home/eval/eval-dev-quality/evaluate/evaluate.go:119
github.com/symflower/eval-dev-quality/evaluate.withLoadedModel
	/home/eval/eval-dev-quality/evaluate/evaluate.go:253
github.com/symflower/eval-dev-quality/evaluate.Evaluate
	/home/eval/eval-dev-quality/evaluate/evaluate.go:109
github.com/symflower/eval-dev-quality/cmd/eval-dev-quality/cmd.(*Evaluate).Execute
	/home/eval/eval-dev-quality/cmd/eval-dev-quality/cmd/evaluate.go:284
github.com/symflower/eval-dev-quality/cmd/eval-dev-quality/cmd.Execute.func1
	/home/eval/eval-dev-quality/cmd/eval-dev-quality/cmd/command.go:34
github.com/jessevdk/go-flags.(*Parser).ParseArgs
	/home/eval/go/pkg/mod/github.com/jessevdk/go-flags@v1.5.1-0.20210607101731-3927b71304df/parser.go:333
github.com/symflower/eval-dev-quality/cmd/eval-dev-quality/cmd.Execute
	/home/eval/eval-dev-quality/cmd/eval-dev-quality/cmd/command.go:37
main.main
	/home/eval/eval-dev-quality/cmd/eval-dev-quality/main.go:11
runtime.main
	/home/eval/go/src/runtime/proc.go:267
runtime.goexit
	/home/eval/go/src/runtime/asm_amd64.s:1650
[0;34mGive us your feedback and let us know how we can improve Symflower at hello@symflower.com or https://github.com/symflower/symflower. Thanks so much for your help![0m
ERROR: All attempts fail:
#1: Internal error: exit status 1:
[]interface {}{
    "/tmp/eval-dev-quality4045395265/plain/",
    "[INFO] Scanning for projects...\n[WARNING] \n[WARNING] Some problems were encountered while building the effective model for eval.dev.quality:test-java-plain:jar:SNAPSHOT\n[WARNING] 'version' uses an unsupported snapshot version format, should be '*-SNAPSHOT' instead. @ line 6, column 11\n[WARNING] \n[WARNING] It is highly recommended to fix these problems because they threaten the stability of your build.\n[WARNING] \n[WARNING] For this reason, future Maven versions might no longer support building such malformed projects.\n[WARNING] \n[INFO] \n[INFO] ------------------< eval.dev.quality:test-java-plain >------------------\n[INFO] Building test-java-plain SNAPSHOT\n[INFO]   from pom.xml\n[INFO] --------------------------------[ jar ]---------------------------------\n[INFO] \n[INFO] --- clean:3.2.0:clean (default-clean) @ test-java-plain ---\n[INFO] \n[INFO] --- resources:3.3.1:resources (default-resources) @ test-java-plain ---\n[WARNING] Using platform encoding (UTF-8 actually) to copy filtered resources, i.e. build is platform dependent!\n[INFO] skip non existing resourceDirectory /tmp/eval-dev-quality4045395265/plain/src/main/resources\n[INFO] \n[INFO] --- compiler:3.11.0:compile (default-compile) @ test-java-plain ---\n[INFO] Changes detected - recompiling the module! :source\n[WARNING] File encoding has not been set, using platform encoding UTF-8, i.e. build is platform dependent!\n[INFO] Compiling 1 source file with javac [debug target 11] to target/classes\n[WARNING] system modules path not set in conjunction with -source 11\n[INFO] \n[INFO] --- resources:3.3.1:resources (default-resources) @ test-java-plain ---\n[WARNING] Using platform encoding (UTF-8 actually) to copy filtered resources, i.e. build is platform dependent!\n[INFO] skip non existing resourceDirectory /tmp/eval-dev-quality4045395265/plain/src/main/resources\n[INFO] \n[INFO] --- compiler:3.11.0:compile (default-compile) @ test-java-plain ---\n[INFO] Nothing to compile - all classes are up to date\n[INFO] \n[INFO] --- resources:3.3.1:testResources (default-testResources) @ test-java-plain ---\n[WARNING] Using platform encoding (UTF-8 actually) to copy filtered resources, i.e. build is platform dependent!\n[INFO] skip non existing resourceDirectory /tmp/eval-dev-quality4045395265/plain/src/test/resources\n[INFO] \n[INFO] --- compiler:3.11.0:testCompile (default-testCompile) @ test-java-plain ---\n[INFO] Changes detected - recompiling the module! :dependency\n[WARNING] File encoding has not been set, using platform encoding UTF-8, i.e. build is platform dependent!\n[INFO] Compiling 1 source file with javac [debug target 11] to target/test-classes\n[INFO] -------------------------------------------------------------\n[WARNING] COMPILATION WARNING : \n[INFO] -------------------------------------------------------------\n[WARNING] system modules path not set in conjunction with -source 11\n[INFO] 1 warning\n[INFO] -------------------------------------------------------------\n[INFO] -------------------------------------------------------------\n[ERROR] COMPILATION ERROR : \n[INFO] -------------------------------------------------------------\n[ERROR] /tmp/eval-dev-quality4045395265/plain/src/test/java/com/eval/PlainTest.java:[1,16] com.eval.Plain is not public in com.eval; cannot be accessed from outside package\n[ERROR] /tmp/eval-dev-quality4045395265/plain/src/test/java/com/eval/PlainTest.java:[10,9] com.eval.Plain is not public in com.eval; cannot be accessed from outside package\n[INFO] 2 errors \n[INFO] -------------------------------------------------------------\n[INFO] ------------------------------------------------------------------------\n[INFO] BUILD FAILURE\n[INFO] ------------------------------------------------------------------------\n[INFO] Total time:  0.785 s\n[INFO] Finished at: 2024-06-06T10:40:11+02:00\n[INFO] ------------------------------------------------------------------------\n[ERROR] Failed to execute goal org.apache.maven.plugins:maven-compiler-plugin:3.11.0:testCompile (default-testCompile) on project test-java-plain: Compilation failure: Compilation failure: \n[ERROR] /tmp/eval-dev-quality4045395265/plain/src/test/java/com/eval/PlainTest.java:[1,16] com.eval.Plain is not public in com.eval; cannot be accessed from outside package\n[ERROR] /tmp/eval-dev-quality4045395265/plain/src/test/java/com/eval/PlainTest.java:[10,9] com.eval.Plain is not public in com.eval; cannot be accessed from outside package\n[ERROR] -> [Help 1]\n[ERROR] \n[ERROR] To see the full stack trace of the errors, re-run Maven with the -e switch.\n[ERROR] Re-run Maven using the -X switch to enable full debug logging.\n[ERROR] \n[ERROR] For more information about the errors and possible solutions, please read the following articles:\n[ERROR] [Help 1] http://cwiki.apache.org/confluence/display/MAVEN/MojoFailureException\n",
}
Stacktrace: goroutine 1 [running]:
gitlab.nethead.at/symflower/symflower/model/errors.NewInternalError({0x1f42da0?, 0xc00024a040}, {0xffa8c0?, 0xc0002021e0})
	gitlab.nethead.at/symflower/symflower/model/errors/error.go:850 +0x59
gitlab.nethead.at/symflower/symflower/language/java/execute.MavenDependencyCommand.func1()
	gitlab.nethead.at/symflower/symflower/language/java/execute/maven.go:80 +0x1ef
github.com/avast/retry-go.Do(0xc0007958b8, {0xc0007958a0, 0x3, 0x418c94?})
	github.com/avast/retry-go/retry.go:135 +0x5a3
gitlab.nethead.at/symflower/symflower/language/java/execute.MavenDependencyCommand({0xc0006f0120, 0x26}, 0x0, {0xc0001a9bc0, 0x6, 0x6})
	gitlab.nethead.at/symflower/symflower/language/java/execute/maven.go:60 +0x1c5
gitlab.nethead.at/symflower/symflower/language/java/execute.MavenCloverCoverage({0xc0006f0120, 0x26})
	gitlab.nethead.at/symflower/symflower/language/java/execute/clover.go:131 +0xc9
gitlab.nethead.at/symflower/symflower/cmd/symflower-local/cmd.(*commandTest).Execute(0xc000580578, {0xc000580400?, 0x7faf5cec3298?, 0xc000580578?})
	gitlab.nethead.at/symflower/symflower/cmd/symflower-local/cmd/test.go:143 +0x54f
gitlab.nethead.at/symflower/symflower/cmd.ExecuteNoExit({0x1f425e0?, 0xc000580400}, {0xc000216000?, 0x2782d80?, 0xc000523ed8?})
	gitlab.nethead.at/symflower/symflower/cmd/execute.go:56 +0x2d0
gitlab.nethead.at/symflower/symflower/cmd.Execute({0x1f425e0?, 0xc000580400?}, {0xc000216000?, 0x274c500?, 0xc000580400?})
	gitlab.nethead.at/symflower/symflower/cmd/execute.go:16 +0x26
gitlab.nethead.at/symflower/symflower/cmd.ExecuteWithOSArguments(...)
	gitlab.nethead.at/symflower/symflower/cmd/execute.go:75
main.main.func1()
	gitlab.nethead.at/symflower/symflower/cmd/symflower-demo/main.go:40 +0x34
gitlab.nethead.at/symflower/symflower/cmd/symflower-local/cmd.(*Command).WithPanicReporter(0xc000130058?, 0x2636b18?)
	gitlab.nethead.at/symflower/symflower/cmd/symflower-local/cmd/cmd.go:184 +0x48
main.main()
	gitlab.nethead.at/symflower/symflower/cmd/symflower-demo/main.go:39 +0xa5


src/main/java/com/eval/Plain.java]
