2024/06/06 10:05:14 Evaluating model "openrouter/nousresearch/nous-hermes-yi-34b" using language "java" and repository "java/plain"
2024/06/06 10:05:14 Querying model "openrouter/nousresearch/nous-hermes-yi-34b" with:
	Given the following Java code file "src/main/java/com/eval/Plain.java" with package "com.eval", provide a test file for this code with JUnit 5 as a test framework.
	The tests should produce 100 percent code coverage and must compile.
	The response must contain only the test code and nothing else.

	```java
	package com.eval;

	class Plain {
	    static void plain() {
	    }
	}
	```
2024/06/06 10:06:51 Model "openrouter/nousresearch/nous-hermes-yi-34b" responded (97200 ms) with:
	import org.junit.jupiter.api.Test;
	import org.junit.jupiter.api.extension.ExtendWith;
	import org.junit.jupiter.api.condition.DisabledIfSystemProperty;
	import org.junit.jupiter.params.ParameterizedTest;
	import org.junit.jupiter.params.provider.ValueSource;
	import org.junit.platform.commons.util.AnnotationUtils;
	import org.junit.platform.commons.util.Requires;
	import org.junit.platform.commons.util.RequiresTags;
	import org.junitpioneer.jupiter.SetSystemProperty;
	import org.junitpioneer.jupiter.TryWithResources;
	import org.junitpioneer.jupiter.UseDeprecatedTryWithResourcesAPI;
	import org.junitpioneer.jupiter.UseExperimentalAnnotation;
	import org.junitpioneer.jupiter.UseJUnitDeprecatedGetter;
	import org.junitpioneer.jupiter.UseJUnitGetter;
	import org.junitpioneer.jupiter.UseJUnitTags;
	import org.junitpioneer.jupiter.UseMicrometer;
	import org.junitpioneer.jupiter.UseOutOfBandResource;
	import org.junitpioneer.jupiter.UseOutOfBandResources;
	import org.junitpioneer.jupiter.UseResource;
	import org.junitpioneer.jupiter.UseResources;
	import org.junitpioneer.jupiter.UseSystemProperty;
	import org.junitpioneer.jupiter.UseSystemPropertyYN;
	import org.junitpioneer.jupiter.UseSystemPropertyValueYN;
	import org.junitpioneer.jupiter.YNUseDeprecatedRequiresTag;
	import org.junitpioneer.jupiter.YNUseTryWithResourcesAPI;
	import org.junitpioneer.jupiter.RequiresTryResourceYN;
	import org.junitpioneer.jupiter.TryYNRequiresTryResource;
	import org.junitpioneer.jupiter.TryYNUseRequiresTags;
	import org.junitpioneer.jupiter.TryYNUseRequiresYN;
	import org.junitpioneer.jupiter.TryYNUseYNUseDeprecatedRequiresTag;
	import org.junitpioneer.jupiter.TryYNUseYNUseRequiresTag;
	import org.junitpioneer.jupiter.TryYNUseYNUseRequiresYN;
	import org.junitpioneer.jupiter.TryYNUseTryResourceYNYNYN;
	import org.junitpioneer.jupiter.TryYNUseYNUseTryResourceYN;
	import org.junitpioneer.jupiter.TryYNUseYNUseTryResourceYNYN;
	import org.junitpioneer.jupiter.UseYNDeprecatedRequiresYN;
	import org.junitpioneer.jupiter.YNUseYNDeprecatedRequiresYN;
	import org.junitpioneer.jupiter.YNUseYNUseRequiresYN;
	import org.junitpioneer.jupiter.YNUseYNUseRequiresYNUseRequiresTryResourceYN;
	import org.junitpioneer.jupiter.YNUseYNUseRequiresYNUseRequiresTagsYN;
	import org.junitpioneer.jupiter.YNUseYNUseRequiresYNUseYNUseYNUseYNUseYNUseRequiresYNYNYN;
	import org.junitpioneer.jupiter.YNUseYNUseTryResourceYNYNYN;
	import org.junitpioneer.jupiter.YNUseYNUseTryResourceYN;
	import org.junitpioneer.jupiter.YNUseYNUseTryResourceYNYN;
	import org.junitpioneer.jupiter.YNUseTryResourceYN;
	import org.junitpioneer.jupiter.YNUseYNUseRequiresYNUseRequiresTryResourceYN;
	import org.junitpioneer.jupiter.YNUseYNUseRequiresYNUseRequiresTagsYN;
	import org.junitpioneer.jupiter.YNUseYNUseRequiresYNUseYNUseTryResourceYNYNYN;
	import org.junitpioneer.jupiter.RequiresRequiresTagsYN;
	import org.junitpioneer.jupiter.RequiresTryResourceYN;
	import org.junitpioneer.jupiter.UseResourceManagerYN;
	import org.junitpioneer.jupiter.UseRequiresTryResourceYN;
	import org.junitpioneer.jupiter.YNUseYNUseRequiresYNUseYNUseTryResourceYN;
	import org.junitpioneer.jupiter.YNUseYNUseRequiresYNUseYNUseTryResourceYNYN;
	import org.junitpioneer.jupiter.YNUseYNUseRequiresYNUseYNUseTryResourceYNYNYN;
	import org.junitpioneer.jupiter.YNUseYNUseTryResourceYN;
	import org.junitpioneer.jupiter.YNUseYNUseYNUseRequiresTryResourceYN;
	import org.junitpioneer.jupiter.YNUseYNUseYNUseRequiresTryResourceYNYN;
	import org.junitpioneer.jupiter.YNUseYNUseYNUseYNUseTryResourceYNYNYN;
	import org.junitpioneer.jupiter.YNUseYNUseTryResourceYN;
	import org.junitpioneer.jupiter.YNUseYNUseRequiresYNUseYNUseTryResourceYN;
	import org.junitpioneer.jupiter.YNUseYNUseRequiresYNUseYNUseTryResourceYNYN;
	import org.junitpioneer.jupiter.YNUseYNUseRequiresYNUseYNUseTryResourceYNYNYN;
	import org.junitpioneer.jupiter.YNUseYNUseTryResourceYN;
	import org.junitpioneer.jupiter.YNUseYNUseRequiresYNUseRequiresTryResourceYN;
	import org.junitpioneer.jupiter.YNUseYNUseRequiresYNUseYNUseTryResourceYNYNYN;
	import org.junitpioneer.jupiter.YNUseYNUseTryResourceYN;
	import org.junitpioneer.jupiter.YNUseYNUseRequiresYNUseYNUseTryResourceYN;
	import org.junitpioneer.jupiter.YNUseYNUseRequiresYNUseYNUseTryResourceYNYN;
	import org.junitpioneer.jupiter.YNUseYNUseRequiresYNUseYNUseTryResourceYNYNYN;
	import org.junitpioneer.jupiter.YNUseYNUseTryResourceYN;
	import org.junitpioneer.jupiter.YNUseYNUseRequiresYNUseRequiresTryResourceYN;
	import org.junitpioneer.jupiter.RequiresTryResourceYN;
	import org.junitpioneer.jupiter.UseResourceManagerYN;
	import org.junitpioneer.jupiter.YNUseYNUseRequiresYNUseYNUseTryResourceYN;
	import org.junitpioneer.jupiter.RequiresRequiresTagsYN;
	import org.junitpioneer.jupiter.YNUseYNUseRequiresYNUseYNUseTryResourceYN;
	import org.junitpioneer.jupiter.YNUseYNUseRequiresYNUseYNUseTryResourceYNYN;
	import org.junitpioneer.jupiter.YNUseYNUseRequiresYNUseYNUseTryResourceYNYNYN;
	import org.junitpioneer.jupiter.YNUseYNUseYNUseYNUseYNUseTryResourceYN;
	import org.junitpioneer.jupiter.YNUseYNUseRequiresYNUseRequiresTagsYN;
	import org.junitpioneer.jupiter.YNUseYNUseRequiresYNUseYNUseTryResourceYN;
	import org.junitpioneer.jupiter.YNUseYNUseRequiresYNUseYNUseYNUseTryResourceYNYNYN;
	import org.junitpioneer.jupiter.YNUseYNUseTryResourceYN;
	import org.junitpioneer.jupiter.YNUseYNUseRequiresYNUseYNUseTryResourceYN;
	import org.junitpioneer.jupiter.RequiresTryResourceYN;
	import org.junitpioneer.jupiter.YNUseYNUseRequiresYNUseYNUseTryResourceYNYN;
	import org.junitpioneer.jupiter.YNUseYNUseRequiresYNUseYNUseTryResourceYN;
	import org.junitpioneer.jupiter.YNUseTryResourceYN;
	import org.junitpioneer.jupiter.YNUseYNUseRequiresYNUseYNUseTryResourceYNYNYN;
	import org.junitpioneer.jupiter.YNUseTryResourceYN;
	import org.junitpioneer.jupiter.YNUseRequiresYNUseRequiresTagsYN;
	import org.junitpioneer.jupiter.YNUseRequiresYNUseRequiresTryResourceYN;
	import org.junitpioneer.jupiter.RequiresTryYNResource;
	import org.junitpioneer.jupiter.UseResourceManagerYN;
	import org.junitpioneer.jupiter.YNUseRequiresYNUseYNUseTryResourceYNYNYN;
	import org.junitpioneer.jupiter.YNUseRequiresYNUseYNUseTryResourceYN;
	import org.junitpioneer.jupiter.YNUseRequiresYNUseYNUseTryResourceYNYN;
	import org.junitpioneer.jupiter.YNUseRequiresYNUseYNUseTryResourceYN;
	import org.junitpioneer.jupiter.YNUseRequiresYNUseRequiresTryYNResource;
	import org.junitpioneer.jupiter.UseResourceManagerYN;
	import org.junitpioneer.jupiter.YNUseRequiresYNUseYNUseTryResourceYNYNYN;
	import org.junitpioneer.jupiter.YNUseRequiresYNUseYNUseTryResourceYN;
	import org.junitpioneer.jupiter.YNUseRequiresYNUseYNUseTryResourceYNYN;
	import org.junitpioneer.jupiter.YNUseRequiresYNUseRequiresTryYNResource;
	import org.junitpioneer.jupiter.YNUseRequiresYNUseYNUseTryResourceYNYNYN;
	import org.junitpioneer.jupiter.YNUseYNUseTryResourceYN;
	import org.junitpioneer.jupiter.YNUseRequiresYNUseYNUseTryResourceYN;
	import org.junitpioneer.jupiter.YNUseRequiresYNUseYNUseTryResourceYNYN;
	import org.junitpioneer.jupiter.RequiresTryYNResource;
	import org.junitpioneer.jupiter.YNUseRequiresYNUseYNUseYNUseTryResourceYN;
	import org.junitpioneer.jupiter.YNUseRequiresYNUseRequiresTryTryYNResource;
	import org.junitpioneer.jupiter.YNUseRequiresYNUseRequiresTagsYN;
	import org.junitpioneer.jupiter.YNUseRequiresYNUseRequiresTryYNResource;
	import org.junitpioneer.jupiter.YNUseRequiresYNUseRequiresTagsYN;
	import org.junitpioneer.jupiter.YNUseRequiresYNUseRequiresTagsYN;
	import org.junitpioneer.jupiter.YNUseRequiresYNUseYNUseTryResourceYNYNYN;
	import org.junitpioneer.jupiter.YNUseRequiresYNUseYNUseTryResourceYN;
	import org.junitpioneer.jupiter.RequiresTryYNResource;
	import org.junitpioneer.jupiter.YNUseRequiresYNUseRequiresTryYNResource;
	import org.junitpioneer.jupiter.YNUseRequiresYNUseRequiresTagsYN;
	import org.junitpioneer.jupiter.YNUseRequiresYNUseRequiresTryYNResource;
	import org.junitpioneer.jupiter.YNUseRequiresYNUseRequiresTagsYN;
	import org.junitpioneer.jupiter.YNUseTryResourceYNYNYN;
	import org.junitpioneer.jupiter.YNUseYNUseTryResourceYN;
	import org.junitpioneer.jupiter.YNUseRequiresYNUseYNUseTryResourceYN;
	import org.junitpioneer.jupiter.YNUseRequiresYNUseRequiresTryTryYNResource;
	import org.junitpioneer.jupiter.YNUseRequiresYNUseYNUseTryResourceYNYNYN;
	import org.junitpioneer.jupiter.YNUseYNUseTryResourceYN;
	import org.junitpioneer.jupiter.YNUseRequiresYNUseYNUseTryResourceYN;
	import org.junitpioneer.jupiter.YNUseRequiresYNUseYNUseTryResourceYNYN;
	import org.junitpioneer.jupiter.YNUseRequiresYNUseYNUseTryResourceYN;
	import org.junitpioneer.jupiter.YNUseRequiresYNUseYNUseTryResourceYNYN;
	import org.junitpioneer.jupiter.YNUseRequiresYNUseYNUseTryResourceYN;
	import org.junitpioneer.jupiter.YNUseRequiresYNUseYNUseTryResourceYNYN;
	import org.junitpioneer.jupiter.RequiresRequiresTagsYN;
	import org.junitpioneer.jupiter.TryYNResource;
	import org.junitpioneer.jupiter.TryYNUseRequiresRequiresYNResource;
	import org.junitpioneer.jupiter.TryYNUseRequiresYNResource;
	import org.junitpioneer.jupiter.TryYNUseRequiresYNResource;
	import org.junitpioneer.jupiter.TryYNUseRequiresYNResource;
	import org.junitpioneer.jupiter.TryYNUseRequiresYNResource;
	import org.junitpioneer.jupiter.TryYNUseRequiresRequiresYNResource;
	import org.junitpioneer.jupiter.TryYNUseRequiresYNResource;
	import org.junitpioneer.jupiter.TryYNUseRequiresYNResource;
	import org.junitpioneer.jupiter.TryYNUseTryResourceYNYNYN;
	import org.junitpioneer.jupiter.TryYNUseRequiresTryYNResource;
	import org.junitpioneer.jupiter.TryYNUseYNUseTryResourceYN;
	import org.junitpioneer.jupiter.TryYNUseRequiresRequiresYNResource;
	import org.junitpioneer.jupiter.TryYNUseRequiresYNResource;
	import org.junitpioneer.jupiter.TryYNUseRequiresYNResource;
	import org.junitpioneer.jupiter.TryYNUseRequiresYNResource;
	import org.junitpioneer.jupiter.TryYNUseRequiresYNResource;
	import org.junitpioneer.jupiter.TryYNUseRequiresYNResource;
	import org.junitpioneer.jupiter.TryYNUseRequiresYNResource;
	import org.junitpioneer.jupiter.TryYNUseRequiresTryYNResource;
	import org.junitpioneer.jupiter.TryYNUseYNUseTryResourceYNYNYN;
	import org.junitpioneer.jupiter.TryYNUseYNUseTryResourceYN;
	import org.junitpioneer.jupiter.TryYNUseRequiresYNUseRequiresYNUseRequiresTryResourceYN;
	import org.junitpioneer.jupiter.TryYNUseRequiresRequiresTryYNResourceTryResourceYN;
	import org.junitpioneer.jupiter.TryYNUseRequiresYNUseYNUseTryResourceYNYNYN;
	import org.junitpioneer.jupiter.TryYNUseYNUseTryResourceYN;
	import org.junitpioneer.jupiter.TryYNUseYNUseTryResourceYNYN;
	import org.
2024/06/06 10:06:51 $ symflower test --language java --workspace /tmp/eval-dev-quality364885804/plain --coverage-file /tmp/eval-dev-quality364885804/plain/coverage.json
[0;34mGive us your feedback and let us know how we can improve Symflower at hello@symflower.com or https://github.com/symflower/symflower. Thanks so much for your help![0m
ERROR: All attempts fail:
#1: Internal error: exit status 1:
[]interface {}{
    "/tmp/eval-dev-quality364885804/plain/",
    "[INFO] Scanning for projects...\n[WARNING] \n[WARNING] Some problems were encountered while building the effective model for eval.dev.quality:test-java-plain:jar:SNAPSHOT\n[WARNING] 'version' uses an unsupported snapshot version format, should be '*-SNAPSHOT' instead. @ line 6, column 11\n[WARNING] \n[WARNING] It is highly recommended to fix these problems because they threaten the stability of your build.\n[WARNING] \n[WARNING] For this reason, future Maven versions might no longer support building such malformed projects.\n[WARNING] \n[INFO] \n[INFO] ------------------< eval.dev.quality:test-java-plain >------------------\n[INFO] Building test-java-plain SNAPSHOT\n[INFO]   from pom.xml\n[INFO] --------------------------------[ jar ]---------------------------------\n[INFO] \n[INFO] --- clean:3.2.0:clean (default-clean) @ test-java-plain ---\n[INFO] \n[INFO] --- resources:3.3.1:resources (default-resources) @ test-java-plain ---\n[WARNING] Using platform encoding (UTF-8 actually) to copy filtered resources, i.e. build is platform dependent!\n[INFO] skip non existing resourceDirectory /tmp/eval-dev-quality364885804/plain/src/main/resources\n[INFO] \n[INFO] --- compiler:3.11.0:compile (default-compile) @ test-java-plain ---\n[INFO] Changes detected - recompiling the module! :source\n[WARNING] File encoding has not been set, using platform encoding UTF-8, i.e. build is platform dependent!\n[INFO] Compiling 1 source file with javac [debug target 11] to target/classes\n[WARNING] system modules path not set in conjunction with -source 11\n[INFO] \n[INFO] --- resources:3.3.1:resources (default-resources) @ test-java-plain ---\n[WARNING] Using platform encoding (UTF-8 actually) to copy filtered resources, i.e. build is platform dependent!\n[INFO] skip non existing resourceDirectory /tmp/eval-dev-quality364885804/plain/src/main/resources\n[INFO] \n[INFO] --- compiler:3.11.0:compile (default-compile) @ test-java-plain ---\n[INFO] Nothing to compile - all classes are up to date\n[INFO] \n[INFO] --- resources:3.3.1:testResources (default-testResources) @ test-java-plain ---\n[WARNING] Using platform encoding (UTF-8 actually) to copy filtered resources, i.e. build is platform dependent!\n[INFO] skip non existing resourceDirectory /tmp/eval-dev-quality364885804/plain/src/test/resources\n[INFO] \n[INFO] --- compiler:3.11.0:testCompile (default-testCompile) @ test-java-plain ---\n[INFO] Changes detected - recompiling the module! :dependency\n[WARNING] File encoding has not been set, using platform encoding UTF-8, i.e. build is platform dependent!\n[INFO] Compiling 1 source file with javac [debug target 11] to target/test-classes\n[INFO] -------------------------------------------------------------\n[WARNING] COMPILATION WARNING : \n[INFO] -------------------------------------------------------------\n[WARNING] system modules path not set in conjunction with -source 11\n[INFO] 1 warning\n[INFO] -------------------------------------------------------------\n[INFO] -------------------------------------------------------------\n[ERROR] COMPILATION ERROR : \n[INFO] -------------------------------------------------------------\n[ERROR] /tmp/eval-dev-quality364885804/plain/src/test/java/com/eval/PlainTest.java:[164,12] reached end of file while parsing\n[INFO] 1 error\n[INFO] -------------------------------------------------------------\n[INFO] ------------------------------------------------------------------------\n[INFO] BUILD FAILURE\n[INFO] ------------------------------------------------------------------------\n[INFO] Total time:  0.794 s\n[INFO] Finished at: 2024-06-06T10:06:53+02:00\n[INFO] ------------------------------------------------------------------------\n[ERROR] Failed to execute goal org.apache.maven.plugins:maven-compiler-plugin:3.11.0:testCompile (default-testCompile) on project test-java-plain: Compilation failure\n[ERROR] /tmp/eval-dev-quality364885804/plain/src/test/java/com/eval/PlainTest.java:[164,12] reached end of file while parsing\n[ERROR] \n[ERROR] -> [Help 1]\n[ERROR] \n[ERROR] To see the full stack trace of the errors, re-run Maven with the -e switch.\n[ERROR] Re-run Maven using the -X switch to enable full debug logging.\n[ERROR] \n[ERROR] For more information about the errors and possible solutions, please read the following articles:\n[ERROR] [Help 1] http://cwiki.apache.org/confluence/display/MAVEN/MojoFailureException\n",
}
Stacktrace: goroutine 1 [running]:
gitlab.nethead.at/symflower/symflower/model/errors.NewInternalError({0x1f42da0?, 0xc0006ac000}, {0xffa8c0?, 0xc000192018})
	gitlab.nethead.at/symflower/symflower/model/errors/error.go:850 +0x59
gitlab.nethead.at/symflower/symflower/language/java/execute.MavenDependencyCommand.func1()
	gitlab.nethead.at/symflower/symflower/language/java/execute/maven.go:80 +0x1ef
github.com/avast/retry-go.Do(0xc0007898b8, {0xc0007898a0, 0x3, 0x418c94?})
	github.com/avast/retry-go/retry.go:135 +0x5a3
gitlab.nethead.at/symflower/symflower/language/java/execute.MavenDependencyCommand({0xc00004c600, 0x25}, 0x0, {0xc000737bc0, 0x6, 0x6})
	gitlab.nethead.at/symflower/symflower/language/java/execute/maven.go:60 +0x1c5
gitlab.nethead.at/symflower/symflower/language/java/execute.MavenCloverCoverage({0xc00004c600, 0x25})
	gitlab.nethead.at/symflower/symflower/language/java/execute/clover.go:131 +0xc9
gitlab.nethead.at/symflower/symflower/cmd/symflower-local/cmd.(*commandTest).Execute(0xc000600578, {0xc000600400?, 0x7fe37c05a9b8?, 0xc000600578?})
	gitlab.nethead.at/symflower/symflower/cmd/symflower-local/cmd/test.go:143 +0x54f
gitlab.nethead.at/symflower/symflower/cmd.ExecuteNoExit({0x1f425e0?, 0xc000600400}, {0xc000040080?, 0x2782d80?, 0xc0004dded8?})
	gitlab.nethead.at/symflower/symflower/cmd/execute.go:56 +0x2d0
gitlab.nethead.at/symflower/symflower/cmd.Execute({0x1f425e0?, 0xc000600400?}, {0xc000040080?, 0x274c500?, 0xc000600400?})
	gitlab.nethead.at/symflower/symflower/cmd/execute.go:16 +0x26
gitlab.nethead.at/symflower/symflower/cmd.ExecuteWithOSArguments(...)
	gitlab.nethead.at/symflower/symflower/cmd/execute.go:75
main.main.func1()
	gitlab.nethead.at/symflower/symflower/cmd/symflower-demo/main.go:40 +0x34
gitlab.nethead.at/symflower/symflower/cmd/symflower-local/cmd.(*Command).WithPanicReporter(0xc000130058?, 0x2636b18?)
	gitlab.nethead.at/symflower/symflower/cmd/symflower-local/cmd/cmd.go:184 +0x48
main.main()
	gitlab.nethead.at/symflower/symflower/cmd/symflower-demo/main.go:39 +0xa5

2024/06/06 10:06:53 Evaluated model "openrouter/nousresearch/nous-hermes-yi-34b" using language "java" and repository "java/plain": encountered 1 problems: [exit status 1
[0;34mGive us your feedback and let us know how we can improve Symflower at hello@symflower.com or https://github.com/symflower/symflower. Thanks so much for your help![0m
ERROR: All attempts fail:
#1: Internal error: exit status 1:
[]interface {}{
    "/tmp/eval-dev-quality364885804/plain/",
    "[INFO] Scanning for projects...\n[WARNING] \n[WARNING] Some problems were encountered while building the effective model for eval.dev.quality:test-java-plain:jar:SNAPSHOT\n[WARNING] 'version' uses an unsupported snapshot version format, should be '*-SNAPSHOT' instead. @ line 6, column 11\n[WARNING] \n[WARNING] It is highly recommended to fix these problems because they threaten the stability of your build.\n[WARNING] \n[WARNING] For this reason, future Maven versions might no longer support building such malformed projects.\n[WARNING] \n[INFO] \n[INFO] ------------------< eval.dev.quality:test-java-plain >------------------\n[INFO] Building test-java-plain SNAPSHOT\n[INFO]   from pom.xml\n[INFO] --------------------------------[ jar ]---------------------------------\n[INFO] \n[INFO] --- clean:3.2.0:clean (default-clean) @ test-java-plain ---\n[INFO] \n[INFO] --- resources:3.3.1:resources (default-resources) @ test-java-plain ---\n[WARNING] Using platform encoding (UTF-8 actually) to copy filtered resources, i.e. build is platform dependent!\n[INFO] skip non existing resourceDirectory /tmp/eval-dev-quality364885804/plain/src/main/resources\n[INFO] \n[INFO] --- compiler:3.11.0:compile (default-compile) @ test-java-plain ---\n[INFO] Changes detected - recompiling the module! :source\n[WARNING] File encoding has not been set, using platform encoding UTF-8, i.e. build is platform dependent!\n[INFO] Compiling 1 source file with javac [debug target 11] to target/classes\n[WARNING] system modules path not set in conjunction with -source 11\n[INFO] \n[INFO] --- resources:3.3.1:resources (default-resources) @ test-java-plain ---\n[WARNING] Using platform encoding (UTF-8 actually) to copy filtered resources, i.e. build is platform dependent!\n[INFO] skip non existing resourceDirectory /tmp/eval-dev-quality364885804/plain/src/main/resources\n[INFO] \n[INFO] --- compiler:3.11.0:compile (default-compile) @ test-java-plain ---\n[INFO] Nothing to compile - all classes are up to date\n[INFO] \n[INFO] --- resources:3.3.1:testResources (default-testResources) @ test-java-plain ---\n[WARNING] Using platform encoding (UTF-8 actually) to copy filtered resources, i.e. build is platform dependent!\n[INFO] skip non existing resourceDirectory /tmp/eval-dev-quality364885804/plain/src/test/resources\n[INFO] \n[INFO] --- compiler:3.11.0:testCompile (default-testCompile) @ test-java-plain ---\n[INFO] Changes detected - recompiling the module! :dependency\n[WARNING] File encoding has not been set, using platform encoding UTF-8, i.e. build is platform dependent!\n[INFO] Compiling 1 source file with javac [debug target 11] to target/test-classes\n[INFO] -------------------------------------------------------------\n[WARNING] COMPILATION WARNING : \n[INFO] -------------------------------------------------------------\n[WARNING] system modules path not set in conjunction with -source 11\n[INFO] 1 warning\n[INFO] -------------------------------------------------------------\n[INFO] -------------------------------------------------------------\n[ERROR] COMPILATION ERROR : \n[INFO] -------------------------------------------------------------\n[ERROR] /tmp/eval-dev-quality364885804/plain/src/test/java/com/eval/PlainTest.java:[164,12] reached end of file while parsing\n[INFO] 1 error\n[INFO] -------------------------------------------------------------\n[INFO] ------------------------------------------------------------------------\n[INFO] BUILD FAILURE\n[INFO] ------------------------------------------------------------------------\n[INFO] Total time:  0.794 s\n[INFO] Finished at: 2024-06-06T10:06:53+02:00\n[INFO] ------------------------------------------------------------------------\n[ERROR] Failed to execute goal org.apache.maven.plugins:maven-compiler-plugin:3.11.0:testCompile (default-testCompile) on project test-java-plain: Compilation failure\n[ERROR] /tmp/eval-dev-quality364885804/plain/src/test/java/com/eval/PlainTest.java:[164,12] reached end of file while parsing\n[ERROR] \n[ERROR] -> [Help 1]\n[ERROR] \n[ERROR] To see the full stack trace of the errors, re-run Maven with the -e switch.\n[ERROR] Re-run Maven using the -X switch to enable full debug logging.\n[ERROR] \n[ERROR] For more information about the errors and possible solutions, please read the following articles:\n[ERROR] [Help 1] http://cwiki.apache.org/confluence/display/MAVEN/MojoFailureException\n",
}
Stacktrace: goroutine 1 [running]:
gitlab.nethead.at/symflower/symflower/model/errors.NewInternalError({0x1f42da0?, 0xc0006ac000}, {0xffa8c0?, 0xc000192018})
	gitlab.nethead.at/symflower/symflower/model/errors/error.go:850 +0x59
gitlab.nethead.at/symflower/symflower/language/java/execute.MavenDependencyCommand.func1()
	gitlab.nethead.at/symflower/symflower/language/java/execute/maven.go:80 +0x1ef
github.com/avast/retry-go.Do(0xc0007898b8, {0xc0007898a0, 0x3, 0x418c94?})
	github.com/avast/retry-go/retry.go:135 +0x5a3
gitlab.nethead.at/symflower/symflower/language/java/execute.MavenDependencyCommand({0xc00004c600, 0x25}, 0x0, {0xc000737bc0, 0x6, 0x6})
	gitlab.nethead.at/symflower/symflower/language/java/execute/maven.go:60 +0x1c5
gitlab.nethead.at/symflower/symflower/language/java/execute.MavenCloverCoverage({0xc00004c600, 0x25})
	gitlab.nethead.at/symflower/symflower/language/java/execute/clover.go:131 +0xc9
gitlab.nethead.at/symflower/symflower/cmd/symflower-local/cmd.(*commandTest).Execute(0xc000600578, {0xc000600400?, 0x7fe37c05a9b8?, 0xc000600578?})
	gitlab.nethead.at/symflower/symflower/cmd/symflower-local/cmd/test.go:143 +0x54f
gitlab.nethead.at/symflower/symflower/cmd.ExecuteNoExit({0x1f425e0?, 0xc000600400}, {0xc000040080?, 0x2782d80?, 0xc0004dded8?})
	gitlab.nethead.at/symflower/symflower/cmd/execute.go:56 +0x2d0
gitlab.nethead.at/symflower/symflower/cmd.Execute({0x1f425e0?, 0xc000600400?}, {0xc000040080?, 0x274c500?, 0xc000600400?})
	gitlab.nethead.at/symflower/symflower/cmd/execute.go:16 +0x26
gitlab.nethead.at/symflower/symflower/cmd.ExecuteWithOSArguments(...)
	gitlab.nethead.at/symflower/symflower/cmd/execute.go:75
main.main.func1()
	gitlab.nethead.at/symflower/symflower/cmd/symflower-demo/main.go:40 +0x34
gitlab.nethead.at/symflower/symflower/cmd/symflower-local/cmd.(*Command).WithPanicReporter(0xc000130058?, 0x2636b18?)
	gitlab.nethead.at/symflower/symflower/cmd/symflower-local/cmd/cmd.go:184 +0x48
main.main()
	gitlab.nethead.at/symflower/symflower/cmd/symflower-demo/main.go:39 +0xa5


github.com/symflower/eval-dev-quality/util.CommandWithResult
	/home/eval/eval-dev-quality/util/exec.go:52
github.com/symflower/eval-dev-quality/language/java.(*Language).Execute
	/home/eval/eval-dev-quality/language/java/language.go:94
github.com/symflower/eval-dev-quality/evaluate.Repository
	/home/eval/eval-dev-quality/evaluate/repository.go:57
github.com/symflower/eval-dev-quality/evaluate.Evaluate.func1
	/home/eval/eval-dev-quality/evaluate/evaluate.go:119
github.com/symflower/eval-dev-quality/evaluate.withLoadedModel
	/home/eval/eval-dev-quality/evaluate/evaluate.go:253
github.com/symflower/eval-dev-quality/evaluate.Evaluate
	/home/eval/eval-dev-quality/evaluate/evaluate.go:109
github.com/symflower/eval-dev-quality/cmd/eval-dev-quality/cmd.(*Evaluate).Execute
	/home/eval/eval-dev-quality/cmd/eval-dev-quality/cmd/evaluate.go:284
github.com/symflower/eval-dev-quality/cmd/eval-dev-quality/cmd.Execute.func1
	/home/eval/eval-dev-quality/cmd/eval-dev-quality/cmd/command.go:34
github.com/jessevdk/go-flags.(*Parser).ParseArgs
	/home/eval/go/pkg/mod/github.com/jessevdk/go-flags@v1.5.1-0.20210607101731-3927b71304df/parser.go:333
github.com/symflower/eval-dev-quality/cmd/eval-dev-quality/cmd.Execute
	/home/eval/eval-dev-quality/cmd/eval-dev-quality/cmd/command.go:37
main.main
	/home/eval/eval-dev-quality/cmd/eval-dev-quality/main.go:11
runtime.main
	/home/eval/go/src/runtime/proc.go:267
runtime.goexit
	/home/eval/go/src/runtime/asm_amd64.s:1650
github.com/symflower/eval-dev-quality/language/java.(*Language).Execute
	/home/eval/eval-dev-quality/language/java/language.go:105
github.com/symflower/eval-dev-quality/evaluate.Repository
	/home/eval/eval-dev-quality/evaluate/repository.go:57
github.com/symflower/eval-dev-quality/evaluate.Evaluate.func1
	/home/eval/eval-dev-quality/evaluate/evaluate.go:119
github.com/symflower/eval-dev-quality/evaluate.withLoadedModel
	/home/eval/eval-dev-quality/evaluate/evaluate.go:253
github.com/symflower/eval-dev-quality/evaluate.Evaluate
	/home/eval/eval-dev-quality/evaluate/evaluate.go:109
github.com/symflower/eval-dev-quality/cmd/eval-dev-quality/cmd.(*Evaluate).Execute
	/home/eval/eval-dev-quality/cmd/eval-dev-quality/cmd/evaluate.go:284
github.com/symflower/eval-dev-quality/cmd/eval-dev-quality/cmd.Execute.func1
	/home/eval/eval-dev-quality/cmd/eval-dev-quality/cmd/command.go:34
github.com/jessevdk/go-flags.(*Parser).ParseArgs
	/home/eval/go/pkg/mod/github.com/jessevdk/go-flags@v1.5.1-0.20210607101731-3927b71304df/parser.go:333
github.com/symflower/eval-dev-quality/cmd/eval-dev-quality/cmd.Execute
	/home/eval/eval-dev-quality/cmd/eval-dev-quality/cmd/command.go:37
main.main
	/home/eval/eval-dev-quality/cmd/eval-dev-quality/main.go:11
runtime.main
	/home/eval/go/src/runtime/proc.go:267
runtime.goexit
	/home/eval/go/src/runtime/asm_amd64.s:1650
[0;34mGive us your feedback and let us know how we can improve Symflower at hello@symflower.com or https://github.com/symflower/symflower. Thanks so much for your help![0m
ERROR: All attempts fail:
#1: Internal error: exit status 1:
[]interface {}{
    "/tmp/eval-dev-quality364885804/plain/",
    "[INFO] Scanning for projects...\n[WARNING] \n[WARNING] Some problems were encountered while building the effective model for eval.dev.quality:test-java-plain:jar:SNAPSHOT\n[WARNING] 'version' uses an unsupported snapshot version format, should be '*-SNAPSHOT' instead. @ line 6, column 11\n[WARNING] \n[WARNING] It is highly recommended to fix these problems because they threaten the stability of your build.\n[WARNING] \n[WARNING] For this reason, future Maven versions might no longer support building such malformed projects.\n[WARNING] \n[INFO] \n[INFO] ------------------< eval.dev.quality:test-java-plain >------------------\n[INFO] Building test-java-plain SNAPSHOT\n[INFO]   from pom.xml\n[INFO] --------------------------------[ jar ]---------------------------------\n[INFO] \n[INFO] --- clean:3.2.0:clean (default-clean) @ test-java-plain ---\n[INFO] \n[INFO] --- resources:3.3.1:resources (default-resources) @ test-java-plain ---\n[WARNING] Using platform encoding (UTF-8 actually) to copy filtered resources, i.e. build is platform dependent!\n[INFO] skip non existing resourceDirectory /tmp/eval-dev-quality364885804/plain/src/main/resources\n[INFO] \n[INFO] --- compiler:3.11.0:compile (default-compile) @ test-java-plain ---\n[INFO] Changes detected - recompiling the module! :source\n[WARNING] File encoding has not been set, using platform encoding UTF-8, i.e. build is platform dependent!\n[INFO] Compiling 1 source file with javac [debug target 11] to target/classes\n[WARNING] system modules path not set in conjunction with -source 11\n[INFO] \n[INFO] --- resources:3.3.1:resources (default-resources) @ test-java-plain ---\n[WARNING] Using platform encoding (UTF-8 actually) to copy filtered resources, i.e. build is platform dependent!\n[INFO] skip non existing resourceDirectory /tmp/eval-dev-quality364885804/plain/src/main/resources\n[INFO] \n[INFO] --- compiler:3.11.0:compile (default-compile) @ test-java-plain ---\n[INFO] Nothing to compile - all classes are up to date\n[INFO] \n[INFO] --- resources:3.3.1:testResources (default-testResources) @ test-java-plain ---\n[WARNING] Using platform encoding (UTF-8 actually) to copy filtered resources, i.e. build is platform dependent!\n[INFO] skip non existing resourceDirectory /tmp/eval-dev-quality364885804/plain/src/test/resources\n[INFO] \n[INFO] --- compiler:3.11.0:testCompile (default-testCompile) @ test-java-plain ---\n[INFO] Changes detected - recompiling the module! :dependency\n[WARNING] File encoding has not been set, using platform encoding UTF-8, i.e. build is platform dependent!\n[INFO] Compiling 1 source file with javac [debug target 11] to target/test-classes\n[INFO] -------------------------------------------------------------\n[WARNING] COMPILATION WARNING : \n[INFO] -------------------------------------------------------------\n[WARNING] system modules path not set in conjunction with -source 11\n[INFO] 1 warning\n[INFO] -------------------------------------------------------------\n[INFO] -------------------------------------------------------------\n[ERROR] COMPILATION ERROR : \n[INFO] -------------------------------------------------------------\n[ERROR] /tmp/eval-dev-quality364885804/plain/src/test/java/com/eval/PlainTest.java:[164,12] reached end of file while parsing\n[INFO] 1 error\n[INFO] -------------------------------------------------------------\n[INFO] ------------------------------------------------------------------------\n[INFO] BUILD FAILURE\n[INFO] ------------------------------------------------------------------------\n[INFO] Total time:  0.794 s\n[INFO] Finished at: 2024-06-06T10:06:53+02:00\n[INFO] ------------------------------------------------------------------------\n[ERROR] Failed to execute goal org.apache.maven.plugins:maven-compiler-plugin:3.11.0:testCompile (default-testCompile) on project test-java-plain: Compilation failure\n[ERROR] /tmp/eval-dev-quality364885804/plain/src/test/java/com/eval/PlainTest.java:[164,12] reached end of file while parsing\n[ERROR] \n[ERROR] -> [Help 1]\n[ERROR] \n[ERROR] To see the full stack trace of the errors, re-run Maven with the -e switch.\n[ERROR] Re-run Maven using the -X switch to enable full debug logging.\n[ERROR] \n[ERROR] For more information about the errors and possible solutions, please read the following articles:\n[ERROR] [Help 1] http://cwiki.apache.org/confluence/display/MAVEN/MojoFailureException\n",
}
Stacktrace: goroutine 1 [running]:
gitlab.nethead.at/symflower/symflower/model/errors.NewInternalError({0x1f42da0?, 0xc0006ac000}, {0xffa8c0?, 0xc000192018})
	gitlab.nethead.at/symflower/symflower/model/errors/error.go:850 +0x59
gitlab.nethead.at/symflower/symflower/language/java/execute.MavenDependencyCommand.func1()
	gitlab.nethead.at/symflower/symflower/language/java/execute/maven.go:80 +0x1ef
github.com/avast/retry-go.Do(0xc0007898b8, {0xc0007898a0, 0x3, 0x418c94?})
	github.com/avast/retry-go/retry.go:135 +0x5a3
gitlab.nethead.at/symflower/symflower/language/java/execute.MavenDependencyCommand({0xc00004c600, 0x25}, 0x0, {0xc000737bc0, 0x6, 0x6})
	gitlab.nethead.at/symflower/symflower/language/java/execute/maven.go:60 +0x1c5
gitlab.nethead.at/symflower/symflower/language/java/execute.MavenCloverCoverage({0xc00004c600, 0x25})
	gitlab.nethead.at/symflower/symflower/language/java/execute/clover.go:131 +0xc9
gitlab.nethead.at/symflower/symflower/cmd/symflower-local/cmd.(*commandTest).Execute(0xc000600578, {0xc000600400?, 0x7fe37c05a9b8?, 0xc000600578?})
	gitlab.nethead.at/symflower/symflower/cmd/symflower-local/cmd/test.go:143 +0x54f
gitlab.nethead.at/symflower/symflower/cmd.ExecuteNoExit({0x1f425e0?, 0xc000600400}, {0xc000040080?, 0x2782d80?, 0xc0004dded8?})
	gitlab.nethead.at/symflower/symflower/cmd/execute.go:56 +0x2d0
gitlab.nethead.at/symflower/symflower/cmd.Execute({0x1f425e0?, 0xc000600400?}, {0xc000040080?, 0x274c500?, 0xc000600400?})
	gitlab.nethead.at/symflower/symflower/cmd/execute.go:16 +0x26
gitlab.nethead.at/symflower/symflower/cmd.ExecuteWithOSArguments(...)
	gitlab.nethead.at/symflower/symflower/cmd/execute.go:75
main.main.func1()
	gitlab.nethead.at/symflower/symflower/cmd/symflower-demo/main.go:40 +0x34
gitlab.nethead.at/symflower/symflower/cmd/symflower-local/cmd.(*Command).WithPanicReporter(0xc000130058?, 0x2636b18?)
	gitlab.nethead.at/symflower/symflower/cmd/symflower-local/cmd/cmd.go:184 +0x48
main.main()
	gitlab.nethead.at/symflower/symflower/cmd/symflower-demo/main.go:39 +0xa5


src/main/java/com/eval/Plain.java]
2024/06/06 10:14:27 Evaluating model "openrouter/nousresearch/nous-hermes-yi-34b" using language "java" and repository "java/plain"
2024/06/06 10:14:27 Querying model "openrouter/nousresearch/nous-hermes-yi-34b" with:
	Given the following Java code file "src/main/java/com/eval/Plain.java" with package "com.eval", provide a test file for this code with JUnit 5 as a test framework.
	The tests should produce 100 percent code coverage and must compile.
	The response must contain only the test code and nothing else.

	```java
	package com.eval;

	class Plain {
	    static void plain() {
	    }
	}
	```
2024/06/06 10:14:31 Model "openrouter/nousresearch/nous-hermes-yi-34b" responded (3696 ms) with:
	Running JUnit 5 against the provided Java code will not generate 100% code coverage as the code is empty and nothing is executed within the `plain()` method.
2024/06/06 10:14:31 $ symflower test --language java --workspace /tmp/eval-dev-quality364885804/plain --coverage-file /tmp/eval-dev-quality364885804/plain/coverage.json
[0;34mGive us your feedback and let us know how we can improve Symflower at hello@symflower.com or https://github.com/symflower/symflower. Thanks so much for your help![0m
ERROR: All attempts fail:
#1: Internal error: exit status 1:
[]interface {}{
    "/tmp/eval-dev-quality364885804/plain/",
    "[INFO] Scanning for projects...\n[WARNING] \n[WARNING] Some problems were encountered while building the effective model for eval.dev.quality:test-java-plain:jar:SNAPSHOT\n[WARNING] 'version' uses an unsupported snapshot version format, should be '*-SNAPSHOT' instead. @ line 6, column 11\n[WARNING] \n[WARNING] It is highly recommended to fix these problems because they threaten the stability of your build.\n[WARNING] \n[WARNING] For this reason, future Maven versions might no longer support building such malformed projects.\n[WARNING] \n[INFO] \n[INFO] ------------------< eval.dev.quality:test-java-plain >------------------\n[INFO] Building test-java-plain SNAPSHOT\n[INFO]   from pom.xml\n[INFO] --------------------------------[ jar ]---------------------------------\n[INFO] \n[INFO] --- clean:3.2.0:clean (default-clean) @ test-java-plain ---\n[INFO] \n[INFO] --- resources:3.3.1:resources (default-resources) @ test-java-plain ---\n[WARNING] Using platform encoding (UTF-8 actually) to copy filtered resources, i.e. build is platform dependent!\n[INFO] skip non existing resourceDirectory /tmp/eval-dev-quality364885804/plain/src/main/resources\n[INFO] \n[INFO] --- compiler:3.11.0:compile (default-compile) @ test-java-plain ---\n[INFO] Changes detected - recompiling the module! :source\n[WARNING] File encoding has not been set, using platform encoding UTF-8, i.e. build is platform dependent!\n[INFO] Compiling 1 source file with javac [debug target 11] to target/classes\n[WARNING] system modules path not set in conjunction with -source 11\n[INFO] \n[INFO] --- resources:3.3.1:resources (default-resources) @ test-java-plain ---\n[WARNING] Using platform encoding (UTF-8 actually) to copy filtered resources, i.e. build is platform dependent!\n[INFO] skip non existing resourceDirectory /tmp/eval-dev-quality364885804/plain/src/main/resources\n[INFO] \n[INFO] --- compiler:3.11.0:compile (default-compile) @ test-java-plain ---\n[INFO] Nothing to compile - all classes are up to date\n[INFO] \n[INFO] --- resources:3.3.1:testResources (default-testResources) @ test-java-plain ---\n[WARNING] Using platform encoding (UTF-8 actually) to copy filtered resources, i.e. build is platform dependent!\n[INFO] skip non existing resourceDirectory /tmp/eval-dev-quality364885804/plain/src/test/resources\n[INFO] \n[INFO] --- compiler:3.11.0:testCompile (default-testCompile) @ test-java-plain ---\n[INFO] Changes detected - recompiling the module! :dependency\n[WARNING] File encoding has not been set, using platform encoding UTF-8, i.e. build is platform dependent!\n[INFO] Compiling 1 source file with javac [debug target 11] to target/test-classes\n[INFO] -------------------------------------------------------------\n[WARNING] COMPILATION WARNING : \n[INFO] -------------------------------------------------------------\n[WARNING] system modules path not set in conjunction with -source 11\n[INFO] 1 warning\n[INFO] -------------------------------------------------------------\n[INFO] -------------------------------------------------------------\n[ERROR] COMPILATION ERROR : \n[INFO] -------------------------------------------------------------\n[ERROR] /tmp/eval-dev-quality364885804/plain/src/test/java/com/eval/PlainTest.java:[1,1] class, interface, or enum expected\n[ERROR] /tmp/eval-dev-quality364885804/plain/src/test/java/com/eval/PlainTest.java:[1,141] illegal character: '`'\n[ERROR] /tmp/eval-dev-quality364885804/plain/src/test/java/com/eval/PlainTest.java:[1,149] illegal character: '`'\n[INFO] 3 errors \n[INFO] -------------------------------------------------------------\n[INFO] ------------------------------------------------------------------------\n[INFO] BUILD FAILURE\n[INFO] ------------------------------------------------------------------------\n[INFO] Total time:  0.729 s\n[INFO] Finished at: 2024-06-06T10:14:32+02:00\n[INFO] ------------------------------------------------------------------------\n[ERROR] Failed to execute goal org.apache.maven.plugins:maven-compiler-plugin:3.11.0:testCompile (default-testCompile) on project test-java-plain: Compilation failure: Compilation failure: \n[ERROR] /tmp/eval-dev-quality364885804/plain/src/test/java/com/eval/PlainTest.java:[1,1] class, interface, or enum expected\n[ERROR] /tmp/eval-dev-quality364885804/plain/src/test/java/com/eval/PlainTest.java:[1,141] illegal character: '`'\n[ERROR] /tmp/eval-dev-quality364885804/plain/src/test/java/com/eval/PlainTest.java:[1,149] illegal character: '`'\n[ERROR] -> [Help 1]\n[ERROR] \n[ERROR] To see the full stack trace of the errors, re-run Maven with the -e switch.\n[ERROR] Re-run Maven using the -X switch to enable full debug logging.\n[ERROR] \n[ERROR] For more information about the errors and possible solutions, please read the following articles:\n[ERROR] [Help 1] http://cwiki.apache.org/confluence/display/MAVEN/MojoFailureException\n",
}
Stacktrace: goroutine 1 [running]:
gitlab.nethead.at/symflower/symflower/model/errors.NewInternalError({0x1f42da0?, 0xc0004a0020}, {0xffa8c0?, 0xc000012bd0})
	gitlab.nethead.at/symflower/symflower/model/errors/error.go:850 +0x59
gitlab.nethead.at/symflower/symflower/language/java/execute.MavenDependencyCommand.func1()
	gitlab.nethead.at/symflower/symflower/language/java/execute/maven.go:80 +0x1ef
github.com/avast/retry-go.Do(0xc0007958b8, {0xc0007958a0, 0x3, 0x418c94?})
	github.com/avast/retry-go/retry.go:135 +0x5a3
gitlab.nethead.at/symflower/symflower/language/java/execute.MavenDependencyCommand({0xc00058e030, 0x25}, 0x0, {0xc000587860, 0x6, 0x6})
	gitlab.nethead.at/symflower/symflower/language/java/execute/maven.go:60 +0x1c5
gitlab.nethead.at/symflower/symflower/language/java/execute.MavenCloverCoverage({0xc00058e030, 0x25})
	gitlab.nethead.at/symflower/symflower/language/java/execute/clover.go:131 +0xc9
gitlab.nethead.at/symflower/symflower/cmd/symflower-local/cmd.(*commandTest).Execute(0xc000600578, {0xc000600400?, 0x7f403896b998?, 0xc000600578?})
	gitlab.nethead.at/symflower/symflower/cmd/symflower-local/cmd/test.go:143 +0x54f
gitlab.nethead.at/symflower/symflower/cmd.ExecuteNoExit({0x1f425e0?, 0xc000600400}, {0xc000040080?, 0x2782d80?, 0xc000595ed8?})
	gitlab.nethead.at/symflower/symflower/cmd/execute.go:56 +0x2d0
gitlab.nethead.at/symflower/symflower/cmd.Execute({0x1f425e0?, 0xc000600400?}, {0xc000040080?, 0x274c500?, 0xc000600400?})
	gitlab.nethead.at/symflower/symflower/cmd/execute.go:16 +0x26
gitlab.nethead.at/symflower/symflower/cmd.ExecuteWithOSArguments(...)
	gitlab.nethead.at/symflower/symflower/cmd/execute.go:75
main.main.func1()
	gitlab.nethead.at/symflower/symflower/cmd/symflower-demo/main.go:40 +0x34
gitlab.nethead.at/symflower/symflower/cmd/symflower-local/cmd.(*Command).WithPanicReporter(0xc000130058?, 0x2636b18?)
	gitlab.nethead.at/symflower/symflower/cmd/symflower-local/cmd/cmd.go:184 +0x48
main.main()
	gitlab.nethead.at/symflower/symflower/cmd/symflower-demo/main.go:39 +0xa5

2024/06/06 10:14:32 Evaluated model "openrouter/nousresearch/nous-hermes-yi-34b" using language "java" and repository "java/plain": encountered 1 problems: [exit status 1
[0;34mGive us your feedback and let us know how we can improve Symflower at hello@symflower.com or https://github.com/symflower/symflower. Thanks so much for your help![0m
ERROR: All attempts fail:
#1: Internal error: exit status 1:
[]interface {}{
    "/tmp/eval-dev-quality364885804/plain/",
    "[INFO] Scanning for projects...\n[WARNING] \n[WARNING] Some problems were encountered while building the effective model for eval.dev.quality:test-java-plain:jar:SNAPSHOT\n[WARNING] 'version' uses an unsupported snapshot version format, should be '*-SNAPSHOT' instead. @ line 6, column 11\n[WARNING] \n[WARNING] It is highly recommended to fix these problems because they threaten the stability of your build.\n[WARNING] \n[WARNING] For this reason, future Maven versions might no longer support building such malformed projects.\n[WARNING] \n[INFO] \n[INFO] ------------------< eval.dev.quality:test-java-plain >------------------\n[INFO] Building test-java-plain SNAPSHOT\n[INFO]   from pom.xml\n[INFO] --------------------------------[ jar ]---------------------------------\n[INFO] \n[INFO] --- clean:3.2.0:clean (default-clean) @ test-java-plain ---\n[INFO] \n[INFO] --- resources:3.3.1:resources (default-resources) @ test-java-plain ---\n[WARNING] Using platform encoding (UTF-8 actually) to copy filtered resources, i.e. build is platform dependent!\n[INFO] skip non existing resourceDirectory /tmp/eval-dev-quality364885804/plain/src/main/resources\n[INFO] \n[INFO] --- compiler:3.11.0:compile (default-compile) @ test-java-plain ---\n[INFO] Changes detected - recompiling the module! :source\n[WARNING] File encoding has not been set, using platform encoding UTF-8, i.e. build is platform dependent!\n[INFO] Compiling 1 source file with javac [debug target 11] to target/classes\n[WARNING] system modules path not set in conjunction with -source 11\n[INFO] \n[INFO] --- resources:3.3.1:resources (default-resources) @ test-java-plain ---\n[WARNING] Using platform encoding (UTF-8 actually) to copy filtered resources, i.e. build is platform dependent!\n[INFO] skip non existing resourceDirectory /tmp/eval-dev-quality364885804/plain/src/main/resources\n[INFO] \n[INFO] --- compiler:3.11.0:compile (default-compile) @ test-java-plain ---\n[INFO] Nothing to compile - all classes are up to date\n[INFO] \n[INFO] --- resources:3.3.1:testResources (default-testResources) @ test-java-plain ---\n[WARNING] Using platform encoding (UTF-8 actually) to copy filtered resources, i.e. build is platform dependent!\n[INFO] skip non existing resourceDirectory /tmp/eval-dev-quality364885804/plain/src/test/resources\n[INFO] \n[INFO] --- compiler:3.11.0:testCompile (default-testCompile) @ test-java-plain ---\n[INFO] Changes detected - recompiling the module! :dependency\n[WARNING] File encoding has not been set, using platform encoding UTF-8, i.e. build is platform dependent!\n[INFO] Compiling 1 source file with javac [debug target 11] to target/test-classes\n[INFO] -------------------------------------------------------------\n[WARNING] COMPILATION WARNING : \n[INFO] -------------------------------------------------------------\n[WARNING] system modules path not set in conjunction with -source 11\n[INFO] 1 warning\n[INFO] -------------------------------------------------------------\n[INFO] -------------------------------------------------------------\n[ERROR] COMPILATION ERROR : \n[INFO] -------------------------------------------------------------\n[ERROR] /tmp/eval-dev-quality364885804/plain/src/test/java/com/eval/PlainTest.java:[1,1] class, interface, or enum expected\n[ERROR] /tmp/eval-dev-quality364885804/plain/src/test/java/com/eval/PlainTest.java:[1,141] illegal character: '`'\n[ERROR] /tmp/eval-dev-quality364885804/plain/src/test/java/com/eval/PlainTest.java:[1,149] illegal character: '`'\n[INFO] 3 errors \n[INFO] -------------------------------------------------------------\n[INFO] ------------------------------------------------------------------------\n[INFO] BUILD FAILURE\n[INFO] ------------------------------------------------------------------------\n[INFO] Total time:  0.729 s\n[INFO] Finished at: 2024-06-06T10:14:32+02:00\n[INFO] ------------------------------------------------------------------------\n[ERROR] Failed to execute goal org.apache.maven.plugins:maven-compiler-plugin:3.11.0:testCompile (default-testCompile) on project test-java-plain: Compilation failure: Compilation failure: \n[ERROR] /tmp/eval-dev-quality364885804/plain/src/test/java/com/eval/PlainTest.java:[1,1] class, interface, or enum expected\n[ERROR] /tmp/eval-dev-quality364885804/plain/src/test/java/com/eval/PlainTest.java:[1,141] illegal character: '`'\n[ERROR] /tmp/eval-dev-quality364885804/plain/src/test/java/com/eval/PlainTest.java:[1,149] illegal character: '`'\n[ERROR] -> [Help 1]\n[ERROR] \n[ERROR] To see the full stack trace of the errors, re-run Maven with the -e switch.\n[ERROR] Re-run Maven using the -X switch to enable full debug logging.\n[ERROR] \n[ERROR] For more information about the errors and possible solutions, please read the following articles:\n[ERROR] [Help 1] http://cwiki.apache.org/confluence/display/MAVEN/MojoFailureException\n",
}
Stacktrace: goroutine 1 [running]:
gitlab.nethead.at/symflower/symflower/model/errors.NewInternalError({0x1f42da0?, 0xc0004a0020}, {0xffa8c0?, 0xc000012bd0})
	gitlab.nethead.at/symflower/symflower/model/errors/error.go:850 +0x59
gitlab.nethead.at/symflower/symflower/language/java/execute.MavenDependencyCommand.func1()
	gitlab.nethead.at/symflower/symflower/language/java/execute/maven.go:80 +0x1ef
github.com/avast/retry-go.Do(0xc0007958b8, {0xc0007958a0, 0x3, 0x418c94?})
	github.com/avast/retry-go/retry.go:135 +0x5a3
gitlab.nethead.at/symflower/symflower/language/java/execute.MavenDependencyCommand({0xc00058e030, 0x25}, 0x0, {0xc000587860, 0x6, 0x6})
	gitlab.nethead.at/symflower/symflower/language/java/execute/maven.go:60 +0x1c5
gitlab.nethead.at/symflower/symflower/language/java/execute.MavenCloverCoverage({0xc00058e030, 0x25})
	gitlab.nethead.at/symflower/symflower/language/java/execute/clover.go:131 +0xc9
gitlab.nethead.at/symflower/symflower/cmd/symflower-local/cmd.(*commandTest).Execute(0xc000600578, {0xc000600400?, 0x7f403896b998?, 0xc000600578?})
	gitlab.nethead.at/symflower/symflower/cmd/symflower-local/cmd/test.go:143 +0x54f
gitlab.nethead.at/symflower/symflower/cmd.ExecuteNoExit({0x1f425e0?, 0xc000600400}, {0xc000040080?, 0x2782d80?, 0xc000595ed8?})
	gitlab.nethead.at/symflower/symflower/cmd/execute.go:56 +0x2d0
gitlab.nethead.at/symflower/symflower/cmd.Execute({0x1f425e0?, 0xc000600400?}, {0xc000040080?, 0x274c500?, 0xc000600400?})
	gitlab.nethead.at/symflower/symflower/cmd/execute.go:16 +0x26
gitlab.nethead.at/symflower/symflower/cmd.ExecuteWithOSArguments(...)
	gitlab.nethead.at/symflower/symflower/cmd/execute.go:75
main.main.func1()
	gitlab.nethead.at/symflower/symflower/cmd/symflower-demo/main.go:40 +0x34
gitlab.nethead.at/symflower/symflower/cmd/symflower-local/cmd.(*Command).WithPanicReporter(0xc000130058?, 0x2636b18?)
	gitlab.nethead.at/symflower/symflower/cmd/symflower-local/cmd/cmd.go:184 +0x48
main.main()
	gitlab.nethead.at/symflower/symflower/cmd/symflower-demo/main.go:39 +0xa5


github.com/symflower/eval-dev-quality/util.CommandWithResult
	/home/eval/eval-dev-quality/util/exec.go:52
github.com/symflower/eval-dev-quality/language/java.(*Language).Execute
	/home/eval/eval-dev-quality/language/java/language.go:94
github.com/symflower/eval-dev-quality/evaluate.Repository
	/home/eval/eval-dev-quality/evaluate/repository.go:57
github.com/symflower/eval-dev-quality/evaluate.Evaluate.func1
	/home/eval/eval-dev-quality/evaluate/evaluate.go:119
github.com/symflower/eval-dev-quality/evaluate.withLoadedModel
	/home/eval/eval-dev-quality/evaluate/evaluate.go:253
github.com/symflower/eval-dev-quality/evaluate.Evaluate
	/home/eval/eval-dev-quality/evaluate/evaluate.go:109
github.com/symflower/eval-dev-quality/cmd/eval-dev-quality/cmd.(*Evaluate).Execute
	/home/eval/eval-dev-quality/cmd/eval-dev-quality/cmd/evaluate.go:284
github.com/symflower/eval-dev-quality/cmd/eval-dev-quality/cmd.Execute.func1
	/home/eval/eval-dev-quality/cmd/eval-dev-quality/cmd/command.go:34
github.com/jessevdk/go-flags.(*Parser).ParseArgs
	/home/eval/go/pkg/mod/github.com/jessevdk/go-flags@v1.5.1-0.20210607101731-3927b71304df/parser.go:333
github.com/symflower/eval-dev-quality/cmd/eval-dev-quality/cmd.Execute
	/home/eval/eval-dev-quality/cmd/eval-dev-quality/cmd/command.go:37
main.main
	/home/eval/eval-dev-quality/cmd/eval-dev-quality/main.go:11
runtime.main
	/home/eval/go/src/runtime/proc.go:267
runtime.goexit
	/home/eval/go/src/runtime/asm_amd64.s:1650
github.com/symflower/eval-dev-quality/language/java.(*Language).Execute
	/home/eval/eval-dev-quality/language/java/language.go:105
github.com/symflower/eval-dev-quality/evaluate.Repository
	/home/eval/eval-dev-quality/evaluate/repository.go:57
github.com/symflower/eval-dev-quality/evaluate.Evaluate.func1
	/home/eval/eval-dev-quality/evaluate/evaluate.go:119
github.com/symflower/eval-dev-quality/evaluate.withLoadedModel
	/home/eval/eval-dev-quality/evaluate/evaluate.go:253
github.com/symflower/eval-dev-quality/evaluate.Evaluate
	/home/eval/eval-dev-quality/evaluate/evaluate.go:109
github.com/symflower/eval-dev-quality/cmd/eval-dev-quality/cmd.(*Evaluate).Execute
	/home/eval/eval-dev-quality/cmd/eval-dev-quality/cmd/evaluate.go:284
github.com/symflower/eval-dev-quality/cmd/eval-dev-quality/cmd.Execute.func1
	/home/eval/eval-dev-quality/cmd/eval-dev-quality/cmd/command.go:34
github.com/jessevdk/go-flags.(*Parser).ParseArgs
	/home/eval/go/pkg/mod/github.com/jessevdk/go-flags@v1.5.1-0.20210607101731-3927b71304df/parser.go:333
github.com/symflower/eval-dev-quality/cmd/eval-dev-quality/cmd.Execute
	/home/eval/eval-dev-quality/cmd/eval-dev-quality/cmd/command.go:37
main.main
	/home/eval/eval-dev-quality/cmd/eval-dev-quality/main.go:11
runtime.main
	/home/eval/go/src/runtime/proc.go:267
runtime.goexit
	/home/eval/go/src/runtime/asm_amd64.s:1650
[0;34mGive us your feedback and let us know how we can improve Symflower at hello@symflower.com or https://github.com/symflower/symflower. Thanks so much for your help![0m
ERROR: All attempts fail:
#1: Internal error: exit status 1:
[]interface {}{
    "/tmp/eval-dev-quality364885804/plain/",
    "[INFO] Scanning for projects...\n[WARNING] \n[WARNING] Some problems were encountered while building the effective model for eval.dev.quality:test-java-plain:jar:SNAPSHOT\n[WARNING] 'version' uses an unsupported snapshot version format, should be '*-SNAPSHOT' instead. @ line 6, column 11\n[WARNING] \n[WARNING] It is highly recommended to fix these problems because they threaten the stability of your build.\n[WARNING] \n[WARNING] For this reason, future Maven versions might no longer support building such malformed projects.\n[WARNING] \n[INFO] \n[INFO] ------------------< eval.dev.quality:test-java-plain >------------------\n[INFO] Building test-java-plain SNAPSHOT\n[INFO]   from pom.xml\n[INFO] --------------------------------[ jar ]---------------------------------\n[INFO] \n[INFO] --- clean:3.2.0:clean (default-clean) @ test-java-plain ---\n[INFO] \n[INFO] --- resources:3.3.1:resources (default-resources) @ test-java-plain ---\n[WARNING] Using platform encoding (UTF-8 actually) to copy filtered resources, i.e. build is platform dependent!\n[INFO] skip non existing resourceDirectory /tmp/eval-dev-quality364885804/plain/src/main/resources\n[INFO] \n[INFO] --- compiler:3.11.0:compile (default-compile) @ test-java-plain ---\n[INFO] Changes detected - recompiling the module! :source\n[WARNING] File encoding has not been set, using platform encoding UTF-8, i.e. build is platform dependent!\n[INFO] Compiling 1 source file with javac [debug target 11] to target/classes\n[WARNING] system modules path not set in conjunction with -source 11\n[INFO] \n[INFO] --- resources:3.3.1:resources (default-resources) @ test-java-plain ---\n[WARNING] Using platform encoding (UTF-8 actually) to copy filtered resources, i.e. build is platform dependent!\n[INFO] skip non existing resourceDirectory /tmp/eval-dev-quality364885804/plain/src/main/resources\n[INFO] \n[INFO] --- compiler:3.11.0:compile (default-compile) @ test-java-plain ---\n[INFO] Nothing to compile - all classes are up to date\n[INFO] \n[INFO] --- resources:3.3.1:testResources (default-testResources) @ test-java-plain ---\n[WARNING] Using platform encoding (UTF-8 actually) to copy filtered resources, i.e. build is platform dependent!\n[INFO] skip non existing resourceDirectory /tmp/eval-dev-quality364885804/plain/src/test/resources\n[INFO] \n[INFO] --- compiler:3.11.0:testCompile (default-testCompile) @ test-java-plain ---\n[INFO] Changes detected - recompiling the module! :dependency\n[WARNING] File encoding has not been set, using platform encoding UTF-8, i.e. build is platform dependent!\n[INFO] Compiling 1 source file with javac [debug target 11] to target/test-classes\n[INFO] -------------------------------------------------------------\n[WARNING] COMPILATION WARNING : \n[INFO] -------------------------------------------------------------\n[WARNING] system modules path not set in conjunction with -source 11\n[INFO] 1 warning\n[INFO] -------------------------------------------------------------\n[INFO] -------------------------------------------------------------\n[ERROR] COMPILATION ERROR : \n[INFO] -------------------------------------------------------------\n[ERROR] /tmp/eval-dev-quality364885804/plain/src/test/java/com/eval/PlainTest.java:[1,1] class, interface, or enum expected\n[ERROR] /tmp/eval-dev-quality364885804/plain/src/test/java/com/eval/PlainTest.java:[1,141] illegal character: '`'\n[ERROR] /tmp/eval-dev-quality364885804/plain/src/test/java/com/eval/PlainTest.java:[1,149] illegal character: '`'\n[INFO] 3 errors \n[INFO] -------------------------------------------------------------\n[INFO] ------------------------------------------------------------------------\n[INFO] BUILD FAILURE\n[INFO] ------------------------------------------------------------------------\n[INFO] Total time:  0.729 s\n[INFO] Finished at: 2024-06-06T10:14:32+02:00\n[INFO] ------------------------------------------------------------------------\n[ERROR] Failed to execute goal org.apache.maven.plugins:maven-compiler-plugin:3.11.0:testCompile (default-testCompile) on project test-java-plain: Compilation failure: Compilation failure: \n[ERROR] /tmp/eval-dev-quality364885804/plain/src/test/java/com/eval/PlainTest.java:[1,1] class, interface, or enum expected\n[ERROR] /tmp/eval-dev-quality364885804/plain/src/test/java/com/eval/PlainTest.java:[1,141] illegal character: '`'\n[ERROR] /tmp/eval-dev-quality364885804/plain/src/test/java/com/eval/PlainTest.java:[1,149] illegal character: '`'\n[ERROR] -> [Help 1]\n[ERROR] \n[ERROR] To see the full stack trace of the errors, re-run Maven with the -e switch.\n[ERROR] Re-run Maven using the -X switch to enable full debug logging.\n[ERROR] \n[ERROR] For more information about the errors and possible solutions, please read the following articles:\n[ERROR] [Help 1] http://cwiki.apache.org/confluence/display/MAVEN/MojoFailureException\n",
}
Stacktrace: goroutine 1 [running]:
gitlab.nethead.at/symflower/symflower/model/errors.NewInternalError({0x1f42da0?, 0xc0004a0020}, {0xffa8c0?, 0xc000012bd0})
	gitlab.nethead.at/symflower/symflower/model/errors/error.go:850 +0x59
gitlab.nethead.at/symflower/symflower/language/java/execute.MavenDependencyCommand.func1()
	gitlab.nethead.at/symflower/symflower/language/java/execute/maven.go:80 +0x1ef
github.com/avast/retry-go.Do(0xc0007958b8, {0xc0007958a0, 0x3, 0x418c94?})
	github.com/avast/retry-go/retry.go:135 +0x5a3
gitlab.nethead.at/symflower/symflower/language/java/execute.MavenDependencyCommand({0xc00058e030, 0x25}, 0x0, {0xc000587860, 0x6, 0x6})
	gitlab.nethead.at/symflower/symflower/language/java/execute/maven.go:60 +0x1c5
gitlab.nethead.at/symflower/symflower/language/java/execute.MavenCloverCoverage({0xc00058e030, 0x25})
	gitlab.nethead.at/symflower/symflower/language/java/execute/clover.go:131 +0xc9
gitlab.nethead.at/symflower/symflower/cmd/symflower-local/cmd.(*commandTest).Execute(0xc000600578, {0xc000600400?, 0x7f403896b998?, 0xc000600578?})
	gitlab.nethead.at/symflower/symflower/cmd/symflower-local/cmd/test.go:143 +0x54f
gitlab.nethead.at/symflower/symflower/cmd.ExecuteNoExit({0x1f425e0?, 0xc000600400}, {0xc000040080?, 0x2782d80?, 0xc000595ed8?})
	gitlab.nethead.at/symflower/symflower/cmd/execute.go:56 +0x2d0
gitlab.nethead.at/symflower/symflower/cmd.Execute({0x1f425e0?, 0xc000600400?}, {0xc000040080?, 0x274c500?, 0xc000600400?})
	gitlab.nethead.at/symflower/symflower/cmd/execute.go:16 +0x26
gitlab.nethead.at/symflower/symflower/cmd.ExecuteWithOSArguments(...)
	gitlab.nethead.at/symflower/symflower/cmd/execute.go:75
main.main.func1()
	gitlab.nethead.at/symflower/symflower/cmd/symflower-demo/main.go:40 +0x34
gitlab.nethead.at/symflower/symflower/cmd/symflower-local/cmd.(*Command).WithPanicReporter(0xc000130058?, 0x2636b18?)
	gitlab.nethead.at/symflower/symflower/cmd/symflower-local/cmd/cmd.go:184 +0x48
main.main()
	gitlab.nethead.at/symflower/symflower/cmd/symflower-demo/main.go:39 +0xa5


src/main/java/com/eval/Plain.java]
2024/06/06 10:20:43 Evaluating model "openrouter/nousresearch/nous-hermes-yi-34b" using language "java" and repository "java/plain"
2024/06/06 10:20:43 Querying model "openrouter/nousresearch/nous-hermes-yi-34b" with:
	Given the following Java code file "src/main/java/com/eval/Plain.java" with package "com.eval", provide a test file for this code with JUnit 5 as a test framework.
	The tests should produce 100 percent code coverage and must compile.
	The response must contain only the test code and nothing else.

	```java
	package com.eval;

	class Plain {
	    static void plain() {
	    }
	}
	```
2024/06/06 10:20:46 Model "openrouter/nousresearch/nous-hermes-yi-34b" responded (3573 ms) with:
	import org.junit.jupiter.api.Test;
	import static org.junit.jupiter.api.Assertions.*;
	class PlainTest {

	    @Test
	    void testPlain(){
	        Plain.plain();
	    }
	}
2024/06/06 10:20:46 $ symflower test --language java --workspace /tmp/eval-dev-quality364885804/plain --coverage-file /tmp/eval-dev-quality364885804/plain/coverage.json
[0;34mGive us your feedback and let us know how we can improve Symflower at hello@symflower.com or https://github.com/symflower/symflower. Thanks so much for your help![0m
ERROR: All attempts fail:
#1: Internal error: exit status 1:
[]interface {}{
    "/tmp/eval-dev-quality364885804/plain/",
    "[INFO] Scanning for projects...\n[WARNING] \n[WARNING] Some problems were encountered while building the effective model for eval.dev.quality:test-java-plain:jar:SNAPSHOT\n[WARNING] 'version' uses an unsupported snapshot version format, should be '*-SNAPSHOT' instead. @ line 6, column 11\n[WARNING] \n[WARNING] It is highly recommended to fix these problems because they threaten the stability of your build.\n[WARNING] \n[WARNING] For this reason, future Maven versions might no longer support building such malformed projects.\n[WARNING] \n[INFO] \n[INFO] ------------------< eval.dev.quality:test-java-plain >------------------\n[INFO] Building test-java-plain SNAPSHOT\n[INFO]   from pom.xml\n[INFO] --------------------------------[ jar ]---------------------------------\n[INFO] \n[INFO] --- clean:3.2.0:clean (default-clean) @ test-java-plain ---\n[INFO] \n[INFO] --- resources:3.3.1:resources (default-resources) @ test-java-plain ---\n[WARNING] Using platform encoding (UTF-8 actually) to copy filtered resources, i.e. build is platform dependent!\n[INFO] skip non existing resourceDirectory /tmp/eval-dev-quality364885804/plain/src/main/resources\n[INFO] \n[INFO] --- compiler:3.11.0:compile (default-compile) @ test-java-plain ---\n[INFO] Changes detected - recompiling the module! :source\n[WARNING] File encoding has not been set, using platform encoding UTF-8, i.e. build is platform dependent!\n[INFO] Compiling 1 source file with javac [debug target 11] to target/classes\n[WARNING] system modules path not set in conjunction with -source 11\n[INFO] \n[INFO] --- resources:3.3.1:resources (default-resources) @ test-java-plain ---\n[WARNING] Using platform encoding (UTF-8 actually) to copy filtered resources, i.e. build is platform dependent!\n[INFO] skip non existing resourceDirectory /tmp/eval-dev-quality364885804/plain/src/main/resources\n[INFO] \n[INFO] --- compiler:3.11.0:compile (default-compile) @ test-java-plain ---\n[INFO] Nothing to compile - all classes are up to date\n[INFO] \n[INFO] --- resources:3.3.1:testResources (default-testResources) @ test-java-plain ---\n[WARNING] Using platform encoding (UTF-8 actually) to copy filtered resources, i.e. build is platform dependent!\n[INFO] skip non existing resourceDirectory /tmp/eval-dev-quality364885804/plain/src/test/resources\n[INFO] \n[INFO] --- compiler:3.11.0:testCompile (default-testCompile) @ test-java-plain ---\n[INFO] Changes detected - recompiling the module! :dependency\n[WARNING] File encoding has not been set, using platform encoding UTF-8, i.e. build is platform dependent!\n[INFO] Compiling 1 source file with javac [debug target 11] to target/test-classes\n[INFO] -------------------------------------------------------------\n[WARNING] COMPILATION WARNING : \n[INFO] -------------------------------------------------------------\n[WARNING] system modules path not set in conjunction with -source 11\n[INFO] 1 warning\n[INFO] -------------------------------------------------------------\n[INFO] -------------------------------------------------------------\n[ERROR] COMPILATION ERROR : \n[INFO] -------------------------------------------------------------\n[ERROR] /tmp/eval-dev-quality364885804/plain/src/test/java/com/eval/PlainTest.java:[7,9] cannot find symbol\n  symbol:   variable Plain\n  location: class PlainTest\n[INFO] 1 error\n[INFO] -------------------------------------------------------------\n[INFO] ------------------------------------------------------------------------\n[INFO] BUILD FAILURE\n[INFO] ------------------------------------------------------------------------\n[INFO] Total time:  0.801 s\n[INFO] Finished at: 2024-06-06T10:20:48+02:00\n[INFO] ------------------------------------------------------------------------\n[ERROR] Failed to execute goal org.apache.maven.plugins:maven-compiler-plugin:3.11.0:testCompile (default-testCompile) on project test-java-plain: Compilation failure\n[ERROR] /tmp/eval-dev-quality364885804/plain/src/test/java/com/eval/PlainTest.java:[7,9] cannot find symbol\n[ERROR]   symbol:   variable Plain\n[ERROR]   location: class PlainTest\n[ERROR] \n[ERROR] -> [Help 1]\n[ERROR] \n[ERROR] To see the full stack trace of the errors, re-run Maven with the -e switch.\n[ERROR] Re-run Maven using the -X switch to enable full debug logging.\n[ERROR] \n[ERROR] For more information about the errors and possible solutions, please read the following articles:\n[ERROR] [Help 1] http://cwiki.apache.org/confluence/display/MAVEN/MojoFailureException\n",
}
Stacktrace: goroutine 1 [running]:
gitlab.nethead.at/symflower/symflower/model/errors.NewInternalError({0x1f42da0?, 0xc000679a60}, {0xffa8c0?, 0xc0005a01f8})
	gitlab.nethead.at/symflower/symflower/model/errors/error.go:850 +0x59
gitlab.nethead.at/symflower/symflower/language/java/execute.MavenDependencyCommand.func1()
	gitlab.nethead.at/symflower/symflower/language/java/execute/maven.go:80 +0x1ef
github.com/avast/retry-go.Do(0xc0007158b8, {0xc0007158a0, 0x3, 0x418c94?})
	github.com/avast/retry-go/retry.go:135 +0x5a3
gitlab.nethead.at/symflower/symflower/language/java/execute.MavenDependencyCommand({0xc0002211a0, 0x25}, 0x0, {0xc00059d140, 0x6, 0x6})
	gitlab.nethead.at/symflower/symflower/language/java/execute/maven.go:60 +0x1c5
gitlab.nethead.at/symflower/symflower/language/java/execute.MavenCloverCoverage({0xc0002211a0, 0x25})
	gitlab.nethead.at/symflower/symflower/language/java/execute/clover.go:131 +0xc9
gitlab.nethead.at/symflower/symflower/cmd/symflower-local/cmd.(*commandTest).Execute(0xc0000fd978, {0xc0000fd800?, 0x7fca31fea8d8?, 0xc0000fd978?})
	gitlab.nethead.at/symflower/symflower/cmd/symflower-local/cmd/test.go:143 +0x54f
gitlab.nethead.at/symflower/symflower/cmd.ExecuteNoExit({0x1f425e0?, 0xc0000fd800}, {0xc000216000?, 0x2782d80?, 0xc000177ed8?})
	gitlab.nethead.at/symflower/symflower/cmd/execute.go:56 +0x2d0
gitlab.nethead.at/symflower/symflower/cmd.Execute({0x1f425e0?, 0xc0000fd800?}, {0xc000216000?, 0x274c500?, 0xc0000fd800?})
	gitlab.nethead.at/symflower/symflower/cmd/execute.go:16 +0x26
gitlab.nethead.at/symflower/symflower/cmd.ExecuteWithOSArguments(...)
	gitlab.nethead.at/symflower/symflower/cmd/execute.go:75
main.main.func1()
	gitlab.nethead.at/symflower/symflower/cmd/symflower-demo/main.go:40 +0x34
gitlab.nethead.at/symflower/symflower/cmd/symflower-local/cmd.(*Command).WithPanicReporter(0xc000130058?, 0x2636b18?)
	gitlab.nethead.at/symflower/symflower/cmd/symflower-local/cmd/cmd.go:184 +0x48
main.main()
	gitlab.nethead.at/symflower/symflower/cmd/symflower-demo/main.go:39 +0xa5

2024/06/06 10:20:48 Evaluated model "openrouter/nousresearch/nous-hermes-yi-34b" using language "java" and repository "java/plain": encountered 1 problems: [exit status 1
[0;34mGive us your feedback and let us know how we can improve Symflower at hello@symflower.com or https://github.com/symflower/symflower. Thanks so much for your help![0m
ERROR: All attempts fail:
#1: Internal error: exit status 1:
[]interface {}{
    "/tmp/eval-dev-quality364885804/plain/",
    "[INFO] Scanning for projects...\n[WARNING] \n[WARNING] Some problems were encountered while building the effective model for eval.dev.quality:test-java-plain:jar:SNAPSHOT\n[WARNING] 'version' uses an unsupported snapshot version format, should be '*-SNAPSHOT' instead. @ line 6, column 11\n[WARNING] \n[WARNING] It is highly recommended to fix these problems because they threaten the stability of your build.\n[WARNING] \n[WARNING] For this reason, future Maven versions might no longer support building such malformed projects.\n[WARNING] \n[INFO] \n[INFO] ------------------< eval.dev.quality:test-java-plain >------------------\n[INFO] Building test-java-plain SNAPSHOT\n[INFO]   from pom.xml\n[INFO] --------------------------------[ jar ]---------------------------------\n[INFO] \n[INFO] --- clean:3.2.0:clean (default-clean) @ test-java-plain ---\n[INFO] \n[INFO] --- resources:3.3.1:resources (default-resources) @ test-java-plain ---\n[WARNING] Using platform encoding (UTF-8 actually) to copy filtered resources, i.e. build is platform dependent!\n[INFO] skip non existing resourceDirectory /tmp/eval-dev-quality364885804/plain/src/main/resources\n[INFO] \n[INFO] --- compiler:3.11.0:compile (default-compile) @ test-java-plain ---\n[INFO] Changes detected - recompiling the module! :source\n[WARNING] File encoding has not been set, using platform encoding UTF-8, i.e. build is platform dependent!\n[INFO] Compiling 1 source file with javac [debug target 11] to target/classes\n[WARNING] system modules path not set in conjunction with -source 11\n[INFO] \n[INFO] --- resources:3.3.1:resources (default-resources) @ test-java-plain ---\n[WARNING] Using platform encoding (UTF-8 actually) to copy filtered resources, i.e. build is platform dependent!\n[INFO] skip non existing resourceDirectory /tmp/eval-dev-quality364885804/plain/src/main/resources\n[INFO] \n[INFO] --- compiler:3.11.0:compile (default-compile) @ test-java-plain ---\n[INFO] Nothing to compile - all classes are up to date\n[INFO] \n[INFO] --- resources:3.3.1:testResources (default-testResources) @ test-java-plain ---\n[WARNING] Using platform encoding (UTF-8 actually) to copy filtered resources, i.e. build is platform dependent!\n[INFO] skip non existing resourceDirectory /tmp/eval-dev-quality364885804/plain/src/test/resources\n[INFO] \n[INFO] --- compiler:3.11.0:testCompile (default-testCompile) @ test-java-plain ---\n[INFO] Changes detected - recompiling the module! :dependency\n[WARNING] File encoding has not been set, using platform encoding UTF-8, i.e. build is platform dependent!\n[INFO] Compiling 1 source file with javac [debug target 11] to target/test-classes\n[INFO] -------------------------------------------------------------\n[WARNING] COMPILATION WARNING : \n[INFO] -------------------------------------------------------------\n[WARNING] system modules path not set in conjunction with -source 11\n[INFO] 1 warning\n[INFO] -------------------------------------------------------------\n[INFO] -------------------------------------------------------------\n[ERROR] COMPILATION ERROR : \n[INFO] -------------------------------------------------------------\n[ERROR] /tmp/eval-dev-quality364885804/plain/src/test/java/com/eval/PlainTest.java:[7,9] cannot find symbol\n  symbol:   variable Plain\n  location: class PlainTest\n[INFO] 1 error\n[INFO] -------------------------------------------------------------\n[INFO] ------------------------------------------------------------------------\n[INFO] BUILD FAILURE\n[INFO] ------------------------------------------------------------------------\n[INFO] Total time:  0.801 s\n[INFO] Finished at: 2024-06-06T10:20:48+02:00\n[INFO] ------------------------------------------------------------------------\n[ERROR] Failed to execute goal org.apache.maven.plugins:maven-compiler-plugin:3.11.0:testCompile (default-testCompile) on project test-java-plain: Compilation failure\n[ERROR] /tmp/eval-dev-quality364885804/plain/src/test/java/com/eval/PlainTest.java:[7,9] cannot find symbol\n[ERROR]   symbol:   variable Plain\n[ERROR]   location: class PlainTest\n[ERROR] \n[ERROR] -> [Help 1]\n[ERROR] \n[ERROR] To see the full stack trace of the errors, re-run Maven with the -e switch.\n[ERROR] Re-run Maven using the -X switch to enable full debug logging.\n[ERROR] \n[ERROR] For more information about the errors and possible solutions, please read the following articles:\n[ERROR] [Help 1] http://cwiki.apache.org/confluence/display/MAVEN/MojoFailureException\n",
}
Stacktrace: goroutine 1 [running]:
gitlab.nethead.at/symflower/symflower/model/errors.NewInternalError({0x1f42da0?, 0xc000679a60}, {0xffa8c0?, 0xc0005a01f8})
	gitlab.nethead.at/symflower/symflower/model/errors/error.go:850 +0x59
gitlab.nethead.at/symflower/symflower/language/java/execute.MavenDependencyCommand.func1()
	gitlab.nethead.at/symflower/symflower/language/java/execute/maven.go:80 +0x1ef
github.com/avast/retry-go.Do(0xc0007158b8, {0xc0007158a0, 0x3, 0x418c94?})
	github.com/avast/retry-go/retry.go:135 +0x5a3
gitlab.nethead.at/symflower/symflower/language/java/execute.MavenDependencyCommand({0xc0002211a0, 0x25}, 0x0, {0xc00059d140, 0x6, 0x6})
	gitlab.nethead.at/symflower/symflower/language/java/execute/maven.go:60 +0x1c5
gitlab.nethead.at/symflower/symflower/language/java/execute.MavenCloverCoverage({0xc0002211a0, 0x25})
	gitlab.nethead.at/symflower/symflower/language/java/execute/clover.go:131 +0xc9
gitlab.nethead.at/symflower/symflower/cmd/symflower-local/cmd.(*commandTest).Execute(0xc0000fd978, {0xc0000fd800?, 0x7fca31fea8d8?, 0xc0000fd978?})
	gitlab.nethead.at/symflower/symflower/cmd/symflower-local/cmd/test.go:143 +0x54f
gitlab.nethead.at/symflower/symflower/cmd.ExecuteNoExit({0x1f425e0?, 0xc0000fd800}, {0xc000216000?, 0x2782d80?, 0xc000177ed8?})
	gitlab.nethead.at/symflower/symflower/cmd/execute.go:56 +0x2d0
gitlab.nethead.at/symflower/symflower/cmd.Execute({0x1f425e0?, 0xc0000fd800?}, {0xc000216000?, 0x274c500?, 0xc0000fd800?})
	gitlab.nethead.at/symflower/symflower/cmd/execute.go:16 +0x26
gitlab.nethead.at/symflower/symflower/cmd.ExecuteWithOSArguments(...)
	gitlab.nethead.at/symflower/symflower/cmd/execute.go:75
main.main.func1()
	gitlab.nethead.at/symflower/symflower/cmd/symflower-demo/main.go:40 +0x34
gitlab.nethead.at/symflower/symflower/cmd/symflower-local/cmd.(*Command).WithPanicReporter(0xc000130058?, 0x2636b18?)
	gitlab.nethead.at/symflower/symflower/cmd/symflower-local/cmd/cmd.go:184 +0x48
main.main()
	gitlab.nethead.at/symflower/symflower/cmd/symflower-demo/main.go:39 +0xa5


github.com/symflower/eval-dev-quality/util.CommandWithResult
	/home/eval/eval-dev-quality/util/exec.go:52
github.com/symflower/eval-dev-quality/language/java.(*Language).Execute
	/home/eval/eval-dev-quality/language/java/language.go:94
github.com/symflower/eval-dev-quality/evaluate.Repository
	/home/eval/eval-dev-quality/evaluate/repository.go:57
github.com/symflower/eval-dev-quality/evaluate.Evaluate.func1
	/home/eval/eval-dev-quality/evaluate/evaluate.go:119
github.com/symflower/eval-dev-quality/evaluate.withLoadedModel
	/home/eval/eval-dev-quality/evaluate/evaluate.go:253
github.com/symflower/eval-dev-quality/evaluate.Evaluate
	/home/eval/eval-dev-quality/evaluate/evaluate.go:109
github.com/symflower/eval-dev-quality/cmd/eval-dev-quality/cmd.(*Evaluate).Execute
	/home/eval/eval-dev-quality/cmd/eval-dev-quality/cmd/evaluate.go:284
github.com/symflower/eval-dev-quality/cmd/eval-dev-quality/cmd.Execute.func1
	/home/eval/eval-dev-quality/cmd/eval-dev-quality/cmd/command.go:34
github.com/jessevdk/go-flags.(*Parser).ParseArgs
	/home/eval/go/pkg/mod/github.com/jessevdk/go-flags@v1.5.1-0.20210607101731-3927b71304df/parser.go:333
github.com/symflower/eval-dev-quality/cmd/eval-dev-quality/cmd.Execute
	/home/eval/eval-dev-quality/cmd/eval-dev-quality/cmd/command.go:37
main.main
	/home/eval/eval-dev-quality/cmd/eval-dev-quality/main.go:11
runtime.main
	/home/eval/go/src/runtime/proc.go:267
runtime.goexit
	/home/eval/go/src/runtime/asm_amd64.s:1650
github.com/symflower/eval-dev-quality/language/java.(*Language).Execute
	/home/eval/eval-dev-quality/language/java/language.go:105
github.com/symflower/eval-dev-quality/evaluate.Repository
	/home/eval/eval-dev-quality/evaluate/repository.go:57
github.com/symflower/eval-dev-quality/evaluate.Evaluate.func1
	/home/eval/eval-dev-quality/evaluate/evaluate.go:119
github.com/symflower/eval-dev-quality/evaluate.withLoadedModel
	/home/eval/eval-dev-quality/evaluate/evaluate.go:253
github.com/symflower/eval-dev-quality/evaluate.Evaluate
	/home/eval/eval-dev-quality/evaluate/evaluate.go:109
github.com/symflower/eval-dev-quality/cmd/eval-dev-quality/cmd.(*Evaluate).Execute
	/home/eval/eval-dev-quality/cmd/eval-dev-quality/cmd/evaluate.go:284
github.com/symflower/eval-dev-quality/cmd/eval-dev-quality/cmd.Execute.func1
	/home/eval/eval-dev-quality/cmd/eval-dev-quality/cmd/command.go:34
github.com/jessevdk/go-flags.(*Parser).ParseArgs
	/home/eval/go/pkg/mod/github.com/jessevdk/go-flags@v1.5.1-0.20210607101731-3927b71304df/parser.go:333
github.com/symflower/eval-dev-quality/cmd/eval-dev-quality/cmd.Execute
	/home/eval/eval-dev-quality/cmd/eval-dev-quality/cmd/command.go:37
main.main
	/home/eval/eval-dev-quality/cmd/eval-dev-quality/main.go:11
runtime.main
	/home/eval/go/src/runtime/proc.go:267
runtime.goexit
	/home/eval/go/src/runtime/asm_amd64.s:1650
[0;34mGive us your feedback and let us know how we can improve Symflower at hello@symflower.com or https://github.com/symflower/symflower. Thanks so much for your help![0m
ERROR: All attempts fail:
#1: Internal error: exit status 1:
[]interface {}{
    "/tmp/eval-dev-quality364885804/plain/",
    "[INFO] Scanning for projects...\n[WARNING] \n[WARNING] Some problems were encountered while building the effective model for eval.dev.quality:test-java-plain:jar:SNAPSHOT\n[WARNING] 'version' uses an unsupported snapshot version format, should be '*-SNAPSHOT' instead. @ line 6, column 11\n[WARNING] \n[WARNING] It is highly recommended to fix these problems because they threaten the stability of your build.\n[WARNING] \n[WARNING] For this reason, future Maven versions might no longer support building such malformed projects.\n[WARNING] \n[INFO] \n[INFO] ------------------< eval.dev.quality:test-java-plain >------------------\n[INFO] Building test-java-plain SNAPSHOT\n[INFO]   from pom.xml\n[INFO] --------------------------------[ jar ]---------------------------------\n[INFO] \n[INFO] --- clean:3.2.0:clean (default-clean) @ test-java-plain ---\n[INFO] \n[INFO] --- resources:3.3.1:resources (default-resources) @ test-java-plain ---\n[WARNING] Using platform encoding (UTF-8 actually) to copy filtered resources, i.e. build is platform dependent!\n[INFO] skip non existing resourceDirectory /tmp/eval-dev-quality364885804/plain/src/main/resources\n[INFO] \n[INFO] --- compiler:3.11.0:compile (default-compile) @ test-java-plain ---\n[INFO] Changes detected - recompiling the module! :source\n[WARNING] File encoding has not been set, using platform encoding UTF-8, i.e. build is platform dependent!\n[INFO] Compiling 1 source file with javac [debug target 11] to target/classes\n[WARNING] system modules path not set in conjunction with -source 11\n[INFO] \n[INFO] --- resources:3.3.1:resources (default-resources) @ test-java-plain ---\n[WARNING] Using platform encoding (UTF-8 actually) to copy filtered resources, i.e. build is platform dependent!\n[INFO] skip non existing resourceDirectory /tmp/eval-dev-quality364885804/plain/src/main/resources\n[INFO] \n[INFO] --- compiler:3.11.0:compile (default-compile) @ test-java-plain ---\n[INFO] Nothing to compile - all classes are up to date\n[INFO] \n[INFO] --- resources:3.3.1:testResources (default-testResources) @ test-java-plain ---\n[WARNING] Using platform encoding (UTF-8 actually) to copy filtered resources, i.e. build is platform dependent!\n[INFO] skip non existing resourceDirectory /tmp/eval-dev-quality364885804/plain/src/test/resources\n[INFO] \n[INFO] --- compiler:3.11.0:testCompile (default-testCompile) @ test-java-plain ---\n[INFO] Changes detected - recompiling the module! :dependency\n[WARNING] File encoding has not been set, using platform encoding UTF-8, i.e. build is platform dependent!\n[INFO] Compiling 1 source file with javac [debug target 11] to target/test-classes\n[INFO] -------------------------------------------------------------\n[WARNING] COMPILATION WARNING : \n[INFO] -------------------------------------------------------------\n[WARNING] system modules path not set in conjunction with -source 11\n[INFO] 1 warning\n[INFO] -------------------------------------------------------------\n[INFO] -------------------------------------------------------------\n[ERROR] COMPILATION ERROR : \n[INFO] -------------------------------------------------------------\n[ERROR] /tmp/eval-dev-quality364885804/plain/src/test/java/com/eval/PlainTest.java:[7,9] cannot find symbol\n  symbol:   variable Plain\n  location: class PlainTest\n[INFO] 1 error\n[INFO] -------------------------------------------------------------\n[INFO] ------------------------------------------------------------------------\n[INFO] BUILD FAILURE\n[INFO] ------------------------------------------------------------------------\n[INFO] Total time:  0.801 s\n[INFO] Finished at: 2024-06-06T10:20:48+02:00\n[INFO] ------------------------------------------------------------------------\n[ERROR] Failed to execute goal org.apache.maven.plugins:maven-compiler-plugin:3.11.0:testCompile (default-testCompile) on project test-java-plain: Compilation failure\n[ERROR] /tmp/eval-dev-quality364885804/plain/src/test/java/com/eval/PlainTest.java:[7,9] cannot find symbol\n[ERROR]   symbol:   variable Plain\n[ERROR]   location: class PlainTest\n[ERROR] \n[ERROR] -> [Help 1]\n[ERROR] \n[ERROR] To see the full stack trace of the errors, re-run Maven with the -e switch.\n[ERROR] Re-run Maven using the -X switch to enable full debug logging.\n[ERROR] \n[ERROR] For more information about the errors and possible solutions, please read the following articles:\n[ERROR] [Help 1] http://cwiki.apache.org/confluence/display/MAVEN/MojoFailureException\n",
}
Stacktrace: goroutine 1 [running]:
gitlab.nethead.at/symflower/symflower/model/errors.NewInternalError({0x1f42da0?, 0xc000679a60}, {0xffa8c0?, 0xc0005a01f8})
	gitlab.nethead.at/symflower/symflower/model/errors/error.go:850 +0x59
gitlab.nethead.at/symflower/symflower/language/java/execute.MavenDependencyCommand.func1()
	gitlab.nethead.at/symflower/symflower/language/java/execute/maven.go:80 +0x1ef
github.com/avast/retry-go.Do(0xc0007158b8, {0xc0007158a0, 0x3, 0x418c94?})
	github.com/avast/retry-go/retry.go:135 +0x5a3
gitlab.nethead.at/symflower/symflower/language/java/execute.MavenDependencyCommand({0xc0002211a0, 0x25}, 0x0, {0xc00059d140, 0x6, 0x6})
	gitlab.nethead.at/symflower/symflower/language/java/execute/maven.go:60 +0x1c5
gitlab.nethead.at/symflower/symflower/language/java/execute.MavenCloverCoverage({0xc0002211a0, 0x25})
	gitlab.nethead.at/symflower/symflower/language/java/execute/clover.go:131 +0xc9
gitlab.nethead.at/symflower/symflower/cmd/symflower-local/cmd.(*commandTest).Execute(0xc0000fd978, {0xc0000fd800?, 0x7fca31fea8d8?, 0xc0000fd978?})
	gitlab.nethead.at/symflower/symflower/cmd/symflower-local/cmd/test.go:143 +0x54f
gitlab.nethead.at/symflower/symflower/cmd.ExecuteNoExit({0x1f425e0?, 0xc0000fd800}, {0xc000216000?, 0x2782d80?, 0xc000177ed8?})
	gitlab.nethead.at/symflower/symflower/cmd/execute.go:56 +0x2d0
gitlab.nethead.at/symflower/symflower/cmd.Execute({0x1f425e0?, 0xc0000fd800?}, {0xc000216000?, 0x274c500?, 0xc0000fd800?})
	gitlab.nethead.at/symflower/symflower/cmd/execute.go:16 +0x26
gitlab.nethead.at/symflower/symflower/cmd.ExecuteWithOSArguments(...)
	gitlab.nethead.at/symflower/symflower/cmd/execute.go:75
main.main.func1()
	gitlab.nethead.at/symflower/symflower/cmd/symflower-demo/main.go:40 +0x34
gitlab.nethead.at/symflower/symflower/cmd/symflower-local/cmd.(*Command).WithPanicReporter(0xc000130058?, 0x2636b18?)
	gitlab.nethead.at/symflower/symflower/cmd/symflower-local/cmd/cmd.go:184 +0x48
main.main()
	gitlab.nethead.at/symflower/symflower/cmd/symflower-demo/main.go:39 +0xa5


src/main/java/com/eval/Plain.java]
2024/06/06 10:28:34 Evaluating model "openrouter/nousresearch/nous-hermes-yi-34b" using language "java" and repository "java/plain"
2024/06/06 10:28:34 Querying model "openrouter/nousresearch/nous-hermes-yi-34b" with:
	Given the following Java code file "src/main/java/com/eval/Plain.java" with package "com.eval", provide a test file for this code with JUnit 5 as a test framework.
	The tests should produce 100 percent code coverage and must compile.
	The response must contain only the test code and nothing else.

	```java
	package com.eval;

	class Plain {
	    static void plain() {
	    }
	}
	```
2024/06/06 10:28:40 Model "openrouter/nousresearch/nous-hermes-yi-34b" responded (5542 ms) with:
	```java
	package com.eval;

	import org.junit.jupiter.api.Test;

	import static org.junit.jupiter.api.Assertions.assertDoesNotThrow;

	public class PlainTest {

	    @Test
	    public void testPlain() {
	        assertDoesNotThrow(Plain::plain);
	    }
	}
	```
2024/06/06 10:28:40 $ symflower test --language java --workspace /tmp/eval-dev-quality364885804/plain --coverage-file /tmp/eval-dev-quality364885804/plain/coverage.json
[INFO] Scanning for projects...
[WARNING] 
[WARNING] Some problems were encountered while building the effective model for eval.dev.quality:test-java-plain:jar:SNAPSHOT
[WARNING] 'version' uses an unsupported snapshot version format, should be '*-SNAPSHOT' instead. @ line 6, column 11
[WARNING] 
[WARNING] It is highly recommended to fix these problems because they threaten the stability of your build.
[WARNING] 
[WARNING] For this reason, future Maven versions might no longer support building such malformed projects.
[WARNING] 
[INFO] 
[INFO] ------------------< eval.dev.quality:test-java-plain >------------------
[INFO] Building test-java-plain SNAPSHOT
[INFO]   from pom.xml
[INFO] --------------------------------[ jar ]---------------------------------
[INFO] 
[INFO] --- clover:4.5.2:aggregate (default-cli) @ test-java-plain ---
[INFO] 
[INFO] ------------------< eval.dev.quality:test-java-plain >------------------
[INFO] Building test-java-plain SNAPSHOT
[INFO]   from pom.xml
[INFO] --------------------------------[ jar ]---------------------------------
[INFO] 
[INFO] --- clover:4.5.2:clover (default-cli) @ test-java-plain ---
[INFO] Using default-clover-report descriptor.
[INFO] Using Clover report descriptor: /tmp/mvn11349296348944950221resource
[INFO] OpenClover Version 4.5.2, built on 2024-01-31
[INFO] Clover is enabled with initstring '/tmp/eval-dev-quality364885804/plain/target/clover/clover.db'
[INFO] OpenClover Version 4.5.2, built on 2024-01-31
[INFO] Loading coverage database from: '/tmp/eval-dev-quality364885804/plain/target/clover/clover.db'
[INFO] Writing report to '/tmp/eval-dev-quality364885804/plain/target/site/clover/clover.xml'
[INFO] ------------------------------------------------------------------------
[INFO] BUILD SUCCESS
[INFO] ------------------------------------------------------------------------
[INFO] Total time:  1.903 s
[INFO] Finished at: 2024-06-06T10:28:46+02:00
[INFO] ------------------------------------------------------------------------

Total coverage 100.000000%
[0;34mGive us your feedback and let us know how we can improve Symflower at hello@symflower.com or https://github.com/symflower/symflower. Thanks so much for your help![0m
2024/06/06 10:28:46 Executes tests with 1 coverage objects
2024/06/06 10:28:46 Evaluated model "openrouter/nousresearch/nous-hermes-yi-34b" using language "java" and repository "java/plain": encountered 0 problems: []
2024/06/06 10:34:49 Evaluating model "openrouter/nousresearch/nous-hermes-yi-34b" using language "java" and repository "java/plain"
2024/06/06 10:34:49 Querying model "openrouter/nousresearch/nous-hermes-yi-34b" with:
	Given the following Java code file "src/main/java/com/eval/Plain.java" with package "com.eval", provide a test file for this code with JUnit 5 as a test framework.
	The tests should produce 100 percent code coverage and must compile.
	The response must contain only the test code and nothing else.

	```java
	package com.eval;

	class Plain {
	    static void plain() {
	    }
	}
	```
2024/06/06 10:34:58 Model "openrouter/nousresearch/nous-hermes-yi-34b" responded (9355 ms) with:
	To achieve 100 percent code coverage for the `plain` method of `Plain` class, we need to write a test case that executes the `plain` method at least once. Here's a simple JUnit 5 test case:

	Test class: `PlainTest.java`

	```java
	import org.junit.jupiter.api.Test;

	class PlainTest {
	    @Test
	    void testPlain() {
	        Plain.plain();
	    }
	}
	```

	This test case calls `Plain.plain()` which ensures that the `plain` method is executed at least once. By ensuring that every line of code is executed at least once, we achieve 100 percent code coverage.
2024/06/06 10:34:58 $ symflower test --language java --workspace /tmp/eval-dev-quality364885804/plain --coverage-file /tmp/eval-dev-quality364885804/plain/coverage.json
[0;34mGive us your feedback and let us know how we can improve Symflower at hello@symflower.com or https://github.com/symflower/symflower. Thanks so much for your help![0m
ERROR: All attempts fail:
#1: Internal error: exit status 1:
[]interface {}{
    "/tmp/eval-dev-quality364885804/plain/",
    "[INFO] Scanning for projects...\n[WARNING] \n[WARNING] Some problems were encountered while building the effective model for eval.dev.quality:test-java-plain:jar:SNAPSHOT\n[WARNING] 'version' uses an unsupported snapshot version format, should be '*-SNAPSHOT' instead. @ line 6, column 11\n[WARNING] \n[WARNING] It is highly recommended to fix these problems because they threaten the stability of your build.\n[WARNING] \n[WARNING] For this reason, future Maven versions might no longer support building such malformed projects.\n[WARNING] \n[INFO] \n[INFO] ------------------< eval.dev.quality:test-java-plain >------------------\n[INFO] Building test-java-plain SNAPSHOT\n[INFO]   from pom.xml\n[INFO] --------------------------------[ jar ]---------------------------------\n[INFO] \n[INFO] --- clean:3.2.0:clean (default-clean) @ test-java-plain ---\n[INFO] \n[INFO] --- resources:3.3.1:resources (default-resources) @ test-java-plain ---\n[WARNING] Using platform encoding (UTF-8 actually) to copy filtered resources, i.e. build is platform dependent!\n[INFO] skip non existing resourceDirectory /tmp/eval-dev-quality364885804/plain/src/main/resources\n[INFO] \n[INFO] --- compiler:3.11.0:compile (default-compile) @ test-java-plain ---\n[INFO] Changes detected - recompiling the module! :source\n[WARNING] File encoding has not been set, using platform encoding UTF-8, i.e. build is platform dependent!\n[INFO] Compiling 1 source file with javac [debug target 11] to target/classes\n[WARNING] system modules path not set in conjunction with -source 11\n[INFO] \n[INFO] --- resources:3.3.1:resources (default-resources) @ test-java-plain ---\n[WARNING] Using platform encoding (UTF-8 actually) to copy filtered resources, i.e. build is platform dependent!\n[INFO] skip non existing resourceDirectory /tmp/eval-dev-quality364885804/plain/src/main/resources\n[INFO] \n[INFO] --- compiler:3.11.0:compile (default-compile) @ test-java-plain ---\n[INFO] Nothing to compile - all classes are up to date\n[INFO] \n[INFO] --- resources:3.3.1:testResources (default-testResources) @ test-java-plain ---\n[WARNING] Using platform encoding (UTF-8 actually) to copy filtered resources, i.e. build is platform dependent!\n[INFO] skip non existing resourceDirectory /tmp/eval-dev-quality364885804/plain/src/test/resources\n[INFO] \n[INFO] --- compiler:3.11.0:testCompile (default-testCompile) @ test-java-plain ---\n[INFO] Changes detected - recompiling the module! :dependency\n[WARNING] File encoding has not been set, using platform encoding UTF-8, i.e. build is platform dependent!\n[INFO] Compiling 1 source file with javac [debug target 11] to target/test-classes\n[INFO] -------------------------------------------------------------\n[WARNING] COMPILATION WARNING : \n[INFO] -------------------------------------------------------------\n[WARNING] system modules path not set in conjunction with -source 11\n[INFO] 1 warning\n[INFO] -------------------------------------------------------------\n[INFO] -------------------------------------------------------------\n[ERROR] COMPILATION ERROR : \n[INFO] -------------------------------------------------------------\n[ERROR] /tmp/eval-dev-quality364885804/plain/src/test/java/com/eval/PlainTest.java:[6,9] cannot find symbol\n  symbol:   variable Plain\n  location: class PlainTest\n[INFO] 1 error\n[INFO] -------------------------------------------------------------\n[INFO] ------------------------------------------------------------------------\n[INFO] BUILD FAILURE\n[INFO] ------------------------------------------------------------------------\n[INFO] Total time:  0.812 s\n[INFO] Finished at: 2024-06-06T10:35:00+02:00\n[INFO] ------------------------------------------------------------------------\n[ERROR] Failed to execute goal org.apache.maven.plugins:maven-compiler-plugin:3.11.0:testCompile (default-testCompile) on project test-java-plain: Compilation failure\n[ERROR] /tmp/eval-dev-quality364885804/plain/src/test/java/com/eval/PlainTest.java:[6,9] cannot find symbol\n[ERROR]   symbol:   variable Plain\n[ERROR]   location: class PlainTest\n[ERROR] \n[ERROR] -> [Help 1]\n[ERROR] \n[ERROR] To see the full stack trace of the errors, re-run Maven with the -e switch.\n[ERROR] Re-run Maven using the -X switch to enable full debug logging.\n[ERROR] \n[ERROR] For more information about the errors and possible solutions, please read the following articles:\n[ERROR] [Help 1] http://cwiki.apache.org/confluence/display/MAVEN/MojoFailureException\n",
}
Stacktrace: goroutine 1 [running]:
gitlab.nethead.at/symflower/symflower/model/errors.NewInternalError({0x1f42da0?, 0xc0000fe000}, {0xffa8c0?, 0xc000372018})
	gitlab.nethead.at/symflower/symflower/model/errors/error.go:850 +0x59
gitlab.nethead.at/symflower/symflower/language/java/execute.MavenDependencyCommand.func1()
	gitlab.nethead.at/symflower/symflower/language/java/execute/maven.go:80 +0x1ef
github.com/avast/retry-go.Do(0xc0007158b8, {0xc0007158a0, 0x3, 0x418c94?})
	github.com/avast/retry-go/retry.go:135 +0x5a3
gitlab.nethead.at/symflower/symflower/language/java/execute.MavenDependencyCommand({0xc00004c2d0, 0x25}, 0x0, {0xc000691bc0, 0x6, 0x6})
	gitlab.nethead.at/symflower/symflower/language/java/execute/maven.go:60 +0x1c5
gitlab.nethead.at/symflower/symflower/language/java/execute.MavenCloverCoverage({0xc00004c2d0, 0x25})
	gitlab.nethead.at/symflower/symflower/language/java/execute/clover.go:131 +0xc9
gitlab.nethead.at/symflower/symflower/cmd/symflower-local/cmd.(*commandTest).Execute(0xc000180d78, {0xc000180c00?, 0x7f5c200d8218?, 0xc000180d78?})
	gitlab.nethead.at/symflower/symflower/cmd/symflower-local/cmd/test.go:143 +0x54f
gitlab.nethead.at/symflower/symflower/cmd.ExecuteNoExit({0x1f425e0?, 0xc000180c00}, {0xc0001be000?, 0x2782d80?, 0xc0004b1ed8?})
	gitlab.nethead.at/symflower/symflower/cmd/execute.go:56 +0x2d0
gitlab.nethead.at/symflower/symflower/cmd.Execute({0x1f425e0?, 0xc000180c00?}, {0xc0001be000?, 0x274c500?, 0xc000180c00?})
	gitlab.nethead.at/symflower/symflower/cmd/execute.go:16 +0x26
gitlab.nethead.at/symflower/symflower/cmd.ExecuteWithOSArguments(...)
	gitlab.nethead.at/symflower/symflower/cmd/execute.go:75
main.main.func1()
	gitlab.nethead.at/symflower/symflower/cmd/symflower-demo/main.go:40 +0x34
gitlab.nethead.at/symflower/symflower/cmd/symflower-local/cmd.(*Command).WithPanicReporter(0xc00018e058?, 0x2636b18?)
	gitlab.nethead.at/symflower/symflower/cmd/symflower-local/cmd/cmd.go:184 +0x48
main.main()
	gitlab.nethead.at/symflower/symflower/cmd/symflower-demo/main.go:39 +0xa5

2024/06/06 10:35:00 Evaluated model "openrouter/nousresearch/nous-hermes-yi-34b" using language "java" and repository "java/plain": encountered 1 problems: [exit status 1
[0;34mGive us your feedback and let us know how we can improve Symflower at hello@symflower.com or https://github.com/symflower/symflower. Thanks so much for your help![0m
ERROR: All attempts fail:
#1: Internal error: exit status 1:
[]interface {}{
    "/tmp/eval-dev-quality364885804/plain/",
    "[INFO] Scanning for projects...\n[WARNING] \n[WARNING] Some problems were encountered while building the effective model for eval.dev.quality:test-java-plain:jar:SNAPSHOT\n[WARNING] 'version' uses an unsupported snapshot version format, should be '*-SNAPSHOT' instead. @ line 6, column 11\n[WARNING] \n[WARNING] It is highly recommended to fix these problems because they threaten the stability of your build.\n[WARNING] \n[WARNING] For this reason, future Maven versions might no longer support building such malformed projects.\n[WARNING] \n[INFO] \n[INFO] ------------------< eval.dev.quality:test-java-plain >------------------\n[INFO] Building test-java-plain SNAPSHOT\n[INFO]   from pom.xml\n[INFO] --------------------------------[ jar ]---------------------------------\n[INFO] \n[INFO] --- clean:3.2.0:clean (default-clean) @ test-java-plain ---\n[INFO] \n[INFO] --- resources:3.3.1:resources (default-resources) @ test-java-plain ---\n[WARNING] Using platform encoding (UTF-8 actually) to copy filtered resources, i.e. build is platform dependent!\n[INFO] skip non existing resourceDirectory /tmp/eval-dev-quality364885804/plain/src/main/resources\n[INFO] \n[INFO] --- compiler:3.11.0:compile (default-compile) @ test-java-plain ---\n[INFO] Changes detected - recompiling the module! :source\n[WARNING] File encoding has not been set, using platform encoding UTF-8, i.e. build is platform dependent!\n[INFO] Compiling 1 source file with javac [debug target 11] to target/classes\n[WARNING] system modules path not set in conjunction with -source 11\n[INFO] \n[INFO] --- resources:3.3.1:resources (default-resources) @ test-java-plain ---\n[WARNING] Using platform encoding (UTF-8 actually) to copy filtered resources, i.e. build is platform dependent!\n[INFO] skip non existing resourceDirectory /tmp/eval-dev-quality364885804/plain/src/main/resources\n[INFO] \n[INFO] --- compiler:3.11.0:compile (default-compile) @ test-java-plain ---\n[INFO] Nothing to compile - all classes are up to date\n[INFO] \n[INFO] --- resources:3.3.1:testResources (default-testResources) @ test-java-plain ---\n[WARNING] Using platform encoding (UTF-8 actually) to copy filtered resources, i.e. build is platform dependent!\n[INFO] skip non existing resourceDirectory /tmp/eval-dev-quality364885804/plain/src/test/resources\n[INFO] \n[INFO] --- compiler:3.11.0:testCompile (default-testCompile) @ test-java-plain ---\n[INFO] Changes detected - recompiling the module! :dependency\n[WARNING] File encoding has not been set, using platform encoding UTF-8, i.e. build is platform dependent!\n[INFO] Compiling 1 source file with javac [debug target 11] to target/test-classes\n[INFO] -------------------------------------------------------------\n[WARNING] COMPILATION WARNING : \n[INFO] -------------------------------------------------------------\n[WARNING] system modules path not set in conjunction with -source 11\n[INFO] 1 warning\n[INFO] -------------------------------------------------------------\n[INFO] -------------------------------------------------------------\n[ERROR] COMPILATION ERROR : \n[INFO] -------------------------------------------------------------\n[ERROR] /tmp/eval-dev-quality364885804/plain/src/test/java/com/eval/PlainTest.java:[6,9] cannot find symbol\n  symbol:   variable Plain\n  location: class PlainTest\n[INFO] 1 error\n[INFO] -------------------------------------------------------------\n[INFO] ------------------------------------------------------------------------\n[INFO] BUILD FAILURE\n[INFO] ------------------------------------------------------------------------\n[INFO] Total time:  0.812 s\n[INFO] Finished at: 2024-06-06T10:35:00+02:00\n[INFO] ------------------------------------------------------------------------\n[ERROR] Failed to execute goal org.apache.maven.plugins:maven-compiler-plugin:3.11.0:testCompile (default-testCompile) on project test-java-plain: Compilation failure\n[ERROR] /tmp/eval-dev-quality364885804/plain/src/test/java/com/eval/PlainTest.java:[6,9] cannot find symbol\n[ERROR]   symbol:   variable Plain\n[ERROR]   location: class PlainTest\n[ERROR] \n[ERROR] -> [Help 1]\n[ERROR] \n[ERROR] To see the full stack trace of the errors, re-run Maven with the -e switch.\n[ERROR] Re-run Maven using the -X switch to enable full debug logging.\n[ERROR] \n[ERROR] For more information about the errors and possible solutions, please read the following articles:\n[ERROR] [Help 1] http://cwiki.apache.org/confluence/display/MAVEN/MojoFailureException\n",
}
Stacktrace: goroutine 1 [running]:
gitlab.nethead.at/symflower/symflower/model/errors.NewInternalError({0x1f42da0?, 0xc0000fe000}, {0xffa8c0?, 0xc000372018})
	gitlab.nethead.at/symflower/symflower/model/errors/error.go:850 +0x59
gitlab.nethead.at/symflower/symflower/language/java/execute.MavenDependencyCommand.func1()
	gitlab.nethead.at/symflower/symflower/language/java/execute/maven.go:80 +0x1ef
github.com/avast/retry-go.Do(0xc0007158b8, {0xc0007158a0, 0x3, 0x418c94?})
	github.com/avast/retry-go/retry.go:135 +0x5a3
gitlab.nethead.at/symflower/symflower/language/java/execute.MavenDependencyCommand({0xc00004c2d0, 0x25}, 0x0, {0xc000691bc0, 0x6, 0x6})
	gitlab.nethead.at/symflower/symflower/language/java/execute/maven.go:60 +0x1c5
gitlab.nethead.at/symflower/symflower/language/java/execute.MavenCloverCoverage({0xc00004c2d0, 0x25})
	gitlab.nethead.at/symflower/symflower/language/java/execute/clover.go:131 +0xc9
gitlab.nethead.at/symflower/symflower/cmd/symflower-local/cmd.(*commandTest).Execute(0xc000180d78, {0xc000180c00?, 0x7f5c200d8218?, 0xc000180d78?})
	gitlab.nethead.at/symflower/symflower/cmd/symflower-local/cmd/test.go:143 +0x54f
gitlab.nethead.at/symflower/symflower/cmd.ExecuteNoExit({0x1f425e0?, 0xc000180c00}, {0xc0001be000?, 0x2782d80?, 0xc0004b1ed8?})
	gitlab.nethead.at/symflower/symflower/cmd/execute.go:56 +0x2d0
gitlab.nethead.at/symflower/symflower/cmd.Execute({0x1f425e0?, 0xc000180c00?}, {0xc0001be000?, 0x274c500?, 0xc000180c00?})
	gitlab.nethead.at/symflower/symflower/cmd/execute.go:16 +0x26
gitlab.nethead.at/symflower/symflower/cmd.ExecuteWithOSArguments(...)
	gitlab.nethead.at/symflower/symflower/cmd/execute.go:75
main.main.func1()
	gitlab.nethead.at/symflower/symflower/cmd/symflower-demo/main.go:40 +0x34
gitlab.nethead.at/symflower/symflower/cmd/symflower-local/cmd.(*Command).WithPanicReporter(0xc00018e058?, 0x2636b18?)
	gitlab.nethead.at/symflower/symflower/cmd/symflower-local/cmd/cmd.go:184 +0x48
main.main()
	gitlab.nethead.at/symflower/symflower/cmd/symflower-demo/main.go:39 +0xa5


github.com/symflower/eval-dev-quality/util.CommandWithResult
	/home/eval/eval-dev-quality/util/exec.go:52
github.com/symflower/eval-dev-quality/language/java.(*Language).Execute
	/home/eval/eval-dev-quality/language/java/language.go:94
github.com/symflower/eval-dev-quality/evaluate.Repository
	/home/eval/eval-dev-quality/evaluate/repository.go:57
github.com/symflower/eval-dev-quality/evaluate.Evaluate.func1
	/home/eval/eval-dev-quality/evaluate/evaluate.go:119
github.com/symflower/eval-dev-quality/evaluate.withLoadedModel
	/home/eval/eval-dev-quality/evaluate/evaluate.go:253
github.com/symflower/eval-dev-quality/evaluate.Evaluate
	/home/eval/eval-dev-quality/evaluate/evaluate.go:109
github.com/symflower/eval-dev-quality/cmd/eval-dev-quality/cmd.(*Evaluate).Execute
	/home/eval/eval-dev-quality/cmd/eval-dev-quality/cmd/evaluate.go:284
github.com/symflower/eval-dev-quality/cmd/eval-dev-quality/cmd.Execute.func1
	/home/eval/eval-dev-quality/cmd/eval-dev-quality/cmd/command.go:34
github.com/jessevdk/go-flags.(*Parser).ParseArgs
	/home/eval/go/pkg/mod/github.com/jessevdk/go-flags@v1.5.1-0.20210607101731-3927b71304df/parser.go:333
github.com/symflower/eval-dev-quality/cmd/eval-dev-quality/cmd.Execute
	/home/eval/eval-dev-quality/cmd/eval-dev-quality/cmd/command.go:37
main.main
	/home/eval/eval-dev-quality/cmd/eval-dev-quality/main.go:11
runtime.main
	/home/eval/go/src/runtime/proc.go:267
runtime.goexit
	/home/eval/go/src/runtime/asm_amd64.s:1650
github.com/symflower/eval-dev-quality/language/java.(*Language).Execute
	/home/eval/eval-dev-quality/language/java/language.go:105
github.com/symflower/eval-dev-quality/evaluate.Repository
	/home/eval/eval-dev-quality/evaluate/repository.go:57
github.com/symflower/eval-dev-quality/evaluate.Evaluate.func1
	/home/eval/eval-dev-quality/evaluate/evaluate.go:119
github.com/symflower/eval-dev-quality/evaluate.withLoadedModel
	/home/eval/eval-dev-quality/evaluate/evaluate.go:253
github.com/symflower/eval-dev-quality/evaluate.Evaluate
	/home/eval/eval-dev-quality/evaluate/evaluate.go:109
github.com/symflower/eval-dev-quality/cmd/eval-dev-quality/cmd.(*Evaluate).Execute
	/home/eval/eval-dev-quality/cmd/eval-dev-quality/cmd/evaluate.go:284
github.com/symflower/eval-dev-quality/cmd/eval-dev-quality/cmd.Execute.func1
	/home/eval/eval-dev-quality/cmd/eval-dev-quality/cmd/command.go:34
github.com/jessevdk/go-flags.(*Parser).ParseArgs
	/home/eval/go/pkg/mod/github.com/jessevdk/go-flags@v1.5.1-0.20210607101731-3927b71304df/parser.go:333
github.com/symflower/eval-dev-quality/cmd/eval-dev-quality/cmd.Execute
	/home/eval/eval-dev-quality/cmd/eval-dev-quality/cmd/command.go:37
main.main
	/home/eval/eval-dev-quality/cmd/eval-dev-quality/main.go:11
runtime.main
	/home/eval/go/src/runtime/proc.go:267
runtime.goexit
	/home/eval/go/src/runtime/asm_amd64.s:1650
[0;34mGive us your feedback and let us know how we can improve Symflower at hello@symflower.com or https://github.com/symflower/symflower. Thanks so much for your help![0m
ERROR: All attempts fail:
#1: Internal error: exit status 1:
[]interface {}{
    "/tmp/eval-dev-quality364885804/plain/",
    "[INFO] Scanning for projects...\n[WARNING] \n[WARNING] Some problems were encountered while building the effective model for eval.dev.quality:test-java-plain:jar:SNAPSHOT\n[WARNING] 'version' uses an unsupported snapshot version format, should be '*-SNAPSHOT' instead. @ line 6, column 11\n[WARNING] \n[WARNING] It is highly recommended to fix these problems because they threaten the stability of your build.\n[WARNING] \n[WARNING] For this reason, future Maven versions might no longer support building such malformed projects.\n[WARNING] \n[INFO] \n[INFO] ------------------< eval.dev.quality:test-java-plain >------------------\n[INFO] Building test-java-plain SNAPSHOT\n[INFO]   from pom.xml\n[INFO] --------------------------------[ jar ]---------------------------------\n[INFO] \n[INFO] --- clean:3.2.0:clean (default-clean) @ test-java-plain ---\n[INFO] \n[INFO] --- resources:3.3.1:resources (default-resources) @ test-java-plain ---\n[WARNING] Using platform encoding (UTF-8 actually) to copy filtered resources, i.e. build is platform dependent!\n[INFO] skip non existing resourceDirectory /tmp/eval-dev-quality364885804/plain/src/main/resources\n[INFO] \n[INFO] --- compiler:3.11.0:compile (default-compile) @ test-java-plain ---\n[INFO] Changes detected - recompiling the module! :source\n[WARNING] File encoding has not been set, using platform encoding UTF-8, i.e. build is platform dependent!\n[INFO] Compiling 1 source file with javac [debug target 11] to target/classes\n[WARNING] system modules path not set in conjunction with -source 11\n[INFO] \n[INFO] --- resources:3.3.1:resources (default-resources) @ test-java-plain ---\n[WARNING] Using platform encoding (UTF-8 actually) to copy filtered resources, i.e. build is platform dependent!\n[INFO] skip non existing resourceDirectory /tmp/eval-dev-quality364885804/plain/src/main/resources\n[INFO] \n[INFO] --- compiler:3.11.0:compile (default-compile) @ test-java-plain ---\n[INFO] Nothing to compile - all classes are up to date\n[INFO] \n[INFO] --- resources:3.3.1:testResources (default-testResources) @ test-java-plain ---\n[WARNING] Using platform encoding (UTF-8 actually) to copy filtered resources, i.e. build is platform dependent!\n[INFO] skip non existing resourceDirectory /tmp/eval-dev-quality364885804/plain/src/test/resources\n[INFO] \n[INFO] --- compiler:3.11.0:testCompile (default-testCompile) @ test-java-plain ---\n[INFO] Changes detected - recompiling the module! :dependency\n[WARNING] File encoding has not been set, using platform encoding UTF-8, i.e. build is platform dependent!\n[INFO] Compiling 1 source file with javac [debug target 11] to target/test-classes\n[INFO] -------------------------------------------------------------\n[WARNING] COMPILATION WARNING : \n[INFO] -------------------------------------------------------------\n[WARNING] system modules path not set in conjunction with -source 11\n[INFO] 1 warning\n[INFO] -------------------------------------------------------------\n[INFO] -------------------------------------------------------------\n[ERROR] COMPILATION ERROR : \n[INFO] -------------------------------------------------------------\n[ERROR] /tmp/eval-dev-quality364885804/plain/src/test/java/com/eval/PlainTest.java:[6,9] cannot find symbol\n  symbol:   variable Plain\n  location: class PlainTest\n[INFO] 1 error\n[INFO] -------------------------------------------------------------\n[INFO] ------------------------------------------------------------------------\n[INFO] BUILD FAILURE\n[INFO] ------------------------------------------------------------------------\n[INFO] Total time:  0.812 s\n[INFO] Finished at: 2024-06-06T10:35:00+02:00\n[INFO] ------------------------------------------------------------------------\n[ERROR] Failed to execute goal org.apache.maven.plugins:maven-compiler-plugin:3.11.0:testCompile (default-testCompile) on project test-java-plain: Compilation failure\n[ERROR] /tmp/eval-dev-quality364885804/plain/src/test/java/com/eval/PlainTest.java:[6,9] cannot find symbol\n[ERROR]   symbol:   variable Plain\n[ERROR]   location: class PlainTest\n[ERROR] \n[ERROR] -> [Help 1]\n[ERROR] \n[ERROR] To see the full stack trace of the errors, re-run Maven with the -e switch.\n[ERROR] Re-run Maven using the -X switch to enable full debug logging.\n[ERROR] \n[ERROR] For more information about the errors and possible solutions, please read the following articles:\n[ERROR] [Help 1] http://cwiki.apache.org/confluence/display/MAVEN/MojoFailureException\n",
}
Stacktrace: goroutine 1 [running]:
gitlab.nethead.at/symflower/symflower/model/errors.NewInternalError({0x1f42da0?, 0xc0000fe000}, {0xffa8c0?, 0xc000372018})
	gitlab.nethead.at/symflower/symflower/model/errors/error.go:850 +0x59
gitlab.nethead.at/symflower/symflower/language/java/execute.MavenDependencyCommand.func1()
	gitlab.nethead.at/symflower/symflower/language/java/execute/maven.go:80 +0x1ef
github.com/avast/retry-go.Do(0xc0007158b8, {0xc0007158a0, 0x3, 0x418c94?})
	github.com/avast/retry-go/retry.go:135 +0x5a3
gitlab.nethead.at/symflower/symflower/language/java/execute.MavenDependencyCommand({0xc00004c2d0, 0x25}, 0x0, {0xc000691bc0, 0x6, 0x6})
	gitlab.nethead.at/symflower/symflower/language/java/execute/maven.go:60 +0x1c5
gitlab.nethead.at/symflower/symflower/language/java/execute.MavenCloverCoverage({0xc00004c2d0, 0x25})
	gitlab.nethead.at/symflower/symflower/language/java/execute/clover.go:131 +0xc9
gitlab.nethead.at/symflower/symflower/cmd/symflower-local/cmd.(*commandTest).Execute(0xc000180d78, {0xc000180c00?, 0x7f5c200d8218?, 0xc000180d78?})
	gitlab.nethead.at/symflower/symflower/cmd/symflower-local/cmd/test.go:143 +0x54f
gitlab.nethead.at/symflower/symflower/cmd.ExecuteNoExit({0x1f425e0?, 0xc000180c00}, {0xc0001be000?, 0x2782d80?, 0xc0004b1ed8?})
	gitlab.nethead.at/symflower/symflower/cmd/execute.go:56 +0x2d0
gitlab.nethead.at/symflower/symflower/cmd.Execute({0x1f425e0?, 0xc000180c00?}, {0xc0001be000?, 0x274c500?, 0xc000180c00?})
	gitlab.nethead.at/symflower/symflower/cmd/execute.go:16 +0x26
gitlab.nethead.at/symflower/symflower/cmd.ExecuteWithOSArguments(...)
	gitlab.nethead.at/symflower/symflower/cmd/execute.go:75
main.main.func1()
	gitlab.nethead.at/symflower/symflower/cmd/symflower-demo/main.go:40 +0x34
gitlab.nethead.at/symflower/symflower/cmd/symflower-local/cmd.(*Command).WithPanicReporter(0xc00018e058?, 0x2636b18?)
	gitlab.nethead.at/symflower/symflower/cmd/symflower-local/cmd/cmd.go:184 +0x48
main.main()
	gitlab.nethead.at/symflower/symflower/cmd/symflower-demo/main.go:39 +0xa5


src/main/java/com/eval/Plain.java]
