2024/06/06 10:06:58 Evaluating model "openrouter/intel/neural-chat-7b" using language "java" and repository "java/plain"
2024/06/06 10:06:58 Querying model "openrouter/intel/neural-chat-7b" with:
	Given the following Java code file "src/main/java/com/eval/Plain.java" with package "com.eval", provide a test file for this code with JUnit 5 as a test framework.
	The tests should produce 100 percent code coverage and must compile.
	The response must contain only the test code and nothing else.

	```java
	package com.eval;

	class Plain {
	    static void plain() {
	    }
	}
	```
2024/06/06 10:07:20 Model "openrouter/intel/neural-chat-7b" responded (22174 ms) with:
	 package evaluation;

	import com.eval.Plain;
	import org.junit.jupiter.api.Test;
	import org.junit.platform.commons.AssertionResult;

	import static org.junit.jupiter.api.Assertions.assertEquals;
	import static org.junit.jupiter.api.Assertions.assertTrue;
	import static org.junit.platform.commons.assertion.Bool.converting;

	class EvaluationTest {
	    @Test
	    void testPlainMethodEmptyBody() {
	        Plain.plain();
	    }

	    @Test
	    void testPlainMethodCall() {
	        Plain.plain();
	        assertNotNull(new Plain());
	    }

	    @Test
	    void testPlainMethodHasOnlyBody() {
	        Plain.plain();
	        assertEquals(1, 1);
	        assertEquals(2, 2);
	        assertTrue(corresponds("string", "string", converting));
	    }

	    @Test
	    void testPlainMethodInvocation() {
	        EvaluationTest.testPlainMethodCall();
	    }

	    private Predicate<String> corresponding() {
	        return s -> s.equals("string");
	    }

	    private Predicate<String> corresponds(String key, String value, Predicate<Boolean> boolType) {
	        return boolType.test(key.equals(value));
	    }
	}

	class AssertionResultOverride {
	    @Override
	    public String toString() {
	        return "String value";
	    }
	}
2024/06/06 10:07:20 $ symflower test --language java --workspace /tmp/eval-dev-quality1843269190/plain --coverage-file /tmp/eval-dev-quality1843269190/plain/coverage.json
[0;34mGive us your feedback and let us know how we can improve Symflower at hello@symflower.com or https://github.com/symflower/symflower. Thanks so much for your help![0m
ERROR: All attempts fail:
#1: Internal error: exit status 1:
[]interface {}{
    "/tmp/eval-dev-quality1843269190/plain/",
    "[INFO] Scanning for projects...\n[WARNING] \n[WARNING] Some problems were encountered while building the effective model for eval.dev.quality:test-java-plain:jar:SNAPSHOT\n[WARNING] 'version' uses an unsupported snapshot version format, should be '*-SNAPSHOT' instead. @ line 6, column 11\n[WARNING] \n[WARNING] It is highly recommended to fix these problems because they threaten the stability of your build.\n[WARNING] \n[WARNING] For this reason, future Maven versions might no longer support building such malformed projects.\n[WARNING] \n[INFO] \n[INFO] ------------------< eval.dev.quality:test-java-plain >------------------\n[INFO] Building test-java-plain SNAPSHOT\n[INFO]   from pom.xml\n[INFO] --------------------------------[ jar ]---------------------------------\n[INFO] \n[INFO] --- clean:3.2.0:clean (default-clean) @ test-java-plain ---\n[INFO] \n[INFO] --- resources:3.3.1:resources (default-resources) @ test-java-plain ---\n[WARNING] Using platform encoding (UTF-8 actually) to copy filtered resources, i.e. build is platform dependent!\n[INFO] skip non existing resourceDirectory /tmp/eval-dev-quality1843269190/plain/src/main/resources\n[INFO] \n[INFO] --- compiler:3.11.0:compile (default-compile) @ test-java-plain ---\n[INFO] Changes detected - recompiling the module! :source\n[WARNING] File encoding has not been set, using platform encoding UTF-8, i.e. build is platform dependent!\n[INFO] Compiling 1 source file with javac [debug target 11] to target/classes\n[WARNING] system modules path not set in conjunction with -source 11\n[INFO] \n[INFO] --- resources:3.3.1:resources (default-resources) @ test-java-plain ---\n[WARNING] Using platform encoding (UTF-8 actually) to copy filtered resources, i.e. build is platform dependent!\n[INFO] skip non existing resourceDirectory /tmp/eval-dev-quality1843269190/plain/src/main/resources\n[INFO] \n[INFO] --- compiler:3.11.0:compile (default-compile) @ test-java-plain ---\n[INFO] Nothing to compile - all classes are up to date\n[INFO] \n[INFO] --- resources:3.3.1:testResources (default-testResources) @ test-java-plain ---\n[WARNING] Using platform encoding (UTF-8 actually) to copy filtered resources, i.e. build is platform dependent!\n[INFO] skip non existing resourceDirectory /tmp/eval-dev-quality1843269190/plain/src/test/resources\n[INFO] \n[INFO] --- compiler:3.11.0:testCompile (default-testCompile) @ test-java-plain ---\n[INFO] Changes detected - recompiling the module! :dependency\n[WARNING] File encoding has not been set, using platform encoding UTF-8, i.e. build is platform dependent!\n[INFO] Compiling 1 source file with javac [debug target 11] to target/test-classes\n[INFO] -------------------------------------------------------------\n[WARNING] COMPILATION WARNING : \n[INFO] -------------------------------------------------------------\n[WARNING] system modules path not set in conjunction with -source 11\n[INFO] 1 warning\n[INFO] -------------------------------------------------------------\n[INFO] -------------------------------------------------------------\n[ERROR] COMPILATION ERROR : \n[INFO] -------------------------------------------------------------\n[ERROR] /tmp/eval-dev-quality1843269190/plain/src/test/java/com/eval/PlainTest.java:[3,16] com.eval.Plain is not public in com.eval; cannot be accessed from outside package\n[ERROR] /tmp/eval-dev-quality1843269190/plain/src/test/java/com/eval/PlainTest.java:[5,34] cannot find symbol\n  symbol:   class AssertionResult\n  location: package org.junit.platform.commons\n[ERROR] /tmp/eval-dev-quality1843269190/plain/src/test/java/com/eval/PlainTest.java:[9,51] package org.junit.platform.commons.assertion does not exist\n[ERROR] /tmp/eval-dev-quality1843269190/plain/src/test/java/com/eval/PlainTest.java:[9,1] static import only from classes and interfaces\n[ERROR] /tmp/eval-dev-quality1843269190/plain/src/test/java/com/eval/PlainTest.java:[36,13] cannot find symbol\n  symbol:   class Predicate\n  location: class evaluation.EvaluationTest\n[ERROR] /tmp/eval-dev-quality1843269190/plain/src/test/java/com/eval/PlainTest.java:[40,69] cannot find symbol\n  symbol:   class Predicate\n  location: class evaluation.EvaluationTest\n[ERROR] /tmp/eval-dev-quality1843269190/plain/src/test/java/com/eval/PlainTest.java:[40,13] cannot find symbol\n  symbol:   class Predicate\n  location: class evaluation.EvaluationTest\n[ERROR] /tmp/eval-dev-quality1843269190/plain/src/test/java/com/eval/PlainTest.java:[14,9] com.eval.Plain is not public in com.eval; cannot be accessed from outside package\n[ERROR] /tmp/eval-dev-quality1843269190/plain/src/test/java/com/eval/PlainTest.java:[19,9] com.eval.Plain is not public in com.eval; cannot be accessed from outside package\n[ERROR] /tmp/eval-dev-quality1843269190/plain/src/test/java/com/eval/PlainTest.java:[20,27] com.eval.Plain is not public in com.eval; cannot be accessed from outside package\n[ERROR] /tmp/eval-dev-quality1843269190/plain/src/test/java/com/eval/PlainTest.java:[25,9] com.eval.Plain is not public in com.eval; cannot be accessed from outside package\n[ERROR] /tmp/eval-dev-quality1843269190/plain/src/test/java/com/eval/PlainTest.java:[28,52] cannot find symbol\n  symbol:   variable converting\n  location: class evaluation.EvaluationTest\n[ERROR] /tmp/eval-dev-quality1843269190/plain/src/test/java/com/eval/PlainTest.java:[33,23] non-static method testPlainMethodCall() cannot be referenced from a static context\n[INFO] 13 errors \n[INFO] -------------------------------------------------------------\n[INFO] ------------------------------------------------------------------------\n[INFO] BUILD FAILURE\n[INFO] ------------------------------------------------------------------------\n[INFO] Total time:  0.845 s\n[INFO] Finished at: 2024-06-06T10:07:22+02:00\n[INFO] ------------------------------------------------------------------------\n[ERROR] Failed to execute goal org.apache.maven.plugins:maven-compiler-plugin:3.11.0:testCompile (default-testCompile) on project test-java-plain: Compilation failure: Compilation failure: \n[ERROR] /tmp/eval-dev-quality1843269190/plain/src/test/java/com/eval/PlainTest.java:[3,16] com.eval.Plain is not public in com.eval; cannot be accessed from outside package\n[ERROR] /tmp/eval-dev-quality1843269190/plain/src/test/java/com/eval/PlainTest.java:[5,34] cannot find symbol\n[ERROR]   symbol:   class AssertionResult\n[ERROR]   location: package org.junit.platform.commons\n[ERROR] /tmp/eval-dev-quality1843269190/plain/src/test/java/com/eval/PlainTest.java:[9,51] package org.junit.platform.commons.assertion does not exist\n[ERROR] /tmp/eval-dev-quality1843269190/plain/src/test/java/com/eval/PlainTest.java:[9,1] static import only from classes and interfaces\n[ERROR] /tmp/eval-dev-quality1843269190/plain/src/test/java/com/eval/PlainTest.java:[36,13] cannot find symbol\n[ERROR]   symbol:   class Predicate\n[ERROR]   location: class evaluation.EvaluationTest\n[ERROR] /tmp/eval-dev-quality1843269190/plain/src/test/java/com/eval/PlainTest.java:[40,69] cannot find symbol\n[ERROR]   symbol:   class Predicate\n[ERROR]   location: class evaluation.EvaluationTest\n[ERROR] /tmp/eval-dev-quality1843269190/plain/src/test/java/com/eval/PlainTest.java:[40,13] cannot find symbol\n[ERROR]   symbol:   class Predicate\n[ERROR]   location: class evaluation.EvaluationTest\n[ERROR] /tmp/eval-dev-quality1843269190/plain/src/test/java/com/eval/PlainTest.java:[14,9] com.eval.Plain is not public in com.eval; cannot be accessed from outside package\n[ERROR] /tmp/eval-dev-quality1843269190/plain/src/test/java/com/eval/PlainTest.java:[19,9] com.eval.Plain is not public in com.eval; cannot be accessed from outside package\n[ERROR] /tmp/eval-dev-quality1843269190/plain/src/test/java/com/eval/PlainTest.java:[20,27] com.eval.Plain is not public in com.eval; cannot be accessed from outside package\n[ERROR] /tmp/eval-dev-quality1843269190/plain/src/test/java/com/eval/PlainTest.java:[25,9] com.eval.Plain is not public in com.eval; cannot be accessed from outside package\n[ERROR] /tmp/eval-dev-quality1843269190/plain/src/test/java/com/eval/PlainTest.java:[28,52] cannot find symbol\n[ERROR]   symbol:   variable converting\n[ERROR]   location: class evaluation.EvaluationTest\n[ERROR] /tmp/eval-dev-quality1843269190/plain/src/test/java/com/eval/PlainTest.java:[33,23] non-static method testPlainMethodCall() cannot be referenced from a static context\n[ERROR] -> [Help 1]\n[ERROR] \n[ERROR] To see the full stack trace of the errors, re-run Maven with the -e switch.\n[ERROR] Re-run Maven using the -X switch to enable full debug logging.\n[ERROR] \n[ERROR] For more information about the errors and possible solutions, please read the following articles:\n[ERROR] [Help 1] http://cwiki.apache.org/confluence/display/MAVEN/MojoFailureException\n",
}
Stacktrace: goroutine 1 [running]:
gitlab.nethead.at/symflower/symflower/model/errors.NewInternalError({0x1f42da0?, 0xc0001d8e60}, {0xffa8c0?, 0xc00062c1f8})
	gitlab.nethead.at/symflower/symflower/model/errors/error.go:850 +0x59
gitlab.nethead.at/symflower/symflower/language/java/execute.MavenDependencyCommand.func1()
	gitlab.nethead.at/symflower/symflower/language/java/execute/maven.go:80 +0x1ef
github.com/avast/retry-go.Do(0xc0004fd8b8, {0xc0004fd8a0, 0x3, 0x418c94?})
	github.com/avast/retry-go/retry.go:135 +0x5a3
gitlab.nethead.at/symflower/symflower/language/java/execute.MavenDependencyCommand({0xc000618030, 0x26}, 0x0, {0xc0005ff980, 0x6, 0x6})
	gitlab.nethead.at/symflower/symflower/language/java/execute/maven.go:60 +0x1c5
gitlab.nethead.at/symflower/symflower/language/java/execute.MavenCloverCoverage({0xc000618030, 0x26})
	gitlab.nethead.at/symflower/symflower/language/java/execute/clover.go:131 +0xc9
gitlab.nethead.at/symflower/symflower/cmd/symflower-local/cmd.(*commandTest).Execute(0xc00023a578, {0xc00023a400?, 0x7f4d68277918?, 0xc00023a578?})
	gitlab.nethead.at/symflower/symflower/cmd/symflower-local/cmd/test.go:143 +0x54f
gitlab.nethead.at/symflower/symflower/cmd.ExecuteNoExit({0x1f425e0?, 0xc00023a400}, {0xc000216000?, 0x2782d80?, 0xc0001bbed8?})
	gitlab.nethead.at/symflower/symflower/cmd/execute.go:56 +0x2d0
gitlab.nethead.at/symflower/symflower/cmd.Execute({0x1f425e0?, 0xc00023a400?}, {0xc000216000?, 0x274c500?, 0xc00023a400?})
	gitlab.nethead.at/symflower/symflower/cmd/execute.go:16 +0x26
gitlab.nethead.at/symflower/symflower/cmd.ExecuteWithOSArguments(...)
	gitlab.nethead.at/symflower/symflower/cmd/execute.go:75
main.main.func1()
	gitlab.nethead.at/symflower/symflower/cmd/symflower-demo/main.go:40 +0x34
gitlab.nethead.at/symflower/symflower/cmd/symflower-local/cmd.(*Command).WithPanicReporter(0xc000130058?, 0x2636b18?)
	gitlab.nethead.at/symflower/symflower/cmd/symflower-local/cmd/cmd.go:184 +0x48
main.main()
	gitlab.nethead.at/symflower/symflower/cmd/symflower-demo/main.go:39 +0xa5

2024/06/06 10:07:22 Evaluated model "openrouter/intel/neural-chat-7b" using language "java" and repository "java/plain": encountered 1 problems: [exit status 1
[0;34mGive us your feedback and let us know how we can improve Symflower at hello@symflower.com or https://github.com/symflower/symflower. Thanks so much for your help![0m
ERROR: All attempts fail:
#1: Internal error: exit status 1:
[]interface {}{
    "/tmp/eval-dev-quality1843269190/plain/",
    "[INFO] Scanning for projects...\n[WARNING] \n[WARNING] Some problems were encountered while building the effective model for eval.dev.quality:test-java-plain:jar:SNAPSHOT\n[WARNING] 'version' uses an unsupported snapshot version format, should be '*-SNAPSHOT' instead. @ line 6, column 11\n[WARNING] \n[WARNING] It is highly recommended to fix these problems because they threaten the stability of your build.\n[WARNING] \n[WARNING] For this reason, future Maven versions might no longer support building such malformed projects.\n[WARNING] \n[INFO] \n[INFO] ------------------< eval.dev.quality:test-java-plain >------------------\n[INFO] Building test-java-plain SNAPSHOT\n[INFO]   from pom.xml\n[INFO] --------------------------------[ jar ]---------------------------------\n[INFO] \n[INFO] --- clean:3.2.0:clean (default-clean) @ test-java-plain ---\n[INFO] \n[INFO] --- resources:3.3.1:resources (default-resources) @ test-java-plain ---\n[WARNING] Using platform encoding (UTF-8 actually) to copy filtered resources, i.e. build is platform dependent!\n[INFO] skip non existing resourceDirectory /tmp/eval-dev-quality1843269190/plain/src/main/resources\n[INFO] \n[INFO] --- compiler:3.11.0:compile (default-compile) @ test-java-plain ---\n[INFO] Changes detected - recompiling the module! :source\n[WARNING] File encoding has not been set, using platform encoding UTF-8, i.e. build is platform dependent!\n[INFO] Compiling 1 source file with javac [debug target 11] to target/classes\n[WARNING] system modules path not set in conjunction with -source 11\n[INFO] \n[INFO] --- resources:3.3.1:resources (default-resources) @ test-java-plain ---\n[WARNING] Using platform encoding (UTF-8 actually) to copy filtered resources, i.e. build is platform dependent!\n[INFO] skip non existing resourceDirectory /tmp/eval-dev-quality1843269190/plain/src/main/resources\n[INFO] \n[INFO] --- compiler:3.11.0:compile (default-compile) @ test-java-plain ---\n[INFO] Nothing to compile - all classes are up to date\n[INFO] \n[INFO] --- resources:3.3.1:testResources (default-testResources) @ test-java-plain ---\n[WARNING] Using platform encoding (UTF-8 actually) to copy filtered resources, i.e. build is platform dependent!\n[INFO] skip non existing resourceDirectory /tmp/eval-dev-quality1843269190/plain/src/test/resources\n[INFO] \n[INFO] --- compiler:3.11.0:testCompile (default-testCompile) @ test-java-plain ---\n[INFO] Changes detected - recompiling the module! :dependency\n[WARNING] File encoding has not been set, using platform encoding UTF-8, i.e. build is platform dependent!\n[INFO] Compiling 1 source file with javac [debug target 11] to target/test-classes\n[INFO] -------------------------------------------------------------\n[WARNING] COMPILATION WARNING : \n[INFO] -------------------------------------------------------------\n[WARNING] system modules path not set in conjunction with -source 11\n[INFO] 1 warning\n[INFO] -------------------------------------------------------------\n[INFO] -------------------------------------------------------------\n[ERROR] COMPILATION ERROR : \n[INFO] -------------------------------------------------------------\n[ERROR] /tmp/eval-dev-quality1843269190/plain/src/test/java/com/eval/PlainTest.java:[3,16] com.eval.Plain is not public in com.eval; cannot be accessed from outside package\n[ERROR] /tmp/eval-dev-quality1843269190/plain/src/test/java/com/eval/PlainTest.java:[5,34] cannot find symbol\n  symbol:   class AssertionResult\n  location: package org.junit.platform.commons\n[ERROR] /tmp/eval-dev-quality1843269190/plain/src/test/java/com/eval/PlainTest.java:[9,51] package org.junit.platform.commons.assertion does not exist\n[ERROR] /tmp/eval-dev-quality1843269190/plain/src/test/java/com/eval/PlainTest.java:[9,1] static import only from classes and interfaces\n[ERROR] /tmp/eval-dev-quality1843269190/plain/src/test/java/com/eval/PlainTest.java:[36,13] cannot find symbol\n  symbol:   class Predicate\n  location: class evaluation.EvaluationTest\n[ERROR] /tmp/eval-dev-quality1843269190/plain/src/test/java/com/eval/PlainTest.java:[40,69] cannot find symbol\n  symbol:   class Predicate\n  location: class evaluation.EvaluationTest\n[ERROR] /tmp/eval-dev-quality1843269190/plain/src/test/java/com/eval/PlainTest.java:[40,13] cannot find symbol\n  symbol:   class Predicate\n  location: class evaluation.EvaluationTest\n[ERROR] /tmp/eval-dev-quality1843269190/plain/src/test/java/com/eval/PlainTest.java:[14,9] com.eval.Plain is not public in com.eval; cannot be accessed from outside package\n[ERROR] /tmp/eval-dev-quality1843269190/plain/src/test/java/com/eval/PlainTest.java:[19,9] com.eval.Plain is not public in com.eval; cannot be accessed from outside package\n[ERROR] /tmp/eval-dev-quality1843269190/plain/src/test/java/com/eval/PlainTest.java:[20,27] com.eval.Plain is not public in com.eval; cannot be accessed from outside package\n[ERROR] /tmp/eval-dev-quality1843269190/plain/src/test/java/com/eval/PlainTest.java:[25,9] com.eval.Plain is not public in com.eval; cannot be accessed from outside package\n[ERROR] /tmp/eval-dev-quality1843269190/plain/src/test/java/com/eval/PlainTest.java:[28,52] cannot find symbol\n  symbol:   variable converting\n  location: class evaluation.EvaluationTest\n[ERROR] /tmp/eval-dev-quality1843269190/plain/src/test/java/com/eval/PlainTest.java:[33,23] non-static method testPlainMethodCall() cannot be referenced from a static context\n[INFO] 13 errors \n[INFO] -------------------------------------------------------------\n[INFO] ------------------------------------------------------------------------\n[INFO] BUILD FAILURE\n[INFO] ------------------------------------------------------------------------\n[INFO] Total time:  0.845 s\n[INFO] Finished at: 2024-06-06T10:07:22+02:00\n[INFO] ------------------------------------------------------------------------\n[ERROR] Failed to execute goal org.apache.maven.plugins:maven-compiler-plugin:3.11.0:testCompile (default-testCompile) on project test-java-plain: Compilation failure: Compilation failure: \n[ERROR] /tmp/eval-dev-quality1843269190/plain/src/test/java/com/eval/PlainTest.java:[3,16] com.eval.Plain is not public in com.eval; cannot be accessed from outside package\n[ERROR] /tmp/eval-dev-quality1843269190/plain/src/test/java/com/eval/PlainTest.java:[5,34] cannot find symbol\n[ERROR]   symbol:   class AssertionResult\n[ERROR]   location: package org.junit.platform.commons\n[ERROR] /tmp/eval-dev-quality1843269190/plain/src/test/java/com/eval/PlainTest.java:[9,51] package org.junit.platform.commons.assertion does not exist\n[ERROR] /tmp/eval-dev-quality1843269190/plain/src/test/java/com/eval/PlainTest.java:[9,1] static import only from classes and interfaces\n[ERROR] /tmp/eval-dev-quality1843269190/plain/src/test/java/com/eval/PlainTest.java:[36,13] cannot find symbol\n[ERROR]   symbol:   class Predicate\n[ERROR]   location: class evaluation.EvaluationTest\n[ERROR] /tmp/eval-dev-quality1843269190/plain/src/test/java/com/eval/PlainTest.java:[40,69] cannot find symbol\n[ERROR]   symbol:   class Predicate\n[ERROR]   location: class evaluation.EvaluationTest\n[ERROR] /tmp/eval-dev-quality1843269190/plain/src/test/java/com/eval/PlainTest.java:[40,13] cannot find symbol\n[ERROR]   symbol:   class Predicate\n[ERROR]   location: class evaluation.EvaluationTest\n[ERROR] /tmp/eval-dev-quality1843269190/plain/src/test/java/com/eval/PlainTest.java:[14,9] com.eval.Plain is not public in com.eval; cannot be accessed from outside package\n[ERROR] /tmp/eval-dev-quality1843269190/plain/src/test/java/com/eval/PlainTest.java:[19,9] com.eval.Plain is not public in com.eval; cannot be accessed from outside package\n[ERROR] /tmp/eval-dev-quality1843269190/plain/src/test/java/com/eval/PlainTest.java:[20,27] com.eval.Plain is not public in com.eval; cannot be accessed from outside package\n[ERROR] /tmp/eval-dev-quality1843269190/plain/src/test/java/com/eval/PlainTest.java:[25,9] com.eval.Plain is not public in com.eval; cannot be accessed from outside package\n[ERROR] /tmp/eval-dev-quality1843269190/plain/src/test/java/com/eval/PlainTest.java:[28,52] cannot find symbol\n[ERROR]   symbol:   variable converting\n[ERROR]   location: class evaluation.EvaluationTest\n[ERROR] /tmp/eval-dev-quality1843269190/plain/src/test/java/com/eval/PlainTest.java:[33,23] non-static method testPlainMethodCall() cannot be referenced from a static context\n[ERROR] -> [Help 1]\n[ERROR] \n[ERROR] To see the full stack trace of the errors, re-run Maven with the -e switch.\n[ERROR] Re-run Maven using the -X switch to enable full debug logging.\n[ERROR] \n[ERROR] For more information about the errors and possible solutions, please read the following articles:\n[ERROR] [Help 1] http://cwiki.apache.org/confluence/display/MAVEN/MojoFailureException\n",
}
Stacktrace: goroutine 1 [running]:
gitlab.nethead.at/symflower/symflower/model/errors.NewInternalError({0x1f42da0?, 0xc0001d8e60}, {0xffa8c0?, 0xc00062c1f8})
	gitlab.nethead.at/symflower/symflower/model/errors/error.go:850 +0x59
gitlab.nethead.at/symflower/symflower/language/java/execute.MavenDependencyCommand.func1()
	gitlab.nethead.at/symflower/symflower/language/java/execute/maven.go:80 +0x1ef
github.com/avast/retry-go.Do(0xc0004fd8b8, {0xc0004fd8a0, 0x3, 0x418c94?})
	github.com/avast/retry-go/retry.go:135 +0x5a3
gitlab.nethead.at/symflower/symflower/language/java/execute.MavenDependencyCommand({0xc000618030, 0x26}, 0x0, {0xc0005ff980, 0x6, 0x6})
	gitlab.nethead.at/symflower/symflower/language/java/execute/maven.go:60 +0x1c5
gitlab.nethead.at/symflower/symflower/language/java/execute.MavenCloverCoverage({0xc000618030, 0x26})
	gitlab.nethead.at/symflower/symflower/language/java/execute/clover.go:131 +0xc9
gitlab.nethead.at/symflower/symflower/cmd/symflower-local/cmd.(*commandTest).Execute(0xc00023a578, {0xc00023a400?, 0x7f4d68277918?, 0xc00023a578?})
	gitlab.nethead.at/symflower/symflower/cmd/symflower-local/cmd/test.go:143 +0x54f
gitlab.nethead.at/symflower/symflower/cmd.ExecuteNoExit({0x1f425e0?, 0xc00023a400}, {0xc000216000?, 0x2782d80?, 0xc0001bbed8?})
	gitlab.nethead.at/symflower/symflower/cmd/execute.go:56 +0x2d0
gitlab.nethead.at/symflower/symflower/cmd.Execute({0x1f425e0?, 0xc00023a400?}, {0xc000216000?, 0x274c500?, 0xc00023a400?})
	gitlab.nethead.at/symflower/symflower/cmd/execute.go:16 +0x26
gitlab.nethead.at/symflower/symflower/cmd.ExecuteWithOSArguments(...)
	gitlab.nethead.at/symflower/symflower/cmd/execute.go:75
main.main.func1()
	gitlab.nethead.at/symflower/symflower/cmd/symflower-demo/main.go:40 +0x34
gitlab.nethead.at/symflower/symflower/cmd/symflower-local/cmd.(*Command).WithPanicReporter(0xc000130058?, 0x2636b18?)
	gitlab.nethead.at/symflower/symflower/cmd/symflower-local/cmd/cmd.go:184 +0x48
main.main()
	gitlab.nethead.at/symflower/symflower/cmd/symflower-demo/main.go:39 +0xa5


github.com/symflower/eval-dev-quality/util.CommandWithResult
	/home/eval/eval-dev-quality/util/exec.go:52
github.com/symflower/eval-dev-quality/language/java.(*Language).Execute
	/home/eval/eval-dev-quality/language/java/language.go:94
github.com/symflower/eval-dev-quality/evaluate.Repository
	/home/eval/eval-dev-quality/evaluate/repository.go:57
github.com/symflower/eval-dev-quality/evaluate.Evaluate.func1
	/home/eval/eval-dev-quality/evaluate/evaluate.go:119
github.com/symflower/eval-dev-quality/evaluate.withLoadedModel
	/home/eval/eval-dev-quality/evaluate/evaluate.go:253
github.com/symflower/eval-dev-quality/evaluate.Evaluate
	/home/eval/eval-dev-quality/evaluate/evaluate.go:109
github.com/symflower/eval-dev-quality/cmd/eval-dev-quality/cmd.(*Evaluate).Execute
	/home/eval/eval-dev-quality/cmd/eval-dev-quality/cmd/evaluate.go:284
github.com/symflower/eval-dev-quality/cmd/eval-dev-quality/cmd.Execute.func1
	/home/eval/eval-dev-quality/cmd/eval-dev-quality/cmd/command.go:34
github.com/jessevdk/go-flags.(*Parser).ParseArgs
	/home/eval/go/pkg/mod/github.com/jessevdk/go-flags@v1.5.1-0.20210607101731-3927b71304df/parser.go:333
github.com/symflower/eval-dev-quality/cmd/eval-dev-quality/cmd.Execute
	/home/eval/eval-dev-quality/cmd/eval-dev-quality/cmd/command.go:37
main.main
	/home/eval/eval-dev-quality/cmd/eval-dev-quality/main.go:11
runtime.main
	/home/eval/go/src/runtime/proc.go:267
runtime.goexit
	/home/eval/go/src/runtime/asm_amd64.s:1650
github.com/symflower/eval-dev-quality/language/java.(*Language).Execute
	/home/eval/eval-dev-quality/language/java/language.go:105
github.com/symflower/eval-dev-quality/evaluate.Repository
	/home/eval/eval-dev-quality/evaluate/repository.go:57
github.com/symflower/eval-dev-quality/evaluate.Evaluate.func1
	/home/eval/eval-dev-quality/evaluate/evaluate.go:119
github.com/symflower/eval-dev-quality/evaluate.withLoadedModel
	/home/eval/eval-dev-quality/evaluate/evaluate.go:253
github.com/symflower/eval-dev-quality/evaluate.Evaluate
	/home/eval/eval-dev-quality/evaluate/evaluate.go:109
github.com/symflower/eval-dev-quality/cmd/eval-dev-quality/cmd.(*Evaluate).Execute
	/home/eval/eval-dev-quality/cmd/eval-dev-quality/cmd/evaluate.go:284
github.com/symflower/eval-dev-quality/cmd/eval-dev-quality/cmd.Execute.func1
	/home/eval/eval-dev-quality/cmd/eval-dev-quality/cmd/command.go:34
github.com/jessevdk/go-flags.(*Parser).ParseArgs
	/home/eval/go/pkg/mod/github.com/jessevdk/go-flags@v1.5.1-0.20210607101731-3927b71304df/parser.go:333
github.com/symflower/eval-dev-quality/cmd/eval-dev-quality/cmd.Execute
	/home/eval/eval-dev-quality/cmd/eval-dev-quality/cmd/command.go:37
main.main
	/home/eval/eval-dev-quality/cmd/eval-dev-quality/main.go:11
runtime.main
	/home/eval/go/src/runtime/proc.go:267
runtime.goexit
	/home/eval/go/src/runtime/asm_amd64.s:1650
[0;34mGive us your feedback and let us know how we can improve Symflower at hello@symflower.com or https://github.com/symflower/symflower. Thanks so much for your help![0m
ERROR: All attempts fail:
#1: Internal error: exit status 1:
[]interface {}{
    "/tmp/eval-dev-quality1843269190/plain/",
    "[INFO] Scanning for projects...\n[WARNING] \n[WARNING] Some problems were encountered while building the effective model for eval.dev.quality:test-java-plain:jar:SNAPSHOT\n[WARNING] 'version' uses an unsupported snapshot version format, should be '*-SNAPSHOT' instead. @ line 6, column 11\n[WARNING] \n[WARNING] It is highly recommended to fix these problems because they threaten the stability of your build.\n[WARNING] \n[WARNING] For this reason, future Maven versions might no longer support building such malformed projects.\n[WARNING] \n[INFO] \n[INFO] ------------------< eval.dev.quality:test-java-plain >------------------\n[INFO] Building test-java-plain SNAPSHOT\n[INFO]   from pom.xml\n[INFO] --------------------------------[ jar ]---------------------------------\n[INFO] \n[INFO] --- clean:3.2.0:clean (default-clean) @ test-java-plain ---\n[INFO] \n[INFO] --- resources:3.3.1:resources (default-resources) @ test-java-plain ---\n[WARNING] Using platform encoding (UTF-8 actually) to copy filtered resources, i.e. build is platform dependent!\n[INFO] skip non existing resourceDirectory /tmp/eval-dev-quality1843269190/plain/src/main/resources\n[INFO] \n[INFO] --- compiler:3.11.0:compile (default-compile) @ test-java-plain ---\n[INFO] Changes detected - recompiling the module! :source\n[WARNING] File encoding has not been set, using platform encoding UTF-8, i.e. build is platform dependent!\n[INFO] Compiling 1 source file with javac [debug target 11] to target/classes\n[WARNING] system modules path not set in conjunction with -source 11\n[INFO] \n[INFO] --- resources:3.3.1:resources (default-resources) @ test-java-plain ---\n[WARNING] Using platform encoding (UTF-8 actually) to copy filtered resources, i.e. build is platform dependent!\n[INFO] skip non existing resourceDirectory /tmp/eval-dev-quality1843269190/plain/src/main/resources\n[INFO] \n[INFO] --- compiler:3.11.0:compile (default-compile) @ test-java-plain ---\n[INFO] Nothing to compile - all classes are up to date\n[INFO] \n[INFO] --- resources:3.3.1:testResources (default-testResources) @ test-java-plain ---\n[WARNING] Using platform encoding (UTF-8 actually) to copy filtered resources, i.e. build is platform dependent!\n[INFO] skip non existing resourceDirectory /tmp/eval-dev-quality1843269190/plain/src/test/resources\n[INFO] \n[INFO] --- compiler:3.11.0:testCompile (default-testCompile) @ test-java-plain ---\n[INFO] Changes detected - recompiling the module! :dependency\n[WARNING] File encoding has not been set, using platform encoding UTF-8, i.e. build is platform dependent!\n[INFO] Compiling 1 source file with javac [debug target 11] to target/test-classes\n[INFO] -------------------------------------------------------------\n[WARNING] COMPILATION WARNING : \n[INFO] -------------------------------------------------------------\n[WARNING] system modules path not set in conjunction with -source 11\n[INFO] 1 warning\n[INFO] -------------------------------------------------------------\n[INFO] -------------------------------------------------------------\n[ERROR] COMPILATION ERROR : \n[INFO] -------------------------------------------------------------\n[ERROR] /tmp/eval-dev-quality1843269190/plain/src/test/java/com/eval/PlainTest.java:[3,16] com.eval.Plain is not public in com.eval; cannot be accessed from outside package\n[ERROR] /tmp/eval-dev-quality1843269190/plain/src/test/java/com/eval/PlainTest.java:[5,34] cannot find symbol\n  symbol:   class AssertionResult\n  location: package org.junit.platform.commons\n[ERROR] /tmp/eval-dev-quality1843269190/plain/src/test/java/com/eval/PlainTest.java:[9,51] package org.junit.platform.commons.assertion does not exist\n[ERROR] /tmp/eval-dev-quality1843269190/plain/src/test/java/com/eval/PlainTest.java:[9,1] static import only from classes and interfaces\n[ERROR] /tmp/eval-dev-quality1843269190/plain/src/test/java/com/eval/PlainTest.java:[36,13] cannot find symbol\n  symbol:   class Predicate\n  location: class evaluation.EvaluationTest\n[ERROR] /tmp/eval-dev-quality1843269190/plain/src/test/java/com/eval/PlainTest.java:[40,69] cannot find symbol\n  symbol:   class Predicate\n  location: class evaluation.EvaluationTest\n[ERROR] /tmp/eval-dev-quality1843269190/plain/src/test/java/com/eval/PlainTest.java:[40,13] cannot find symbol\n  symbol:   class Predicate\n  location: class evaluation.EvaluationTest\n[ERROR] /tmp/eval-dev-quality1843269190/plain/src/test/java/com/eval/PlainTest.java:[14,9] com.eval.Plain is not public in com.eval; cannot be accessed from outside package\n[ERROR] /tmp/eval-dev-quality1843269190/plain/src/test/java/com/eval/PlainTest.java:[19,9] com.eval.Plain is not public in com.eval; cannot be accessed from outside package\n[ERROR] /tmp/eval-dev-quality1843269190/plain/src/test/java/com/eval/PlainTest.java:[20,27] com.eval.Plain is not public in com.eval; cannot be accessed from outside package\n[ERROR] /tmp/eval-dev-quality1843269190/plain/src/test/java/com/eval/PlainTest.java:[25,9] com.eval.Plain is not public in com.eval; cannot be accessed from outside package\n[ERROR] /tmp/eval-dev-quality1843269190/plain/src/test/java/com/eval/PlainTest.java:[28,52] cannot find symbol\n  symbol:   variable converting\n  location: class evaluation.EvaluationTest\n[ERROR] /tmp/eval-dev-quality1843269190/plain/src/test/java/com/eval/PlainTest.java:[33,23] non-static method testPlainMethodCall() cannot be referenced from a static context\n[INFO] 13 errors \n[INFO] -------------------------------------------------------------\n[INFO] ------------------------------------------------------------------------\n[INFO] BUILD FAILURE\n[INFO] ------------------------------------------------------------------------\n[INFO] Total time:  0.845 s\n[INFO] Finished at: 2024-06-06T10:07:22+02:00\n[INFO] ------------------------------------------------------------------------\n[ERROR] Failed to execute goal org.apache.maven.plugins:maven-compiler-plugin:3.11.0:testCompile (default-testCompile) on project test-java-plain: Compilation failure: Compilation failure: \n[ERROR] /tmp/eval-dev-quality1843269190/plain/src/test/java/com/eval/PlainTest.java:[3,16] com.eval.Plain is not public in com.eval; cannot be accessed from outside package\n[ERROR] /tmp/eval-dev-quality1843269190/plain/src/test/java/com/eval/PlainTest.java:[5,34] cannot find symbol\n[ERROR]   symbol:   class AssertionResult\n[ERROR]   location: package org.junit.platform.commons\n[ERROR] /tmp/eval-dev-quality1843269190/plain/src/test/java/com/eval/PlainTest.java:[9,51] package org.junit.platform.commons.assertion does not exist\n[ERROR] /tmp/eval-dev-quality1843269190/plain/src/test/java/com/eval/PlainTest.java:[9,1] static import only from classes and interfaces\n[ERROR] /tmp/eval-dev-quality1843269190/plain/src/test/java/com/eval/PlainTest.java:[36,13] cannot find symbol\n[ERROR]   symbol:   class Predicate\n[ERROR]   location: class evaluation.EvaluationTest\n[ERROR] /tmp/eval-dev-quality1843269190/plain/src/test/java/com/eval/PlainTest.java:[40,69] cannot find symbol\n[ERROR]   symbol:   class Predicate\n[ERROR]   location: class evaluation.EvaluationTest\n[ERROR] /tmp/eval-dev-quality1843269190/plain/src/test/java/com/eval/PlainTest.java:[40,13] cannot find symbol\n[ERROR]   symbol:   class Predicate\n[ERROR]   location: class evaluation.EvaluationTest\n[ERROR] /tmp/eval-dev-quality1843269190/plain/src/test/java/com/eval/PlainTest.java:[14,9] com.eval.Plain is not public in com.eval; cannot be accessed from outside package\n[ERROR] /tmp/eval-dev-quality1843269190/plain/src/test/java/com/eval/PlainTest.java:[19,9] com.eval.Plain is not public in com.eval; cannot be accessed from outside package\n[ERROR] /tmp/eval-dev-quality1843269190/plain/src/test/java/com/eval/PlainTest.java:[20,27] com.eval.Plain is not public in com.eval; cannot be accessed from outside package\n[ERROR] /tmp/eval-dev-quality1843269190/plain/src/test/java/com/eval/PlainTest.java:[25,9] com.eval.Plain is not public in com.eval; cannot be accessed from outside package\n[ERROR] /tmp/eval-dev-quality1843269190/plain/src/test/java/com/eval/PlainTest.java:[28,52] cannot find symbol\n[ERROR]   symbol:   variable converting\n[ERROR]   location: class evaluation.EvaluationTest\n[ERROR] /tmp/eval-dev-quality1843269190/plain/src/test/java/com/eval/PlainTest.java:[33,23] non-static method testPlainMethodCall() cannot be referenced from a static context\n[ERROR] -> [Help 1]\n[ERROR] \n[ERROR] To see the full stack trace of the errors, re-run Maven with the -e switch.\n[ERROR] Re-run Maven using the -X switch to enable full debug logging.\n[ERROR] \n[ERROR] For more information about the errors and possible solutions, please read the following articles:\n[ERROR] [Help 1] http://cwiki.apache.org/confluence/display/MAVEN/MojoFailureException\n",
}
Stacktrace: goroutine 1 [running]:
gitlab.nethead.at/symflower/symflower/model/errors.NewInternalError({0x1f42da0?, 0xc0001d8e60}, {0xffa8c0?, 0xc00062c1f8})
	gitlab.nethead.at/symflower/symflower/model/errors/error.go:850 +0x59
gitlab.nethead.at/symflower/symflower/language/java/execute.MavenDependencyCommand.func1()
	gitlab.nethead.at/symflower/symflower/language/java/execute/maven.go:80 +0x1ef
github.com/avast/retry-go.Do(0xc0004fd8b8, {0xc0004fd8a0, 0x3, 0x418c94?})
	github.com/avast/retry-go/retry.go:135 +0x5a3
gitlab.nethead.at/symflower/symflower/language/java/execute.MavenDependencyCommand({0xc000618030, 0x26}, 0x0, {0xc0005ff980, 0x6, 0x6})
	gitlab.nethead.at/symflower/symflower/language/java/execute/maven.go:60 +0x1c5
gitlab.nethead.at/symflower/symflower/language/java/execute.MavenCloverCoverage({0xc000618030, 0x26})
	gitlab.nethead.at/symflower/symflower/language/java/execute/clover.go:131 +0xc9
gitlab.nethead.at/symflower/symflower/cmd/symflower-local/cmd.(*commandTest).Execute(0xc00023a578, {0xc00023a400?, 0x7f4d68277918?, 0xc00023a578?})
	gitlab.nethead.at/symflower/symflower/cmd/symflower-local/cmd/test.go:143 +0x54f
gitlab.nethead.at/symflower/symflower/cmd.ExecuteNoExit({0x1f425e0?, 0xc00023a400}, {0xc000216000?, 0x2782d80?, 0xc0001bbed8?})
	gitlab.nethead.at/symflower/symflower/cmd/execute.go:56 +0x2d0
gitlab.nethead.at/symflower/symflower/cmd.Execute({0x1f425e0?, 0xc00023a400?}, {0xc000216000?, 0x274c500?, 0xc00023a400?})
	gitlab.nethead.at/symflower/symflower/cmd/execute.go:16 +0x26
gitlab.nethead.at/symflower/symflower/cmd.ExecuteWithOSArguments(...)
	gitlab.nethead.at/symflower/symflower/cmd/execute.go:75
main.main.func1()
	gitlab.nethead.at/symflower/symflower/cmd/symflower-demo/main.go:40 +0x34
gitlab.nethead.at/symflower/symflower/cmd/symflower-local/cmd.(*Command).WithPanicReporter(0xc000130058?, 0x2636b18?)
	gitlab.nethead.at/symflower/symflower/cmd/symflower-local/cmd/cmd.go:184 +0x48
main.main()
	gitlab.nethead.at/symflower/symflower/cmd/symflower-demo/main.go:39 +0xa5


src/main/java/com/eval/Plain.java]
2024/06/06 10:16:54 Evaluating model "openrouter/intel/neural-chat-7b" using language "java" and repository "java/plain"
2024/06/06 10:16:54 Querying model "openrouter/intel/neural-chat-7b" with:
	Given the following Java code file "src/main/java/com/eval/Plain.java" with package "com.eval", provide a test file for this code with JUnit 5 as a test framework.
	The tests should produce 100 percent code coverage and must compile.
	The response must contain only the test code and nothing else.

	```java
	package com.eval;

	class Plain {
	    static void plain() {
	    }
	}
	```
2024/06/06 10:17:18 Model "openrouter/intel/neural-chat-7b" responded (24124 ms) with:
	 package evaluation;

	import com.eval.Plain;
	import org.junit.jupiter.api.Test;
	import org.junit.platform.commons.AssertionResult;

	import static org.junit.jupiter.api.Assertions.assertEquals;
	import static org.junit.jupiter.api.Assertions.assertTrue;
	import static org.junit.platform.commons.assertion.Bool.converting;

	class EvaluationTest {
	    @Test
	    void testPlainMethodEmptyBody() {
	        Plain.plain();
	    }

	    @Test
	    void testPlainMethodCall() {
	        Plain.plain();
	        assertNotNull(new Plain());
	    }

	    @Test
	    void testPlainMethodHasOnlyBody() {
	        Plain.plain();
	        assertEquals(1, 1);
	        assertEquals(2, 2);
	        assertTrue(corresponds("string", "string", converting));
	    }

	    @Test
	    void testPlainMethodInvocation() {
	        EvaluationTest.testPlainMethodCall();
	    }

	    private Predicate<String> corresponding() {
	        return s -> s.equals("string");
	    }

	    private Predicate<String> corresponds(String key, String value, Predicate<Boolean> converter) {
	        return converter.test(corresponding().apply(key, value));
	    }
	}
2024/06/06 10:17:18 $ symflower test --language java --workspace /tmp/eval-dev-quality1843269190/plain --coverage-file /tmp/eval-dev-quality1843269190/plain/coverage.json
[0;34mGive us your feedback and let us know how we can improve Symflower at hello@symflower.com or https://github.com/symflower/symflower. Thanks so much for your help![0m
ERROR: All attempts fail:
#1: Internal error: exit status 1:
[]interface {}{
    "/tmp/eval-dev-quality1843269190/plain/",
    "[INFO] Scanning for projects...\n[WARNING] \n[WARNING] Some problems were encountered while building the effective model for eval.dev.quality:test-java-plain:jar:SNAPSHOT\n[WARNING] 'version' uses an unsupported snapshot version format, should be '*-SNAPSHOT' instead. @ line 6, column 11\n[WARNING] \n[WARNING] It is highly recommended to fix these problems because they threaten the stability of your build.\n[WARNING] \n[WARNING] For this reason, future Maven versions might no longer support building such malformed projects.\n[WARNING] \n[INFO] \n[INFO] ------------------< eval.dev.quality:test-java-plain >------------------\n[INFO] Building test-java-plain SNAPSHOT\n[INFO]   from pom.xml\n[INFO] --------------------------------[ jar ]---------------------------------\n[INFO] \n[INFO] --- clean:3.2.0:clean (default-clean) @ test-java-plain ---\n[INFO] \n[INFO] --- resources:3.3.1:resources (default-resources) @ test-java-plain ---\n[WARNING] Using platform encoding (UTF-8 actually) to copy filtered resources, i.e. build is platform dependent!\n[INFO] skip non existing resourceDirectory /tmp/eval-dev-quality1843269190/plain/src/main/resources\n[INFO] \n[INFO] --- compiler:3.11.0:compile (default-compile) @ test-java-plain ---\n[INFO] Changes detected - recompiling the module! :source\n[WARNING] File encoding has not been set, using platform encoding UTF-8, i.e. build is platform dependent!\n[INFO] Compiling 1 source file with javac [debug target 11] to target/classes\n[WARNING] system modules path not set in conjunction with -source 11\n[INFO] \n[INFO] --- resources:3.3.1:resources (default-resources) @ test-java-plain ---\n[WARNING] Using platform encoding (UTF-8 actually) to copy filtered resources, i.e. build is platform dependent!\n[INFO] skip non existing resourceDirectory /tmp/eval-dev-quality1843269190/plain/src/main/resources\n[INFO] \n[INFO] --- compiler:3.11.0:compile (default-compile) @ test-java-plain ---\n[INFO] Nothing to compile - all classes are up to date\n[INFO] \n[INFO] --- resources:3.3.1:testResources (default-testResources) @ test-java-plain ---\n[WARNING] Using platform encoding (UTF-8 actually) to copy filtered resources, i.e. build is platform dependent!\n[INFO] skip non existing resourceDirectory /tmp/eval-dev-quality1843269190/plain/src/test/resources\n[INFO] \n[INFO] --- compiler:3.11.0:testCompile (default-testCompile) @ test-java-plain ---\n[INFO] Changes detected - recompiling the module! :dependency\n[WARNING] File encoding has not been set, using platform encoding UTF-8, i.e. build is platform dependent!\n[INFO] Compiling 1 source file with javac [debug target 11] to target/test-classes\n[INFO] -------------------------------------------------------------\n[WARNING] COMPILATION WARNING : \n[INFO] -------------------------------------------------------------\n[WARNING] system modules path not set in conjunction with -source 11\n[INFO] 1 warning\n[INFO] -------------------------------------------------------------\n[INFO] -------------------------------------------------------------\n[ERROR] COMPILATION ERROR : \n[INFO] -------------------------------------------------------------\n[ERROR] /tmp/eval-dev-quality1843269190/plain/src/test/java/com/eval/PlainTest.java:[3,16] com.eval.Plain is not public in com.eval; cannot be accessed from outside package\n[ERROR] /tmp/eval-dev-quality1843269190/plain/src/test/java/com/eval/PlainTest.java:[5,34] cannot find symbol\n  symbol:   class AssertionResult\n  location: package org.junit.platform.commons\n[ERROR] /tmp/eval-dev-quality1843269190/plain/src/test/java/com/eval/PlainTest.java:[9,51] package org.junit.platform.commons.assertion does not exist\n[ERROR] /tmp/eval-dev-quality1843269190/plain/src/test/java/com/eval/PlainTest.java:[9,1] static import only from classes and interfaces\n[ERROR] /tmp/eval-dev-quality1843269190/plain/src/test/java/com/eval/PlainTest.java:[36,13] cannot find symbol\n  symbol:   class Predicate\n  location: class evaluation.EvaluationTest\n[ERROR] /tmp/eval-dev-quality1843269190/plain/src/test/java/com/eval/PlainTest.java:[40,69] cannot find symbol\n  symbol:   class Predicate\n  location: class evaluation.EvaluationTest\n[ERROR] /tmp/eval-dev-quality1843269190/plain/src/test/java/com/eval/PlainTest.java:[40,13] cannot find symbol\n  symbol:   class Predicate\n  location: class evaluation.EvaluationTest\n[ERROR] /tmp/eval-dev-quality1843269190/plain/src/test/java/com/eval/PlainTest.java:[14,9] com.eval.Plain is not public in com.eval; cannot be accessed from outside package\n[ERROR] /tmp/eval-dev-quality1843269190/plain/src/test/java/com/eval/PlainTest.java:[19,9] com.eval.Plain is not public in com.eval; cannot be accessed from outside package\n[ERROR] /tmp/eval-dev-quality1843269190/plain/src/test/java/com/eval/PlainTest.java:[20,27] com.eval.Plain is not public in com.eval; cannot be accessed from outside package\n[ERROR] /tmp/eval-dev-quality1843269190/plain/src/test/java/com/eval/PlainTest.java:[25,9] com.eval.Plain is not public in com.eval; cannot be accessed from outside package\n[ERROR] /tmp/eval-dev-quality1843269190/plain/src/test/java/com/eval/PlainTest.java:[28,52] cannot find symbol\n  symbol:   variable converting\n  location: class evaluation.EvaluationTest\n[ERROR] /tmp/eval-dev-quality1843269190/plain/src/test/java/com/eval/PlainTest.java:[33,23] non-static method testPlainMethodCall() cannot be referenced from a static context\n[INFO] 13 errors \n[INFO] -------------------------------------------------------------\n[INFO] ------------------------------------------------------------------------\n[INFO] BUILD FAILURE\n[INFO] ------------------------------------------------------------------------\n[INFO] Total time:  0.938 s\n[INFO] Finished at: 2024-06-06T10:17:20+02:00\n[INFO] ------------------------------------------------------------------------\n[ERROR] Failed to execute goal org.apache.maven.plugins:maven-compiler-plugin:3.11.0:testCompile (default-testCompile) on project test-java-plain: Compilation failure: Compilation failure: \n[ERROR] /tmp/eval-dev-quality1843269190/plain/src/test/java/com/eval/PlainTest.java:[3,16] com.eval.Plain is not public in com.eval; cannot be accessed from outside package\n[ERROR] /tmp/eval-dev-quality1843269190/plain/src/test/java/com/eval/PlainTest.java:[5,34] cannot find symbol\n[ERROR]   symbol:   class AssertionResult\n[ERROR]   location: package org.junit.platform.commons\n[ERROR] /tmp/eval-dev-quality1843269190/plain/src/test/java/com/eval/PlainTest.java:[9,51] package org.junit.platform.commons.assertion does not exist\n[ERROR] /tmp/eval-dev-quality1843269190/plain/src/test/java/com/eval/PlainTest.java:[9,1] static import only from classes and interfaces\n[ERROR] /tmp/eval-dev-quality1843269190/plain/src/test/java/com/eval/PlainTest.java:[36,13] cannot find symbol\n[ERROR]   symbol:   class Predicate\n[ERROR]   location: class evaluation.EvaluationTest\n[ERROR] /tmp/eval-dev-quality1843269190/plain/src/test/java/com/eval/PlainTest.java:[40,69] cannot find symbol\n[ERROR]   symbol:   class Predicate\n[ERROR]   location: class evaluation.EvaluationTest\n[ERROR] /tmp/eval-dev-quality1843269190/plain/src/test/java/com/eval/PlainTest.java:[40,13] cannot find symbol\n[ERROR]   symbol:   class Predicate\n[ERROR]   location: class evaluation.EvaluationTest\n[ERROR] /tmp/eval-dev-quality1843269190/plain/src/test/java/com/eval/PlainTest.java:[14,9] com.eval.Plain is not public in com.eval; cannot be accessed from outside package\n[ERROR] /tmp/eval-dev-quality1843269190/plain/src/test/java/com/eval/PlainTest.java:[19,9] com.eval.Plain is not public in com.eval; cannot be accessed from outside package\n[ERROR] /tmp/eval-dev-quality1843269190/plain/src/test/java/com/eval/PlainTest.java:[20,27] com.eval.Plain is not public in com.eval; cannot be accessed from outside package\n[ERROR] /tmp/eval-dev-quality1843269190/plain/src/test/java/com/eval/PlainTest.java:[25,9] com.eval.Plain is not public in com.eval; cannot be accessed from outside package\n[ERROR] /tmp/eval-dev-quality1843269190/plain/src/test/java/com/eval/PlainTest.java:[28,52] cannot find symbol\n[ERROR]   symbol:   variable converting\n[ERROR]   location: class evaluation.EvaluationTest\n[ERROR] /tmp/eval-dev-quality1843269190/plain/src/test/java/com/eval/PlainTest.java:[33,23] non-static method testPlainMethodCall() cannot be referenced from a static context\n[ERROR] -> [Help 1]\n[ERROR] \n[ERROR] To see the full stack trace of the errors, re-run Maven with the -e switch.\n[ERROR] Re-run Maven using the -X switch to enable full debug logging.\n[ERROR] \n[ERROR] For more information about the errors and possible solutions, please read the following articles:\n[ERROR] [Help 1] http://cwiki.apache.org/confluence/display/MAVEN/MojoFailureException\n",
}
Stacktrace: goroutine 1 [running]:
gitlab.nethead.at/symflower/symflower/model/errors.NewInternalError({0x1f42da0?, 0xc0004a0020}, {0xffa8c0?, 0xc0000122b8})
	gitlab.nethead.at/symflower/symflower/model/errors/error.go:850 +0x59
gitlab.nethead.at/symflower/symflower/language/java/execute.MavenDependencyCommand.func1()
	gitlab.nethead.at/symflower/symflower/language/java/execute/maven.go:80 +0x1ef
github.com/avast/retry-go.Do(0xc0001bd8b8, {0xc0001bd8a0, 0x3, 0x418c94?})
	github.com/avast/retry-go/retry.go:135 +0x5a3
gitlab.nethead.at/symflower/symflower/language/java/execute.MavenDependencyCommand({0xc000524030, 0x26}, 0x0, {0xc0004759e0, 0x6, 0x6})
	gitlab.nethead.at/symflower/symflower/language/java/execute/maven.go:60 +0x1c5
gitlab.nethead.at/symflower/symflower/language/java/execute.MavenCloverCoverage({0xc000524030, 0x26})
	gitlab.nethead.at/symflower/symflower/language/java/execute/clover.go:131 +0xc9
gitlab.nethead.at/symflower/symflower/cmd/symflower-local/cmd.(*commandTest).Execute(0xc00050c578, {0xc00050c400?, 0x7f97906811f8?, 0xc00050c578?})
	gitlab.nethead.at/symflower/symflower/cmd/symflower-local/cmd/test.go:143 +0x54f
gitlab.nethead.at/symflower/symflower/cmd.ExecuteNoExit({0x1f425e0?, 0xc00050c400}, {0xc000040080?, 0x2782d80?, 0xc00059fed8?})
	gitlab.nethead.at/symflower/symflower/cmd/execute.go:56 +0x2d0
gitlab.nethead.at/symflower/symflower/cmd.Execute({0x1f425e0?, 0xc00050c400?}, {0xc000040080?, 0x274c500?, 0xc00050c400?})
	gitlab.nethead.at/symflower/symflower/cmd/execute.go:16 +0x26
gitlab.nethead.at/symflower/symflower/cmd.ExecuteWithOSArguments(...)
	gitlab.nethead.at/symflower/symflower/cmd/execute.go:75
main.main.func1()
	gitlab.nethead.at/symflower/symflower/cmd/symflower-demo/main.go:40 +0x34
gitlab.nethead.at/symflower/symflower/cmd/symflower-local/cmd.(*Command).WithPanicReporter(0xc000130058?, 0x2636b18?)
	gitlab.nethead.at/symflower/symflower/cmd/symflower-local/cmd/cmd.go:184 +0x48
main.main()
	gitlab.nethead.at/symflower/symflower/cmd/symflower-demo/main.go:39 +0xa5

2024/06/06 10:17:20 Evaluated model "openrouter/intel/neural-chat-7b" using language "java" and repository "java/plain": encountered 1 problems: [exit status 1
[0;34mGive us your feedback and let us know how we can improve Symflower at hello@symflower.com or https://github.com/symflower/symflower. Thanks so much for your help![0m
ERROR: All attempts fail:
#1: Internal error: exit status 1:
[]interface {}{
    "/tmp/eval-dev-quality1843269190/plain/",
    "[INFO] Scanning for projects...\n[WARNING] \n[WARNING] Some problems were encountered while building the effective model for eval.dev.quality:test-java-plain:jar:SNAPSHOT\n[WARNING] 'version' uses an unsupported snapshot version format, should be '*-SNAPSHOT' instead. @ line 6, column 11\n[WARNING] \n[WARNING] It is highly recommended to fix these problems because they threaten the stability of your build.\n[WARNING] \n[WARNING] For this reason, future Maven versions might no longer support building such malformed projects.\n[WARNING] \n[INFO] \n[INFO] ------------------< eval.dev.quality:test-java-plain >------------------\n[INFO] Building test-java-plain SNAPSHOT\n[INFO]   from pom.xml\n[INFO] --------------------------------[ jar ]---------------------------------\n[INFO] \n[INFO] --- clean:3.2.0:clean (default-clean) @ test-java-plain ---\n[INFO] \n[INFO] --- resources:3.3.1:resources (default-resources) @ test-java-plain ---\n[WARNING] Using platform encoding (UTF-8 actually) to copy filtered resources, i.e. build is platform dependent!\n[INFO] skip non existing resourceDirectory /tmp/eval-dev-quality1843269190/plain/src/main/resources\n[INFO] \n[INFO] --- compiler:3.11.0:compile (default-compile) @ test-java-plain ---\n[INFO] Changes detected - recompiling the module! :source\n[WARNING] File encoding has not been set, using platform encoding UTF-8, i.e. build is platform dependent!\n[INFO] Compiling 1 source file with javac [debug target 11] to target/classes\n[WARNING] system modules path not set in conjunction with -source 11\n[INFO] \n[INFO] --- resources:3.3.1:resources (default-resources) @ test-java-plain ---\n[WARNING] Using platform encoding (UTF-8 actually) to copy filtered resources, i.e. build is platform dependent!\n[INFO] skip non existing resourceDirectory /tmp/eval-dev-quality1843269190/plain/src/main/resources\n[INFO] \n[INFO] --- compiler:3.11.0:compile (default-compile) @ test-java-plain ---\n[INFO] Nothing to compile - all classes are up to date\n[INFO] \n[INFO] --- resources:3.3.1:testResources (default-testResources) @ test-java-plain ---\n[WARNING] Using platform encoding (UTF-8 actually) to copy filtered resources, i.e. build is platform dependent!\n[INFO] skip non existing resourceDirectory /tmp/eval-dev-quality1843269190/plain/src/test/resources\n[INFO] \n[INFO] --- compiler:3.11.0:testCompile (default-testCompile) @ test-java-plain ---\n[INFO] Changes detected - recompiling the module! :dependency\n[WARNING] File encoding has not been set, using platform encoding UTF-8, i.e. build is platform dependent!\n[INFO] Compiling 1 source file with javac [debug target 11] to target/test-classes\n[INFO] -------------------------------------------------------------\n[WARNING] COMPILATION WARNING : \n[INFO] -------------------------------------------------------------\n[WARNING] system modules path not set in conjunction with -source 11\n[INFO] 1 warning\n[INFO] -------------------------------------------------------------\n[INFO] -------------------------------------------------------------\n[ERROR] COMPILATION ERROR : \n[INFO] -------------------------------------------------------------\n[ERROR] /tmp/eval-dev-quality1843269190/plain/src/test/java/com/eval/PlainTest.java:[3,16] com.eval.Plain is not public in com.eval; cannot be accessed from outside package\n[ERROR] /tmp/eval-dev-quality1843269190/plain/src/test/java/com/eval/PlainTest.java:[5,34] cannot find symbol\n  symbol:   class AssertionResult\n  location: package org.junit.platform.commons\n[ERROR] /tmp/eval-dev-quality1843269190/plain/src/test/java/com/eval/PlainTest.java:[9,51] package org.junit.platform.commons.assertion does not exist\n[ERROR] /tmp/eval-dev-quality1843269190/plain/src/test/java/com/eval/PlainTest.java:[9,1] static import only from classes and interfaces\n[ERROR] /tmp/eval-dev-quality1843269190/plain/src/test/java/com/eval/PlainTest.java:[36,13] cannot find symbol\n  symbol:   class Predicate\n  location: class evaluation.EvaluationTest\n[ERROR] /tmp/eval-dev-quality1843269190/plain/src/test/java/com/eval/PlainTest.java:[40,69] cannot find symbol\n  symbol:   class Predicate\n  location: class evaluation.EvaluationTest\n[ERROR] /tmp/eval-dev-quality1843269190/plain/src/test/java/com/eval/PlainTest.java:[40,13] cannot find symbol\n  symbol:   class Predicate\n  location: class evaluation.EvaluationTest\n[ERROR] /tmp/eval-dev-quality1843269190/plain/src/test/java/com/eval/PlainTest.java:[14,9] com.eval.Plain is not public in com.eval; cannot be accessed from outside package\n[ERROR] /tmp/eval-dev-quality1843269190/plain/src/test/java/com/eval/PlainTest.java:[19,9] com.eval.Plain is not public in com.eval; cannot be accessed from outside package\n[ERROR] /tmp/eval-dev-quality1843269190/plain/src/test/java/com/eval/PlainTest.java:[20,27] com.eval.Plain is not public in com.eval; cannot be accessed from outside package\n[ERROR] /tmp/eval-dev-quality1843269190/plain/src/test/java/com/eval/PlainTest.java:[25,9] com.eval.Plain is not public in com.eval; cannot be accessed from outside package\n[ERROR] /tmp/eval-dev-quality1843269190/plain/src/test/java/com/eval/PlainTest.java:[28,52] cannot find symbol\n  symbol:   variable converting\n  location: class evaluation.EvaluationTest\n[ERROR] /tmp/eval-dev-quality1843269190/plain/src/test/java/com/eval/PlainTest.java:[33,23] non-static method testPlainMethodCall() cannot be referenced from a static context\n[INFO] 13 errors \n[INFO] -------------------------------------------------------------\n[INFO] ------------------------------------------------------------------------\n[INFO] BUILD FAILURE\n[INFO] ------------------------------------------------------------------------\n[INFO] Total time:  0.938 s\n[INFO] Finished at: 2024-06-06T10:17:20+02:00\n[INFO] ------------------------------------------------------------------------\n[ERROR] Failed to execute goal org.apache.maven.plugins:maven-compiler-plugin:3.11.0:testCompile (default-testCompile) on project test-java-plain: Compilation failure: Compilation failure: \n[ERROR] /tmp/eval-dev-quality1843269190/plain/src/test/java/com/eval/PlainTest.java:[3,16] com.eval.Plain is not public in com.eval; cannot be accessed from outside package\n[ERROR] /tmp/eval-dev-quality1843269190/plain/src/test/java/com/eval/PlainTest.java:[5,34] cannot find symbol\n[ERROR]   symbol:   class AssertionResult\n[ERROR]   location: package org.junit.platform.commons\n[ERROR] /tmp/eval-dev-quality1843269190/plain/src/test/java/com/eval/PlainTest.java:[9,51] package org.junit.platform.commons.assertion does not exist\n[ERROR] /tmp/eval-dev-quality1843269190/plain/src/test/java/com/eval/PlainTest.java:[9,1] static import only from classes and interfaces\n[ERROR] /tmp/eval-dev-quality1843269190/plain/src/test/java/com/eval/PlainTest.java:[36,13] cannot find symbol\n[ERROR]   symbol:   class Predicate\n[ERROR]   location: class evaluation.EvaluationTest\n[ERROR] /tmp/eval-dev-quality1843269190/plain/src/test/java/com/eval/PlainTest.java:[40,69] cannot find symbol\n[ERROR]   symbol:   class Predicate\n[ERROR]   location: class evaluation.EvaluationTest\n[ERROR] /tmp/eval-dev-quality1843269190/plain/src/test/java/com/eval/PlainTest.java:[40,13] cannot find symbol\n[ERROR]   symbol:   class Predicate\n[ERROR]   location: class evaluation.EvaluationTest\n[ERROR] /tmp/eval-dev-quality1843269190/plain/src/test/java/com/eval/PlainTest.java:[14,9] com.eval.Plain is not public in com.eval; cannot be accessed from outside package\n[ERROR] /tmp/eval-dev-quality1843269190/plain/src/test/java/com/eval/PlainTest.java:[19,9] com.eval.Plain is not public in com.eval; cannot be accessed from outside package\n[ERROR] /tmp/eval-dev-quality1843269190/plain/src/test/java/com/eval/PlainTest.java:[20,27] com.eval.Plain is not public in com.eval; cannot be accessed from outside package\n[ERROR] /tmp/eval-dev-quality1843269190/plain/src/test/java/com/eval/PlainTest.java:[25,9] com.eval.Plain is not public in com.eval; cannot be accessed from outside package\n[ERROR] /tmp/eval-dev-quality1843269190/plain/src/test/java/com/eval/PlainTest.java:[28,52] cannot find symbol\n[ERROR]   symbol:   variable converting\n[ERROR]   location: class evaluation.EvaluationTest\n[ERROR] /tmp/eval-dev-quality1843269190/plain/src/test/java/com/eval/PlainTest.java:[33,23] non-static method testPlainMethodCall() cannot be referenced from a static context\n[ERROR] -> [Help 1]\n[ERROR] \n[ERROR] To see the full stack trace of the errors, re-run Maven with the -e switch.\n[ERROR] Re-run Maven using the -X switch to enable full debug logging.\n[ERROR] \n[ERROR] For more information about the errors and possible solutions, please read the following articles:\n[ERROR] [Help 1] http://cwiki.apache.org/confluence/display/MAVEN/MojoFailureException\n",
}
Stacktrace: goroutine 1 [running]:
gitlab.nethead.at/symflower/symflower/model/errors.NewInternalError({0x1f42da0?, 0xc0004a0020}, {0xffa8c0?, 0xc0000122b8})
	gitlab.nethead.at/symflower/symflower/model/errors/error.go:850 +0x59
gitlab.nethead.at/symflower/symflower/language/java/execute.MavenDependencyCommand.func1()
	gitlab.nethead.at/symflower/symflower/language/java/execute/maven.go:80 +0x1ef
github.com/avast/retry-go.Do(0xc0001bd8b8, {0xc0001bd8a0, 0x3, 0x418c94?})
	github.com/avast/retry-go/retry.go:135 +0x5a3
gitlab.nethead.at/symflower/symflower/language/java/execute.MavenDependencyCommand({0xc000524030, 0x26}, 0x0, {0xc0004759e0, 0x6, 0x6})
	gitlab.nethead.at/symflower/symflower/language/java/execute/maven.go:60 +0x1c5
gitlab.nethead.at/symflower/symflower/language/java/execute.MavenCloverCoverage({0xc000524030, 0x26})
	gitlab.nethead.at/symflower/symflower/language/java/execute/clover.go:131 +0xc9
gitlab.nethead.at/symflower/symflower/cmd/symflower-local/cmd.(*commandTest).Execute(0xc00050c578, {0xc00050c400?, 0x7f97906811f8?, 0xc00050c578?})
	gitlab.nethead.at/symflower/symflower/cmd/symflower-local/cmd/test.go:143 +0x54f
gitlab.nethead.at/symflower/symflower/cmd.ExecuteNoExit({0x1f425e0?, 0xc00050c400}, {0xc000040080?, 0x2782d80?, 0xc00059fed8?})
	gitlab.nethead.at/symflower/symflower/cmd/execute.go:56 +0x2d0
gitlab.nethead.at/symflower/symflower/cmd.Execute({0x1f425e0?, 0xc00050c400?}, {0xc000040080?, 0x274c500?, 0xc00050c400?})
	gitlab.nethead.at/symflower/symflower/cmd/execute.go:16 +0x26
gitlab.nethead.at/symflower/symflower/cmd.ExecuteWithOSArguments(...)
	gitlab.nethead.at/symflower/symflower/cmd/execute.go:75
main.main.func1()
	gitlab.nethead.at/symflower/symflower/cmd/symflower-demo/main.go:40 +0x34
gitlab.nethead.at/symflower/symflower/cmd/symflower-local/cmd.(*Command).WithPanicReporter(0xc000130058?, 0x2636b18?)
	gitlab.nethead.at/symflower/symflower/cmd/symflower-local/cmd/cmd.go:184 +0x48
main.main()
	gitlab.nethead.at/symflower/symflower/cmd/symflower-demo/main.go:39 +0xa5


github.com/symflower/eval-dev-quality/util.CommandWithResult
	/home/eval/eval-dev-quality/util/exec.go:52
github.com/symflower/eval-dev-quality/language/java.(*Language).Execute
	/home/eval/eval-dev-quality/language/java/language.go:94
github.com/symflower/eval-dev-quality/evaluate.Repository
	/home/eval/eval-dev-quality/evaluate/repository.go:57
github.com/symflower/eval-dev-quality/evaluate.Evaluate.func1
	/home/eval/eval-dev-quality/evaluate/evaluate.go:119
github.com/symflower/eval-dev-quality/evaluate.withLoadedModel
	/home/eval/eval-dev-quality/evaluate/evaluate.go:253
github.com/symflower/eval-dev-quality/evaluate.Evaluate
	/home/eval/eval-dev-quality/evaluate/evaluate.go:109
github.com/symflower/eval-dev-quality/cmd/eval-dev-quality/cmd.(*Evaluate).Execute
	/home/eval/eval-dev-quality/cmd/eval-dev-quality/cmd/evaluate.go:284
github.com/symflower/eval-dev-quality/cmd/eval-dev-quality/cmd.Execute.func1
	/home/eval/eval-dev-quality/cmd/eval-dev-quality/cmd/command.go:34
github.com/jessevdk/go-flags.(*Parser).ParseArgs
	/home/eval/go/pkg/mod/github.com/jessevdk/go-flags@v1.5.1-0.20210607101731-3927b71304df/parser.go:333
github.com/symflower/eval-dev-quality/cmd/eval-dev-quality/cmd.Execute
	/home/eval/eval-dev-quality/cmd/eval-dev-quality/cmd/command.go:37
main.main
	/home/eval/eval-dev-quality/cmd/eval-dev-quality/main.go:11
runtime.main
	/home/eval/go/src/runtime/proc.go:267
runtime.goexit
	/home/eval/go/src/runtime/asm_amd64.s:1650
github.com/symflower/eval-dev-quality/language/java.(*Language).Execute
	/home/eval/eval-dev-quality/language/java/language.go:105
github.com/symflower/eval-dev-quality/evaluate.Repository
	/home/eval/eval-dev-quality/evaluate/repository.go:57
github.com/symflower/eval-dev-quality/evaluate.Evaluate.func1
	/home/eval/eval-dev-quality/evaluate/evaluate.go:119
github.com/symflower/eval-dev-quality/evaluate.withLoadedModel
	/home/eval/eval-dev-quality/evaluate/evaluate.go:253
github.com/symflower/eval-dev-quality/evaluate.Evaluate
	/home/eval/eval-dev-quality/evaluate/evaluate.go:109
github.com/symflower/eval-dev-quality/cmd/eval-dev-quality/cmd.(*Evaluate).Execute
	/home/eval/eval-dev-quality/cmd/eval-dev-quality/cmd/evaluate.go:284
github.com/symflower/eval-dev-quality/cmd/eval-dev-quality/cmd.Execute.func1
	/home/eval/eval-dev-quality/cmd/eval-dev-quality/cmd/command.go:34
github.com/jessevdk/go-flags.(*Parser).ParseArgs
	/home/eval/go/pkg/mod/github.com/jessevdk/go-flags@v1.5.1-0.20210607101731-3927b71304df/parser.go:333
github.com/symflower/eval-dev-quality/cmd/eval-dev-quality/cmd.Execute
	/home/eval/eval-dev-quality/cmd/eval-dev-quality/cmd/command.go:37
main.main
	/home/eval/eval-dev-quality/cmd/eval-dev-quality/main.go:11
runtime.main
	/home/eval/go/src/runtime/proc.go:267
runtime.goexit
	/home/eval/go/src/runtime/asm_amd64.s:1650
[0;34mGive us your feedback and let us know how we can improve Symflower at hello@symflower.com or https://github.com/symflower/symflower. Thanks so much for your help![0m
ERROR: All attempts fail:
#1: Internal error: exit status 1:
[]interface {}{
    "/tmp/eval-dev-quality1843269190/plain/",
    "[INFO] Scanning for projects...\n[WARNING] \n[WARNING] Some problems were encountered while building the effective model for eval.dev.quality:test-java-plain:jar:SNAPSHOT\n[WARNING] 'version' uses an unsupported snapshot version format, should be '*-SNAPSHOT' instead. @ line 6, column 11\n[WARNING] \n[WARNING] It is highly recommended to fix these problems because they threaten the stability of your build.\n[WARNING] \n[WARNING] For this reason, future Maven versions might no longer support building such malformed projects.\n[WARNING] \n[INFO] \n[INFO] ------------------< eval.dev.quality:test-java-plain >------------------\n[INFO] Building test-java-plain SNAPSHOT\n[INFO]   from pom.xml\n[INFO] --------------------------------[ jar ]---------------------------------\n[INFO] \n[INFO] --- clean:3.2.0:clean (default-clean) @ test-java-plain ---\n[INFO] \n[INFO] --- resources:3.3.1:resources (default-resources) @ test-java-plain ---\n[WARNING] Using platform encoding (UTF-8 actually) to copy filtered resources, i.e. build is platform dependent!\n[INFO] skip non existing resourceDirectory /tmp/eval-dev-quality1843269190/plain/src/main/resources\n[INFO] \n[INFO] --- compiler:3.11.0:compile (default-compile) @ test-java-plain ---\n[INFO] Changes detected - recompiling the module! :source\n[WARNING] File encoding has not been set, using platform encoding UTF-8, i.e. build is platform dependent!\n[INFO] Compiling 1 source file with javac [debug target 11] to target/classes\n[WARNING] system modules path not set in conjunction with -source 11\n[INFO] \n[INFO] --- resources:3.3.1:resources (default-resources) @ test-java-plain ---\n[WARNING] Using platform encoding (UTF-8 actually) to copy filtered resources, i.e. build is platform dependent!\n[INFO] skip non existing resourceDirectory /tmp/eval-dev-quality1843269190/plain/src/main/resources\n[INFO] \n[INFO] --- compiler:3.11.0:compile (default-compile) @ test-java-plain ---\n[INFO] Nothing to compile - all classes are up to date\n[INFO] \n[INFO] --- resources:3.3.1:testResources (default-testResources) @ test-java-plain ---\n[WARNING] Using platform encoding (UTF-8 actually) to copy filtered resources, i.e. build is platform dependent!\n[INFO] skip non existing resourceDirectory /tmp/eval-dev-quality1843269190/plain/src/test/resources\n[INFO] \n[INFO] --- compiler:3.11.0:testCompile (default-testCompile) @ test-java-plain ---\n[INFO] Changes detected - recompiling the module! :dependency\n[WARNING] File encoding has not been set, using platform encoding UTF-8, i.e. build is platform dependent!\n[INFO] Compiling 1 source file with javac [debug target 11] to target/test-classes\n[INFO] -------------------------------------------------------------\n[WARNING] COMPILATION WARNING : \n[INFO] -------------------------------------------------------------\n[WARNING] system modules path not set in conjunction with -source 11\n[INFO] 1 warning\n[INFO] -------------------------------------------------------------\n[INFO] -------------------------------------------------------------\n[ERROR] COMPILATION ERROR : \n[INFO] -------------------------------------------------------------\n[ERROR] /tmp/eval-dev-quality1843269190/plain/src/test/java/com/eval/PlainTest.java:[3,16] com.eval.Plain is not public in com.eval; cannot be accessed from outside package\n[ERROR] /tmp/eval-dev-quality1843269190/plain/src/test/java/com/eval/PlainTest.java:[5,34] cannot find symbol\n  symbol:   class AssertionResult\n  location: package org.junit.platform.commons\n[ERROR] /tmp/eval-dev-quality1843269190/plain/src/test/java/com/eval/PlainTest.java:[9,51] package org.junit.platform.commons.assertion does not exist\n[ERROR] /tmp/eval-dev-quality1843269190/plain/src/test/java/com/eval/PlainTest.java:[9,1] static import only from classes and interfaces\n[ERROR] /tmp/eval-dev-quality1843269190/plain/src/test/java/com/eval/PlainTest.java:[36,13] cannot find symbol\n  symbol:   class Predicate\n  location: class evaluation.EvaluationTest\n[ERROR] /tmp/eval-dev-quality1843269190/plain/src/test/java/com/eval/PlainTest.java:[40,69] cannot find symbol\n  symbol:   class Predicate\n  location: class evaluation.EvaluationTest\n[ERROR] /tmp/eval-dev-quality1843269190/plain/src/test/java/com/eval/PlainTest.java:[40,13] cannot find symbol\n  symbol:   class Predicate\n  location: class evaluation.EvaluationTest\n[ERROR] /tmp/eval-dev-quality1843269190/plain/src/test/java/com/eval/PlainTest.java:[14,9] com.eval.Plain is not public in com.eval; cannot be accessed from outside package\n[ERROR] /tmp/eval-dev-quality1843269190/plain/src/test/java/com/eval/PlainTest.java:[19,9] com.eval.Plain is not public in com.eval; cannot be accessed from outside package\n[ERROR] /tmp/eval-dev-quality1843269190/plain/src/test/java/com/eval/PlainTest.java:[20,27] com.eval.Plain is not public in com.eval; cannot be accessed from outside package\n[ERROR] /tmp/eval-dev-quality1843269190/plain/src/test/java/com/eval/PlainTest.java:[25,9] com.eval.Plain is not public in com.eval; cannot be accessed from outside package\n[ERROR] /tmp/eval-dev-quality1843269190/plain/src/test/java/com/eval/PlainTest.java:[28,52] cannot find symbol\n  symbol:   variable converting\n  location: class evaluation.EvaluationTest\n[ERROR] /tmp/eval-dev-quality1843269190/plain/src/test/java/com/eval/PlainTest.java:[33,23] non-static method testPlainMethodCall() cannot be referenced from a static context\n[INFO] 13 errors \n[INFO] -------------------------------------------------------------\n[INFO] ------------------------------------------------------------------------\n[INFO] BUILD FAILURE\n[INFO] ------------------------------------------------------------------------\n[INFO] Total time:  0.938 s\n[INFO] Finished at: 2024-06-06T10:17:20+02:00\n[INFO] ------------------------------------------------------------------------\n[ERROR] Failed to execute goal org.apache.maven.plugins:maven-compiler-plugin:3.11.0:testCompile (default-testCompile) on project test-java-plain: Compilation failure: Compilation failure: \n[ERROR] /tmp/eval-dev-quality1843269190/plain/src/test/java/com/eval/PlainTest.java:[3,16] com.eval.Plain is not public in com.eval; cannot be accessed from outside package\n[ERROR] /tmp/eval-dev-quality1843269190/plain/src/test/java/com/eval/PlainTest.java:[5,34] cannot find symbol\n[ERROR]   symbol:   class AssertionResult\n[ERROR]   location: package org.junit.platform.commons\n[ERROR] /tmp/eval-dev-quality1843269190/plain/src/test/java/com/eval/PlainTest.java:[9,51] package org.junit.platform.commons.assertion does not exist\n[ERROR] /tmp/eval-dev-quality1843269190/plain/src/test/java/com/eval/PlainTest.java:[9,1] static import only from classes and interfaces\n[ERROR] /tmp/eval-dev-quality1843269190/plain/src/test/java/com/eval/PlainTest.java:[36,13] cannot find symbol\n[ERROR]   symbol:   class Predicate\n[ERROR]   location: class evaluation.EvaluationTest\n[ERROR] /tmp/eval-dev-quality1843269190/plain/src/test/java/com/eval/PlainTest.java:[40,69] cannot find symbol\n[ERROR]   symbol:   class Predicate\n[ERROR]   location: class evaluation.EvaluationTest\n[ERROR] /tmp/eval-dev-quality1843269190/plain/src/test/java/com/eval/PlainTest.java:[40,13] cannot find symbol\n[ERROR]   symbol:   class Predicate\n[ERROR]   location: class evaluation.EvaluationTest\n[ERROR] /tmp/eval-dev-quality1843269190/plain/src/test/java/com/eval/PlainTest.java:[14,9] com.eval.Plain is not public in com.eval; cannot be accessed from outside package\n[ERROR] /tmp/eval-dev-quality1843269190/plain/src/test/java/com/eval/PlainTest.java:[19,9] com.eval.Plain is not public in com.eval; cannot be accessed from outside package\n[ERROR] /tmp/eval-dev-quality1843269190/plain/src/test/java/com/eval/PlainTest.java:[20,27] com.eval.Plain is not public in com.eval; cannot be accessed from outside package\n[ERROR] /tmp/eval-dev-quality1843269190/plain/src/test/java/com/eval/PlainTest.java:[25,9] com.eval.Plain is not public in com.eval; cannot be accessed from outside package\n[ERROR] /tmp/eval-dev-quality1843269190/plain/src/test/java/com/eval/PlainTest.java:[28,52] cannot find symbol\n[ERROR]   symbol:   variable converting\n[ERROR]   location: class evaluation.EvaluationTest\n[ERROR] /tmp/eval-dev-quality1843269190/plain/src/test/java/com/eval/PlainTest.java:[33,23] non-static method testPlainMethodCall() cannot be referenced from a static context\n[ERROR] -> [Help 1]\n[ERROR] \n[ERROR] To see the full stack trace of the errors, re-run Maven with the -e switch.\n[ERROR] Re-run Maven using the -X switch to enable full debug logging.\n[ERROR] \n[ERROR] For more information about the errors and possible solutions, please read the following articles:\n[ERROR] [Help 1] http://cwiki.apache.org/confluence/display/MAVEN/MojoFailureException\n",
}
Stacktrace: goroutine 1 [running]:
gitlab.nethead.at/symflower/symflower/model/errors.NewInternalError({0x1f42da0?, 0xc0004a0020}, {0xffa8c0?, 0xc0000122b8})
	gitlab.nethead.at/symflower/symflower/model/errors/error.go:850 +0x59
gitlab.nethead.at/symflower/symflower/language/java/execute.MavenDependencyCommand.func1()
	gitlab.nethead.at/symflower/symflower/language/java/execute/maven.go:80 +0x1ef
github.com/avast/retry-go.Do(0xc0001bd8b8, {0xc0001bd8a0, 0x3, 0x418c94?})
	github.com/avast/retry-go/retry.go:135 +0x5a3
gitlab.nethead.at/symflower/symflower/language/java/execute.MavenDependencyCommand({0xc000524030, 0x26}, 0x0, {0xc0004759e0, 0x6, 0x6})
	gitlab.nethead.at/symflower/symflower/language/java/execute/maven.go:60 +0x1c5
gitlab.nethead.at/symflower/symflower/language/java/execute.MavenCloverCoverage({0xc000524030, 0x26})
	gitlab.nethead.at/symflower/symflower/language/java/execute/clover.go:131 +0xc9
gitlab.nethead.at/symflower/symflower/cmd/symflower-local/cmd.(*commandTest).Execute(0xc00050c578, {0xc00050c400?, 0x7f97906811f8?, 0xc00050c578?})
	gitlab.nethead.at/symflower/symflower/cmd/symflower-local/cmd/test.go:143 +0x54f
gitlab.nethead.at/symflower/symflower/cmd.ExecuteNoExit({0x1f425e0?, 0xc00050c400}, {0xc000040080?, 0x2782d80?, 0xc00059fed8?})
	gitlab.nethead.at/symflower/symflower/cmd/execute.go:56 +0x2d0
gitlab.nethead.at/symflower/symflower/cmd.Execute({0x1f425e0?, 0xc00050c400?}, {0xc000040080?, 0x274c500?, 0xc00050c400?})
	gitlab.nethead.at/symflower/symflower/cmd/execute.go:16 +0x26
gitlab.nethead.at/symflower/symflower/cmd.ExecuteWithOSArguments(...)
	gitlab.nethead.at/symflower/symflower/cmd/execute.go:75
main.main.func1()
	gitlab.nethead.at/symflower/symflower/cmd/symflower-demo/main.go:40 +0x34
gitlab.nethead.at/symflower/symflower/cmd/symflower-local/cmd.(*Command).WithPanicReporter(0xc000130058?, 0x2636b18?)
	gitlab.nethead.at/symflower/symflower/cmd/symflower-local/cmd/cmd.go:184 +0x48
main.main()
	gitlab.nethead.at/symflower/symflower/cmd/symflower-demo/main.go:39 +0xa5


src/main/java/com/eval/Plain.java]
2024/06/06 10:27:05 Evaluating model "openrouter/intel/neural-chat-7b" using language "java" and repository "java/plain"
2024/06/06 10:27:05 Querying model "openrouter/intel/neural-chat-7b" with:
	Given the following Java code file "src/main/java/com/eval/Plain.java" with package "com.eval", provide a test file for this code with JUnit 5 as a test framework.
	The tests should produce 100 percent code coverage and must compile.
	The response must contain only the test code and nothing else.

	```java
	package com.eval;

	class Plain {
	    static void plain() {
	    }
	}
	```
2024/06/06 10:27:37 Model "openrouter/intel/neural-chat-7b" responded (31693 ms) with:
	 package evaluation;

	import com.eval.Plain;
	import org.junit.jupiter.api.Test;
	import org.junit.platform.commons.AssertionResult;

	import static org.junit.jupiter.api.Assertions.assertEquals;
	import static org.junit.jupiter.api.Assertions.assertTrue;
	import static org.junit.platform.commons.assertion.Bool.converting;

	class EvaluationTest {
	    @Test
	    void testPlainMethodEmptyBody() {
	        Plain.plain();
	    }

	    @Test
	    void testPlainMethodCall() {
	        Plain.plain();
	        assertNotNull(new Plain());
	    }

	    @Test
	    void testPlainMethodHasOnlyBody() {
	        Plain.plain();
	        assertEquals(1, 1);
	        assertEquals(2, 2);
	        assertTrue(corresponds("string", "string", converting));
	    }

	    @Test
	    void testPlainMethodInvocation() {
	        EvaluationTest.testPlainMethodCall();
	    }

	    private Predicate<String> corresponding() {
	        return s -> s.equals("string");
	    }

	    private Predicate<String> corresponds(String key, String value, Predicate<Boolean> converter) {
	        return converter.test(corresponding().apply(key, value));
	    }
	}
2024/06/06 10:27:37 $ symflower test --language java --workspace /tmp/eval-dev-quality1843269190/plain --coverage-file /tmp/eval-dev-quality1843269190/plain/coverage.json
[0;34mGive us your feedback and let us know how we can improve Symflower at hello@symflower.com or https://github.com/symflower/symflower. Thanks so much for your help![0m
ERROR: All attempts fail:
#1: Internal error: exit status 1:
[]interface {}{
    "/tmp/eval-dev-quality1843269190/plain/",
    "[INFO] Scanning for projects...\n[WARNING] \n[WARNING] Some problems were encountered while building the effective model for eval.dev.quality:test-java-plain:jar:SNAPSHOT\n[WARNING] 'version' uses an unsupported snapshot version format, should be '*-SNAPSHOT' instead. @ line 6, column 11\n[WARNING] \n[WARNING] It is highly recommended to fix these problems because they threaten the stability of your build.\n[WARNING] \n[WARNING] For this reason, future Maven versions might no longer support building such malformed projects.\n[WARNING] \n[INFO] \n[INFO] ------------------< eval.dev.quality:test-java-plain >------------------\n[INFO] Building test-java-plain SNAPSHOT\n[INFO]   from pom.xml\n[INFO] --------------------------------[ jar ]---------------------------------\n[INFO] \n[INFO] --- clean:3.2.0:clean (default-clean) @ test-java-plain ---\n[INFO] \n[INFO] --- resources:3.3.1:resources (default-resources) @ test-java-plain ---\n[WARNING] Using platform encoding (UTF-8 actually) to copy filtered resources, i.e. build is platform dependent!\n[INFO] skip non existing resourceDirectory /tmp/eval-dev-quality1843269190/plain/src/main/resources\n[INFO] \n[INFO] --- compiler:3.11.0:compile (default-compile) @ test-java-plain ---\n[INFO] Changes detected - recompiling the module! :source\n[WARNING] File encoding has not been set, using platform encoding UTF-8, i.e. build is platform dependent!\n[INFO] Compiling 1 source file with javac [debug target 11] to target/classes\n[WARNING] system modules path not set in conjunction with -source 11\n[INFO] \n[INFO] --- resources:3.3.1:resources (default-resources) @ test-java-plain ---\n[WARNING] Using platform encoding (UTF-8 actually) to copy filtered resources, i.e. build is platform dependent!\n[INFO] skip non existing resourceDirectory /tmp/eval-dev-quality1843269190/plain/src/main/resources\n[INFO] \n[INFO] --- compiler:3.11.0:compile (default-compile) @ test-java-plain ---\n[INFO] Nothing to compile - all classes are up to date\n[INFO] \n[INFO] --- resources:3.3.1:testResources (default-testResources) @ test-java-plain ---\n[WARNING] Using platform encoding (UTF-8 actually) to copy filtered resources, i.e. build is platform dependent!\n[INFO] skip non existing resourceDirectory /tmp/eval-dev-quality1843269190/plain/src/test/resources\n[INFO] \n[INFO] --- compiler:3.11.0:testCompile (default-testCompile) @ test-java-plain ---\n[INFO] Changes detected - recompiling the module! :dependency\n[WARNING] File encoding has not been set, using platform encoding UTF-8, i.e. build is platform dependent!\n[INFO] Compiling 1 source file with javac [debug target 11] to target/test-classes\n[INFO] -------------------------------------------------------------\n[WARNING] COMPILATION WARNING : \n[INFO] -------------------------------------------------------------\n[WARNING] system modules path not set in conjunction with -source 11\n[INFO] 1 warning\n[INFO] -------------------------------------------------------------\n[INFO] -------------------------------------------------------------\n[ERROR] COMPILATION ERROR : \n[INFO] -------------------------------------------------------------\n[ERROR] /tmp/eval-dev-quality1843269190/plain/src/test/java/com/eval/PlainTest.java:[3,16] com.eval.Plain is not public in com.eval; cannot be accessed from outside package\n[ERROR] /tmp/eval-dev-quality1843269190/plain/src/test/java/com/eval/PlainTest.java:[5,34] cannot find symbol\n  symbol:   class AssertionResult\n  location: package org.junit.platform.commons\n[ERROR] /tmp/eval-dev-quality1843269190/plain/src/test/java/com/eval/PlainTest.java:[9,51] package org.junit.platform.commons.assertion does not exist\n[ERROR] /tmp/eval-dev-quality1843269190/plain/src/test/java/com/eval/PlainTest.java:[9,1] static import only from classes and interfaces\n[ERROR] /tmp/eval-dev-quality1843269190/plain/src/test/java/com/eval/PlainTest.java:[36,13] cannot find symbol\n  symbol:   class Predicate\n  location: class evaluation.EvaluationTest\n[ERROR] /tmp/eval-dev-quality1843269190/plain/src/test/java/com/eval/PlainTest.java:[40,69] cannot find symbol\n  symbol:   class Predicate\n  location: class evaluation.EvaluationTest\n[ERROR] /tmp/eval-dev-quality1843269190/plain/src/test/java/com/eval/PlainTest.java:[40,13] cannot find symbol\n  symbol:   class Predicate\n  location: class evaluation.EvaluationTest\n[ERROR] /tmp/eval-dev-quality1843269190/plain/src/test/java/com/eval/PlainTest.java:[14,9] com.eval.Plain is not public in com.eval; cannot be accessed from outside package\n[ERROR] /tmp/eval-dev-quality1843269190/plain/src/test/java/com/eval/PlainTest.java:[19,9] com.eval.Plain is not public in com.eval; cannot be accessed from outside package\n[ERROR] /tmp/eval-dev-quality1843269190/plain/src/test/java/com/eval/PlainTest.java:[20,27] com.eval.Plain is not public in com.eval; cannot be accessed from outside package\n[ERROR] /tmp/eval-dev-quality1843269190/plain/src/test/java/com/eval/PlainTest.java:[25,9] com.eval.Plain is not public in com.eval; cannot be accessed from outside package\n[ERROR] /tmp/eval-dev-quality1843269190/plain/src/test/java/com/eval/PlainTest.java:[28,52] cannot find symbol\n  symbol:   variable converting\n  location: class evaluation.EvaluationTest\n[ERROR] /tmp/eval-dev-quality1843269190/plain/src/test/java/com/eval/PlainTest.java:[33,23] non-static method testPlainMethodCall() cannot be referenced from a static context\n[INFO] 13 errors \n[INFO] -------------------------------------------------------------\n[INFO] ------------------------------------------------------------------------\n[INFO] BUILD FAILURE\n[INFO] ------------------------------------------------------------------------\n[INFO] Total time:  0.855 s\n[INFO] Finished at: 2024-06-06T10:27:39+02:00\n[INFO] ------------------------------------------------------------------------\n[ERROR] Failed to execute goal org.apache.maven.plugins:maven-compiler-plugin:3.11.0:testCompile (default-testCompile) on project test-java-plain: Compilation failure: Compilation failure: \n[ERROR] /tmp/eval-dev-quality1843269190/plain/src/test/java/com/eval/PlainTest.java:[3,16] com.eval.Plain is not public in com.eval; cannot be accessed from outside package\n[ERROR] /tmp/eval-dev-quality1843269190/plain/src/test/java/com/eval/PlainTest.java:[5,34] cannot find symbol\n[ERROR]   symbol:   class AssertionResult\n[ERROR]   location: package org.junit.platform.commons\n[ERROR] /tmp/eval-dev-quality1843269190/plain/src/test/java/com/eval/PlainTest.java:[9,51] package org.junit.platform.commons.assertion does not exist\n[ERROR] /tmp/eval-dev-quality1843269190/plain/src/test/java/com/eval/PlainTest.java:[9,1] static import only from classes and interfaces\n[ERROR] /tmp/eval-dev-quality1843269190/plain/src/test/java/com/eval/PlainTest.java:[36,13] cannot find symbol\n[ERROR]   symbol:   class Predicate\n[ERROR]   location: class evaluation.EvaluationTest\n[ERROR] /tmp/eval-dev-quality1843269190/plain/src/test/java/com/eval/PlainTest.java:[40,69] cannot find symbol\n[ERROR]   symbol:   class Predicate\n[ERROR]   location: class evaluation.EvaluationTest\n[ERROR] /tmp/eval-dev-quality1843269190/plain/src/test/java/com/eval/PlainTest.java:[40,13] cannot find symbol\n[ERROR]   symbol:   class Predicate\n[ERROR]   location: class evaluation.EvaluationTest\n[ERROR] /tmp/eval-dev-quality1843269190/plain/src/test/java/com/eval/PlainTest.java:[14,9] com.eval.Plain is not public in com.eval; cannot be accessed from outside package\n[ERROR] /tmp/eval-dev-quality1843269190/plain/src/test/java/com/eval/PlainTest.java:[19,9] com.eval.Plain is not public in com.eval; cannot be accessed from outside package\n[ERROR] /tmp/eval-dev-quality1843269190/plain/src/test/java/com/eval/PlainTest.java:[20,27] com.eval.Plain is not public in com.eval; cannot be accessed from outside package\n[ERROR] /tmp/eval-dev-quality1843269190/plain/src/test/java/com/eval/PlainTest.java:[25,9] com.eval.Plain is not public in com.eval; cannot be accessed from outside package\n[ERROR] /tmp/eval-dev-quality1843269190/plain/src/test/java/com/eval/PlainTest.java:[28,52] cannot find symbol\n[ERROR]   symbol:   variable converting\n[ERROR]   location: class evaluation.EvaluationTest\n[ERROR] /tmp/eval-dev-quality1843269190/plain/src/test/java/com/eval/PlainTest.java:[33,23] non-static method testPlainMethodCall() cannot be referenced from a static context\n[ERROR] -> [Help 1]\n[ERROR] \n[ERROR] To see the full stack trace of the errors, re-run Maven with the -e switch.\n[ERROR] Re-run Maven using the -X switch to enable full debug logging.\n[ERROR] \n[ERROR] For more information about the errors and possible solutions, please read the following articles:\n[ERROR] [Help 1] http://cwiki.apache.org/confluence/display/MAVEN/MojoFailureException\n",
}
Stacktrace: goroutine 1 [running]:
gitlab.nethead.at/symflower/symflower/model/errors.NewInternalError({0x1f42da0?, 0xc0005a5ce0}, {0xffa8c0?, 0xc000012450})
	gitlab.nethead.at/symflower/symflower/model/errors/error.go:850 +0x59
gitlab.nethead.at/symflower/symflower/language/java/execute.MavenDependencyCommand.func1()
	gitlab.nethead.at/symflower/symflower/language/java/execute/maven.go:80 +0x1ef
github.com/avast/retry-go.Do(0xc0007178b8, {0xc0007178a0, 0x3, 0x418c94?})
	github.com/avast/retry-go/retry.go:135 +0x5a3
gitlab.nethead.at/symflower/symflower/language/java/execute.MavenDependencyCommand({0xc0005f2030, 0x26}, 0x0, {0xc0005ef9e0, 0x6, 0x6})
	gitlab.nethead.at/symflower/symflower/language/java/execute/maven.go:60 +0x1c5
gitlab.nethead.at/symflower/symflower/language/java/execute.MavenCloverCoverage({0xc0005f2030, 0x26})
	gitlab.nethead.at/symflower/symflower/language/java/execute/clover.go:131 +0xc9
gitlab.nethead.at/symflower/symflower/cmd/symflower-local/cmd.(*commandTest).Execute(0xc000610578, {0xc000610400?, 0x7f9a0c21b158?, 0xc000610578?})
	gitlab.nethead.at/symflower/symflower/cmd/symflower-local/cmd/test.go:143 +0x54f
gitlab.nethead.at/symflower/symflower/cmd.ExecuteNoExit({0x1f425e0?, 0xc000610400}, {0xc000216000?, 0x2782d80?, 0xc00060fed8?})
	gitlab.nethead.at/symflower/symflower/cmd/execute.go:56 +0x2d0
gitlab.nethead.at/symflower/symflower/cmd.Execute({0x1f425e0?, 0xc000610400?}, {0xc000216000?, 0x274c500?, 0xc000610400?})
	gitlab.nethead.at/symflower/symflower/cmd/execute.go:16 +0x26
gitlab.nethead.at/symflower/symflower/cmd.ExecuteWithOSArguments(...)
	gitlab.nethead.at/symflower/symflower/cmd/execute.go:75
main.main.func1()
	gitlab.nethead.at/symflower/symflower/cmd/symflower-demo/main.go:40 +0x34
gitlab.nethead.at/symflower/symflower/cmd/symflower-local/cmd.(*Command).WithPanicReporter(0xc000130058?, 0x2636b18?)
	gitlab.nethead.at/symflower/symflower/cmd/symflower-local/cmd/cmd.go:184 +0x48
main.main()
	gitlab.nethead.at/symflower/symflower/cmd/symflower-demo/main.go:39 +0xa5

2024/06/06 10:27:39 Evaluated model "openrouter/intel/neural-chat-7b" using language "java" and repository "java/plain": encountered 1 problems: [exit status 1
[0;34mGive us your feedback and let us know how we can improve Symflower at hello@symflower.com or https://github.com/symflower/symflower. Thanks so much for your help![0m
ERROR: All attempts fail:
#1: Internal error: exit status 1:
[]interface {}{
    "/tmp/eval-dev-quality1843269190/plain/",
    "[INFO] Scanning for projects...\n[WARNING] \n[WARNING] Some problems were encountered while building the effective model for eval.dev.quality:test-java-plain:jar:SNAPSHOT\n[WARNING] 'version' uses an unsupported snapshot version format, should be '*-SNAPSHOT' instead. @ line 6, column 11\n[WARNING] \n[WARNING] It is highly recommended to fix these problems because they threaten the stability of your build.\n[WARNING] \n[WARNING] For this reason, future Maven versions might no longer support building such malformed projects.\n[WARNING] \n[INFO] \n[INFO] ------------------< eval.dev.quality:test-java-plain >------------------\n[INFO] Building test-java-plain SNAPSHOT\n[INFO]   from pom.xml\n[INFO] --------------------------------[ jar ]---------------------------------\n[INFO] \n[INFO] --- clean:3.2.0:clean (default-clean) @ test-java-plain ---\n[INFO] \n[INFO] --- resources:3.3.1:resources (default-resources) @ test-java-plain ---\n[WARNING] Using platform encoding (UTF-8 actually) to copy filtered resources, i.e. build is platform dependent!\n[INFO] skip non existing resourceDirectory /tmp/eval-dev-quality1843269190/plain/src/main/resources\n[INFO] \n[INFO] --- compiler:3.11.0:compile (default-compile) @ test-java-plain ---\n[INFO] Changes detected - recompiling the module! :source\n[WARNING] File encoding has not been set, using platform encoding UTF-8, i.e. build is platform dependent!\n[INFO] Compiling 1 source file with javac [debug target 11] to target/classes\n[WARNING] system modules path not set in conjunction with -source 11\n[INFO] \n[INFO] --- resources:3.3.1:resources (default-resources) @ test-java-plain ---\n[WARNING] Using platform encoding (UTF-8 actually) to copy filtered resources, i.e. build is platform dependent!\n[INFO] skip non existing resourceDirectory /tmp/eval-dev-quality1843269190/plain/src/main/resources\n[INFO] \n[INFO] --- compiler:3.11.0:compile (default-compile) @ test-java-plain ---\n[INFO] Nothing to compile - all classes are up to date\n[INFO] \n[INFO] --- resources:3.3.1:testResources (default-testResources) @ test-java-plain ---\n[WARNING] Using platform encoding (UTF-8 actually) to copy filtered resources, i.e. build is platform dependent!\n[INFO] skip non existing resourceDirectory /tmp/eval-dev-quality1843269190/plain/src/test/resources\n[INFO] \n[INFO] --- compiler:3.11.0:testCompile (default-testCompile) @ test-java-plain ---\n[INFO] Changes detected - recompiling the module! :dependency\n[WARNING] File encoding has not been set, using platform encoding UTF-8, i.e. build is platform dependent!\n[INFO] Compiling 1 source file with javac [debug target 11] to target/test-classes\n[INFO] -------------------------------------------------------------\n[WARNING] COMPILATION WARNING : \n[INFO] -------------------------------------------------------------\n[WARNING] system modules path not set in conjunction with -source 11\n[INFO] 1 warning\n[INFO] -------------------------------------------------------------\n[INFO] -------------------------------------------------------------\n[ERROR] COMPILATION ERROR : \n[INFO] -------------------------------------------------------------\n[ERROR] /tmp/eval-dev-quality1843269190/plain/src/test/java/com/eval/PlainTest.java:[3,16] com.eval.Plain is not public in com.eval; cannot be accessed from outside package\n[ERROR] /tmp/eval-dev-quality1843269190/plain/src/test/java/com/eval/PlainTest.java:[5,34] cannot find symbol\n  symbol:   class AssertionResult\n  location: package org.junit.platform.commons\n[ERROR] /tmp/eval-dev-quality1843269190/plain/src/test/java/com/eval/PlainTest.java:[9,51] package org.junit.platform.commons.assertion does not exist\n[ERROR] /tmp/eval-dev-quality1843269190/plain/src/test/java/com/eval/PlainTest.java:[9,1] static import only from classes and interfaces\n[ERROR] /tmp/eval-dev-quality1843269190/plain/src/test/java/com/eval/PlainTest.java:[36,13] cannot find symbol\n  symbol:   class Predicate\n  location: class evaluation.EvaluationTest\n[ERROR] /tmp/eval-dev-quality1843269190/plain/src/test/java/com/eval/PlainTest.java:[40,69] cannot find symbol\n  symbol:   class Predicate\n  location: class evaluation.EvaluationTest\n[ERROR] /tmp/eval-dev-quality1843269190/plain/src/test/java/com/eval/PlainTest.java:[40,13] cannot find symbol\n  symbol:   class Predicate\n  location: class evaluation.EvaluationTest\n[ERROR] /tmp/eval-dev-quality1843269190/plain/src/test/java/com/eval/PlainTest.java:[14,9] com.eval.Plain is not public in com.eval; cannot be accessed from outside package\n[ERROR] /tmp/eval-dev-quality1843269190/plain/src/test/java/com/eval/PlainTest.java:[19,9] com.eval.Plain is not public in com.eval; cannot be accessed from outside package\n[ERROR] /tmp/eval-dev-quality1843269190/plain/src/test/java/com/eval/PlainTest.java:[20,27] com.eval.Plain is not public in com.eval; cannot be accessed from outside package\n[ERROR] /tmp/eval-dev-quality1843269190/plain/src/test/java/com/eval/PlainTest.java:[25,9] com.eval.Plain is not public in com.eval; cannot be accessed from outside package\n[ERROR] /tmp/eval-dev-quality1843269190/plain/src/test/java/com/eval/PlainTest.java:[28,52] cannot find symbol\n  symbol:   variable converting\n  location: class evaluation.EvaluationTest\n[ERROR] /tmp/eval-dev-quality1843269190/plain/src/test/java/com/eval/PlainTest.java:[33,23] non-static method testPlainMethodCall() cannot be referenced from a static context\n[INFO] 13 errors \n[INFO] -------------------------------------------------------------\n[INFO] ------------------------------------------------------------------------\n[INFO] BUILD FAILURE\n[INFO] ------------------------------------------------------------------------\n[INFO] Total time:  0.855 s\n[INFO] Finished at: 2024-06-06T10:27:39+02:00\n[INFO] ------------------------------------------------------------------------\n[ERROR] Failed to execute goal org.apache.maven.plugins:maven-compiler-plugin:3.11.0:testCompile (default-testCompile) on project test-java-plain: Compilation failure: Compilation failure: \n[ERROR] /tmp/eval-dev-quality1843269190/plain/src/test/java/com/eval/PlainTest.java:[3,16] com.eval.Plain is not public in com.eval; cannot be accessed from outside package\n[ERROR] /tmp/eval-dev-quality1843269190/plain/src/test/java/com/eval/PlainTest.java:[5,34] cannot find symbol\n[ERROR]   symbol:   class AssertionResult\n[ERROR]   location: package org.junit.platform.commons\n[ERROR] /tmp/eval-dev-quality1843269190/plain/src/test/java/com/eval/PlainTest.java:[9,51] package org.junit.platform.commons.assertion does not exist\n[ERROR] /tmp/eval-dev-quality1843269190/plain/src/test/java/com/eval/PlainTest.java:[9,1] static import only from classes and interfaces\n[ERROR] /tmp/eval-dev-quality1843269190/plain/src/test/java/com/eval/PlainTest.java:[36,13] cannot find symbol\n[ERROR]   symbol:   class Predicate\n[ERROR]   location: class evaluation.EvaluationTest\n[ERROR] /tmp/eval-dev-quality1843269190/plain/src/test/java/com/eval/PlainTest.java:[40,69] cannot find symbol\n[ERROR]   symbol:   class Predicate\n[ERROR]   location: class evaluation.EvaluationTest\n[ERROR] /tmp/eval-dev-quality1843269190/plain/src/test/java/com/eval/PlainTest.java:[40,13] cannot find symbol\n[ERROR]   symbol:   class Predicate\n[ERROR]   location: class evaluation.EvaluationTest\n[ERROR] /tmp/eval-dev-quality1843269190/plain/src/test/java/com/eval/PlainTest.java:[14,9] com.eval.Plain is not public in com.eval; cannot be accessed from outside package\n[ERROR] /tmp/eval-dev-quality1843269190/plain/src/test/java/com/eval/PlainTest.java:[19,9] com.eval.Plain is not public in com.eval; cannot be accessed from outside package\n[ERROR] /tmp/eval-dev-quality1843269190/plain/src/test/java/com/eval/PlainTest.java:[20,27] com.eval.Plain is not public in com.eval; cannot be accessed from outside package\n[ERROR] /tmp/eval-dev-quality1843269190/plain/src/test/java/com/eval/PlainTest.java:[25,9] com.eval.Plain is not public in com.eval; cannot be accessed from outside package\n[ERROR] /tmp/eval-dev-quality1843269190/plain/src/test/java/com/eval/PlainTest.java:[28,52] cannot find symbol\n[ERROR]   symbol:   variable converting\n[ERROR]   location: class evaluation.EvaluationTest\n[ERROR] /tmp/eval-dev-quality1843269190/plain/src/test/java/com/eval/PlainTest.java:[33,23] non-static method testPlainMethodCall() cannot be referenced from a static context\n[ERROR] -> [Help 1]\n[ERROR] \n[ERROR] To see the full stack trace of the errors, re-run Maven with the -e switch.\n[ERROR] Re-run Maven using the -X switch to enable full debug logging.\n[ERROR] \n[ERROR] For more information about the errors and possible solutions, please read the following articles:\n[ERROR] [Help 1] http://cwiki.apache.org/confluence/display/MAVEN/MojoFailureException\n",
}
Stacktrace: goroutine 1 [running]:
gitlab.nethead.at/symflower/symflower/model/errors.NewInternalError({0x1f42da0?, 0xc0005a5ce0}, {0xffa8c0?, 0xc000012450})
	gitlab.nethead.at/symflower/symflower/model/errors/error.go:850 +0x59
gitlab.nethead.at/symflower/symflower/language/java/execute.MavenDependencyCommand.func1()
	gitlab.nethead.at/symflower/symflower/language/java/execute/maven.go:80 +0x1ef
github.com/avast/retry-go.Do(0xc0007178b8, {0xc0007178a0, 0x3, 0x418c94?})
	github.com/avast/retry-go/retry.go:135 +0x5a3
gitlab.nethead.at/symflower/symflower/language/java/execute.MavenDependencyCommand({0xc0005f2030, 0x26}, 0x0, {0xc0005ef9e0, 0x6, 0x6})
	gitlab.nethead.at/symflower/symflower/language/java/execute/maven.go:60 +0x1c5
gitlab.nethead.at/symflower/symflower/language/java/execute.MavenCloverCoverage({0xc0005f2030, 0x26})
	gitlab.nethead.at/symflower/symflower/language/java/execute/clover.go:131 +0xc9
gitlab.nethead.at/symflower/symflower/cmd/symflower-local/cmd.(*commandTest).Execute(0xc000610578, {0xc000610400?, 0x7f9a0c21b158?, 0xc000610578?})
	gitlab.nethead.at/symflower/symflower/cmd/symflower-local/cmd/test.go:143 +0x54f
gitlab.nethead.at/symflower/symflower/cmd.ExecuteNoExit({0x1f425e0?, 0xc000610400}, {0xc000216000?, 0x2782d80?, 0xc00060fed8?})
	gitlab.nethead.at/symflower/symflower/cmd/execute.go:56 +0x2d0
gitlab.nethead.at/symflower/symflower/cmd.Execute({0x1f425e0?, 0xc000610400?}, {0xc000216000?, 0x274c500?, 0xc000610400?})
	gitlab.nethead.at/symflower/symflower/cmd/execute.go:16 +0x26
gitlab.nethead.at/symflower/symflower/cmd.ExecuteWithOSArguments(...)
	gitlab.nethead.at/symflower/symflower/cmd/execute.go:75
main.main.func1()
	gitlab.nethead.at/symflower/symflower/cmd/symflower-demo/main.go:40 +0x34
gitlab.nethead.at/symflower/symflower/cmd/symflower-local/cmd.(*Command).WithPanicReporter(0xc000130058?, 0x2636b18?)
	gitlab.nethead.at/symflower/symflower/cmd/symflower-local/cmd/cmd.go:184 +0x48
main.main()
	gitlab.nethead.at/symflower/symflower/cmd/symflower-demo/main.go:39 +0xa5


github.com/symflower/eval-dev-quality/util.CommandWithResult
	/home/eval/eval-dev-quality/util/exec.go:52
github.com/symflower/eval-dev-quality/language/java.(*Language).Execute
	/home/eval/eval-dev-quality/language/java/language.go:94
github.com/symflower/eval-dev-quality/evaluate.Repository
	/home/eval/eval-dev-quality/evaluate/repository.go:57
github.com/symflower/eval-dev-quality/evaluate.Evaluate.func1
	/home/eval/eval-dev-quality/evaluate/evaluate.go:119
github.com/symflower/eval-dev-quality/evaluate.withLoadedModel
	/home/eval/eval-dev-quality/evaluate/evaluate.go:253
github.com/symflower/eval-dev-quality/evaluate.Evaluate
	/home/eval/eval-dev-quality/evaluate/evaluate.go:109
github.com/symflower/eval-dev-quality/cmd/eval-dev-quality/cmd.(*Evaluate).Execute
	/home/eval/eval-dev-quality/cmd/eval-dev-quality/cmd/evaluate.go:284
github.com/symflower/eval-dev-quality/cmd/eval-dev-quality/cmd.Execute.func1
	/home/eval/eval-dev-quality/cmd/eval-dev-quality/cmd/command.go:34
github.com/jessevdk/go-flags.(*Parser).ParseArgs
	/home/eval/go/pkg/mod/github.com/jessevdk/go-flags@v1.5.1-0.20210607101731-3927b71304df/parser.go:333
github.com/symflower/eval-dev-quality/cmd/eval-dev-quality/cmd.Execute
	/home/eval/eval-dev-quality/cmd/eval-dev-quality/cmd/command.go:37
main.main
	/home/eval/eval-dev-quality/cmd/eval-dev-quality/main.go:11
runtime.main
	/home/eval/go/src/runtime/proc.go:267
runtime.goexit
	/home/eval/go/src/runtime/asm_amd64.s:1650
github.com/symflower/eval-dev-quality/language/java.(*Language).Execute
	/home/eval/eval-dev-quality/language/java/language.go:105
github.com/symflower/eval-dev-quality/evaluate.Repository
	/home/eval/eval-dev-quality/evaluate/repository.go:57
github.com/symflower/eval-dev-quality/evaluate.Evaluate.func1
	/home/eval/eval-dev-quality/evaluate/evaluate.go:119
github.com/symflower/eval-dev-quality/evaluate.withLoadedModel
	/home/eval/eval-dev-quality/evaluate/evaluate.go:253
github.com/symflower/eval-dev-quality/evaluate.Evaluate
	/home/eval/eval-dev-quality/evaluate/evaluate.go:109
github.com/symflower/eval-dev-quality/cmd/eval-dev-quality/cmd.(*Evaluate).Execute
	/home/eval/eval-dev-quality/cmd/eval-dev-quality/cmd/evaluate.go:284
github.com/symflower/eval-dev-quality/cmd/eval-dev-quality/cmd.Execute.func1
	/home/eval/eval-dev-quality/cmd/eval-dev-quality/cmd/command.go:34
github.com/jessevdk/go-flags.(*Parser).ParseArgs
	/home/eval/go/pkg/mod/github.com/jessevdk/go-flags@v1.5.1-0.20210607101731-3927b71304df/parser.go:333
github.com/symflower/eval-dev-quality/cmd/eval-dev-quality/cmd.Execute
	/home/eval/eval-dev-quality/cmd/eval-dev-quality/cmd/command.go:37
main.main
	/home/eval/eval-dev-quality/cmd/eval-dev-quality/main.go:11
runtime.main
	/home/eval/go/src/runtime/proc.go:267
runtime.goexit
	/home/eval/go/src/runtime/asm_amd64.s:1650
[0;34mGive us your feedback and let us know how we can improve Symflower at hello@symflower.com or https://github.com/symflower/symflower. Thanks so much for your help![0m
ERROR: All attempts fail:
#1: Internal error: exit status 1:
[]interface {}{
    "/tmp/eval-dev-quality1843269190/plain/",
    "[INFO] Scanning for projects...\n[WARNING] \n[WARNING] Some problems were encountered while building the effective model for eval.dev.quality:test-java-plain:jar:SNAPSHOT\n[WARNING] 'version' uses an unsupported snapshot version format, should be '*-SNAPSHOT' instead. @ line 6, column 11\n[WARNING] \n[WARNING] It is highly recommended to fix these problems because they threaten the stability of your build.\n[WARNING] \n[WARNING] For this reason, future Maven versions might no longer support building such malformed projects.\n[WARNING] \n[INFO] \n[INFO] ------------------< eval.dev.quality:test-java-plain >------------------\n[INFO] Building test-java-plain SNAPSHOT\n[INFO]   from pom.xml\n[INFO] --------------------------------[ jar ]---------------------------------\n[INFO] \n[INFO] --- clean:3.2.0:clean (default-clean) @ test-java-plain ---\n[INFO] \n[INFO] --- resources:3.3.1:resources (default-resources) @ test-java-plain ---\n[WARNING] Using platform encoding (UTF-8 actually) to copy filtered resources, i.e. build is platform dependent!\n[INFO] skip non existing resourceDirectory /tmp/eval-dev-quality1843269190/plain/src/main/resources\n[INFO] \n[INFO] --- compiler:3.11.0:compile (default-compile) @ test-java-plain ---\n[INFO] Changes detected - recompiling the module! :source\n[WARNING] File encoding has not been set, using platform encoding UTF-8, i.e. build is platform dependent!\n[INFO] Compiling 1 source file with javac [debug target 11] to target/classes\n[WARNING] system modules path not set in conjunction with -source 11\n[INFO] \n[INFO] --- resources:3.3.1:resources (default-resources) @ test-java-plain ---\n[WARNING] Using platform encoding (UTF-8 actually) to copy filtered resources, i.e. build is platform dependent!\n[INFO] skip non existing resourceDirectory /tmp/eval-dev-quality1843269190/plain/src/main/resources\n[INFO] \n[INFO] --- compiler:3.11.0:compile (default-compile) @ test-java-plain ---\n[INFO] Nothing to compile - all classes are up to date\n[INFO] \n[INFO] --- resources:3.3.1:testResources (default-testResources) @ test-java-plain ---\n[WARNING] Using platform encoding (UTF-8 actually) to copy filtered resources, i.e. build is platform dependent!\n[INFO] skip non existing resourceDirectory /tmp/eval-dev-quality1843269190/plain/src/test/resources\n[INFO] \n[INFO] --- compiler:3.11.0:testCompile (default-testCompile) @ test-java-plain ---\n[INFO] Changes detected - recompiling the module! :dependency\n[WARNING] File encoding has not been set, using platform encoding UTF-8, i.e. build is platform dependent!\n[INFO] Compiling 1 source file with javac [debug target 11] to target/test-classes\n[INFO] -------------------------------------------------------------\n[WARNING] COMPILATION WARNING : \n[INFO] -------------------------------------------------------------\n[WARNING] system modules path not set in conjunction with -source 11\n[INFO] 1 warning\n[INFO] -------------------------------------------------------------\n[INFO] -------------------------------------------------------------\n[ERROR] COMPILATION ERROR : \n[INFO] -------------------------------------------------------------\n[ERROR] /tmp/eval-dev-quality1843269190/plain/src/test/java/com/eval/PlainTest.java:[3,16] com.eval.Plain is not public in com.eval; cannot be accessed from outside package\n[ERROR] /tmp/eval-dev-quality1843269190/plain/src/test/java/com/eval/PlainTest.java:[5,34] cannot find symbol\n  symbol:   class AssertionResult\n  location: package org.junit.platform.commons\n[ERROR] /tmp/eval-dev-quality1843269190/plain/src/test/java/com/eval/PlainTest.java:[9,51] package org.junit.platform.commons.assertion does not exist\n[ERROR] /tmp/eval-dev-quality1843269190/plain/src/test/java/com/eval/PlainTest.java:[9,1] static import only from classes and interfaces\n[ERROR] /tmp/eval-dev-quality1843269190/plain/src/test/java/com/eval/PlainTest.java:[36,13] cannot find symbol\n  symbol:   class Predicate\n  location: class evaluation.EvaluationTest\n[ERROR] /tmp/eval-dev-quality1843269190/plain/src/test/java/com/eval/PlainTest.java:[40,69] cannot find symbol\n  symbol:   class Predicate\n  location: class evaluation.EvaluationTest\n[ERROR] /tmp/eval-dev-quality1843269190/plain/src/test/java/com/eval/PlainTest.java:[40,13] cannot find symbol\n  symbol:   class Predicate\n  location: class evaluation.EvaluationTest\n[ERROR] /tmp/eval-dev-quality1843269190/plain/src/test/java/com/eval/PlainTest.java:[14,9] com.eval.Plain is not public in com.eval; cannot be accessed from outside package\n[ERROR] /tmp/eval-dev-quality1843269190/plain/src/test/java/com/eval/PlainTest.java:[19,9] com.eval.Plain is not public in com.eval; cannot be accessed from outside package\n[ERROR] /tmp/eval-dev-quality1843269190/plain/src/test/java/com/eval/PlainTest.java:[20,27] com.eval.Plain is not public in com.eval; cannot be accessed from outside package\n[ERROR] /tmp/eval-dev-quality1843269190/plain/src/test/java/com/eval/PlainTest.java:[25,9] com.eval.Plain is not public in com.eval; cannot be accessed from outside package\n[ERROR] /tmp/eval-dev-quality1843269190/plain/src/test/java/com/eval/PlainTest.java:[28,52] cannot find symbol\n  symbol:   variable converting\n  location: class evaluation.EvaluationTest\n[ERROR] /tmp/eval-dev-quality1843269190/plain/src/test/java/com/eval/PlainTest.java:[33,23] non-static method testPlainMethodCall() cannot be referenced from a static context\n[INFO] 13 errors \n[INFO] -------------------------------------------------------------\n[INFO] ------------------------------------------------------------------------\n[INFO] BUILD FAILURE\n[INFO] ------------------------------------------------------------------------\n[INFO] Total time:  0.855 s\n[INFO] Finished at: 2024-06-06T10:27:39+02:00\n[INFO] ------------------------------------------------------------------------\n[ERROR] Failed to execute goal org.apache.maven.plugins:maven-compiler-plugin:3.11.0:testCompile (default-testCompile) on project test-java-plain: Compilation failure: Compilation failure: \n[ERROR] /tmp/eval-dev-quality1843269190/plain/src/test/java/com/eval/PlainTest.java:[3,16] com.eval.Plain is not public in com.eval; cannot be accessed from outside package\n[ERROR] /tmp/eval-dev-quality1843269190/plain/src/test/java/com/eval/PlainTest.java:[5,34] cannot find symbol\n[ERROR]   symbol:   class AssertionResult\n[ERROR]   location: package org.junit.platform.commons\n[ERROR] /tmp/eval-dev-quality1843269190/plain/src/test/java/com/eval/PlainTest.java:[9,51] package org.junit.platform.commons.assertion does not exist\n[ERROR] /tmp/eval-dev-quality1843269190/plain/src/test/java/com/eval/PlainTest.java:[9,1] static import only from classes and interfaces\n[ERROR] /tmp/eval-dev-quality1843269190/plain/src/test/java/com/eval/PlainTest.java:[36,13] cannot find symbol\n[ERROR]   symbol:   class Predicate\n[ERROR]   location: class evaluation.EvaluationTest\n[ERROR] /tmp/eval-dev-quality1843269190/plain/src/test/java/com/eval/PlainTest.java:[40,69] cannot find symbol\n[ERROR]   symbol:   class Predicate\n[ERROR]   location: class evaluation.EvaluationTest\n[ERROR] /tmp/eval-dev-quality1843269190/plain/src/test/java/com/eval/PlainTest.java:[40,13] cannot find symbol\n[ERROR]   symbol:   class Predicate\n[ERROR]   location: class evaluation.EvaluationTest\n[ERROR] /tmp/eval-dev-quality1843269190/plain/src/test/java/com/eval/PlainTest.java:[14,9] com.eval.Plain is not public in com.eval; cannot be accessed from outside package\n[ERROR] /tmp/eval-dev-quality1843269190/plain/src/test/java/com/eval/PlainTest.java:[19,9] com.eval.Plain is not public in com.eval; cannot be accessed from outside package\n[ERROR] /tmp/eval-dev-quality1843269190/plain/src/test/java/com/eval/PlainTest.java:[20,27] com.eval.Plain is not public in com.eval; cannot be accessed from outside package\n[ERROR] /tmp/eval-dev-quality1843269190/plain/src/test/java/com/eval/PlainTest.java:[25,9] com.eval.Plain is not public in com.eval; cannot be accessed from outside package\n[ERROR] /tmp/eval-dev-quality1843269190/plain/src/test/java/com/eval/PlainTest.java:[28,52] cannot find symbol\n[ERROR]   symbol:   variable converting\n[ERROR]   location: class evaluation.EvaluationTest\n[ERROR] /tmp/eval-dev-quality1843269190/plain/src/test/java/com/eval/PlainTest.java:[33,23] non-static method testPlainMethodCall() cannot be referenced from a static context\n[ERROR] -> [Help 1]\n[ERROR] \n[ERROR] To see the full stack trace of the errors, re-run Maven with the -e switch.\n[ERROR] Re-run Maven using the -X switch to enable full debug logging.\n[ERROR] \n[ERROR] For more information about the errors and possible solutions, please read the following articles:\n[ERROR] [Help 1] http://cwiki.apache.org/confluence/display/MAVEN/MojoFailureException\n",
}
Stacktrace: goroutine 1 [running]:
gitlab.nethead.at/symflower/symflower/model/errors.NewInternalError({0x1f42da0?, 0xc0005a5ce0}, {0xffa8c0?, 0xc000012450})
	gitlab.nethead.at/symflower/symflower/model/errors/error.go:850 +0x59
gitlab.nethead.at/symflower/symflower/language/java/execute.MavenDependencyCommand.func1()
	gitlab.nethead.at/symflower/symflower/language/java/execute/maven.go:80 +0x1ef
github.com/avast/retry-go.Do(0xc0007178b8, {0xc0007178a0, 0x3, 0x418c94?})
	github.com/avast/retry-go/retry.go:135 +0x5a3
gitlab.nethead.at/symflower/symflower/language/java/execute.MavenDependencyCommand({0xc0005f2030, 0x26}, 0x0, {0xc0005ef9e0, 0x6, 0x6})
	gitlab.nethead.at/symflower/symflower/language/java/execute/maven.go:60 +0x1c5
gitlab.nethead.at/symflower/symflower/language/java/execute.MavenCloverCoverage({0xc0005f2030, 0x26})
	gitlab.nethead.at/symflower/symflower/language/java/execute/clover.go:131 +0xc9
gitlab.nethead.at/symflower/symflower/cmd/symflower-local/cmd.(*commandTest).Execute(0xc000610578, {0xc000610400?, 0x7f9a0c21b158?, 0xc000610578?})
	gitlab.nethead.at/symflower/symflower/cmd/symflower-local/cmd/test.go:143 +0x54f
gitlab.nethead.at/symflower/symflower/cmd.ExecuteNoExit({0x1f425e0?, 0xc000610400}, {0xc000216000?, 0x2782d80?, 0xc00060fed8?})
	gitlab.nethead.at/symflower/symflower/cmd/execute.go:56 +0x2d0
gitlab.nethead.at/symflower/symflower/cmd.Execute({0x1f425e0?, 0xc000610400?}, {0xc000216000?, 0x274c500?, 0xc000610400?})
	gitlab.nethead.at/symflower/symflower/cmd/execute.go:16 +0x26
gitlab.nethead.at/symflower/symflower/cmd.ExecuteWithOSArguments(...)
	gitlab.nethead.at/symflower/symflower/cmd/execute.go:75
main.main.func1()
	gitlab.nethead.at/symflower/symflower/cmd/symflower-demo/main.go:40 +0x34
gitlab.nethead.at/symflower/symflower/cmd/symflower-local/cmd.(*Command).WithPanicReporter(0xc000130058?, 0x2636b18?)
	gitlab.nethead.at/symflower/symflower/cmd/symflower-local/cmd/cmd.go:184 +0x48
main.main()
	gitlab.nethead.at/symflower/symflower/cmd/symflower-demo/main.go:39 +0xa5


src/main/java/com/eval/Plain.java]
2024/06/06 10:38:26 Evaluating model "openrouter/intel/neural-chat-7b" using language "java" and repository "java/plain"
2024/06/06 10:38:26 Querying model "openrouter/intel/neural-chat-7b" with:
	Given the following Java code file "src/main/java/com/eval/Plain.java" with package "com.eval", provide a test file for this code with JUnit 5 as a test framework.
	The tests should produce 100 percent code coverage and must compile.
	The response must contain only the test code and nothing else.

	```java
	package com.eval;

	class Plain {
	    static void plain() {
	    }
	}
	```
2024/06/06 10:38:48 Model "openrouter/intel/neural-chat-7b" responded (21913 ms) with:
	 package evaluation;

	import com.eval.Plain;
	import org.junit.jupiter.api.Test;
	import org.junit.platform.commons.AssertionResult;

	import static org.junit.jupiter.api.Assertions.assertEquals;
	import static org.junit.jupiter.api.Assertions.assertTrue;
	import static org.junit.platform.commons.assertion.Bool.converting;

	class EvaluationTest {
	    @Test
	    void testPlainMethodEmptyBody() {
	        Plain.plain();
	    }

	    @Test
	    void testPlainMethodCall() {
	        Plain.plain();
	        assertNotNull(new Plain());
	    }

	    @Test
	    void testPlainMethodHasOnlyBody() {
	        Plain.plain();
	        assertEquals(1, 1);
	        assertEquals(2, 2);
	        assertTrue(corresponds("string", "string", converting));
	    }

	    @Test
	    void testPlainMethodInvocation() {
	        EvaluationTest.testPlainMethodCall();
	    }

	    private Predicate<String> corresponding() {
	        return s -> s.equals("string");
	    }

	    private Predicate<String> corresponds(String key, String value, Predicate<Boolean> converter) {
	        return converter.test(corresponding().apply(key, value));
	    }
	}
2024/06/06 10:38:48 $ symflower test --language java --workspace /tmp/eval-dev-quality1843269190/plain --coverage-file /tmp/eval-dev-quality1843269190/plain/coverage.json
[0;34mGive us your feedback and let us know how we can improve Symflower at hello@symflower.com or https://github.com/symflower/symflower. Thanks so much for your help![0m
ERROR: All attempts fail:
#1: Internal error: exit status 1:
[]interface {}{
    "/tmp/eval-dev-quality1843269190/plain/",
    "[INFO] Scanning for projects...\n[WARNING] \n[WARNING] Some problems were encountered while building the effective model for eval.dev.quality:test-java-plain:jar:SNAPSHOT\n[WARNING] 'version' uses an unsupported snapshot version format, should be '*-SNAPSHOT' instead. @ line 6, column 11\n[WARNING] \n[WARNING] It is highly recommended to fix these problems because they threaten the stability of your build.\n[WARNING] \n[WARNING] For this reason, future Maven versions might no longer support building such malformed projects.\n[WARNING] \n[INFO] \n[INFO] ------------------< eval.dev.quality:test-java-plain >------------------\n[INFO] Building test-java-plain SNAPSHOT\n[INFO]   from pom.xml\n[INFO] --------------------------------[ jar ]---------------------------------\n[INFO] \n[INFO] --- clean:3.2.0:clean (default-clean) @ test-java-plain ---\n[INFO] \n[INFO] --- resources:3.3.1:resources (default-resources) @ test-java-plain ---\n[WARNING] Using platform encoding (UTF-8 actually) to copy filtered resources, i.e. build is platform dependent!\n[INFO] skip non existing resourceDirectory /tmp/eval-dev-quality1843269190/plain/src/main/resources\n[INFO] \n[INFO] --- compiler:3.11.0:compile (default-compile) @ test-java-plain ---\n[INFO] Changes detected - recompiling the module! :source\n[WARNING] File encoding has not been set, using platform encoding UTF-8, i.e. build is platform dependent!\n[INFO] Compiling 1 source file with javac [debug target 11] to target/classes\n[WARNING] system modules path not set in conjunction with -source 11\n[INFO] \n[INFO] --- resources:3.3.1:resources (default-resources) @ test-java-plain ---\n[WARNING] Using platform encoding (UTF-8 actually) to copy filtered resources, i.e. build is platform dependent!\n[INFO] skip non existing resourceDirectory /tmp/eval-dev-quality1843269190/plain/src/main/resources\n[INFO] \n[INFO] --- compiler:3.11.0:compile (default-compile) @ test-java-plain ---\n[INFO] Nothing to compile - all classes are up to date\n[INFO] \n[INFO] --- resources:3.3.1:testResources (default-testResources) @ test-java-plain ---\n[WARNING] Using platform encoding (UTF-8 actually) to copy filtered resources, i.e. build is platform dependent!\n[INFO] skip non existing resourceDirectory /tmp/eval-dev-quality1843269190/plain/src/test/resources\n[INFO] \n[INFO] --- compiler:3.11.0:testCompile (default-testCompile) @ test-java-plain ---\n[INFO] Changes detected - recompiling the module! :dependency\n[WARNING] File encoding has not been set, using platform encoding UTF-8, i.e. build is platform dependent!\n[INFO] Compiling 1 source file with javac [debug target 11] to target/test-classes\n[INFO] -------------------------------------------------------------\n[WARNING] COMPILATION WARNING : \n[INFO] -------------------------------------------------------------\n[WARNING] system modules path not set in conjunction with -source 11\n[INFO] 1 warning\n[INFO] -------------------------------------------------------------\n[INFO] -------------------------------------------------------------\n[ERROR] COMPILATION ERROR : \n[INFO] -------------------------------------------------------------\n[ERROR] /tmp/eval-dev-quality1843269190/plain/src/test/java/com/eval/PlainTest.java:[3,16] com.eval.Plain is not public in com.eval; cannot be accessed from outside package\n[ERROR] /tmp/eval-dev-quality1843269190/plain/src/test/java/com/eval/PlainTest.java:[5,34] cannot find symbol\n  symbol:   class AssertionResult\n  location: package org.junit.platform.commons\n[ERROR] /tmp/eval-dev-quality1843269190/plain/src/test/java/com/eval/PlainTest.java:[9,51] package org.junit.platform.commons.assertion does not exist\n[ERROR] /tmp/eval-dev-quality1843269190/plain/src/test/java/com/eval/PlainTest.java:[9,1] static import only from classes and interfaces\n[ERROR] /tmp/eval-dev-quality1843269190/plain/src/test/java/com/eval/PlainTest.java:[36,13] cannot find symbol\n  symbol:   class Predicate\n  location: class evaluation.EvaluationTest\n[ERROR] /tmp/eval-dev-quality1843269190/plain/src/test/java/com/eval/PlainTest.java:[40,69] cannot find symbol\n  symbol:   class Predicate\n  location: class evaluation.EvaluationTest\n[ERROR] /tmp/eval-dev-quality1843269190/plain/src/test/java/com/eval/PlainTest.java:[40,13] cannot find symbol\n  symbol:   class Predicate\n  location: class evaluation.EvaluationTest\n[ERROR] /tmp/eval-dev-quality1843269190/plain/src/test/java/com/eval/PlainTest.java:[14,9] com.eval.Plain is not public in com.eval; cannot be accessed from outside package\n[ERROR] /tmp/eval-dev-quality1843269190/plain/src/test/java/com/eval/PlainTest.java:[19,9] com.eval.Plain is not public in com.eval; cannot be accessed from outside package\n[ERROR] /tmp/eval-dev-quality1843269190/plain/src/test/java/com/eval/PlainTest.java:[20,27] com.eval.Plain is not public in com.eval; cannot be accessed from outside package\n[ERROR] /tmp/eval-dev-quality1843269190/plain/src/test/java/com/eval/PlainTest.java:[25,9] com.eval.Plain is not public in com.eval; cannot be accessed from outside package\n[ERROR] /tmp/eval-dev-quality1843269190/plain/src/test/java/com/eval/PlainTest.java:[28,52] cannot find symbol\n  symbol:   variable converting\n  location: class evaluation.EvaluationTest\n[ERROR] /tmp/eval-dev-quality1843269190/plain/src/test/java/com/eval/PlainTest.java:[33,23] non-static method testPlainMethodCall() cannot be referenced from a static context\n[INFO] 13 errors \n[INFO] -------------------------------------------------------------\n[INFO] ------------------------------------------------------------------------\n[INFO] BUILD FAILURE\n[INFO] ------------------------------------------------------------------------\n[INFO] Total time:  0.895 s\n[INFO] Finished at: 2024-06-06T10:38:50+02:00\n[INFO] ------------------------------------------------------------------------\n[ERROR] Failed to execute goal org.apache.maven.plugins:maven-compiler-plugin:3.11.0:testCompile (default-testCompile) on project test-java-plain: Compilation failure: Compilation failure: \n[ERROR] /tmp/eval-dev-quality1843269190/plain/src/test/java/com/eval/PlainTest.java:[3,16] com.eval.Plain is not public in com.eval; cannot be accessed from outside package\n[ERROR] /tmp/eval-dev-quality1843269190/plain/src/test/java/com/eval/PlainTest.java:[5,34] cannot find symbol\n[ERROR]   symbol:   class AssertionResult\n[ERROR]   location: package org.junit.platform.commons\n[ERROR] /tmp/eval-dev-quality1843269190/plain/src/test/java/com/eval/PlainTest.java:[9,51] package org.junit.platform.commons.assertion does not exist\n[ERROR] /tmp/eval-dev-quality1843269190/plain/src/test/java/com/eval/PlainTest.java:[9,1] static import only from classes and interfaces\n[ERROR] /tmp/eval-dev-quality1843269190/plain/src/test/java/com/eval/PlainTest.java:[36,13] cannot find symbol\n[ERROR]   symbol:   class Predicate\n[ERROR]   location: class evaluation.EvaluationTest\n[ERROR] /tmp/eval-dev-quality1843269190/plain/src/test/java/com/eval/PlainTest.java:[40,69] cannot find symbol\n[ERROR]   symbol:   class Predicate\n[ERROR]   location: class evaluation.EvaluationTest\n[ERROR] /tmp/eval-dev-quality1843269190/plain/src/test/java/com/eval/PlainTest.java:[40,13] cannot find symbol\n[ERROR]   symbol:   class Predicate\n[ERROR]   location: class evaluation.EvaluationTest\n[ERROR] /tmp/eval-dev-quality1843269190/plain/src/test/java/com/eval/PlainTest.java:[14,9] com.eval.Plain is not public in com.eval; cannot be accessed from outside package\n[ERROR] /tmp/eval-dev-quality1843269190/plain/src/test/java/com/eval/PlainTest.java:[19,9] com.eval.Plain is not public in com.eval; cannot be accessed from outside package\n[ERROR] /tmp/eval-dev-quality1843269190/plain/src/test/java/com/eval/PlainTest.java:[20,27] com.eval.Plain is not public in com.eval; cannot be accessed from outside package\n[ERROR] /tmp/eval-dev-quality1843269190/plain/src/test/java/com/eval/PlainTest.java:[25,9] com.eval.Plain is not public in com.eval; cannot be accessed from outside package\n[ERROR] /tmp/eval-dev-quality1843269190/plain/src/test/java/com/eval/PlainTest.java:[28,52] cannot find symbol\n[ERROR]   symbol:   variable converting\n[ERROR]   location: class evaluation.EvaluationTest\n[ERROR] /tmp/eval-dev-quality1843269190/plain/src/test/java/com/eval/PlainTest.java:[33,23] non-static method testPlainMethodCall() cannot be referenced from a static context\n[ERROR] -> [Help 1]\n[ERROR] \n[ERROR] To see the full stack trace of the errors, re-run Maven with the -e switch.\n[ERROR] Re-run Maven using the -X switch to enable full debug logging.\n[ERROR] \n[ERROR] For more information about the errors and possible solutions, please read the following articles:\n[ERROR] [Help 1] http://cwiki.apache.org/confluence/display/MAVEN/MojoFailureException\n",
}
Stacktrace: goroutine 1 [running]:
gitlab.nethead.at/symflower/symflower/model/errors.NewInternalError({0x1f42da0?, 0xc000888020}, {0xffa8c0?, 0xc000012030})
	gitlab.nethead.at/symflower/symflower/model/errors/error.go:850 +0x59
gitlab.nethead.at/symflower/symflower/language/java/execute.MavenDependencyCommand.func1()
	gitlab.nethead.at/symflower/symflower/language/java/execute/maven.go:80 +0x1ef
github.com/avast/retry-go.Do(0xc00075f8b8, {0xc00075f8a0, 0x3, 0x418c94?})
	github.com/avast/retry-go/retry.go:135 +0x5a3
gitlab.nethead.at/symflower/symflower/language/java/execute.MavenDependencyCommand({0xc000220db0, 0x26}, 0x0, {0xc000152ae0, 0x6, 0x6})
	gitlab.nethead.at/symflower/symflower/language/java/execute/maven.go:60 +0x1c5
gitlab.nethead.at/symflower/symflower/language/java/execute.MavenCloverCoverage({0xc000220db0, 0x26})
	gitlab.nethead.at/symflower/symflower/language/java/execute/clover.go:131 +0xc9
gitlab.nethead.at/symflower/symflower/cmd/symflower-local/cmd.(*commandTest).Execute(0xc000180d78, {0xc000180c00?, 0x7fed406bda58?, 0xc000180d78?})
	gitlab.nethead.at/symflower/symflower/cmd/symflower-local/cmd/test.go:143 +0x54f
gitlab.nethead.at/symflower/symflower/cmd.ExecuteNoExit({0x1f425e0?, 0xc000180c00}, {0xc000216000?, 0x2782d80?, 0xc0001d7ed8?})
	gitlab.nethead.at/symflower/symflower/cmd/execute.go:56 +0x2d0
gitlab.nethead.at/symflower/symflower/cmd.Execute({0x1f425e0?, 0xc000180c00?}, {0xc000216000?, 0x274c500?, 0xc000180c00?})
	gitlab.nethead.at/symflower/symflower/cmd/execute.go:16 +0x26
gitlab.nethead.at/symflower/symflower/cmd.ExecuteWithOSArguments(...)
	gitlab.nethead.at/symflower/symflower/cmd/execute.go:75
main.main.func1()
	gitlab.nethead.at/symflower/symflower/cmd/symflower-demo/main.go:40 +0x34
gitlab.nethead.at/symflower/symflower/cmd/symflower-local/cmd.(*Command).WithPanicReporter(0xc00018e058?, 0x2636b18?)
	gitlab.nethead.at/symflower/symflower/cmd/symflower-local/cmd/cmd.go:184 +0x48
main.main()
	gitlab.nethead.at/symflower/symflower/cmd/symflower-demo/main.go:39 +0xa5

2024/06/06 10:38:50 Evaluated model "openrouter/intel/neural-chat-7b" using language "java" and repository "java/plain": encountered 1 problems: [exit status 1
[0;34mGive us your feedback and let us know how we can improve Symflower at hello@symflower.com or https://github.com/symflower/symflower. Thanks so much for your help![0m
ERROR: All attempts fail:
#1: Internal error: exit status 1:
[]interface {}{
    "/tmp/eval-dev-quality1843269190/plain/",
    "[INFO] Scanning for projects...\n[WARNING] \n[WARNING] Some problems were encountered while building the effective model for eval.dev.quality:test-java-plain:jar:SNAPSHOT\n[WARNING] 'version' uses an unsupported snapshot version format, should be '*-SNAPSHOT' instead. @ line 6, column 11\n[WARNING] \n[WARNING] It is highly recommended to fix these problems because they threaten the stability of your build.\n[WARNING] \n[WARNING] For this reason, future Maven versions might no longer support building such malformed projects.\n[WARNING] \n[INFO] \n[INFO] ------------------< eval.dev.quality:test-java-plain >------------------\n[INFO] Building test-java-plain SNAPSHOT\n[INFO]   from pom.xml\n[INFO] --------------------------------[ jar ]---------------------------------\n[INFO] \n[INFO] --- clean:3.2.0:clean (default-clean) @ test-java-plain ---\n[INFO] \n[INFO] --- resources:3.3.1:resources (default-resources) @ test-java-plain ---\n[WARNING] Using platform encoding (UTF-8 actually) to copy filtered resources, i.e. build is platform dependent!\n[INFO] skip non existing resourceDirectory /tmp/eval-dev-quality1843269190/plain/src/main/resources\n[INFO] \n[INFO] --- compiler:3.11.0:compile (default-compile) @ test-java-plain ---\n[INFO] Changes detected - recompiling the module! :source\n[WARNING] File encoding has not been set, using platform encoding UTF-8, i.e. build is platform dependent!\n[INFO] Compiling 1 source file with javac [debug target 11] to target/classes\n[WARNING] system modules path not set in conjunction with -source 11\n[INFO] \n[INFO] --- resources:3.3.1:resources (default-resources) @ test-java-plain ---\n[WARNING] Using platform encoding (UTF-8 actually) to copy filtered resources, i.e. build is platform dependent!\n[INFO] skip non existing resourceDirectory /tmp/eval-dev-quality1843269190/plain/src/main/resources\n[INFO] \n[INFO] --- compiler:3.11.0:compile (default-compile) @ test-java-plain ---\n[INFO] Nothing to compile - all classes are up to date\n[INFO] \n[INFO] --- resources:3.3.1:testResources (default-testResources) @ test-java-plain ---\n[WARNING] Using platform encoding (UTF-8 actually) to copy filtered resources, i.e. build is platform dependent!\n[INFO] skip non existing resourceDirectory /tmp/eval-dev-quality1843269190/plain/src/test/resources\n[INFO] \n[INFO] --- compiler:3.11.0:testCompile (default-testCompile) @ test-java-plain ---\n[INFO] Changes detected - recompiling the module! :dependency\n[WARNING] File encoding has not been set, using platform encoding UTF-8, i.e. build is platform dependent!\n[INFO] Compiling 1 source file with javac [debug target 11] to target/test-classes\n[INFO] -------------------------------------------------------------\n[WARNING] COMPILATION WARNING : \n[INFO] -------------------------------------------------------------\n[WARNING] system modules path not set in conjunction with -source 11\n[INFO] 1 warning\n[INFO] -------------------------------------------------------------\n[INFO] -------------------------------------------------------------\n[ERROR] COMPILATION ERROR : \n[INFO] -------------------------------------------------------------\n[ERROR] /tmp/eval-dev-quality1843269190/plain/src/test/java/com/eval/PlainTest.java:[3,16] com.eval.Plain is not public in com.eval; cannot be accessed from outside package\n[ERROR] /tmp/eval-dev-quality1843269190/plain/src/test/java/com/eval/PlainTest.java:[5,34] cannot find symbol\n  symbol:   class AssertionResult\n  location: package org.junit.platform.commons\n[ERROR] /tmp/eval-dev-quality1843269190/plain/src/test/java/com/eval/PlainTest.java:[9,51] package org.junit.platform.commons.assertion does not exist\n[ERROR] /tmp/eval-dev-quality1843269190/plain/src/test/java/com/eval/PlainTest.java:[9,1] static import only from classes and interfaces\n[ERROR] /tmp/eval-dev-quality1843269190/plain/src/test/java/com/eval/PlainTest.java:[36,13] cannot find symbol\n  symbol:   class Predicate\n  location: class evaluation.EvaluationTest\n[ERROR] /tmp/eval-dev-quality1843269190/plain/src/test/java/com/eval/PlainTest.java:[40,69] cannot find symbol\n  symbol:   class Predicate\n  location: class evaluation.EvaluationTest\n[ERROR] /tmp/eval-dev-quality1843269190/plain/src/test/java/com/eval/PlainTest.java:[40,13] cannot find symbol\n  symbol:   class Predicate\n  location: class evaluation.EvaluationTest\n[ERROR] /tmp/eval-dev-quality1843269190/plain/src/test/java/com/eval/PlainTest.java:[14,9] com.eval.Plain is not public in com.eval; cannot be accessed from outside package\n[ERROR] /tmp/eval-dev-quality1843269190/plain/src/test/java/com/eval/PlainTest.java:[19,9] com.eval.Plain is not public in com.eval; cannot be accessed from outside package\n[ERROR] /tmp/eval-dev-quality1843269190/plain/src/test/java/com/eval/PlainTest.java:[20,27] com.eval.Plain is not public in com.eval; cannot be accessed from outside package\n[ERROR] /tmp/eval-dev-quality1843269190/plain/src/test/java/com/eval/PlainTest.java:[25,9] com.eval.Plain is not public in com.eval; cannot be accessed from outside package\n[ERROR] /tmp/eval-dev-quality1843269190/plain/src/test/java/com/eval/PlainTest.java:[28,52] cannot find symbol\n  symbol:   variable converting\n  location: class evaluation.EvaluationTest\n[ERROR] /tmp/eval-dev-quality1843269190/plain/src/test/java/com/eval/PlainTest.java:[33,23] non-static method testPlainMethodCall() cannot be referenced from a static context\n[INFO] 13 errors \n[INFO] -------------------------------------------------------------\n[INFO] ------------------------------------------------------------------------\n[INFO] BUILD FAILURE\n[INFO] ------------------------------------------------------------------------\n[INFO] Total time:  0.895 s\n[INFO] Finished at: 2024-06-06T10:38:50+02:00\n[INFO] ------------------------------------------------------------------------\n[ERROR] Failed to execute goal org.apache.maven.plugins:maven-compiler-plugin:3.11.0:testCompile (default-testCompile) on project test-java-plain: Compilation failure: Compilation failure: \n[ERROR] /tmp/eval-dev-quality1843269190/plain/src/test/java/com/eval/PlainTest.java:[3,16] com.eval.Plain is not public in com.eval; cannot be accessed from outside package\n[ERROR] /tmp/eval-dev-quality1843269190/plain/src/test/java/com/eval/PlainTest.java:[5,34] cannot find symbol\n[ERROR]   symbol:   class AssertionResult\n[ERROR]   location: package org.junit.platform.commons\n[ERROR] /tmp/eval-dev-quality1843269190/plain/src/test/java/com/eval/PlainTest.java:[9,51] package org.junit.platform.commons.assertion does not exist\n[ERROR] /tmp/eval-dev-quality1843269190/plain/src/test/java/com/eval/PlainTest.java:[9,1] static import only from classes and interfaces\n[ERROR] /tmp/eval-dev-quality1843269190/plain/src/test/java/com/eval/PlainTest.java:[36,13] cannot find symbol\n[ERROR]   symbol:   class Predicate\n[ERROR]   location: class evaluation.EvaluationTest\n[ERROR] /tmp/eval-dev-quality1843269190/plain/src/test/java/com/eval/PlainTest.java:[40,69] cannot find symbol\n[ERROR]   symbol:   class Predicate\n[ERROR]   location: class evaluation.EvaluationTest\n[ERROR] /tmp/eval-dev-quality1843269190/plain/src/test/java/com/eval/PlainTest.java:[40,13] cannot find symbol\n[ERROR]   symbol:   class Predicate\n[ERROR]   location: class evaluation.EvaluationTest\n[ERROR] /tmp/eval-dev-quality1843269190/plain/src/test/java/com/eval/PlainTest.java:[14,9] com.eval.Plain is not public in com.eval; cannot be accessed from outside package\n[ERROR] /tmp/eval-dev-quality1843269190/plain/src/test/java/com/eval/PlainTest.java:[19,9] com.eval.Plain is not public in com.eval; cannot be accessed from outside package\n[ERROR] /tmp/eval-dev-quality1843269190/plain/src/test/java/com/eval/PlainTest.java:[20,27] com.eval.Plain is not public in com.eval; cannot be accessed from outside package\n[ERROR] /tmp/eval-dev-quality1843269190/plain/src/test/java/com/eval/PlainTest.java:[25,9] com.eval.Plain is not public in com.eval; cannot be accessed from outside package\n[ERROR] /tmp/eval-dev-quality1843269190/plain/src/test/java/com/eval/PlainTest.java:[28,52] cannot find symbol\n[ERROR]   symbol:   variable converting\n[ERROR]   location: class evaluation.EvaluationTest\n[ERROR] /tmp/eval-dev-quality1843269190/plain/src/test/java/com/eval/PlainTest.java:[33,23] non-static method testPlainMethodCall() cannot be referenced from a static context\n[ERROR] -> [Help 1]\n[ERROR] \n[ERROR] To see the full stack trace of the errors, re-run Maven with the -e switch.\n[ERROR] Re-run Maven using the -X switch to enable full debug logging.\n[ERROR] \n[ERROR] For more information about the errors and possible solutions, please read the following articles:\n[ERROR] [Help 1] http://cwiki.apache.org/confluence/display/MAVEN/MojoFailureException\n",
}
Stacktrace: goroutine 1 [running]:
gitlab.nethead.at/symflower/symflower/model/errors.NewInternalError({0x1f42da0?, 0xc000888020}, {0xffa8c0?, 0xc000012030})
	gitlab.nethead.at/symflower/symflower/model/errors/error.go:850 +0x59
gitlab.nethead.at/symflower/symflower/language/java/execute.MavenDependencyCommand.func1()
	gitlab.nethead.at/symflower/symflower/language/java/execute/maven.go:80 +0x1ef
github.com/avast/retry-go.Do(0xc00075f8b8, {0xc00075f8a0, 0x3, 0x418c94?})
	github.com/avast/retry-go/retry.go:135 +0x5a3
gitlab.nethead.at/symflower/symflower/language/java/execute.MavenDependencyCommand({0xc000220db0, 0x26}, 0x0, {0xc000152ae0, 0x6, 0x6})
	gitlab.nethead.at/symflower/symflower/language/java/execute/maven.go:60 +0x1c5
gitlab.nethead.at/symflower/symflower/language/java/execute.MavenCloverCoverage({0xc000220db0, 0x26})
	gitlab.nethead.at/symflower/symflower/language/java/execute/clover.go:131 +0xc9
gitlab.nethead.at/symflower/symflower/cmd/symflower-local/cmd.(*commandTest).Execute(0xc000180d78, {0xc000180c00?, 0x7fed406bda58?, 0xc000180d78?})
	gitlab.nethead.at/symflower/symflower/cmd/symflower-local/cmd/test.go:143 +0x54f
gitlab.nethead.at/symflower/symflower/cmd.ExecuteNoExit({0x1f425e0?, 0xc000180c00}, {0xc000216000?, 0x2782d80?, 0xc0001d7ed8?})
	gitlab.nethead.at/symflower/symflower/cmd/execute.go:56 +0x2d0
gitlab.nethead.at/symflower/symflower/cmd.Execute({0x1f425e0?, 0xc000180c00?}, {0xc000216000?, 0x274c500?, 0xc000180c00?})
	gitlab.nethead.at/symflower/symflower/cmd/execute.go:16 +0x26
gitlab.nethead.at/symflower/symflower/cmd.ExecuteWithOSArguments(...)
	gitlab.nethead.at/symflower/symflower/cmd/execute.go:75
main.main.func1()
	gitlab.nethead.at/symflower/symflower/cmd/symflower-demo/main.go:40 +0x34
gitlab.nethead.at/symflower/symflower/cmd/symflower-local/cmd.(*Command).WithPanicReporter(0xc00018e058?, 0x2636b18?)
	gitlab.nethead.at/symflower/symflower/cmd/symflower-local/cmd/cmd.go:184 +0x48
main.main()
	gitlab.nethead.at/symflower/symflower/cmd/symflower-demo/main.go:39 +0xa5


github.com/symflower/eval-dev-quality/util.CommandWithResult
	/home/eval/eval-dev-quality/util/exec.go:52
github.com/symflower/eval-dev-quality/language/java.(*Language).Execute
	/home/eval/eval-dev-quality/language/java/language.go:94
github.com/symflower/eval-dev-quality/evaluate.Repository
	/home/eval/eval-dev-quality/evaluate/repository.go:57
github.com/symflower/eval-dev-quality/evaluate.Evaluate.func1
	/home/eval/eval-dev-quality/evaluate/evaluate.go:119
github.com/symflower/eval-dev-quality/evaluate.withLoadedModel
	/home/eval/eval-dev-quality/evaluate/evaluate.go:253
github.com/symflower/eval-dev-quality/evaluate.Evaluate
	/home/eval/eval-dev-quality/evaluate/evaluate.go:109
github.com/symflower/eval-dev-quality/cmd/eval-dev-quality/cmd.(*Evaluate).Execute
	/home/eval/eval-dev-quality/cmd/eval-dev-quality/cmd/evaluate.go:284
github.com/symflower/eval-dev-quality/cmd/eval-dev-quality/cmd.Execute.func1
	/home/eval/eval-dev-quality/cmd/eval-dev-quality/cmd/command.go:34
github.com/jessevdk/go-flags.(*Parser).ParseArgs
	/home/eval/go/pkg/mod/github.com/jessevdk/go-flags@v1.5.1-0.20210607101731-3927b71304df/parser.go:333
github.com/symflower/eval-dev-quality/cmd/eval-dev-quality/cmd.Execute
	/home/eval/eval-dev-quality/cmd/eval-dev-quality/cmd/command.go:37
main.main
	/home/eval/eval-dev-quality/cmd/eval-dev-quality/main.go:11
runtime.main
	/home/eval/go/src/runtime/proc.go:267
runtime.goexit
	/home/eval/go/src/runtime/asm_amd64.s:1650
github.com/symflower/eval-dev-quality/language/java.(*Language).Execute
	/home/eval/eval-dev-quality/language/java/language.go:105
github.com/symflower/eval-dev-quality/evaluate.Repository
	/home/eval/eval-dev-quality/evaluate/repository.go:57
github.com/symflower/eval-dev-quality/evaluate.Evaluate.func1
	/home/eval/eval-dev-quality/evaluate/evaluate.go:119
github.com/symflower/eval-dev-quality/evaluate.withLoadedModel
	/home/eval/eval-dev-quality/evaluate/evaluate.go:253
github.com/symflower/eval-dev-quality/evaluate.Evaluate
	/home/eval/eval-dev-quality/evaluate/evaluate.go:109
github.com/symflower/eval-dev-quality/cmd/eval-dev-quality/cmd.(*Evaluate).Execute
	/home/eval/eval-dev-quality/cmd/eval-dev-quality/cmd/evaluate.go:284
github.com/symflower/eval-dev-quality/cmd/eval-dev-quality/cmd.Execute.func1
	/home/eval/eval-dev-quality/cmd/eval-dev-quality/cmd/command.go:34
github.com/jessevdk/go-flags.(*Parser).ParseArgs
	/home/eval/go/pkg/mod/github.com/jessevdk/go-flags@v1.5.1-0.20210607101731-3927b71304df/parser.go:333
github.com/symflower/eval-dev-quality/cmd/eval-dev-quality/cmd.Execute
	/home/eval/eval-dev-quality/cmd/eval-dev-quality/cmd/command.go:37
main.main
	/home/eval/eval-dev-quality/cmd/eval-dev-quality/main.go:11
runtime.main
	/home/eval/go/src/runtime/proc.go:267
runtime.goexit
	/home/eval/go/src/runtime/asm_amd64.s:1650
[0;34mGive us your feedback and let us know how we can improve Symflower at hello@symflower.com or https://github.com/symflower/symflower. Thanks so much for your help![0m
ERROR: All attempts fail:
#1: Internal error: exit status 1:
[]interface {}{
    "/tmp/eval-dev-quality1843269190/plain/",
    "[INFO] Scanning for projects...\n[WARNING] \n[WARNING] Some problems were encountered while building the effective model for eval.dev.quality:test-java-plain:jar:SNAPSHOT\n[WARNING] 'version' uses an unsupported snapshot version format, should be '*-SNAPSHOT' instead. @ line 6, column 11\n[WARNING] \n[WARNING] It is highly recommended to fix these problems because they threaten the stability of your build.\n[WARNING] \n[WARNING] For this reason, future Maven versions might no longer support building such malformed projects.\n[WARNING] \n[INFO] \n[INFO] ------------------< eval.dev.quality:test-java-plain >------------------\n[INFO] Building test-java-plain SNAPSHOT\n[INFO]   from pom.xml\n[INFO] --------------------------------[ jar ]---------------------------------\n[INFO] \n[INFO] --- clean:3.2.0:clean (default-clean) @ test-java-plain ---\n[INFO] \n[INFO] --- resources:3.3.1:resources (default-resources) @ test-java-plain ---\n[WARNING] Using platform encoding (UTF-8 actually) to copy filtered resources, i.e. build is platform dependent!\n[INFO] skip non existing resourceDirectory /tmp/eval-dev-quality1843269190/plain/src/main/resources\n[INFO] \n[INFO] --- compiler:3.11.0:compile (default-compile) @ test-java-plain ---\n[INFO] Changes detected - recompiling the module! :source\n[WARNING] File encoding has not been set, using platform encoding UTF-8, i.e. build is platform dependent!\n[INFO] Compiling 1 source file with javac [debug target 11] to target/classes\n[WARNING] system modules path not set in conjunction with -source 11\n[INFO] \n[INFO] --- resources:3.3.1:resources (default-resources) @ test-java-plain ---\n[WARNING] Using platform encoding (UTF-8 actually) to copy filtered resources, i.e. build is platform dependent!\n[INFO] skip non existing resourceDirectory /tmp/eval-dev-quality1843269190/plain/src/main/resources\n[INFO] \n[INFO] --- compiler:3.11.0:compile (default-compile) @ test-java-plain ---\n[INFO] Nothing to compile - all classes are up to date\n[INFO] \n[INFO] --- resources:3.3.1:testResources (default-testResources) @ test-java-plain ---\n[WARNING] Using platform encoding (UTF-8 actually) to copy filtered resources, i.e. build is platform dependent!\n[INFO] skip non existing resourceDirectory /tmp/eval-dev-quality1843269190/plain/src/test/resources\n[INFO] \n[INFO] --- compiler:3.11.0:testCompile (default-testCompile) @ test-java-plain ---\n[INFO] Changes detected - recompiling the module! :dependency\n[WARNING] File encoding has not been set, using platform encoding UTF-8, i.e. build is platform dependent!\n[INFO] Compiling 1 source file with javac [debug target 11] to target/test-classes\n[INFO] -------------------------------------------------------------\n[WARNING] COMPILATION WARNING : \n[INFO] -------------------------------------------------------------\n[WARNING] system modules path not set in conjunction with -source 11\n[INFO] 1 warning\n[INFO] -------------------------------------------------------------\n[INFO] -------------------------------------------------------------\n[ERROR] COMPILATION ERROR : \n[INFO] -------------------------------------------------------------\n[ERROR] /tmp/eval-dev-quality1843269190/plain/src/test/java/com/eval/PlainTest.java:[3,16] com.eval.Plain is not public in com.eval; cannot be accessed from outside package\n[ERROR] /tmp/eval-dev-quality1843269190/plain/src/test/java/com/eval/PlainTest.java:[5,34] cannot find symbol\n  symbol:   class AssertionResult\n  location: package org.junit.platform.commons\n[ERROR] /tmp/eval-dev-quality1843269190/plain/src/test/java/com/eval/PlainTest.java:[9,51] package org.junit.platform.commons.assertion does not exist\n[ERROR] /tmp/eval-dev-quality1843269190/plain/src/test/java/com/eval/PlainTest.java:[9,1] static import only from classes and interfaces\n[ERROR] /tmp/eval-dev-quality1843269190/plain/src/test/java/com/eval/PlainTest.java:[36,13] cannot find symbol\n  symbol:   class Predicate\n  location: class evaluation.EvaluationTest\n[ERROR] /tmp/eval-dev-quality1843269190/plain/src/test/java/com/eval/PlainTest.java:[40,69] cannot find symbol\n  symbol:   class Predicate\n  location: class evaluation.EvaluationTest\n[ERROR] /tmp/eval-dev-quality1843269190/plain/src/test/java/com/eval/PlainTest.java:[40,13] cannot find symbol\n  symbol:   class Predicate\n  location: class evaluation.EvaluationTest\n[ERROR] /tmp/eval-dev-quality1843269190/plain/src/test/java/com/eval/PlainTest.java:[14,9] com.eval.Plain is not public in com.eval; cannot be accessed from outside package\n[ERROR] /tmp/eval-dev-quality1843269190/plain/src/test/java/com/eval/PlainTest.java:[19,9] com.eval.Plain is not public in com.eval; cannot be accessed from outside package\n[ERROR] /tmp/eval-dev-quality1843269190/plain/src/test/java/com/eval/PlainTest.java:[20,27] com.eval.Plain is not public in com.eval; cannot be accessed from outside package\n[ERROR] /tmp/eval-dev-quality1843269190/plain/src/test/java/com/eval/PlainTest.java:[25,9] com.eval.Plain is not public in com.eval; cannot be accessed from outside package\n[ERROR] /tmp/eval-dev-quality1843269190/plain/src/test/java/com/eval/PlainTest.java:[28,52] cannot find symbol\n  symbol:   variable converting\n  location: class evaluation.EvaluationTest\n[ERROR] /tmp/eval-dev-quality1843269190/plain/src/test/java/com/eval/PlainTest.java:[33,23] non-static method testPlainMethodCall() cannot be referenced from a static context\n[INFO] 13 errors \n[INFO] -------------------------------------------------------------\n[INFO] ------------------------------------------------------------------------\n[INFO] BUILD FAILURE\n[INFO] ------------------------------------------------------------------------\n[INFO] Total time:  0.895 s\n[INFO] Finished at: 2024-06-06T10:38:50+02:00\n[INFO] ------------------------------------------------------------------------\n[ERROR] Failed to execute goal org.apache.maven.plugins:maven-compiler-plugin:3.11.0:testCompile (default-testCompile) on project test-java-plain: Compilation failure: Compilation failure: \n[ERROR] /tmp/eval-dev-quality1843269190/plain/src/test/java/com/eval/PlainTest.java:[3,16] com.eval.Plain is not public in com.eval; cannot be accessed from outside package\n[ERROR] /tmp/eval-dev-quality1843269190/plain/src/test/java/com/eval/PlainTest.java:[5,34] cannot find symbol\n[ERROR]   symbol:   class AssertionResult\n[ERROR]   location: package org.junit.platform.commons\n[ERROR] /tmp/eval-dev-quality1843269190/plain/src/test/java/com/eval/PlainTest.java:[9,51] package org.junit.platform.commons.assertion does not exist\n[ERROR] /tmp/eval-dev-quality1843269190/plain/src/test/java/com/eval/PlainTest.java:[9,1] static import only from classes and interfaces\n[ERROR] /tmp/eval-dev-quality1843269190/plain/src/test/java/com/eval/PlainTest.java:[36,13] cannot find symbol\n[ERROR]   symbol:   class Predicate\n[ERROR]   location: class evaluation.EvaluationTest\n[ERROR] /tmp/eval-dev-quality1843269190/plain/src/test/java/com/eval/PlainTest.java:[40,69] cannot find symbol\n[ERROR]   symbol:   class Predicate\n[ERROR]   location: class evaluation.EvaluationTest\n[ERROR] /tmp/eval-dev-quality1843269190/plain/src/test/java/com/eval/PlainTest.java:[40,13] cannot find symbol\n[ERROR]   symbol:   class Predicate\n[ERROR]   location: class evaluation.EvaluationTest\n[ERROR] /tmp/eval-dev-quality1843269190/plain/src/test/java/com/eval/PlainTest.java:[14,9] com.eval.Plain is not public in com.eval; cannot be accessed from outside package\n[ERROR] /tmp/eval-dev-quality1843269190/plain/src/test/java/com/eval/PlainTest.java:[19,9] com.eval.Plain is not public in com.eval; cannot be accessed from outside package\n[ERROR] /tmp/eval-dev-quality1843269190/plain/src/test/java/com/eval/PlainTest.java:[20,27] com.eval.Plain is not public in com.eval; cannot be accessed from outside package\n[ERROR] /tmp/eval-dev-quality1843269190/plain/src/test/java/com/eval/PlainTest.java:[25,9] com.eval.Plain is not public in com.eval; cannot be accessed from outside package\n[ERROR] /tmp/eval-dev-quality1843269190/plain/src/test/java/com/eval/PlainTest.java:[28,52] cannot find symbol\n[ERROR]   symbol:   variable converting\n[ERROR]   location: class evaluation.EvaluationTest\n[ERROR] /tmp/eval-dev-quality1843269190/plain/src/test/java/com/eval/PlainTest.java:[33,23] non-static method testPlainMethodCall() cannot be referenced from a static context\n[ERROR] -> [Help 1]\n[ERROR] \n[ERROR] To see the full stack trace of the errors, re-run Maven with the -e switch.\n[ERROR] Re-run Maven using the -X switch to enable full debug logging.\n[ERROR] \n[ERROR] For more information about the errors and possible solutions, please read the following articles:\n[ERROR] [Help 1] http://cwiki.apache.org/confluence/display/MAVEN/MojoFailureException\n",
}
Stacktrace: goroutine 1 [running]:
gitlab.nethead.at/symflower/symflower/model/errors.NewInternalError({0x1f42da0?, 0xc000888020}, {0xffa8c0?, 0xc000012030})
	gitlab.nethead.at/symflower/symflower/model/errors/error.go:850 +0x59
gitlab.nethead.at/symflower/symflower/language/java/execute.MavenDependencyCommand.func1()
	gitlab.nethead.at/symflower/symflower/language/java/execute/maven.go:80 +0x1ef
github.com/avast/retry-go.Do(0xc00075f8b8, {0xc00075f8a0, 0x3, 0x418c94?})
	github.com/avast/retry-go/retry.go:135 +0x5a3
gitlab.nethead.at/symflower/symflower/language/java/execute.MavenDependencyCommand({0xc000220db0, 0x26}, 0x0, {0xc000152ae0, 0x6, 0x6})
	gitlab.nethead.at/symflower/symflower/language/java/execute/maven.go:60 +0x1c5
gitlab.nethead.at/symflower/symflower/language/java/execute.MavenCloverCoverage({0xc000220db0, 0x26})
	gitlab.nethead.at/symflower/symflower/language/java/execute/clover.go:131 +0xc9
gitlab.nethead.at/symflower/symflower/cmd/symflower-local/cmd.(*commandTest).Execute(0xc000180d78, {0xc000180c00?, 0x7fed406bda58?, 0xc000180d78?})
	gitlab.nethead.at/symflower/symflower/cmd/symflower-local/cmd/test.go:143 +0x54f
gitlab.nethead.at/symflower/symflower/cmd.ExecuteNoExit({0x1f425e0?, 0xc000180c00}, {0xc000216000?, 0x2782d80?, 0xc0001d7ed8?})
	gitlab.nethead.at/symflower/symflower/cmd/execute.go:56 +0x2d0
gitlab.nethead.at/symflower/symflower/cmd.Execute({0x1f425e0?, 0xc000180c00?}, {0xc000216000?, 0x274c500?, 0xc000180c00?})
	gitlab.nethead.at/symflower/symflower/cmd/execute.go:16 +0x26
gitlab.nethead.at/symflower/symflower/cmd.ExecuteWithOSArguments(...)
	gitlab.nethead.at/symflower/symflower/cmd/execute.go:75
main.main.func1()
	gitlab.nethead.at/symflower/symflower/cmd/symflower-demo/main.go:40 +0x34
gitlab.nethead.at/symflower/symflower/cmd/symflower-local/cmd.(*Command).WithPanicReporter(0xc00018e058?, 0x2636b18?)
	gitlab.nethead.at/symflower/symflower/cmd/symflower-local/cmd/cmd.go:184 +0x48
main.main()
	gitlab.nethead.at/symflower/symflower/cmd/symflower-demo/main.go:39 +0xa5


src/main/java/com/eval/Plain.java]
2024/06/06 10:50:52 Evaluating model "openrouter/intel/neural-chat-7b" using language "java" and repository "java/plain"
2024/06/06 10:50:52 Querying model "openrouter/intel/neural-chat-7b" with:
	Given the following Java code file "src/main/java/com/eval/Plain.java" with package "com.eval", provide a test file for this code with JUnit 5 as a test framework.
	The tests should produce 100 percent code coverage and must compile.
	The response must contain only the test code and nothing else.

	```java
	package com.eval;

	class Plain {
	    static void plain() {
	    }
	}
	```
2024/06/06 10:51:20 Model "openrouter/intel/neural-chat-7b" responded (28089 ms) with:
	 package evaluation;

	import com.eval.Plain;
	import org.junit.jupiter.api.Test;
	import org.junit.platform.commons.AssertionResult;

	import static org.junit.jupiter.api.Assertions.assertEquals;
	import static org.junit.jupiter.api.Assertions.assertTrue;
	import static org.junit.platform.commons.assertion.Bool.converting;

	class EvaluationTest {
	    @Test
	    void testPlainMethodEmptyBody() {
	        Plain.plain();
	    }

	    @Test
	    void testPlainMethodCall() {
	        Plain.plain();
	        assertNotNull(new Plain());
	    }

	    @Test
	    void testPlainMethodHasOnlyBody() {
	        Plain.plain();
	        assertEquals(1, 1);
	        assertEquals(2, 2);
	        assertTrue(corresponds("string", "string", converting));
	    }

	    @Test
	    void testPlainMethodInvocation() {
	        EvaluationTest.testPlainMethodCall();
	    }

	    private Predicate<String> corresponding() {
	        return s -> s.equals("string");
	    }

	    private Predicate<String> corresponds(String key, String value, Predicate<Boolean> converter) {
	        return converter.test(corresponding().apply(key, value));
	    }
	}
2024/06/06 10:51:20 $ symflower test --language java --workspace /tmp/eval-dev-quality1843269190/plain --coverage-file /tmp/eval-dev-quality1843269190/plain/coverage.json
[0;34mGive us your feedback and let us know how we can improve Symflower at hello@symflower.com or https://github.com/symflower/symflower. Thanks so much for your help![0m
ERROR: All attempts fail:
#1: Internal error: exit status 1:
[]interface {}{
    "/tmp/eval-dev-quality1843269190/plain/",
    "[INFO] Scanning for projects...\n[WARNING] \n[WARNING] Some problems were encountered while building the effective model for eval.dev.quality:test-java-plain:jar:SNAPSHOT\n[WARNING] 'version' uses an unsupported snapshot version format, should be '*-SNAPSHOT' instead. @ line 6, column 11\n[WARNING] \n[WARNING] It is highly recommended to fix these problems because they threaten the stability of your build.\n[WARNING] \n[WARNING] For this reason, future Maven versions might no longer support building such malformed projects.\n[WARNING] \n[INFO] \n[INFO] ------------------< eval.dev.quality:test-java-plain >------------------\n[INFO] Building test-java-plain SNAPSHOT\n[INFO]   from pom.xml\n[INFO] --------------------------------[ jar ]---------------------------------\n[INFO] \n[INFO] --- clean:3.2.0:clean (default-clean) @ test-java-plain ---\n[INFO] \n[INFO] --- resources:3.3.1:resources (default-resources) @ test-java-plain ---\n[WARNING] Using platform encoding (UTF-8 actually) to copy filtered resources, i.e. build is platform dependent!\n[INFO] skip non existing resourceDirectory /tmp/eval-dev-quality1843269190/plain/src/main/resources\n[INFO] \n[INFO] --- compiler:3.11.0:compile (default-compile) @ test-java-plain ---\n[INFO] Changes detected - recompiling the module! :source\n[WARNING] File encoding has not been set, using platform encoding UTF-8, i.e. build is platform dependent!\n[INFO] Compiling 1 source file with javac [debug target 11] to target/classes\n[WARNING] system modules path not set in conjunction with -source 11\n[INFO] \n[INFO] --- resources:3.3.1:resources (default-resources) @ test-java-plain ---\n[WARNING] Using platform encoding (UTF-8 actually) to copy filtered resources, i.e. build is platform dependent!\n[INFO] skip non existing resourceDirectory /tmp/eval-dev-quality1843269190/plain/src/main/resources\n[INFO] \n[INFO] --- compiler:3.11.0:compile (default-compile) @ test-java-plain ---\n[INFO] Nothing to compile - all classes are up to date\n[INFO] \n[INFO] --- resources:3.3.1:testResources (default-testResources) @ test-java-plain ---\n[WARNING] Using platform encoding (UTF-8 actually) to copy filtered resources, i.e. build is platform dependent!\n[INFO] skip non existing resourceDirectory /tmp/eval-dev-quality1843269190/plain/src/test/resources\n[INFO] \n[INFO] --- compiler:3.11.0:testCompile (default-testCompile) @ test-java-plain ---\n[INFO] Changes detected - recompiling the module! :dependency\n[WARNING] File encoding has not been set, using platform encoding UTF-8, i.e. build is platform dependent!\n[INFO] Compiling 1 source file with javac [debug target 11] to target/test-classes\n[INFO] -------------------------------------------------------------\n[WARNING] COMPILATION WARNING : \n[INFO] -------------------------------------------------------------\n[WARNING] system modules path not set in conjunction with -source 11\n[INFO] 1 warning\n[INFO] -------------------------------------------------------------\n[INFO] -------------------------------------------------------------\n[ERROR] COMPILATION ERROR : \n[INFO] -------------------------------------------------------------\n[ERROR] /tmp/eval-dev-quality1843269190/plain/src/test/java/com/eval/PlainTest.java:[3,16] com.eval.Plain is not public in com.eval; cannot be accessed from outside package\n[ERROR] /tmp/eval-dev-quality1843269190/plain/src/test/java/com/eval/PlainTest.java:[5,34] cannot find symbol\n  symbol:   class AssertionResult\n  location: package org.junit.platform.commons\n[ERROR] /tmp/eval-dev-quality1843269190/plain/src/test/java/com/eval/PlainTest.java:[9,51] package org.junit.platform.commons.assertion does not exist\n[ERROR] /tmp/eval-dev-quality1843269190/plain/src/test/java/com/eval/PlainTest.java:[9,1] static import only from classes and interfaces\n[ERROR] /tmp/eval-dev-quality1843269190/plain/src/test/java/com/eval/PlainTest.java:[36,13] cannot find symbol\n  symbol:   class Predicate\n  location: class evaluation.EvaluationTest\n[ERROR] /tmp/eval-dev-quality1843269190/plain/src/test/java/com/eval/PlainTest.java:[40,69] cannot find symbol\n  symbol:   class Predicate\n  location: class evaluation.EvaluationTest\n[ERROR] /tmp/eval-dev-quality1843269190/plain/src/test/java/com/eval/PlainTest.java:[40,13] cannot find symbol\n  symbol:   class Predicate\n  location: class evaluation.EvaluationTest\n[ERROR] /tmp/eval-dev-quality1843269190/plain/src/test/java/com/eval/PlainTest.java:[14,9] com.eval.Plain is not public in com.eval; cannot be accessed from outside package\n[ERROR] /tmp/eval-dev-quality1843269190/plain/src/test/java/com/eval/PlainTest.java:[19,9] com.eval.Plain is not public in com.eval; cannot be accessed from outside package\n[ERROR] /tmp/eval-dev-quality1843269190/plain/src/test/java/com/eval/PlainTest.java:[20,27] com.eval.Plain is not public in com.eval; cannot be accessed from outside package\n[ERROR] /tmp/eval-dev-quality1843269190/plain/src/test/java/com/eval/PlainTest.java:[25,9] com.eval.Plain is not public in com.eval; cannot be accessed from outside package\n[ERROR] /tmp/eval-dev-quality1843269190/plain/src/test/java/com/eval/PlainTest.java:[28,52] cannot find symbol\n  symbol:   variable converting\n  location: class evaluation.EvaluationTest\n[ERROR] /tmp/eval-dev-quality1843269190/plain/src/test/java/com/eval/PlainTest.java:[33,23] non-static method testPlainMethodCall() cannot be referenced from a static context\n[INFO] 13 errors \n[INFO] -------------------------------------------------------------\n[INFO] ------------------------------------------------------------------------\n[INFO] BUILD FAILURE\n[INFO] ------------------------------------------------------------------------\n[INFO] Total time:  0.874 s\n[INFO] Finished at: 2024-06-06T10:51:22+02:00\n[INFO] ------------------------------------------------------------------------\n[ERROR] Failed to execute goal org.apache.maven.plugins:maven-compiler-plugin:3.11.0:testCompile (default-testCompile) on project test-java-plain: Compilation failure: Compilation failure: \n[ERROR] /tmp/eval-dev-quality1843269190/plain/src/test/java/com/eval/PlainTest.java:[3,16] com.eval.Plain is not public in com.eval; cannot be accessed from outside package\n[ERROR] /tmp/eval-dev-quality1843269190/plain/src/test/java/com/eval/PlainTest.java:[5,34] cannot find symbol\n[ERROR]   symbol:   class AssertionResult\n[ERROR]   location: package org.junit.platform.commons\n[ERROR] /tmp/eval-dev-quality1843269190/plain/src/test/java/com/eval/PlainTest.java:[9,51] package org.junit.platform.commons.assertion does not exist\n[ERROR] /tmp/eval-dev-quality1843269190/plain/src/test/java/com/eval/PlainTest.java:[9,1] static import only from classes and interfaces\n[ERROR] /tmp/eval-dev-quality1843269190/plain/src/test/java/com/eval/PlainTest.java:[36,13] cannot find symbol\n[ERROR]   symbol:   class Predicate\n[ERROR]   location: class evaluation.EvaluationTest\n[ERROR] /tmp/eval-dev-quality1843269190/plain/src/test/java/com/eval/PlainTest.java:[40,69] cannot find symbol\n[ERROR]   symbol:   class Predicate\n[ERROR]   location: class evaluation.EvaluationTest\n[ERROR] /tmp/eval-dev-quality1843269190/plain/src/test/java/com/eval/PlainTest.java:[40,13] cannot find symbol\n[ERROR]   symbol:   class Predicate\n[ERROR]   location: class evaluation.EvaluationTest\n[ERROR] /tmp/eval-dev-quality1843269190/plain/src/test/java/com/eval/PlainTest.java:[14,9] com.eval.Plain is not public in com.eval; cannot be accessed from outside package\n[ERROR] /tmp/eval-dev-quality1843269190/plain/src/test/java/com/eval/PlainTest.java:[19,9] com.eval.Plain is not public in com.eval; cannot be accessed from outside package\n[ERROR] /tmp/eval-dev-quality1843269190/plain/src/test/java/com/eval/PlainTest.java:[20,27] com.eval.Plain is not public in com.eval; cannot be accessed from outside package\n[ERROR] /tmp/eval-dev-quality1843269190/plain/src/test/java/com/eval/PlainTest.java:[25,9] com.eval.Plain is not public in com.eval; cannot be accessed from outside package\n[ERROR] /tmp/eval-dev-quality1843269190/plain/src/test/java/com/eval/PlainTest.java:[28,52] cannot find symbol\n[ERROR]   symbol:   variable converting\n[ERROR]   location: class evaluation.EvaluationTest\n[ERROR] /tmp/eval-dev-quality1843269190/plain/src/test/java/com/eval/PlainTest.java:[33,23] non-static method testPlainMethodCall() cannot be referenced from a static context\n[ERROR] -> [Help 1]\n[ERROR] \n[ERROR] To see the full stack trace of the errors, re-run Maven with the -e switch.\n[ERROR] Re-run Maven using the -X switch to enable full debug logging.\n[ERROR] \n[ERROR] For more information about the errors and possible solutions, please read the following articles:\n[ERROR] [Help 1] http://cwiki.apache.org/confluence/display/MAVEN/MojoFailureException\n",
}
Stacktrace: goroutine 1 [running]:
gitlab.nethead.at/symflower/symflower/model/errors.NewInternalError({0x1f42da0?, 0xc0000fe000}, {0xffa8c0?, 0xc000012258})
	gitlab.nethead.at/symflower/symflower/model/errors/error.go:850 +0x59
gitlab.nethead.at/symflower/symflower/language/java/execute.MavenDependencyCommand.func1()
	gitlab.nethead.at/symflower/symflower/language/java/execute/maven.go:80 +0x1ef
github.com/avast/retry-go.Do(0xc0007478b8, {0xc0007478a0, 0x3, 0x418c94?})
	github.com/avast/retry-go/retry.go:135 +0x5a3
gitlab.nethead.at/symflower/symflower/language/java/execute.MavenDependencyCommand({0xc000532030, 0x26}, 0x0, {0xc0005122a0, 0x6, 0x6})
	gitlab.nethead.at/symflower/symflower/language/java/execute/maven.go:60 +0x1c5
gitlab.nethead.at/symflower/symflower/language/java/execute.MavenCloverCoverage({0xc000532030, 0x26})
	gitlab.nethead.at/symflower/symflower/language/java/execute/clover.go:131 +0xc9
gitlab.nethead.at/symflower/symflower/cmd/symflower-local/cmd.(*commandTest).Execute(0xc0003ec578, {0xc0003ec400?, 0x7f652456fb18?, 0xc0003ec578?})
	gitlab.nethead.at/symflower/symflower/cmd/symflower-local/cmd/test.go:143 +0x54f
gitlab.nethead.at/symflower/symflower/cmd.ExecuteNoExit({0x1f425e0?, 0xc0003ec400}, {0xc000040080?, 0x2782d80?, 0xc00059fed8?})
	gitlab.nethead.at/symflower/symflower/cmd/execute.go:56 +0x2d0
gitlab.nethead.at/symflower/symflower/cmd.Execute({0x1f425e0?, 0xc0003ec400?}, {0xc000040080?, 0x274c500?, 0xc0003ec400?})
	gitlab.nethead.at/symflower/symflower/cmd/execute.go:16 +0x26
gitlab.nethead.at/symflower/symflower/cmd.ExecuteWithOSArguments(...)
	gitlab.nethead.at/symflower/symflower/cmd/execute.go:75
main.main.func1()
	gitlab.nethead.at/symflower/symflower/cmd/symflower-demo/main.go:40 +0x34
gitlab.nethead.at/symflower/symflower/cmd/symflower-local/cmd.(*Command).WithPanicReporter(0xc000130058?, 0x2636b18?)
	gitlab.nethead.at/symflower/symflower/cmd/symflower-local/cmd/cmd.go:184 +0x48
main.main()
	gitlab.nethead.at/symflower/symflower/cmd/symflower-demo/main.go:39 +0xa5

2024/06/06 10:51:22 Evaluated model "openrouter/intel/neural-chat-7b" using language "java" and repository "java/plain": encountered 1 problems: [exit status 1
[0;34mGive us your feedback and let us know how we can improve Symflower at hello@symflower.com or https://github.com/symflower/symflower. Thanks so much for your help![0m
ERROR: All attempts fail:
#1: Internal error: exit status 1:
[]interface {}{
    "/tmp/eval-dev-quality1843269190/plain/",
    "[INFO] Scanning for projects...\n[WARNING] \n[WARNING] Some problems were encountered while building the effective model for eval.dev.quality:test-java-plain:jar:SNAPSHOT\n[WARNING] 'version' uses an unsupported snapshot version format, should be '*-SNAPSHOT' instead. @ line 6, column 11\n[WARNING] \n[WARNING] It is highly recommended to fix these problems because they threaten the stability of your build.\n[WARNING] \n[WARNING] For this reason, future Maven versions might no longer support building such malformed projects.\n[WARNING] \n[INFO] \n[INFO] ------------------< eval.dev.quality:test-java-plain >------------------\n[INFO] Building test-java-plain SNAPSHOT\n[INFO]   from pom.xml\n[INFO] --------------------------------[ jar ]---------------------------------\n[INFO] \n[INFO] --- clean:3.2.0:clean (default-clean) @ test-java-plain ---\n[INFO] \n[INFO] --- resources:3.3.1:resources (default-resources) @ test-java-plain ---\n[WARNING] Using platform encoding (UTF-8 actually) to copy filtered resources, i.e. build is platform dependent!\n[INFO] skip non existing resourceDirectory /tmp/eval-dev-quality1843269190/plain/src/main/resources\n[INFO] \n[INFO] --- compiler:3.11.0:compile (default-compile) @ test-java-plain ---\n[INFO] Changes detected - recompiling the module! :source\n[WARNING] File encoding has not been set, using platform encoding UTF-8, i.e. build is platform dependent!\n[INFO] Compiling 1 source file with javac [debug target 11] to target/classes\n[WARNING] system modules path not set in conjunction with -source 11\n[INFO] \n[INFO] --- resources:3.3.1:resources (default-resources) @ test-java-plain ---\n[WARNING] Using platform encoding (UTF-8 actually) to copy filtered resources, i.e. build is platform dependent!\n[INFO] skip non existing resourceDirectory /tmp/eval-dev-quality1843269190/plain/src/main/resources\n[INFO] \n[INFO] --- compiler:3.11.0:compile (default-compile) @ test-java-plain ---\n[INFO] Nothing to compile - all classes are up to date\n[INFO] \n[INFO] --- resources:3.3.1:testResources (default-testResources) @ test-java-plain ---\n[WARNING] Using platform encoding (UTF-8 actually) to copy filtered resources, i.e. build is platform dependent!\n[INFO] skip non existing resourceDirectory /tmp/eval-dev-quality1843269190/plain/src/test/resources\n[INFO] \n[INFO] --- compiler:3.11.0:testCompile (default-testCompile) @ test-java-plain ---\n[INFO] Changes detected - recompiling the module! :dependency\n[WARNING] File encoding has not been set, using platform encoding UTF-8, i.e. build is platform dependent!\n[INFO] Compiling 1 source file with javac [debug target 11] to target/test-classes\n[INFO] -------------------------------------------------------------\n[WARNING] COMPILATION WARNING : \n[INFO] -------------------------------------------------------------\n[WARNING] system modules path not set in conjunction with -source 11\n[INFO] 1 warning\n[INFO] -------------------------------------------------------------\n[INFO] -------------------------------------------------------------\n[ERROR] COMPILATION ERROR : \n[INFO] -------------------------------------------------------------\n[ERROR] /tmp/eval-dev-quality1843269190/plain/src/test/java/com/eval/PlainTest.java:[3,16] com.eval.Plain is not public in com.eval; cannot be accessed from outside package\n[ERROR] /tmp/eval-dev-quality1843269190/plain/src/test/java/com/eval/PlainTest.java:[5,34] cannot find symbol\n  symbol:   class AssertionResult\n  location: package org.junit.platform.commons\n[ERROR] /tmp/eval-dev-quality1843269190/plain/src/test/java/com/eval/PlainTest.java:[9,51] package org.junit.platform.commons.assertion does not exist\n[ERROR] /tmp/eval-dev-quality1843269190/plain/src/test/java/com/eval/PlainTest.java:[9,1] static import only from classes and interfaces\n[ERROR] /tmp/eval-dev-quality1843269190/plain/src/test/java/com/eval/PlainTest.java:[36,13] cannot find symbol\n  symbol:   class Predicate\n  location: class evaluation.EvaluationTest\n[ERROR] /tmp/eval-dev-quality1843269190/plain/src/test/java/com/eval/PlainTest.java:[40,69] cannot find symbol\n  symbol:   class Predicate\n  location: class evaluation.EvaluationTest\n[ERROR] /tmp/eval-dev-quality1843269190/plain/src/test/java/com/eval/PlainTest.java:[40,13] cannot find symbol\n  symbol:   class Predicate\n  location: class evaluation.EvaluationTest\n[ERROR] /tmp/eval-dev-quality1843269190/plain/src/test/java/com/eval/PlainTest.java:[14,9] com.eval.Plain is not public in com.eval; cannot be accessed from outside package\n[ERROR] /tmp/eval-dev-quality1843269190/plain/src/test/java/com/eval/PlainTest.java:[19,9] com.eval.Plain is not public in com.eval; cannot be accessed from outside package\n[ERROR] /tmp/eval-dev-quality1843269190/plain/src/test/java/com/eval/PlainTest.java:[20,27] com.eval.Plain is not public in com.eval; cannot be accessed from outside package\n[ERROR] /tmp/eval-dev-quality1843269190/plain/src/test/java/com/eval/PlainTest.java:[25,9] com.eval.Plain is not public in com.eval; cannot be accessed from outside package\n[ERROR] /tmp/eval-dev-quality1843269190/plain/src/test/java/com/eval/PlainTest.java:[28,52] cannot find symbol\n  symbol:   variable converting\n  location: class evaluation.EvaluationTest\n[ERROR] /tmp/eval-dev-quality1843269190/plain/src/test/java/com/eval/PlainTest.java:[33,23] non-static method testPlainMethodCall() cannot be referenced from a static context\n[INFO] 13 errors \n[INFO] -------------------------------------------------------------\n[INFO] ------------------------------------------------------------------------\n[INFO] BUILD FAILURE\n[INFO] ------------------------------------------------------------------------\n[INFO] Total time:  0.874 s\n[INFO] Finished at: 2024-06-06T10:51:22+02:00\n[INFO] ------------------------------------------------------------------------\n[ERROR] Failed to execute goal org.apache.maven.plugins:maven-compiler-plugin:3.11.0:testCompile (default-testCompile) on project test-java-plain: Compilation failure: Compilation failure: \n[ERROR] /tmp/eval-dev-quality1843269190/plain/src/test/java/com/eval/PlainTest.java:[3,16] com.eval.Plain is not public in com.eval; cannot be accessed from outside package\n[ERROR] /tmp/eval-dev-quality1843269190/plain/src/test/java/com/eval/PlainTest.java:[5,34] cannot find symbol\n[ERROR]   symbol:   class AssertionResult\n[ERROR]   location: package org.junit.platform.commons\n[ERROR] /tmp/eval-dev-quality1843269190/plain/src/test/java/com/eval/PlainTest.java:[9,51] package org.junit.platform.commons.assertion does not exist\n[ERROR] /tmp/eval-dev-quality1843269190/plain/src/test/java/com/eval/PlainTest.java:[9,1] static import only from classes and interfaces\n[ERROR] /tmp/eval-dev-quality1843269190/plain/src/test/java/com/eval/PlainTest.java:[36,13] cannot find symbol\n[ERROR]   symbol:   class Predicate\n[ERROR]   location: class evaluation.EvaluationTest\n[ERROR] /tmp/eval-dev-quality1843269190/plain/src/test/java/com/eval/PlainTest.java:[40,69] cannot find symbol\n[ERROR]   symbol:   class Predicate\n[ERROR]   location: class evaluation.EvaluationTest\n[ERROR] /tmp/eval-dev-quality1843269190/plain/src/test/java/com/eval/PlainTest.java:[40,13] cannot find symbol\n[ERROR]   symbol:   class Predicate\n[ERROR]   location: class evaluation.EvaluationTest\n[ERROR] /tmp/eval-dev-quality1843269190/plain/src/test/java/com/eval/PlainTest.java:[14,9] com.eval.Plain is not public in com.eval; cannot be accessed from outside package\n[ERROR] /tmp/eval-dev-quality1843269190/plain/src/test/java/com/eval/PlainTest.java:[19,9] com.eval.Plain is not public in com.eval; cannot be accessed from outside package\n[ERROR] /tmp/eval-dev-quality1843269190/plain/src/test/java/com/eval/PlainTest.java:[20,27] com.eval.Plain is not public in com.eval; cannot be accessed from outside package\n[ERROR] /tmp/eval-dev-quality1843269190/plain/src/test/java/com/eval/PlainTest.java:[25,9] com.eval.Plain is not public in com.eval; cannot be accessed from outside package\n[ERROR] /tmp/eval-dev-quality1843269190/plain/src/test/java/com/eval/PlainTest.java:[28,52] cannot find symbol\n[ERROR]   symbol:   variable converting\n[ERROR]   location: class evaluation.EvaluationTest\n[ERROR] /tmp/eval-dev-quality1843269190/plain/src/test/java/com/eval/PlainTest.java:[33,23] non-static method testPlainMethodCall() cannot be referenced from a static context\n[ERROR] -> [Help 1]\n[ERROR] \n[ERROR] To see the full stack trace of the errors, re-run Maven with the -e switch.\n[ERROR] Re-run Maven using the -X switch to enable full debug logging.\n[ERROR] \n[ERROR] For more information about the errors and possible solutions, please read the following articles:\n[ERROR] [Help 1] http://cwiki.apache.org/confluence/display/MAVEN/MojoFailureException\n",
}
Stacktrace: goroutine 1 [running]:
gitlab.nethead.at/symflower/symflower/model/errors.NewInternalError({0x1f42da0?, 0xc0000fe000}, {0xffa8c0?, 0xc000012258})
	gitlab.nethead.at/symflower/symflower/model/errors/error.go:850 +0x59
gitlab.nethead.at/symflower/symflower/language/java/execute.MavenDependencyCommand.func1()
	gitlab.nethead.at/symflower/symflower/language/java/execute/maven.go:80 +0x1ef
github.com/avast/retry-go.Do(0xc0007478b8, {0xc0007478a0, 0x3, 0x418c94?})
	github.com/avast/retry-go/retry.go:135 +0x5a3
gitlab.nethead.at/symflower/symflower/language/java/execute.MavenDependencyCommand({0xc000532030, 0x26}, 0x0, {0xc0005122a0, 0x6, 0x6})
	gitlab.nethead.at/symflower/symflower/language/java/execute/maven.go:60 +0x1c5
gitlab.nethead.at/symflower/symflower/language/java/execute.MavenCloverCoverage({0xc000532030, 0x26})
	gitlab.nethead.at/symflower/symflower/language/java/execute/clover.go:131 +0xc9
gitlab.nethead.at/symflower/symflower/cmd/symflower-local/cmd.(*commandTest).Execute(0xc0003ec578, {0xc0003ec400?, 0x7f652456fb18?, 0xc0003ec578?})
	gitlab.nethead.at/symflower/symflower/cmd/symflower-local/cmd/test.go:143 +0x54f
gitlab.nethead.at/symflower/symflower/cmd.ExecuteNoExit({0x1f425e0?, 0xc0003ec400}, {0xc000040080?, 0x2782d80?, 0xc00059fed8?})
	gitlab.nethead.at/symflower/symflower/cmd/execute.go:56 +0x2d0
gitlab.nethead.at/symflower/symflower/cmd.Execute({0x1f425e0?, 0xc0003ec400?}, {0xc000040080?, 0x274c500?, 0xc0003ec400?})
	gitlab.nethead.at/symflower/symflower/cmd/execute.go:16 +0x26
gitlab.nethead.at/symflower/symflower/cmd.ExecuteWithOSArguments(...)
	gitlab.nethead.at/symflower/symflower/cmd/execute.go:75
main.main.func1()
	gitlab.nethead.at/symflower/symflower/cmd/symflower-demo/main.go:40 +0x34
gitlab.nethead.at/symflower/symflower/cmd/symflower-local/cmd.(*Command).WithPanicReporter(0xc000130058?, 0x2636b18?)
	gitlab.nethead.at/symflower/symflower/cmd/symflower-local/cmd/cmd.go:184 +0x48
main.main()
	gitlab.nethead.at/symflower/symflower/cmd/symflower-demo/main.go:39 +0xa5


github.com/symflower/eval-dev-quality/util.CommandWithResult
	/home/eval/eval-dev-quality/util/exec.go:52
github.com/symflower/eval-dev-quality/language/java.(*Language).Execute
	/home/eval/eval-dev-quality/language/java/language.go:94
github.com/symflower/eval-dev-quality/evaluate.Repository
	/home/eval/eval-dev-quality/evaluate/repository.go:57
github.com/symflower/eval-dev-quality/evaluate.Evaluate.func1
	/home/eval/eval-dev-quality/evaluate/evaluate.go:119
github.com/symflower/eval-dev-quality/evaluate.withLoadedModel
	/home/eval/eval-dev-quality/evaluate/evaluate.go:253
github.com/symflower/eval-dev-quality/evaluate.Evaluate
	/home/eval/eval-dev-quality/evaluate/evaluate.go:109
github.com/symflower/eval-dev-quality/cmd/eval-dev-quality/cmd.(*Evaluate).Execute
	/home/eval/eval-dev-quality/cmd/eval-dev-quality/cmd/evaluate.go:284
github.com/symflower/eval-dev-quality/cmd/eval-dev-quality/cmd.Execute.func1
	/home/eval/eval-dev-quality/cmd/eval-dev-quality/cmd/command.go:34
github.com/jessevdk/go-flags.(*Parser).ParseArgs
	/home/eval/go/pkg/mod/github.com/jessevdk/go-flags@v1.5.1-0.20210607101731-3927b71304df/parser.go:333
github.com/symflower/eval-dev-quality/cmd/eval-dev-quality/cmd.Execute
	/home/eval/eval-dev-quality/cmd/eval-dev-quality/cmd/command.go:37
main.main
	/home/eval/eval-dev-quality/cmd/eval-dev-quality/main.go:11
runtime.main
	/home/eval/go/src/runtime/proc.go:267
runtime.goexit
	/home/eval/go/src/runtime/asm_amd64.s:1650
github.com/symflower/eval-dev-quality/language/java.(*Language).Execute
	/home/eval/eval-dev-quality/language/java/language.go:105
github.com/symflower/eval-dev-quality/evaluate.Repository
	/home/eval/eval-dev-quality/evaluate/repository.go:57
github.com/symflower/eval-dev-quality/evaluate.Evaluate.func1
	/home/eval/eval-dev-quality/evaluate/evaluate.go:119
github.com/symflower/eval-dev-quality/evaluate.withLoadedModel
	/home/eval/eval-dev-quality/evaluate/evaluate.go:253
github.com/symflower/eval-dev-quality/evaluate.Evaluate
	/home/eval/eval-dev-quality/evaluate/evaluate.go:109
github.com/symflower/eval-dev-quality/cmd/eval-dev-quality/cmd.(*Evaluate).Execute
	/home/eval/eval-dev-quality/cmd/eval-dev-quality/cmd/evaluate.go:284
github.com/symflower/eval-dev-quality/cmd/eval-dev-quality/cmd.Execute.func1
	/home/eval/eval-dev-quality/cmd/eval-dev-quality/cmd/command.go:34
github.com/jessevdk/go-flags.(*Parser).ParseArgs
	/home/eval/go/pkg/mod/github.com/jessevdk/go-flags@v1.5.1-0.20210607101731-3927b71304df/parser.go:333
github.com/symflower/eval-dev-quality/cmd/eval-dev-quality/cmd.Execute
	/home/eval/eval-dev-quality/cmd/eval-dev-quality/cmd/command.go:37
main.main
	/home/eval/eval-dev-quality/cmd/eval-dev-quality/main.go:11
runtime.main
	/home/eval/go/src/runtime/proc.go:267
runtime.goexit
	/home/eval/go/src/runtime/asm_amd64.s:1650
[0;34mGive us your feedback and let us know how we can improve Symflower at hello@symflower.com or https://github.com/symflower/symflower. Thanks so much for your help![0m
ERROR: All attempts fail:
#1: Internal error: exit status 1:
[]interface {}{
    "/tmp/eval-dev-quality1843269190/plain/",
    "[INFO] Scanning for projects...\n[WARNING] \n[WARNING] Some problems were encountered while building the effective model for eval.dev.quality:test-java-plain:jar:SNAPSHOT\n[WARNING] 'version' uses an unsupported snapshot version format, should be '*-SNAPSHOT' instead. @ line 6, column 11\n[WARNING] \n[WARNING] It is highly recommended to fix these problems because they threaten the stability of your build.\n[WARNING] \n[WARNING] For this reason, future Maven versions might no longer support building such malformed projects.\n[WARNING] \n[INFO] \n[INFO] ------------------< eval.dev.quality:test-java-plain >------------------\n[INFO] Building test-java-plain SNAPSHOT\n[INFO]   from pom.xml\n[INFO] --------------------------------[ jar ]---------------------------------\n[INFO] \n[INFO] --- clean:3.2.0:clean (default-clean) @ test-java-plain ---\n[INFO] \n[INFO] --- resources:3.3.1:resources (default-resources) @ test-java-plain ---\n[WARNING] Using platform encoding (UTF-8 actually) to copy filtered resources, i.e. build is platform dependent!\n[INFO] skip non existing resourceDirectory /tmp/eval-dev-quality1843269190/plain/src/main/resources\n[INFO] \n[INFO] --- compiler:3.11.0:compile (default-compile) @ test-java-plain ---\n[INFO] Changes detected - recompiling the module! :source\n[WARNING] File encoding has not been set, using platform encoding UTF-8, i.e. build is platform dependent!\n[INFO] Compiling 1 source file with javac [debug target 11] to target/classes\n[WARNING] system modules path not set in conjunction with -source 11\n[INFO] \n[INFO] --- resources:3.3.1:resources (default-resources) @ test-java-plain ---\n[WARNING] Using platform encoding (UTF-8 actually) to copy filtered resources, i.e. build is platform dependent!\n[INFO] skip non existing resourceDirectory /tmp/eval-dev-quality1843269190/plain/src/main/resources\n[INFO] \n[INFO] --- compiler:3.11.0:compile (default-compile) @ test-java-plain ---\n[INFO] Nothing to compile - all classes are up to date\n[INFO] \n[INFO] --- resources:3.3.1:testResources (default-testResources) @ test-java-plain ---\n[WARNING] Using platform encoding (UTF-8 actually) to copy filtered resources, i.e. build is platform dependent!\n[INFO] skip non existing resourceDirectory /tmp/eval-dev-quality1843269190/plain/src/test/resources\n[INFO] \n[INFO] --- compiler:3.11.0:testCompile (default-testCompile) @ test-java-plain ---\n[INFO] Changes detected - recompiling the module! :dependency\n[WARNING] File encoding has not been set, using platform encoding UTF-8, i.e. build is platform dependent!\n[INFO] Compiling 1 source file with javac [debug target 11] to target/test-classes\n[INFO] -------------------------------------------------------------\n[WARNING] COMPILATION WARNING : \n[INFO] -------------------------------------------------------------\n[WARNING] system modules path not set in conjunction with -source 11\n[INFO] 1 warning\n[INFO] -------------------------------------------------------------\n[INFO] -------------------------------------------------------------\n[ERROR] COMPILATION ERROR : \n[INFO] -------------------------------------------------------------\n[ERROR] /tmp/eval-dev-quality1843269190/plain/src/test/java/com/eval/PlainTest.java:[3,16] com.eval.Plain is not public in com.eval; cannot be accessed from outside package\n[ERROR] /tmp/eval-dev-quality1843269190/plain/src/test/java/com/eval/PlainTest.java:[5,34] cannot find symbol\n  symbol:   class AssertionResult\n  location: package org.junit.platform.commons\n[ERROR] /tmp/eval-dev-quality1843269190/plain/src/test/java/com/eval/PlainTest.java:[9,51] package org.junit.platform.commons.assertion does not exist\n[ERROR] /tmp/eval-dev-quality1843269190/plain/src/test/java/com/eval/PlainTest.java:[9,1] static import only from classes and interfaces\n[ERROR] /tmp/eval-dev-quality1843269190/plain/src/test/java/com/eval/PlainTest.java:[36,13] cannot find symbol\n  symbol:   class Predicate\n  location: class evaluation.EvaluationTest\n[ERROR] /tmp/eval-dev-quality1843269190/plain/src/test/java/com/eval/PlainTest.java:[40,69] cannot find symbol\n  symbol:   class Predicate\n  location: class evaluation.EvaluationTest\n[ERROR] /tmp/eval-dev-quality1843269190/plain/src/test/java/com/eval/PlainTest.java:[40,13] cannot find symbol\n  symbol:   class Predicate\n  location: class evaluation.EvaluationTest\n[ERROR] /tmp/eval-dev-quality1843269190/plain/src/test/java/com/eval/PlainTest.java:[14,9] com.eval.Plain is not public in com.eval; cannot be accessed from outside package\n[ERROR] /tmp/eval-dev-quality1843269190/plain/src/test/java/com/eval/PlainTest.java:[19,9] com.eval.Plain is not public in com.eval; cannot be accessed from outside package\n[ERROR] /tmp/eval-dev-quality1843269190/plain/src/test/java/com/eval/PlainTest.java:[20,27] com.eval.Plain is not public in com.eval; cannot be accessed from outside package\n[ERROR] /tmp/eval-dev-quality1843269190/plain/src/test/java/com/eval/PlainTest.java:[25,9] com.eval.Plain is not public in com.eval; cannot be accessed from outside package\n[ERROR] /tmp/eval-dev-quality1843269190/plain/src/test/java/com/eval/PlainTest.java:[28,52] cannot find symbol\n  symbol:   variable converting\n  location: class evaluation.EvaluationTest\n[ERROR] /tmp/eval-dev-quality1843269190/plain/src/test/java/com/eval/PlainTest.java:[33,23] non-static method testPlainMethodCall() cannot be referenced from a static context\n[INFO] 13 errors \n[INFO] -------------------------------------------------------------\n[INFO] ------------------------------------------------------------------------\n[INFO] BUILD FAILURE\n[INFO] ------------------------------------------------------------------------\n[INFO] Total time:  0.874 s\n[INFO] Finished at: 2024-06-06T10:51:22+02:00\n[INFO] ------------------------------------------------------------------------\n[ERROR] Failed to execute goal org.apache.maven.plugins:maven-compiler-plugin:3.11.0:testCompile (default-testCompile) on project test-java-plain: Compilation failure: Compilation failure: \n[ERROR] /tmp/eval-dev-quality1843269190/plain/src/test/java/com/eval/PlainTest.java:[3,16] com.eval.Plain is not public in com.eval; cannot be accessed from outside package\n[ERROR] /tmp/eval-dev-quality1843269190/plain/src/test/java/com/eval/PlainTest.java:[5,34] cannot find symbol\n[ERROR]   symbol:   class AssertionResult\n[ERROR]   location: package org.junit.platform.commons\n[ERROR] /tmp/eval-dev-quality1843269190/plain/src/test/java/com/eval/PlainTest.java:[9,51] package org.junit.platform.commons.assertion does not exist\n[ERROR] /tmp/eval-dev-quality1843269190/plain/src/test/java/com/eval/PlainTest.java:[9,1] static import only from classes and interfaces\n[ERROR] /tmp/eval-dev-quality1843269190/plain/src/test/java/com/eval/PlainTest.java:[36,13] cannot find symbol\n[ERROR]   symbol:   class Predicate\n[ERROR]   location: class evaluation.EvaluationTest\n[ERROR] /tmp/eval-dev-quality1843269190/plain/src/test/java/com/eval/PlainTest.java:[40,69] cannot find symbol\n[ERROR]   symbol:   class Predicate\n[ERROR]   location: class evaluation.EvaluationTest\n[ERROR] /tmp/eval-dev-quality1843269190/plain/src/test/java/com/eval/PlainTest.java:[40,13] cannot find symbol\n[ERROR]   symbol:   class Predicate\n[ERROR]   location: class evaluation.EvaluationTest\n[ERROR] /tmp/eval-dev-quality1843269190/plain/src/test/java/com/eval/PlainTest.java:[14,9] com.eval.Plain is not public in com.eval; cannot be accessed from outside package\n[ERROR] /tmp/eval-dev-quality1843269190/plain/src/test/java/com/eval/PlainTest.java:[19,9] com.eval.Plain is not public in com.eval; cannot be accessed from outside package\n[ERROR] /tmp/eval-dev-quality1843269190/plain/src/test/java/com/eval/PlainTest.java:[20,27] com.eval.Plain is not public in com.eval; cannot be accessed from outside package\n[ERROR] /tmp/eval-dev-quality1843269190/plain/src/test/java/com/eval/PlainTest.java:[25,9] com.eval.Plain is not public in com.eval; cannot be accessed from outside package\n[ERROR] /tmp/eval-dev-quality1843269190/plain/src/test/java/com/eval/PlainTest.java:[28,52] cannot find symbol\n[ERROR]   symbol:   variable converting\n[ERROR]   location: class evaluation.EvaluationTest\n[ERROR] /tmp/eval-dev-quality1843269190/plain/src/test/java/com/eval/PlainTest.java:[33,23] non-static method testPlainMethodCall() cannot be referenced from a static context\n[ERROR] -> [Help 1]\n[ERROR] \n[ERROR] To see the full stack trace of the errors, re-run Maven with the -e switch.\n[ERROR] Re-run Maven using the -X switch to enable full debug logging.\n[ERROR] \n[ERROR] For more information about the errors and possible solutions, please read the following articles:\n[ERROR] [Help 1] http://cwiki.apache.org/confluence/display/MAVEN/MojoFailureException\n",
}
Stacktrace: goroutine 1 [running]:
gitlab.nethead.at/symflower/symflower/model/errors.NewInternalError({0x1f42da0?, 0xc0000fe000}, {0xffa8c0?, 0xc000012258})
	gitlab.nethead.at/symflower/symflower/model/errors/error.go:850 +0x59
gitlab.nethead.at/symflower/symflower/language/java/execute.MavenDependencyCommand.func1()
	gitlab.nethead.at/symflower/symflower/language/java/execute/maven.go:80 +0x1ef
github.com/avast/retry-go.Do(0xc0007478b8, {0xc0007478a0, 0x3, 0x418c94?})
	github.com/avast/retry-go/retry.go:135 +0x5a3
gitlab.nethead.at/symflower/symflower/language/java/execute.MavenDependencyCommand({0xc000532030, 0x26}, 0x0, {0xc0005122a0, 0x6, 0x6})
	gitlab.nethead.at/symflower/symflower/language/java/execute/maven.go:60 +0x1c5
gitlab.nethead.at/symflower/symflower/language/java/execute.MavenCloverCoverage({0xc000532030, 0x26})
	gitlab.nethead.at/symflower/symflower/language/java/execute/clover.go:131 +0xc9
gitlab.nethead.at/symflower/symflower/cmd/symflower-local/cmd.(*commandTest).Execute(0xc0003ec578, {0xc0003ec400?, 0x7f652456fb18?, 0xc0003ec578?})
	gitlab.nethead.at/symflower/symflower/cmd/symflower-local/cmd/test.go:143 +0x54f
gitlab.nethead.at/symflower/symflower/cmd.ExecuteNoExit({0x1f425e0?, 0xc0003ec400}, {0xc000040080?, 0x2782d80?, 0xc00059fed8?})
	gitlab.nethead.at/symflower/symflower/cmd/execute.go:56 +0x2d0
gitlab.nethead.at/symflower/symflower/cmd.Execute({0x1f425e0?, 0xc0003ec400?}, {0xc000040080?, 0x274c500?, 0xc0003ec400?})
	gitlab.nethead.at/symflower/symflower/cmd/execute.go:16 +0x26
gitlab.nethead.at/symflower/symflower/cmd.ExecuteWithOSArguments(...)
	gitlab.nethead.at/symflower/symflower/cmd/execute.go:75
main.main.func1()
	gitlab.nethead.at/symflower/symflower/cmd/symflower-demo/main.go:40 +0x34
gitlab.nethead.at/symflower/symflower/cmd/symflower-local/cmd.(*Command).WithPanicReporter(0xc000130058?, 0x2636b18?)
	gitlab.nethead.at/symflower/symflower/cmd/symflower-local/cmd/cmd.go:184 +0x48
main.main()
	gitlab.nethead.at/symflower/symflower/cmd/symflower-demo/main.go:39 +0xa5


src/main/java/com/eval/Plain.java]
